<?xml version="1.0" encoding="UTF-8"?>
<testsuite name="com.tool.reporting.ProjectServiceTest" tests="3" skipped="0" failures="0" errors="0" timestamp="2019-02-24T14:43:33" hostname="ascension" time="3.464">
  <properties/>
  <testcase name="updateProject" classname="com.tool.reporting.ProjectServiceTest" time="0.549"/>
  <testcase name="deleteProject" classname="com.tool.reporting.ProjectServiceTest" time="0.082"/>
  <testcase name="saveProjectTest" classname="com.tool.reporting.ProjectServiceTest" time="0.261"/>
  <system-out><![CDATA[20:13:26.678 [Test worker] DEBUG org.springframework.test.context.junit4.SpringJUnit4ClassRunner - SpringJUnit4ClassRunner constructor called with [class com.tool.reporting.ProjectServiceTest]
20:13:26.694 [Test worker] DEBUG org.springframework.test.context.BootstrapUtils - Instantiating CacheAwareContextLoaderDelegate from class [org.springframework.test.context.cache.DefaultCacheAwareContextLoaderDelegate]
20:13:26.703 [Test worker] DEBUG org.springframework.test.context.BootstrapUtils - Instantiating BootstrapContext using constructor [public org.springframework.test.context.support.DefaultBootstrapContext(java.lang.Class,org.springframework.test.context.CacheAwareContextLoaderDelegate)]
20:13:26.731 [Test worker] DEBUG org.springframework.test.context.BootstrapUtils - Instantiating TestContextBootstrapper for test class [com.tool.reporting.ProjectServiceTest] from class [org.springframework.boot.test.context.SpringBootTestContextBootstrapper]
20:13:26.747 [Test worker] INFO org.springframework.boot.test.context.SpringBootTestContextBootstrapper - Neither @ContextConfiguration nor @ContextHierarchy found for test class [com.tool.reporting.ProjectServiceTest], using SpringBootContextLoader
20:13:26.751 [Test worker] DEBUG org.springframework.test.context.support.AbstractContextLoader - Did not detect default resource location for test class [com.tool.reporting.ProjectServiceTest]: class path resource [com/tool/reporting/ProjectServiceTest-context.xml] does not exist
20:13:26.752 [Test worker] DEBUG org.springframework.test.context.support.AbstractContextLoader - Did not detect default resource location for test class [com.tool.reporting.ProjectServiceTest]: class path resource [com/tool/reporting/ProjectServiceTestContext.groovy] does not exist
20:13:26.752 [Test worker] INFO org.springframework.test.context.support.AbstractContextLoader - Could not detect default resource locations for test class [com.tool.reporting.ProjectServiceTest]: no resource found for suffixes {-context.xml, Context.groovy}.
20:13:26.834 [Test worker] DEBUG org.springframework.test.context.support.ActiveProfilesUtils - Could not find an 'annotation declaring class' for annotation type [org.springframework.test.context.ActiveProfiles] and class [com.tool.reporting.ProjectServiceTest]
20:13:27.003 [Test worker] DEBUG org.springframework.boot.test.context.SpringBootTestContextBootstrapper - @TestExecutionListeners is not present for class [com.tool.reporting.ProjectServiceTest]: using defaults.
20:13:27.005 [Test worker] INFO org.springframework.boot.test.context.SpringBootTestContextBootstrapper - Loaded default TestExecutionListener class names from location [META-INF/spring.factories]: [org.spockframework.spring.SpringMockTestExecutionListener, org.springframework.boot.test.autoconfigure.restdocs.RestDocsTestExecutionListener, org.springframework.boot.test.autoconfigure.web.client.MockRestServiceServerResetTestExecutionListener, org.springframework.boot.test.autoconfigure.web.servlet.MockMvcPrintOnlyOnFailureTestExecutionListener, org.springframework.boot.test.autoconfigure.web.servlet.WebDriverTestExecutionListener, org.springframework.boot.test.mock.mockito.MockitoTestExecutionListener, org.springframework.boot.test.mock.mockito.ResetMocksTestExecutionListener, org.springframework.test.context.web.ServletTestExecutionListener, org.springframework.test.context.support.DirtiesContextBeforeModesTestExecutionListener, org.springframework.test.context.support.DependencyInjectionTestExecutionListener, org.springframework.test.context.support.DirtiesContextTestExecutionListener, org.springframework.test.context.transaction.TransactionalTestExecutionListener, org.springframework.test.context.jdbc.SqlScriptsTestExecutionListener]
20:13:27.031 [Test worker] DEBUG org.springframework.boot.test.context.SpringBootTestContextBootstrapper - Skipping candidate TestExecutionListener [org.springframework.test.context.web.ServletTestExecutionListener] due to a missing dependency. Specify custom listener classes or make the default listener classes and their required dependencies available. Offending class: [javax/servlet/ServletContext]
20:13:27.041 [Test worker] INFO org.springframework.boot.test.context.SpringBootTestContextBootstrapper - Using TestExecutionListeners: [org.springframework.test.context.support.DirtiesContextBeforeModesTestExecutionListener@7507d90d, org.springframework.boot.test.mock.mockito.MockitoTestExecutionListener@5e4a032e, org.springframework.boot.test.autoconfigure.SpringBootDependencyInjectionTestExecutionListener@1430adaa, org.springframework.test.context.support.DirtiesContextTestExecutionListener@2fbe5172, org.springframework.test.context.transaction.TransactionalTestExecutionListener@643a3a39, org.springframework.test.context.jdbc.SqlScriptsTestExecutionListener@6ae706e3, org.springframework.boot.test.autoconfigure.restdocs.RestDocsTestExecutionListener@7bababe8, org.springframework.boot.test.autoconfigure.web.client.MockRestServiceServerResetTestExecutionListener@26c3502e, org.springframework.boot.test.autoconfigure.web.servlet.MockMvcPrintOnlyOnFailureTestExecutionListener@131d4d3d, org.springframework.boot.test.autoconfigure.web.servlet.WebDriverTestExecutionListener@419f81a3, org.springframework.boot.test.mock.mockito.ResetMocksTestExecutionListener@674d9693, org.spockframework.spring.SpringMockTestExecutionListener@5b33f874]
20:13:27.045 [Test worker] DEBUG org.springframework.test.annotation.ProfileValueUtils - Retrieved @ProfileValueSourceConfiguration [null] for test class [com.tool.reporting.ProjectServiceTest]
20:13:27.046 [Test worker] DEBUG org.springframework.test.annotation.ProfileValueUtils - Retrieved ProfileValueSource type [class org.springframework.test.annotation.SystemProfileValueSource] for class [com.tool.reporting.ProjectServiceTest]
20:13:27.047 [Test worker] DEBUG org.springframework.test.annotation.ProfileValueUtils - Retrieved @ProfileValueSourceConfiguration [null] for test class [com.tool.reporting.ProjectServiceTest]
20:13:27.048 [Test worker] DEBUG org.springframework.test.annotation.ProfileValueUtils - Retrieved ProfileValueSource type [class org.springframework.test.annotation.SystemProfileValueSource] for class [com.tool.reporting.ProjectServiceTest]
20:13:27.054 [Test worker] DEBUG org.springframework.test.context.support.AbstractDirtiesContextTestExecutionListener - Before test class: context [DefaultTestContext@3429216c testClass = ProjectServiceTest, testInstance = [null], testMethod = [null], testException = [null], mergedContextConfiguration = [MergedContextConfiguration@3e2acc98 testClass = ProjectServiceTest, locations = '{}', classes = '{class com.tool.reporting.SpringCoreApplication, class com.tool.reporting.SpringCoreApplication}', contextInitializerClasses = '[]', activeProfiles = '{}', propertySourceLocations = '{}', propertySourceProperties = '{org.springframework.boot.test.context.SpringBootTestContextBootstrapper=true}', contextCustomizers = set[org.spockframework.spring.mock.SpockContextCustomizer@0, org.springframework.boot.test.autoconfigure.properties.PropertyMappingContextCustomizer@0, org.springframework.boot.test.autoconfigure.web.servlet.WebDriverContextCustomizerFactory$Customizer@f9b5fd8, org.springframework.boot.test.context.filter.ExcludeFilterContextCustomizer@5d4634c4, org.springframework.boot.test.json.DuplicateJsonObjectContextCustomizerFactory$DuplicateJsonObjectContextCustomizer@32fb2516, org.springframework.boot.test.mock.mockito.MockitoContextCustomizer@0, org.springframework.boot.test.web.client.TestRestTemplateContextCustomizer@5e15b86d], contextLoader = 'org.springframework.boot.test.context.SpringBootContextLoader', parent = [null]], attributes = map[[empty]]], class annotated with @DirtiesContext [false] with mode [null].
20:13:27.058 [Test worker] DEBUG org.springframework.test.annotation.ProfileValueUtils - Retrieved @ProfileValueSourceConfiguration [null] for test class [com.tool.reporting.ProjectServiceTest]
20:13:27.058 [Test worker] DEBUG org.springframework.test.annotation.ProfileValueUtils - Retrieved ProfileValueSource type [class org.springframework.test.annotation.SystemProfileValueSource] for class [com.tool.reporting.ProjectServiceTest]
20:13:27.078 [Test worker] DEBUG org.springframework.test.context.support.DependencyInjectionTestExecutionListener - Performing dependency injection for test context [[DefaultTestContext@3429216c testClass = ProjectServiceTest, testInstance = com.tool.reporting.ProjectServiceTest@4757e3b4, testMethod = [null], testException = [null], mergedContextConfiguration = [MergedContextConfiguration@3e2acc98 testClass = ProjectServiceTest, locations = '{}', classes = '{class com.tool.reporting.SpringCoreApplication, class com.tool.reporting.SpringCoreApplication}', contextInitializerClasses = '[]', activeProfiles = '{}', propertySourceLocations = '{}', propertySourceProperties = '{org.springframework.boot.test.context.SpringBootTestContextBootstrapper=true}', contextCustomizers = set[org.spockframework.spring.mock.SpockContextCustomizer@0, org.springframework.boot.test.autoconfigure.properties.PropertyMappingContextCustomizer@0, org.springframework.boot.test.autoconfigure.web.servlet.WebDriverContextCustomizerFactory$Customizer@f9b5fd8, org.springframework.boot.test.context.filter.ExcludeFilterContextCustomizer@5d4634c4, org.springframework.boot.test.json.DuplicateJsonObjectContextCustomizerFactory$DuplicateJsonObjectContextCustomizer@32fb2516, org.springframework.boot.test.mock.mockito.MockitoContextCustomizer@0, org.springframework.boot.test.web.client.TestRestTemplateContextCustomizer@5e15b86d], contextLoader = 'org.springframework.boot.test.context.SpringBootContextLoader', parent = [null]], attributes = map[[empty]]]].
20:13:27.116 [Test worker] DEBUG org.springframework.test.context.support.TestPropertySourceUtils - Adding inlined properties to environment: {spring.jmx.enabled=false, org.springframework.boot.test.context.SpringBootTestContextBootstrapper=true, server.port=-1}
?[2m2019-02-24 20:13:27.576?[0;39m ?[32mDEBUG?[0;39m ?[35m30201?[0;39m ?[2m---?[0;39m ?[2m[    Test worker]?[0;39m ?[36m.c.l.ClasspathLoggingApplicationListener?[0;39m ?[2m:?[0;39m Application started with classpath: [file:/home/icy/.gradle/caches/4.10/workerMain/gradle-worker.jar, file:/home/icy/source/java/spring-projectclass/Status_Reporting_Tool_G1/core/build/classes/java/test/, file:/home/icy/source/java/spring-projectclass/Status_Reporting_Tool_G1/core/build/resources/test, file:/home/icy/source/java/spring-projectclass/Status_Reporting_Tool_G1/core/build/classes/java/main/, file:/home/icy/source/java/spring-projectclass/Status_Reporting_Tool_G1/core/build/resources/main/, file:/home/icy/.gradle/caches/modules-2/files-2.1/cglib/cglib-nodep/3.2.10/1960483f42e8dd0830a1aec0a4a823569698ba34/cglib-nodep-3.2.10.jar, file:/home/icy/.gradle/caches/modules-2/files-2.1/org.springframework.boot/spring-boot-starter-test/2.1.2.RELEASE/578bf9f4d8223ac004dda4a7e742a6cfc93eed0/spring-boot-starter-test-2.1.2.RELEASE.jar, file:/home/icy/.gradle/caches/modules-2/files-2.1/org.springframework.boot/spring-boot-starter-data-jpa/2.1.2.RELEASE/43691a5ea941621098078a86fffaba97481a30ff/spring-boot-starter-data-jpa-2.1.2.RELEASE.jar, file:/home/icy/.gradle/caches/modules-2/files-2.1/org.springframework.boot/spring-boot-starter-aop/2.1.2.RELEASE/d4266d045585b54b0cef23bc725af66793d96c4c/spring-boot-starter-aop-2.1.2.RELEASE.jar, file:/home/icy/.gradle/caches/modules-2/files-2.1/org.springframework.boot/spring-boot-starter-jdbc/2.1.2.RELEASE/7ab23ed460150c83dac09769dd6467b0ac5ee467/spring-boot-starter-jdbc-2.1.2.RELEASE.jar, file:/home/icy/.gradle/caches/modules-2/files-2.1/org.springframework.boot/spring-boot-starter/2.1.2.RELEASE/d2d5f6e546980503ca79e4a2e9f4e31c47c3e32f/spring-boot-starter-2.1.2.RELEASE.jar, file:/home/icy/.gradle/caches/modules-2/files-2.1/com.h2database/h2/1.4.197/bb391050048ca8ae3e32451b5a3714ecd3596a46/h2-1.4.197.jar, file:/home/icy/.gradle/caches/modules-2/files-2.1/org.spockframework/spock-spring/1.2-groovy-2.5/61a10381374df3e489bafb0a10385663cb3e4c31/spock-spring-1.2-groovy-2.5.jar, file:/home/icy/.gradle/caches/modules-2/files-2.1/org.springframework.boot/spring-boot-test-autoconfigure/2.1.2.RELEASE/1c73119a147277181c16d3bf6cb28078a7c30a3b/spring-boot-test-autoconfigure-2.1.2.RELEASE.jar, file:/home/icy/.gradle/caches/modules-2/files-2.1/org.springframework.boot/spring-boot-autoconfigure/2.1.2.RELEASE/5f90ffc7937a051b38fb8322289e3d92831829bf/spring-boot-autoconfigure-2.1.2.RELEASE.jar, file:/home/icy/.gradle/caches/modules-2/files-2.1/org.springframework.boot/spring-boot-test/2.1.2.RELEASE/89b227adbba0d6e9b85a2fde9119ef00428a45e3/spring-boot-test-2.1.2.RELEASE.jar, file:/home/icy/.gradle/caches/modules-2/files-2.1/org.springframework.boot/spring-boot/2.1.2.RELEASE/ea72e00516adf1a97f0e4b023ad55e79686cefac/spring-boot-2.1.2.RELEASE.jar, file:/home/icy/.gradle/caches/modules-2/files-2.1/org.springframework.boot/spring-boot-starter-logging/2.1.2.RELEASE/4179271aa0ef84f0329a674f6fc83cebc75caea8/spring-boot-starter-logging-2.1.2.RELEASE.jar, file:/home/icy/.gradle/caches/modules-2/files-2.1/javax.annotation/javax.annotation-api/1.3.2/934c04d3cfef185a8008e7bf34331b79730a9d43/javax.annotation-api-1.3.2.jar, file:/home/icy/.gradle/caches/modules-2/files-2.1/org.springframework.data/spring-data-jpa/2.1.4.RELEASE/aedc52b1f5acdfe11cb665d0ad3920de8bca480a/spring-data-jpa-2.1.4.RELEASE.jar, file:/home/icy/.gradle/caches/modules-2/files-2.1/org.springframework/spring-test/5.1.4.RELEASE/3ab4d6d6087d2dd7f4a8b3e88b66b3381bd4247c/spring-test-5.1.4.RELEASE.jar, file:/home/icy/.gradle/caches/modules-2/files-2.1/org.springframework/spring-context/5.1.4.RELEASE/2be9e8da66d32fb4eaf29a46bdcdbfe155f1f87a/spring-context-5.1.4.RELEASE.jar, file:/home/icy/.gradle/caches/modules-2/files-2.1/org.springframework/spring-aop/5.1.4.RELEASE/57a8c4ab2ff3233095da24c58c30aa75a7a82069/spring-aop-5.1.4.RELEASE.jar, file:/home/icy/.gradle/caches/modules-2/files-2.1/org.springframework/spring-orm/5.1.4.RELEASE/4724d782a976fb7b0f69dd1e5d027a0d68622260/spring-orm-5.1.4.RELEASE.jar, file:/home/icy/.gradle/caches/modules-2/files-2.1/org.springframework/spring-jdbc/5.1.4.RELEASE/ec21d6c0956b523ed364fa1bb1165009ad426753/spring-jdbc-5.1.4.RELEASE.jar, file:/home/icy/.gradle/caches/modules-2/files-2.1/org.springframework.data/spring-data-commons/2.1.4.RELEASE/144d71cfb0cc330fead0a00969e2ba871a83904b/spring-data-commons-2.1.4.RELEASE.jar, file:/home/icy/.gradle/caches/modules-2/files-2.1/org.springframework/spring-tx/5.1.4.RELEASE/a671702999fd8b5f1798cd3a7dfbbbf5a4705494/spring-tx-5.1.4.RELEASE.jar, file:/home/icy/.gradle/caches/modules-2/files-2.1/org.springframework/spring-beans/5.1.4.RELEASE/507c9391e0b786704929453e7fd3a74cfba46534/spring-beans-5.1.4.RELEASE.jar, file:/home/icy/.gradle/caches/modules-2/files-2.1/org.springframework/spring-expression/5.1.4.RELEASE/1abbfd04a7d472811582bb3780ea4d871442d49c/spring-expression-5.1.4.RELEASE.jar, file:/home/icy/.gradle/caches/modules-2/files-2.1/org.springframework/spring-core/5.1.4.RELEASE/e7d2ad03a50ebff117a6efe2e0e3f15946d0768a/spring-core-5.1.4.RELEASE.jar, file:/home/icy/.gradle/caches/modules-2/files-2.1/org.yaml/snakeyaml/1.23/ec62d74fe50689c28c0ff5b35d3aebcaa8b5be68/snakeyaml-1.23.jar, file:/home/icy/.gradle/caches/modules-2/files-2.1/javax.transaction/javax.transaction-api/1.3/e006adf5cf3cca2181d16bd640ecb80148ec0fce/javax.transaction-api-1.3.jar, file:/home/icy/.gradle/caches/modules-2/files-2.1/javax.xml.bind/jaxb-api/2.3.1/8531ad5ac454cc2deb9d4d32c40c4d7451939b5d/jaxb-api-2.3.1.jar, file:/home/icy/.gradle/caches/modules-2/files-2.1/org.hibernate/hibernate-core/5.3.7.Final/f87c5c1bbfc638309824140e68dfaaeb1bb479f3/hibernate-core-5.3.7.Final.jar, file:/home/icy/.gradle/caches/modules-2/files-2.1/org.springframework/spring-aspects/5.1.4.RELEASE/8d9f441975c7b45f497706c068c022163591d116/spring-aspects-5.1.4.RELEASE.jar, file:/home/icy/.gradle/caches/modules-2/files-2.1/org.spockframework/spock-core/1.2-groovy-2.5/8a7cdbd646c4ac6be8d60c8c7a329bbe77441ea2/spock-core-1.2-groovy-2.5.jar, file:/home/icy/.gradle/caches/modules-2/files-2.1/org.codehaus.groovy/groovy-json/2.5.5/3274bb68861c1ba9cf027ef54a592497555f365/groovy-json-2.5.5.jar, file:/home/icy/.gradle/caches/modules-2/files-2.1/org.codehaus.groovy/groovy-nio/2.5.5/2c74e9fab2f4a1db93242a7357599f97fe0ea0e8/groovy-nio-2.5.5.jar, file:/home/icy/.gradle/caches/modules-2/files-2.1/org.codehaus.groovy/groovy-macro/2.5.5/ee1e459223b450d8f98b5b0efbe974d85a32e4a2/groovy-macro-2.5.5.jar, file:/home/icy/.gradle/caches/modules-2/files-2.1/org.codehaus.groovy/groovy-templates/2.5.5/5a2d80499d600b9cb71e69b520b6f9f2f4359779/groovy-templates-2.5.5.jar, file:/home/icy/.gradle/caches/modules-2/files-2.1/org.codehaus.groovy/groovy-test/2.5.5/f138c13df391c420df6bf8e52e5c8248c61e9cfa/groovy-test-2.5.5.jar, file:/home/icy/.gradle/caches/modules-2/files-2.1/org.codehaus.groovy/groovy-sql/2.5.5/dd869f6e3979d98efc0848df994c178d6645d3dc/groovy-sql-2.5.5.jar, file:/home/icy/.gradle/caches/modules-2/files-2.1/org.codehaus.groovy/groovy-xml/2.5.5/9de098bd721e65d54b11fbf44b28f47016a133fc/groovy-xml-2.5.5.jar, file:/home/icy/.gradle/caches/modules-2/files-2.1/org.codehaus.groovy/groovy/2.5.5/2388f952b369f6b11cde8e15ec872e9ca3e0ff3e/groovy-2.5.5.jar, file:/home/icy/.gradle/caches/modules-2/files-2.1/com.jayway.jsonpath/json-path/2.4.0/765a4401ceb2dc8d40553c2075eb80a8fa35c2ae/json-path-2.4.0.jar, file:/home/icy/.gradle/caches/modules-2/files-2.1/junit/junit/4.12/2973d150c0dc1fefe998f834810d68f278ea58ec/junit-4.12.jar, file:/home/icy/.gradle/caches/modules-2/files-2.1/org.assertj/assertj-core/3.11.1/fdac3217b804d6900fa3650f17b5cb48e620b140/assertj-core-3.11.1.jar, file:/home/icy/.gradle/caches/modules-2/files-2.1/org.mockito/mockito-core/2.23.4/a35b6f8ffcfa786771eac7d7d903429e790fdf3f/mockito-core-2.23.4.jar, file:/home/icy/.gradle/caches/modules-2/files-2.1/org.hamcrest/hamcrest-library/1.3/4785a3c21320980282f9f33d0d1264a69040538f/hamcrest-library-1.3.jar, file:/home/icy/.gradle/caches/modules-2/files-2.1/org.hamcrest/hamcrest-core/1.3/42a25dc3219429f0e5d060061f71acb49bf010a0/hamcrest-core-1.3.jar, file:/home/icy/.gradle/caches/modules-2/files-2.1/org.skyscreamer/jsonassert/1.5.0/6c9d5fe2f59da598d9aefc1cfc6528ff3cf32df3/jsonassert-1.5.0.jar, file:/home/icy/.gradle/caches/modules-2/files-2.1/org.xmlunit/xmlunit-core/2.6.2/b0461888cdd8d3975ea8a57df96520409cadcb6c/xmlunit-core-2.6.2.jar, file:/home/icy/.gradle/caches/modules-2/files-2.1/ch.qos.logback/logback-classic/1.2.3/7c4f3c474fb2c041d8028740440937705ebb473a/logback-classic-1.2.3.jar, file:/home/icy/.gradle/caches/modules-2/files-2.1/org.apache.logging.log4j/log4j-to-slf4j/2.11.1/1097acadf76aa4dd721ec5807566003ae9d975de/log4j-to-slf4j-2.11.1.jar, file:/home/icy/.gradle/caches/modules-2/files-2.1/org.slf4j/jul-to-slf4j/1.7.25/af5364cd6679bfffb114f0dec8a157aaa283b76/jul-to-slf4j-1.7.25.jar, file:/home/icy/.gradle/caches/modules-2/files-2.1/org.springframework/spring-jcl/5.1.4.RELEASE/f5a25caae583905203959abf35fdd1ab7a8f2c37/spring-jcl-5.1.4.RELEASE.jar, file:/home/icy/.gradle/caches/modules-2/files-2.1/org.aspectj/aspectjweaver/1.9.2/d2502817521477faf0712c49a6ee2a5388787fc7/aspectjweaver-1.9.2.jar, file:/home/icy/.gradle/caches/modules-2/files-2.1/com.zaxxer/HikariCP/3.2.0/6c66db1c636ee90beb4c65fe34abd8ba9396bca6/HikariCP-3.2.0.jar, file:/home/icy/.gradle/caches/modules-2/files-2.1/javax.activation/javax.activation-api/1.2.0/85262acf3ca9816f9537ca47d5adeabaead7cb16/javax.activation-api-1.2.0.jar, file:/home/icy/.gradle/caches/modules-2/files-2.1/org.hibernate.common/hibernate-commons-annotations/5.0.4.Final/965a18fdf939ee75e41f7918532d37b3a8350535/hibernate-commons-annotations-5.0.4.Final.jar, file:/home/icy/.gradle/caches/modules-2/files-2.1/org.jboss.logging/jboss-logging/3.3.2.Final/3789d00e859632e6c6206adc0c71625559e6e3b0/jboss-logging-3.3.2.Final.jar, file:/home/icy/.gradle/caches/modules-2/files-2.1/javax.persistence/javax.persistence-api/2.2/25665ac8c0b62f50e6488173233239120fc52c96/javax.persistence-api-2.2.jar, file:/home/icy/.gradle/caches/modules-2/files-2.1/org.javassist/javassist/3.23.1-GA/c072c13dcb7f705471c40bafb1536171df850ab2/javassist-3.23.1-GA.jar, file:/home/icy/.gradle/caches/modules-2/files-2.1/net.bytebuddy/byte-buddy/1.9.7/8fea78fea6449e1738b675cb155ce8422661e237/byte-buddy-1.9.7.jar, file:/home/icy/.gradle/caches/modules-2/files-2.1/antlr/antlr/2.7.7/83cd2cd674a217ade95a4bb83a8a14f351f48bd0/antlr-2.7.7.jar, file:/home/icy/.gradle/caches/modules-2/files-2.1/org.jboss/jandex/2.0.5.Final/7060f67764565b9ee9d467e3ed0cb8a9c601b23a/jandex-2.0.5.Final.jar, file:/home/icy/.gradle/caches/modules-2/files-2.1/com.fasterxml/classmate/1.4.0/291658ac2ce2476256c7115943652c0accb5c857/classmate-1.4.0.jar, file:/home/icy/.gradle/caches/modules-2/files-2.1/org.dom4j/dom4j/2.1.1/3dce5dbb3571aa820c677fadd8349bfa8f00c199/dom4j-2.1.1.jar, file:/home/icy/.gradle/caches/modules-2/files-2.1/org.slf4j/slf4j-api/1.7.25/da76ca59f6a57ee3102f8f9bd9cee742973efa8a/slf4j-api-1.7.25.jar, file:/home/icy/.gradle/caches/modules-2/files-2.1/net.minidev/json-smart/2.3/7396407491352ce4fa30de92efb158adb76b5b/json-smart-2.3.jar, file:/home/icy/.gradle/caches/modules-2/files-2.1/net.bytebuddy/byte-buddy-agent/1.9.7/8e7d1b599f4943851ffea125fd9780e572727fc0/byte-buddy-agent-1.9.7.jar, file:/home/icy/.gradle/caches/modules-2/files-2.1/org.objenesis/objenesis/2.6/639033469776fd37c08358c6b92a4761feb2af4b/objenesis-2.6.jar, file:/home/icy/.gradle/caches/modules-2/files-2.1/com.vaadin.external.google/android-json/0.0.20131108.vaadin1/fa26d351fe62a6a17f5cda1287c1c6110dec413f/android-json-0.0.20131108.vaadin1.jar, file:/home/icy/.gradle/caches/modules-2/files-2.1/ch.qos.logback/logback-core/1.2.3/864344400c3d4d92dfeb0a305dc87d953677c03c/logback-core-1.2.3.jar, file:/home/icy/.gradle/caches/modules-2/files-2.1/org.apache.logging.log4j/log4j-api/2.11.1/268f0fe4df3eefe052b57c87ec48517d64fb2a10/log4j-api-2.11.1.jar, file:/home/icy/.gradle/caches/modules-2/files-2.1/net.minidev/accessors-smart/1.2/c592b500269bfde36096641b01238a8350f8aa31/accessors-smart-1.2.jar, file:/home/icy/.gradle/caches/modules-2/files-2.1/org.ow2.asm/asm/5.0.4/da08b8cce7bbf903602a25a3a163ae252435795/asm-5.0.4.jar]

  .   ____          _            __ _ _
 /\\ / ___'_ __ _ _(_)_ __  __ _ \ \ \ \
( ( )\___ | '_ | '_| | '_ \/ _` | \ \ \ \
 \\/  ___)| |_)| | | | | || (_| |  ) ) ) )
  '  |____| .__|_| |_|_| |_\__, | / / / /
 =========|_|==============|___/=/_/_/_/
?[32m :: Spring Boot :: ?[39m      ?[2m (v2.1.2.RELEASE)?[0;39m

?[2m2019-02-24 20:13:27.704?[0;39m ?[32m INFO?[0;39m ?[35m30201?[0;39m ?[2m---?[0;39m ?[2m[    Test worker]?[0;39m ?[36mcom.tool.reporting.ProjectServiceTest   ?[0;39m ?[2m:?[0;39m Starting ProjectServiceTest on ascension with PID 30201 (started by icy in /home/icy/source/java/spring-projectclass/Status_Reporting_Tool_G1/core)
?[2m2019-02-24 20:13:27.705?[0;39m ?[32m INFO?[0;39m ?[35m30201?[0;39m ?[2m---?[0;39m ?[2m[    Test worker]?[0;39m ?[36mcom.tool.reporting.ProjectServiceTest   ?[0;39m ?[2m:?[0;39m No active profile set, falling back to default profiles: default
?[2m2019-02-24 20:13:27.706?[0;39m ?[32mDEBUG?[0;39m ?[35m30201?[0;39m ?[2m---?[0;39m ?[2m[    Test worker]?[0;39m ?[36mo.s.boot.SpringApplication              ?[0;39m ?[2m:?[0;39m Loading source class com.tool.reporting.SpringCoreApplication
?[2m2019-02-24 20:13:28.769?[0;39m ?[32mDEBUG?[0;39m ?[35m30201?[0;39m ?[2m---?[0;39m ?[2m[    Test worker]?[0;39m ?[36mo.s.b.c.c.ConfigFileApplicationListener ?[0;39m ?[2m:?[0;39m Loaded config file 'file:/home/icy/source/java/spring-projectclass/Status_Reporting_Tool_G1/core/build/resources/main/application.properties' (classpath:/application.properties)
?[2m2019-02-24 20:13:28.770?[0;39m ?[32mDEBUG?[0;39m ?[35m30201?[0;39m ?[2m---?[0;39m ?[2m[    Test worker]?[0;39m ?[36ms.c.a.AnnotationConfigApplicationContext?[0;39m ?[2m:?[0;39m Refreshing org.springframework.context.annotation.AnnotationConfigApplicationContext@3fde5f22
?[2m2019-02-24 20:13:28.788?[0;39m ?[32mDEBUG?[0;39m ?[35m30201?[0;39m ?[2m---?[0;39m ?[2m[    Test worker]?[0;39m ?[36mo.s.b.f.s.DefaultListableBeanFactory    ?[0;39m ?[2m:?[0;39m Creating shared instance of singleton bean 'org.springframework.context.annotation.internalConfigurationAnnotationProcessor'
?[2m2019-02-24 20:13:28.807?[0;39m ?[32mDEBUG?[0;39m ?[35m30201?[0;39m ?[2m---?[0;39m ?[2m[    Test worker]?[0;39m ?[36mo.s.b.f.s.DefaultListableBeanFactory    ?[0;39m ?[2m:?[0;39m Creating shared instance of singleton bean 'org.springframework.boot.autoconfigure.internalCachingMetadataReaderFactory'
?[2m2019-02-24 20:13:28.977?[0;39m ?[32mDEBUG?[0;39m ?[35m30201?[0;39m ?[2m---?[0;39m ?[2m[    Test worker]?[0;39m ?[36mo.s.c.a.ClassPathBeanDefinitionScanner  ?[0;39m ?[2m:?[0;39m Identified candidate component class: file [/home/icy/source/java/spring-projectclass/Status_Reporting_Tool_G1/core/build/classes/java/main/com/tool/reporting/service/ProjectService.class]
?[2m2019-02-24 20:13:29.095?[0;39m ?[32mDEBUG?[0;39m ?[35m30201?[0;39m ?[2m---?[0;39m ?[2m[    Test worker]?[0;39m ?[36mo.s.c.e.PropertySourcesPropertyResolver ?[0;39m ?[2m:?[0;39m Found key 'spring.jmx.enabled' in PropertySource 'configurationProperties' with value of type String
?[2m2019-02-24 20:13:29.169?[0;39m ?[32mDEBUG?[0;39m ?[35m30201?[0;39m ?[2m---?[0;39m ?[2m[    Test worker]?[0;39m ?[36mo.s.c.e.PropertySourcesPropertyResolver ?[0;39m ?[2m:?[0;39m Found key 'spring.jmx.enabled' in PropertySource 'configurationProperties' with value of type String
?[2m2019-02-24 20:13:29.294?[0;39m ?[32mDEBUG?[0;39m ?[35m30201?[0;39m ?[2m---?[0;39m ?[2m[    Test worker]?[0;39m ?[36mo.s.b.f.s.DefaultListableBeanFactory    ?[0;39m ?[2m:?[0;39m Creating shared instance of singleton bean 'org.springframework.boot.autoconfigure.condition.BeanTypeRegistry'
?[2m2019-02-24 20:13:29.403?[0;39m ?[32m INFO?[0;39m ?[35m30201?[0;39m ?[2m---?[0;39m ?[2m[    Test worker]?[0;39m ?[36m.s.d.r.c.RepositoryConfigurationDelegate?[0;39m ?[2m:?[0;39m Bootstrapping Spring Data repositories in DEFAULT mode.
?[2m2019-02-24 20:13:29.417?[0;39m ?[32mDEBUG?[0;39m ?[35m30201?[0;39m ?[2m---?[0;39m ?[2m[    Test worker]?[0;39m ?[36mo.s.b.f.s.DefaultListableBeanFactory    ?[0;39m ?[2m:?[0;39m Creating shared instance of singleton bean 'org.springframework.boot.autoconfigure.AutoConfigurationPackages'
?[2m2019-02-24 20:13:29.432?[0;39m ?[32mDEBUG?[0;39m ?[35m30201?[0;39m ?[2m---?[0;39m ?[2m[    Test worker]?[0;39m ?[36mo.s.b.a.AutoConfigurationPackages       ?[0;39m ?[2m:?[0;39m @EnableAutoConfiguration was declared on a class in the package 'com.tool.reporting'. Automatic @Repository and @Entity scanning is enabled.
?[2m2019-02-24 20:13:29.438?[0;39m ?[32mDEBUG?[0;39m ?[35m30201?[0;39m ?[2m---?[0;39m ?[2m[    Test worker]?[0;39m ?[36m.s.d.r.c.RepositoryConfigurationDelegate?[0;39m ?[2m:?[0;39m Scanning for repositories in packages com.tool.reporting.
?[2m2019-02-24 20:13:29.455?[0;39m ?[32mDEBUG?[0;39m ?[35m30201?[0;39m ?[2m---?[0;39m ?[2m[    Test worker]?[0;39m ?[36mo.s.d.r.c.RepositoryComponentProvider   ?[0;39m ?[2m:?[0;39m Identified candidate component class: file [/home/icy/source/java/spring-projectclass/Status_Reporting_Tool_G1/core/build/classes/java/main/com/tool/reporting/repository/ProjectRepository.class]
?[2m2019-02-24 20:13:29.544?[0;39m ?[32m INFO?[0;39m ?[35m30201?[0;39m ?[2m---?[0;39m ?[2m[    Test worker]?[0;39m ?[36m.s.d.r.c.RepositoryConfigurationDelegate?[0;39m ?[2m:?[0;39m Finished Spring Data repository scanning in 105ms. Found 1 repository interfaces.
?[2m2019-02-24 20:13:29.854?[0;39m ?[32mDEBUG?[0;39m ?[35m30201?[0;39m ?[2m---?[0;39m ?[2m[    Test worker]?[0;39m ?[36mo.s.b.f.s.DefaultListableBeanFactory    ?[0;39m ?[2m:?[0;39m Creating shared instance of singleton bean 'propertySourcesPlaceholderConfigurer'
?[2m2019-02-24 20:13:29.863?[0;39m ?[32mDEBUG?[0;39m ?[35m30201?[0;39m ?[2m---?[0;39m ?[2m[    Test worker]?[0;39m ?[36mo.s.b.f.s.DefaultListableBeanFactory    ?[0;39m ?[2m:?[0;39m Creating shared instance of singleton bean 'org.spockframework.spring.mock.SpockMockPostprocessor'
?[2m2019-02-24 20:13:29.871?[0;39m ?[32mDEBUG?[0;39m ?[35m30201?[0;39m ?[2m---?[0;39m ?[2m[    Test worker]?[0;39m ?[36mo.s.b.f.s.DefaultListableBeanFactory    ?[0;39m ?[2m:?[0;39m Creating shared instance of singleton bean 'org.springframework.boot.test.mock.mockito.MockitoPostProcessor'
?[2m2019-02-24 20:13:29.874?[0;39m ?[32mDEBUG?[0;39m ?[35m30201?[0;39m ?[2m---?[0;39m ?[2m[    Test worker]?[0;39m ?[36mo.s.b.f.s.DefaultListableBeanFactory    ?[0;39m ?[2m:?[0;39m Creating shared instance of singleton bean 'emBeanDefinitionRegistrarPostProcessor'
?[2m2019-02-24 20:13:29.916?[0;39m ?[32mDEBUG?[0;39m ?[35m30201?[0;39m ?[2m---?[0;39m ?[2m[    Test worker]?[0;39m ?[36mo.s.b.f.s.DefaultListableBeanFactory    ?[0;39m ?[2m:?[0;39m Creating shared instance of singleton bean 'org.springframework.context.event.internalEventListenerProcessor'
?[2m2019-02-24 20:13:29.919?[0;39m ?[32mDEBUG?[0;39m ?[35m30201?[0;39m ?[2m---?[0;39m ?[2m[    Test worker]?[0;39m ?[36mo.s.b.f.s.DefaultListableBeanFactory    ?[0;39m ?[2m:?[0;39m Creating shared instance of singleton bean 'org.springframework.boot.context.properties.ConfigurationBeanFactoryMetadata'
?[2m2019-02-24 20:13:29.923?[0;39m ?[32mDEBUG?[0;39m ?[35m30201?[0;39m ?[2m---?[0;39m ?[2m[    Test worker]?[0;39m ?[36mo.s.b.f.s.DefaultListableBeanFactory    ?[0;39m ?[2m:?[0;39m Creating shared instance of singleton bean 'org.springframework.context.event.internalEventListenerFactory'
?[2m2019-02-24 20:13:29.924?[0;39m ?[32mDEBUG?[0;39m ?[35m30201?[0;39m ?[2m---?[0;39m ?[2m[    Test worker]?[0;39m ?[36mo.s.b.f.s.DefaultListableBeanFactory    ?[0;39m ?[2m:?[0;39m Creating shared instance of singleton bean 'org.springframework.transaction.config.internalTransactionalEventListenerFactory'
?[2m2019-02-24 20:13:29.932?[0;39m ?[32mDEBUG?[0;39m ?[35m30201?[0;39m ?[2m---?[0;39m ?[2m[    Test worker]?[0;39m ?[36mo.s.b.f.s.DefaultListableBeanFactory    ?[0;39m ?[2m:?[0;39m Creating shared instance of singleton bean 'org.springframework.context.annotation.internalAutowiredAnnotationProcessor'
?[2m2019-02-24 20:13:29.934?[0;39m ?[32mDEBUG?[0;39m ?[35m30201?[0;39m ?[2m---?[0;39m ?[2m[    Test worker]?[0;39m ?[36mo.s.b.f.s.DefaultListableBeanFactory    ?[0;39m ?[2m:?[0;39m Creating shared instance of singleton bean 'org.springframework.context.annotation.internalCommonAnnotationProcessor'
?[2m2019-02-24 20:13:29.939?[0;39m ?[32mDEBUG?[0;39m ?[35m30201?[0;39m ?[2m---?[0;39m ?[2m[    Test worker]?[0;39m ?[36mo.s.b.f.s.DefaultListableBeanFactory    ?[0;39m ?[2m:?[0;39m Creating shared instance of singleton bean 'org.springframework.context.annotation.internalPersistenceAnnotationProcessor'
?[2m2019-02-24 20:13:29.940?[0;39m ?[32mDEBUG?[0;39m ?[35m30201?[0;39m ?[2m---?[0;39m ?[2m[    Test worker]?[0;39m ?[36mo.s.b.f.s.DefaultListableBeanFactory    ?[0;39m ?[2m:?[0;39m Creating shared instance of singleton bean 'org.spockframework.spring.mock.SpockMockPostprocessor$SpyPostProcessor'
?[2m2019-02-24 20:13:29.942?[0;39m ?[32mDEBUG?[0;39m ?[35m30201?[0;39m ?[2m---?[0;39m ?[2m[    Test worker]?[0;39m ?[36mo.s.b.f.s.DefaultListableBeanFactory    ?[0;39m ?[2m:?[0;39m Creating shared instance of singleton bean 'org.springframework.boot.test.mock.mockito.MockitoPostProcessor$SpyPostProcessor'
?[2m2019-02-24 20:13:29.944?[0;39m ?[32mDEBUG?[0;39m ?[35m30201?[0;39m ?[2m---?[0;39m ?[2m[    Test worker]?[0;39m ?[36mo.s.b.f.s.DefaultListableBeanFactory    ?[0;39m ?[2m:?[0;39m Creating shared instance of singleton bean 'org.springframework.boot.context.properties.ConfigurationPropertiesBindingPostProcessor'
?[2m2019-02-24 20:13:29.949?[0;39m ?[32mDEBUG?[0;39m ?[35m30201?[0;39m ?[2m---?[0;39m ?[2m[    Test worker]?[0;39m ?[36mo.s.b.f.s.DefaultListableBeanFactory    ?[0;39m ?[2m:?[0;39m Creating shared instance of singleton bean 'org.springframework.aop.config.internalAutoProxyCreator'
?[2m2019-02-24 20:13:30.013?[0;39m ?[32mDEBUG?[0;39m ?[35m30201?[0;39m ?[2m---?[0;39m ?[2m[    Test worker]?[0;39m ?[36mo.s.b.f.s.DefaultListableBeanFactory    ?[0;39m ?[2m:?[0;39m Creating shared instance of singleton bean 'dataSourceInitializerPostProcessor'
?[2m2019-02-24 20:13:30.037?[0;39m ?[32mDEBUG?[0;39m ?[35m30201?[0;39m ?[2m---?[0;39m ?[2m[    Test worker]?[0;39m ?[36mo.s.b.f.s.DefaultListableBeanFactory    ?[0;39m ?[2m:?[0;39m Creating shared instance of singleton bean 'persistenceExceptionTranslationPostProcessor'
?[2m2019-02-24 20:13:30.041?[0;39m ?[32mDEBUG?[0;39m ?[35m30201?[0;39m ?[2m---?[0;39m ?[2m[    Test worker]?[0;39m ?[36mo.s.b.f.s.DefaultListableBeanFactory    ?[0;39m ?[2m:?[0;39m Autowiring by type from bean name 'persistenceExceptionTranslationPostProcessor' via factory method to bean named 'environment'
?[2m2019-02-24 20:13:30.062?[0;39m ?[32mDEBUG?[0;39m ?[35m30201?[0;39m ?[2m---?[0;39m ?[2m[    Test worker]?[0;39m ?[36mo.s.b.f.s.DefaultListableBeanFactory    ?[0;39m ?[2m:?[0;39m Creating shared instance of singleton bean 'dataSourceInitializedPublisher'
?[2m2019-02-24 20:13:30.075?[0;39m ?[32mDEBUG?[0;39m ?[35m30201?[0;39m ?[2m---?[0;39m ?[2m[    Test worker]?[0;39m ?[36mo.s.b.f.s.DefaultListableBeanFactory    ?[0;39m ?[2m:?[0;39m Creating shared instance of singleton bean 'entityManagerFactory'
?[2m2019-02-24 20:13:30.078?[0;39m ?[32mDEBUG?[0;39m ?[35m30201?[0;39m ?[2m---?[0;39m ?[2m[    Test worker]?[0;39m ?[36mo.s.b.f.s.DefaultListableBeanFactory    ?[0;39m ?[2m:?[0;39m Creating shared instance of singleton bean 'org.springframework.transaction.config.internalTransactionAdvisor'
?[2m2019-02-24 20:13:30.079?[0;39m ?[32mDEBUG?[0;39m ?[35m30201?[0;39m ?[2m---?[0;39m ?[2m[    Test worker]?[0;39m ?[36mo.s.b.f.s.DefaultListableBeanFactory    ?[0;39m ?[2m:?[0;39m Creating shared instance of singleton bean 'org.springframework.transaction.annotation.ProxyTransactionManagementConfiguration'
?[2m2019-02-24 20:13:30.129?[0;39m ?[32mDEBUG?[0;39m ?[35m30201?[0;39m ?[2m---?[0;39m ?[2m[    Test worker]?[0;39m ?[36mo.s.b.f.s.DefaultListableBeanFactory    ?[0;39m ?[2m:?[0;39m Creating shared instance of singleton bean 'transactionAttributeSource'
?[2m2019-02-24 20:13:30.137?[0;39m ?[32mDEBUG?[0;39m ?[35m30201?[0;39m ?[2m---?[0;39m ?[2m[    Test worker]?[0;39m ?[36mo.s.b.f.s.DefaultListableBeanFactory    ?[0;39m ?[2m:?[0;39m Creating shared instance of singleton bean 'transactionInterceptor'
?[2m2019-02-24 20:13:30.164?[0;39m ?[32mDEBUG?[0;39m ?[35m30201?[0;39m ?[2m---?[0;39m ?[2m[    Test worker]?[0;39m ?[36mo.s.b.f.s.DefaultListableBeanFactory    ?[0;39m ?[2m:?[0;39m Creating shared instance of singleton bean 'org.springframework.boot.autoconfigure.orm.jpa.HibernateJpaConfiguration'
?[2m2019-02-24 20:13:30.166?[0;39m ?[32mDEBUG?[0;39m ?[35m30201?[0;39m ?[2m---?[0;39m ?[2m[    Test worker]?[0;39m ?[36mocalVariableTableParameterNameDiscoverer?[0;39m ?[2m:?[0;39m Cannot find '.class' file for class [class org.springframework.boot.autoconfigure.orm.jpa.HibernateJpaConfiguration$$EnhancerBySpringCGLIB$$14bef337] - unable to determine constructor/method parameter names
?[2m2019-02-24 20:13:30.168?[0;39m ?[32mDEBUG?[0;39m ?[35m30201?[0;39m ?[2m---?[0;39m ?[2m[    Test worker]?[0;39m ?[36mo.s.b.f.s.DefaultListableBeanFactory    ?[0;39m ?[2m:?[0;39m Creating shared instance of singleton bean 'dataSource'
?[2m2019-02-24 20:13:30.169?[0;39m ?[32mDEBUG?[0;39m ?[35m30201?[0;39m ?[2m---?[0;39m ?[2m[    Test worker]?[0;39m ?[36mo.s.b.f.s.DefaultListableBeanFactory    ?[0;39m ?[2m:?[0;39m Creating shared instance of singleton bean 'org.springframework.boot.autoconfigure.jdbc.DataSourceConfiguration$Hikari'
?[2m2019-02-24 20:13:30.177?[0;39m ?[32mDEBUG?[0;39m ?[35m30201?[0;39m ?[2m---?[0;39m ?[2m[    Test worker]?[0;39m ?[36mo.s.b.f.s.DefaultListableBeanFactory    ?[0;39m ?[2m:?[0;39m Creating shared instance of singleton bean 'spring.datasource-org.springframework.boot.autoconfigure.jdbc.DataSourceProperties'
?[2m2019-02-24 20:13:30.218?[0;39m ?[32mDEBUG?[0;39m ?[35m30201?[0;39m ?[2m---?[0;39m ?[2m[    Test worker]?[0;39m ?[36mo.s.b.f.s.DefaultListableBeanFactory    ?[0;39m ?[2m:?[0;39m Autowiring by type from bean name 'dataSource' via factory method to bean named 'spring.datasource-org.springframework.boot.autoconfigure.jdbc.DataSourceProperties'
?[2m2019-02-24 20:13:30.291?[0;39m ?[32mDEBUG?[0;39m ?[35m30201?[0;39m ?[2m---?[0;39m ?[2m[    Test worker]?[0;39m ?[36mo.s.b.f.s.DefaultListableBeanFactory    ?[0;39m ?[2m:?[0;39m Creating shared instance of singleton bean 'org.springframework.boot.autoconfigure.jdbc.DataSourceInitializerInvoker'
?[2m2019-02-24 20:13:30.298?[0;39m ?[32mDEBUG?[0;39m ?[35m30201?[0;39m ?[2m---?[0;39m ?[2m[    Test worker]?[0;39m ?[36mo.s.b.f.s.DefaultListableBeanFactory    ?[0;39m ?[2m:?[0;39m Autowiring by type from bean name 'org.springframework.boot.autoconfigure.jdbc.DataSourceInitializerInvoker' via constructor to bean named 'spring.datasource-org.springframework.boot.autoconfigure.jdbc.DataSourceProperties'
?[2m2019-02-24 20:13:30.299?[0;39m ?[32mDEBUG?[0;39m ?[35m30201?[0;39m ?[2m---?[0;39m ?[2m[    Test worker]?[0;39m ?[36mo.s.b.f.s.DefaultListableBeanFactory    ?[0;39m ?[2m:?[0;39m Autowiring by type from bean name 'org.springframework.boot.autoconfigure.jdbc.DataSourceInitializerInvoker' via constructor to bean named 'org.springframework.context.annotation.AnnotationConfigApplicationContext@3fde5f22'
?[2m2019-02-24 20:13:30.315?[0;39m ?[32mDEBUG?[0;39m ?[35m30201?[0;39m ?[2m---?[0;39m ?[2m[    Test worker]?[0;39m ?[36mo.s.b.f.s.DefaultListableBeanFactory    ?[0;39m ?[2m:?[0;39m Creating shared instance of singleton bean 'spring.jpa-org.springframework.boot.autoconfigure.orm.jpa.JpaProperties'
?[2m2019-02-24 20:13:30.337?[0;39m ?[32mDEBUG?[0;39m ?[35m30201?[0;39m ?[2m---?[0;39m ?[2m[    Test worker]?[0;39m ?[36mo.s.b.f.s.DefaultListableBeanFactory    ?[0;39m ?[2m:?[0;39m Creating shared instance of singleton bean 'spring.jpa.hibernate-org.springframework.boot.autoconfigure.orm.jpa.HibernateProperties'
?[2m2019-02-24 20:13:30.346?[0;39m ?[32mDEBUG?[0;39m ?[35m30201?[0;39m ?[2m---?[0;39m ?[2m[    Test worker]?[0;39m ?[36mo.s.b.f.s.DefaultListableBeanFactory    ?[0;39m ?[2m:?[0;39m Autowiring by type from bean name 'org.springframework.boot.autoconfigure.orm.jpa.HibernateJpaConfiguration' via constructor to bean named 'dataSource'
?[2m2019-02-24 20:13:30.347?[0;39m ?[32mDEBUG?[0;39m ?[35m30201?[0;39m ?[2m---?[0;39m ?[2m[    Test worker]?[0;39m ?[36mo.s.b.f.s.DefaultListableBeanFactory    ?[0;39m ?[2m:?[0;39m Autowiring by type from bean name 'org.springframework.boot.autoconfigure.orm.jpa.HibernateJpaConfiguration' via constructor to bean named 'spring.jpa-org.springframework.boot.autoconfigure.orm.jpa.JpaProperties'
?[2m2019-02-24 20:13:30.347?[0;39m ?[32mDEBUG?[0;39m ?[35m30201?[0;39m ?[2m---?[0;39m ?[2m[    Test worker]?[0;39m ?[36mo.s.b.f.s.DefaultListableBeanFactory    ?[0;39m ?[2m:?[0;39m Autowiring by type from bean name 'org.springframework.boot.autoconfigure.orm.jpa.HibernateJpaConfiguration' via constructor to bean named 'org.springframework.beans.factory.support.DefaultListableBeanFactory@1984099c'
?[2m2019-02-24 20:13:30.347?[0;39m ?[32mDEBUG?[0;39m ?[35m30201?[0;39m ?[2m---?[0;39m ?[2m[    Test worker]?[0;39m ?[36mo.s.b.f.s.DefaultListableBeanFactory    ?[0;39m ?[2m:?[0;39m Autowiring by type from bean name 'org.springframework.boot.autoconfigure.orm.jpa.HibernateJpaConfiguration' via constructor to bean named 'spring.jpa.hibernate-org.springframework.boot.autoconfigure.orm.jpa.HibernateProperties'
?[2m2019-02-24 20:13:30.350?[0;39m ?[32mDEBUG?[0;39m ?[35m30201?[0;39m ?[2m---?[0;39m ?[2m[    Test worker]?[0;39m ?[36mo.s.b.f.s.DefaultListableBeanFactory    ?[0;39m ?[2m:?[0;39m Creating shared instance of singleton bean 'platformTransactionManagerCustomizers'
?[2m2019-02-24 20:13:30.351?[0;39m ?[32mDEBUG?[0;39m ?[35m30201?[0;39m ?[2m---?[0;39m ?[2m[    Test worker]?[0;39m ?[36mo.s.b.f.s.DefaultListableBeanFactory    ?[0;39m ?[2m:?[0;39m Creating shared instance of singleton bean 'org.springframework.boot.autoconfigure.transaction.TransactionAutoConfiguration'
?[2m2019-02-24 20:13:30.372?[0;39m ?[32mDEBUG?[0;39m ?[35m30201?[0;39m ?[2m---?[0;39m ?[2m[    Test worker]?[0;39m ?[36mo.s.b.f.s.DefaultListableBeanFactory    ?[0;39m ?[2m:?[0;39m Creating shared instance of singleton bean 'spring.transaction-org.springframework.boot.autoconfigure.transaction.TransactionProperties'
?[2m2019-02-24 20:13:30.397?[0;39m ?[32mDEBUG?[0;39m ?[35m30201?[0;39m ?[2m---?[0;39m ?[2m[    Test worker]?[0;39m ?[36mo.s.b.f.s.DefaultListableBeanFactory    ?[0;39m ?[2m:?[0;39m Creating shared instance of singleton bean 'hikariPoolDataSourceMetadataProvider'
?[2m2019-02-24 20:13:30.398?[0;39m ?[32mDEBUG?[0;39m ?[35m30201?[0;39m ?[2m---?[0;39m ?[2m[    Test worker]?[0;39m ?[36mo.s.b.f.s.DefaultListableBeanFactory    ?[0;39m ?[2m:?[0;39m Creating shared instance of singleton bean 'org.springframework.boot.autoconfigure.jdbc.metadata.DataSourcePoolMetadataProvidersConfiguration$HikariPoolDataSourceMetadataProviderConfiguration'
?[2m2019-02-24 20:13:30.448?[0;39m ?[32mDEBUG?[0;39m ?[35m30201?[0;39m ?[2m---?[0;39m ?[2m[    Test worker]?[0;39m ?[36mo.s.b.f.s.DefaultListableBeanFactory    ?[0;39m ?[2m:?[0;39m Creating shared instance of singleton bean 'entityManagerFactoryBuilder'
?[2m2019-02-24 20:13:30.450?[0;39m ?[32mDEBUG?[0;39m ?[35m30201?[0;39m ?[2m---?[0;39m ?[2m[    Test worker]?[0;39m ?[36mo.s.b.f.s.DefaultListableBeanFactory    ?[0;39m ?[2m:?[0;39m Creating shared instance of singleton bean 'jpaVendorAdapter'
?[2m2019-02-24 20:13:30.561?[0;39m ?[32mDEBUG?[0;39m ?[35m30201?[0;39m ?[2m---?[0;39m ?[2m[    Test worker]?[0;39m ?[36mo.s.jdbc.datasource.DataSourceUtils     ?[0;39m ?[2m:?[0;39m Fetching JDBC Connection from DataSource
?[2m2019-02-24 20:13:30.562?[0;39m ?[32m INFO?[0;39m ?[35m30201?[0;39m ?[2m---?[0;39m ?[2m[    Test worker]?[0;39m ?[36mcom.zaxxer.hikari.HikariDataSource      ?[0;39m ?[2m:?[0;39m HikariPool-1 - Starting...
?[2m2019-02-24 20:13:30.764?[0;39m ?[32m INFO?[0;39m ?[35m30201?[0;39m ?[2m---?[0;39m ?[2m[    Test worker]?[0;39m ?[36mcom.zaxxer.hikari.HikariDataSource      ?[0;39m ?[2m:?[0;39m HikariPool-1 - Start completed.
?[2m2019-02-24 20:13:30.794?[0;39m ?[32mDEBUG?[0;39m ?[35m30201?[0;39m ?[2m---?[0;39m ?[2m[    Test worker]?[0;39m ?[36mo.s.b.f.s.DefaultListableBeanFactory    ?[0;39m ?[2m:?[0;39m Autowiring by type from bean name 'entityManagerFactoryBuilder' via factory method to bean named 'jpaVendorAdapter'
?[2m2019-02-24 20:13:30.803?[0;39m ?[32mDEBUG?[0;39m ?[35m30201?[0;39m ?[2m---?[0;39m ?[2m[    Test worker]?[0;39m ?[36mo.s.b.f.s.DefaultListableBeanFactory    ?[0;39m ?[2m:?[0;39m Autowiring by type from bean name 'entityManagerFactory' via factory method to bean named 'entityManagerFactoryBuilder'
?[2m2019-02-24 20:13:30.815?[0;39m ?[32mDEBUG?[0;39m ?[35m30201?[0;39m ?[2m---?[0;39m ?[2m[    Test worker]?[0;39m ?[36mo.s.jdbc.datasource.DataSourceUtils     ?[0;39m ?[2m:?[0;39m Fetching JDBC Connection from DataSource
?[2m2019-02-24 20:13:30.885?[0;39m ?[32mDEBUG?[0;39m ?[35m30201?[0;39m ?[2m---?[0;39m ?[2m[    Test worker]?[0;39m ?[36mj.LocalContainerEntityManagerFactoryBean?[0;39m ?[2m:?[0;39m Building JPA container EntityManagerFactory for persistence unit 'default'
?[2m2019-02-24 20:13:30.912?[0;39m ?[32m INFO?[0;39m ?[35m30201?[0;39m ?[2m---?[0;39m ?[2m[    Test worker]?[0;39m ?[36mo.hibernate.jpa.internal.util.LogHelper ?[0;39m ?[2m:?[0;39m HHH000204: Processing PersistenceUnitInfo [
	name: default
	...]
?[2m2019-02-24 20:13:30.995?[0;39m ?[32m INFO?[0;39m ?[35m30201?[0;39m ?[2m---?[0;39m ?[2m[    Test worker]?[0;39m ?[36morg.hibernate.Version                   ?[0;39m ?[2m:?[0;39m HHH000412: Hibernate Core {5.3.7.Final}
?[2m2019-02-24 20:13:30.997?[0;39m ?[32m INFO?[0;39m ?[35m30201?[0;39m ?[2m---?[0;39m ?[2m[    Test worker]?[0;39m ?[36morg.hibernate.cfg.Environment           ?[0;39m ?[2m:?[0;39m HHH000206: hibernate.properties not found
?[2m2019-02-24 20:13:31.204?[0;39m ?[32m INFO?[0;39m ?[35m30201?[0;39m ?[2m---?[0;39m ?[2m[    Test worker]?[0;39m ?[36mo.hibernate.annotations.common.Version  ?[0;39m ?[2m:?[0;39m HCANN000001: Hibernate Commons Annotations {5.0.4.Final}
?[2m2019-02-24 20:13:31.250?[0;39m ?[32mDEBUG?[0;39m ?[35m30201?[0;39m ?[2m---?[0;39m ?[2m[    Test worker]?[0;39m ?[36morg.hibernate.type.BasicTypeRegistry    ?[0;39m ?[2m:?[0;39m Adding type registration boolean -> org.hibernate.type.BooleanType@58e25f08
?[2m2019-02-24 20:13:31.251?[0;39m ?[32mDEBUG?[0;39m ?[35m30201?[0;39m ?[2m---?[0;39m ?[2m[    Test worker]?[0;39m ?[36morg.hibernate.type.BasicTypeRegistry    ?[0;39m ?[2m:?[0;39m Adding type registration boolean -> org.hibernate.type.BooleanType@58e25f08
?[2m2019-02-24 20:13:31.251?[0;39m ?[32mDEBUG?[0;39m ?[35m30201?[0;39m ?[2m---?[0;39m ?[2m[    Test worker]?[0;39m ?[36morg.hibernate.type.BasicTypeRegistry    ?[0;39m ?[2m:?[0;39m Adding type registration java.lang.Boolean -> org.hibernate.type.BooleanType@58e25f08
?[2m2019-02-24 20:13:31.252?[0;39m ?[32mDEBUG?[0;39m ?[35m30201?[0;39m ?[2m---?[0;39m ?[2m[    Test worker]?[0;39m ?[36morg.hibernate.type.BasicTypeRegistry    ?[0;39m ?[2m:?[0;39m Adding type registration numeric_boolean -> org.hibernate.type.NumericBooleanType@2ea815f
?[2m2019-02-24 20:13:31.254?[0;39m ?[32mDEBUG?[0;39m ?[35m30201?[0;39m ?[2m---?[0;39m ?[2m[    Test worker]?[0;39m ?[36morg.hibernate.type.BasicTypeRegistry    ?[0;39m ?[2m:?[0;39m Adding type registration true_false -> org.hibernate.type.TrueFalseType@182ba16d
?[2m2019-02-24 20:13:31.256?[0;39m ?[32mDEBUG?[0;39m ?[35m30201?[0;39m ?[2m---?[0;39m ?[2m[    Test worker]?[0;39m ?[36morg.hibernate.type.BasicTypeRegistry    ?[0;39m ?[2m:?[0;39m Adding type registration yes_no -> org.hibernate.type.YesNoType@4adb8fea
?[2m2019-02-24 20:13:31.258?[0;39m ?[32mDEBUG?[0;39m ?[35m30201?[0;39m ?[2m---?[0;39m ?[2m[    Test worker]?[0;39m ?[36morg.hibernate.type.BasicTypeRegistry    ?[0;39m ?[2m:?[0;39m Adding type registration byte -> org.hibernate.type.ByteType@4ce605dd
?[2m2019-02-24 20:13:31.259?[0;39m ?[32mDEBUG?[0;39m ?[35m30201?[0;39m ?[2m---?[0;39m ?[2m[    Test worker]?[0;39m ?[36morg.hibernate.type.BasicTypeRegistry    ?[0;39m ?[2m:?[0;39m Adding type registration byte -> org.hibernate.type.ByteType@4ce605dd
?[2m2019-02-24 20:13:31.259?[0;39m ?[32mDEBUG?[0;39m ?[35m30201?[0;39m ?[2m---?[0;39m ?[2m[    Test worker]?[0;39m ?[36morg.hibernate.type.BasicTypeRegistry    ?[0;39m ?[2m:?[0;39m Adding type registration java.lang.Byte -> org.hibernate.type.ByteType@4ce605dd
?[2m2019-02-24 20:13:31.262?[0;39m ?[32mDEBUG?[0;39m ?[35m30201?[0;39m ?[2m---?[0;39m ?[2m[    Test worker]?[0;39m ?[36morg.hibernate.type.BasicTypeRegistry    ?[0;39m ?[2m:?[0;39m Adding type registration character -> org.hibernate.type.CharacterType@799429b4
?[2m2019-02-24 20:13:31.262?[0;39m ?[32mDEBUG?[0;39m ?[35m30201?[0;39m ?[2m---?[0;39m ?[2m[    Test worker]?[0;39m ?[36morg.hibernate.type.BasicTypeRegistry    ?[0;39m ?[2m:?[0;39m Adding type registration char -> org.hibernate.type.CharacterType@799429b4
?[2m2019-02-24 20:13:31.262?[0;39m ?[32mDEBUG?[0;39m ?[35m30201?[0;39m ?[2m---?[0;39m ?[2m[    Test worker]?[0;39m ?[36morg.hibernate.type.BasicTypeRegistry    ?[0;39m ?[2m:?[0;39m Adding type registration java.lang.Character -> org.hibernate.type.CharacterType@799429b4
?[2m2019-02-24 20:13:31.265?[0;39m ?[32mDEBUG?[0;39m ?[35m30201?[0;39m ?[2m---?[0;39m ?[2m[    Test worker]?[0;39m ?[36morg.hibernate.type.BasicTypeRegistry    ?[0;39m ?[2m:?[0;39m Adding type registration short -> org.hibernate.type.ShortType@6983df1f
?[2m2019-02-24 20:13:31.265?[0;39m ?[32mDEBUG?[0;39m ?[35m30201?[0;39m ?[2m---?[0;39m ?[2m[    Test worker]?[0;39m ?[36morg.hibernate.type.BasicTypeRegistry    ?[0;39m ?[2m:?[0;39m Adding type registration short -> org.hibernate.type.ShortType@6983df1f
?[2m2019-02-24 20:13:31.266?[0;39m ?[32mDEBUG?[0;39m ?[35m30201?[0;39m ?[2m---?[0;39m ?[2m[    Test worker]?[0;39m ?[36morg.hibernate.type.BasicTypeRegistry    ?[0;39m ?[2m:?[0;39m Adding type registration java.lang.Short -> org.hibernate.type.ShortType@6983df1f
?[2m2019-02-24 20:13:31.268?[0;39m ?[32mDEBUG?[0;39m ?[35m30201?[0;39m ?[2m---?[0;39m ?[2m[    Test worker]?[0;39m ?[36morg.hibernate.type.BasicTypeRegistry    ?[0;39m ?[2m:?[0;39m Adding type registration integer -> org.hibernate.type.IntegerType@d9eb4d8
?[2m2019-02-24 20:13:31.269?[0;39m ?[32mDEBUG?[0;39m ?[35m30201?[0;39m ?[2m---?[0;39m ?[2m[    Test worker]?[0;39m ?[36morg.hibernate.type.BasicTypeRegistry    ?[0;39m ?[2m:?[0;39m Adding type registration int -> org.hibernate.type.IntegerType@d9eb4d8
?[2m2019-02-24 20:13:31.269?[0;39m ?[32mDEBUG?[0;39m ?[35m30201?[0;39m ?[2m---?[0;39m ?[2m[    Test worker]?[0;39m ?[36morg.hibernate.type.BasicTypeRegistry    ?[0;39m ?[2m:?[0;39m Adding type registration java.lang.Integer -> org.hibernate.type.IntegerType@d9eb4d8
?[2m2019-02-24 20:13:31.271?[0;39m ?[32mDEBUG?[0;39m ?[35m30201?[0;39m ?[2m---?[0;39m ?[2m[    Test worker]?[0;39m ?[36morg.hibernate.type.BasicTypeRegistry    ?[0;39m ?[2m:?[0;39m Adding type registration long -> org.hibernate.type.LongType@4abfc978
?[2m2019-02-24 20:13:31.272?[0;39m ?[32mDEBUG?[0;39m ?[35m30201?[0;39m ?[2m---?[0;39m ?[2m[    Test worker]?[0;39m ?[36morg.hibernate.type.BasicTypeRegistry    ?[0;39m ?[2m:?[0;39m Adding type registration long -> org.hibernate.type.LongType@4abfc978
?[2m2019-02-24 20:13:31.273?[0;39m ?[32mDEBUG?[0;39m ?[35m30201?[0;39m ?[2m---?[0;39m ?[2m[    Test worker]?[0;39m ?[36morg.hibernate.type.BasicTypeRegistry    ?[0;39m ?[2m:?[0;39m Adding type registration java.lang.Long -> org.hibernate.type.LongType@4abfc978
?[2m2019-02-24 20:13:31.275?[0;39m ?[32mDEBUG?[0;39m ?[35m30201?[0;39m ?[2m---?[0;39m ?[2m[    Test worker]?[0;39m ?[36morg.hibernate.type.BasicTypeRegistry    ?[0;39m ?[2m:?[0;39m Adding type registration float -> org.hibernate.type.FloatType@340a3cb6
?[2m2019-02-24 20:13:31.275?[0;39m ?[32mDEBUG?[0;39m ?[35m30201?[0;39m ?[2m---?[0;39m ?[2m[    Test worker]?[0;39m ?[36morg.hibernate.type.BasicTypeRegistry    ?[0;39m ?[2m:?[0;39m Adding type registration float -> org.hibernate.type.FloatType@340a3cb6
?[2m2019-02-24 20:13:31.275?[0;39m ?[32mDEBUG?[0;39m ?[35m30201?[0;39m ?[2m---?[0;39m ?[2m[    Test worker]?[0;39m ?[36morg.hibernate.type.BasicTypeRegistry    ?[0;39m ?[2m:?[0;39m Adding type registration java.lang.Float -> org.hibernate.type.FloatType@340a3cb6
?[2m2019-02-24 20:13:31.277?[0;39m ?[32mDEBUG?[0;39m ?[35m30201?[0;39m ?[2m---?[0;39m ?[2m[    Test worker]?[0;39m ?[36morg.hibernate.type.BasicTypeRegistry    ?[0;39m ?[2m:?[0;39m Adding type registration double -> org.hibernate.type.DoubleType@2c1ac506
?[2m2019-02-24 20:13:31.278?[0;39m ?[32mDEBUG?[0;39m ?[35m30201?[0;39m ?[2m---?[0;39m ?[2m[    Test worker]?[0;39m ?[36morg.hibernate.type.BasicTypeRegistry    ?[0;39m ?[2m:?[0;39m Adding type registration double -> org.hibernate.type.DoubleType@2c1ac506
?[2m2019-02-24 20:13:31.278?[0;39m ?[32mDEBUG?[0;39m ?[35m30201?[0;39m ?[2m---?[0;39m ?[2m[    Test worker]?[0;39m ?[36morg.hibernate.type.BasicTypeRegistry    ?[0;39m ?[2m:?[0;39m Adding type registration java.lang.Double -> org.hibernate.type.DoubleType@2c1ac506
?[2m2019-02-24 20:13:31.280?[0;39m ?[32mDEBUG?[0;39m ?[35m30201?[0;39m ?[2m---?[0;39m ?[2m[    Test worker]?[0;39m ?[36morg.hibernate.type.BasicTypeRegistry    ?[0;39m ?[2m:?[0;39m Adding type registration big_decimal -> org.hibernate.type.BigDecimalType@6c1a7f16
?[2m2019-02-24 20:13:31.281?[0;39m ?[32mDEBUG?[0;39m ?[35m30201?[0;39m ?[2m---?[0;39m ?[2m[    Test worker]?[0;39m ?[36morg.hibernate.type.BasicTypeRegistry    ?[0;39m ?[2m:?[0;39m Adding type registration java.math.BigDecimal -> org.hibernate.type.BigDecimalType@6c1a7f16
?[2m2019-02-24 20:13:31.283?[0;39m ?[32mDEBUG?[0;39m ?[35m30201?[0;39m ?[2m---?[0;39m ?[2m[    Test worker]?[0;39m ?[36morg.hibernate.type.BasicTypeRegistry    ?[0;39m ?[2m:?[0;39m Adding type registration big_integer -> org.hibernate.type.BigIntegerType@2c4bfc52
?[2m2019-02-24 20:13:31.284?[0;39m ?[32mDEBUG?[0;39m ?[35m30201?[0;39m ?[2m---?[0;39m ?[2m[    Test worker]?[0;39m ?[36morg.hibernate.type.BasicTypeRegistry    ?[0;39m ?[2m:?[0;39m Adding type registration java.math.BigInteger -> org.hibernate.type.BigIntegerType@2c4bfc52
?[2m2019-02-24 20:13:31.286?[0;39m ?[32mDEBUG?[0;39m ?[35m30201?[0;39m ?[2m---?[0;39m ?[2m[    Test worker]?[0;39m ?[36morg.hibernate.type.BasicTypeRegistry    ?[0;39m ?[2m:?[0;39m Adding type registration string -> org.hibernate.type.StringType@7d37877d
?[2m2019-02-24 20:13:31.287?[0;39m ?[32mDEBUG?[0;39m ?[35m30201?[0;39m ?[2m---?[0;39m ?[2m[    Test worker]?[0;39m ?[36morg.hibernate.type.BasicTypeRegistry    ?[0;39m ?[2m:?[0;39m Adding type registration java.lang.String -> org.hibernate.type.StringType@7d37877d
?[2m2019-02-24 20:13:31.288?[0;39m ?[32mDEBUG?[0;39m ?[35m30201?[0;39m ?[2m---?[0;39m ?[2m[    Test worker]?[0;39m ?[36morg.hibernate.type.BasicTypeRegistry    ?[0;39m ?[2m:?[0;39m Adding type registration nstring -> org.hibernate.type.StringNVarcharType@1220338c
?[2m2019-02-24 20:13:31.289?[0;39m ?[32mDEBUG?[0;39m ?[35m30201?[0;39m ?[2m---?[0;39m ?[2m[    Test worker]?[0;39m ?[36morg.hibernate.type.BasicTypeRegistry    ?[0;39m ?[2m:?[0;39m Adding type registration ncharacter -> org.hibernate.type.CharacterNCharType@5c5904d8
?[2m2019-02-24 20:13:31.291?[0;39m ?[32mDEBUG?[0;39m ?[35m30201?[0;39m ?[2m---?[0;39m ?[2m[    Test worker]?[0;39m ?[36morg.hibernate.type.BasicTypeRegistry    ?[0;39m ?[2m:?[0;39m Adding type registration url -> org.hibernate.type.UrlType@3ba61537
?[2m2019-02-24 20:13:31.292?[0;39m ?[32mDEBUG?[0;39m ?[35m30201?[0;39m ?[2m---?[0;39m ?[2m[    Test worker]?[0;39m ?[36morg.hibernate.type.BasicTypeRegistry    ?[0;39m ?[2m:?[0;39m Adding type registration java.net.URL -> org.hibernate.type.UrlType@3ba61537
?[2m2019-02-24 20:13:31.294?[0;39m ?[32mDEBUG?[0;39m ?[35m30201?[0;39m ?[2m---?[0;39m ?[2m[    Test worker]?[0;39m ?[36morg.hibernate.type.BasicTypeRegistry    ?[0;39m ?[2m:?[0;39m Adding type registration Duration -> org.hibernate.type.DurationType@69d66f9b
?[2m2019-02-24 20:13:31.294?[0;39m ?[32mDEBUG?[0;39m ?[35m30201?[0;39m ?[2m---?[0;39m ?[2m[    Test worker]?[0;39m ?[36morg.hibernate.type.BasicTypeRegistry    ?[0;39m ?[2m:?[0;39m Adding type registration java.time.Duration -> org.hibernate.type.DurationType@69d66f9b
?[2m2019-02-24 20:13:31.297?[0;39m ?[32mDEBUG?[0;39m ?[35m30201?[0;39m ?[2m---?[0;39m ?[2m[    Test worker]?[0;39m ?[36morg.hibernate.type.BasicTypeRegistry    ?[0;39m ?[2m:?[0;39m Adding type registration Instant -> org.hibernate.type.InstantType@9b7d016
?[2m2019-02-24 20:13:31.297?[0;39m ?[32mDEBUG?[0;39m ?[35m30201?[0;39m ?[2m---?[0;39m ?[2m[    Test worker]?[0;39m ?[36morg.hibernate.type.BasicTypeRegistry    ?[0;39m ?[2m:?[0;39m Adding type registration java.time.Instant -> org.hibernate.type.InstantType@9b7d016
?[2m2019-02-24 20:13:31.300?[0;39m ?[32mDEBUG?[0;39m ?[35m30201?[0;39m ?[2m---?[0;39m ?[2m[    Test worker]?[0;39m ?[36morg.hibernate.type.BasicTypeRegistry    ?[0;39m ?[2m:?[0;39m Adding type registration LocalDateTime -> org.hibernate.type.LocalDateTimeType@5a4be32c
?[2m2019-02-24 20:13:31.300?[0;39m ?[32mDEBUG?[0;39m ?[35m30201?[0;39m ?[2m---?[0;39m ?[2m[    Test worker]?[0;39m ?[36morg.hibernate.type.BasicTypeRegistry    ?[0;39m ?[2m:?[0;39m Adding type registration java.time.LocalDateTime -> org.hibernate.type.LocalDateTimeType@5a4be32c
?[2m2019-02-24 20:13:31.302?[0;39m ?[32mDEBUG?[0;39m ?[35m30201?[0;39m ?[2m---?[0;39m ?[2m[    Test worker]?[0;39m ?[36morg.hibernate.type.BasicTypeRegistry    ?[0;39m ?[2m:?[0;39m Adding type registration LocalDate -> org.hibernate.type.LocalDateType@6f99e0d6
?[2m2019-02-24 20:13:31.303?[0;39m ?[32mDEBUG?[0;39m ?[35m30201?[0;39m ?[2m---?[0;39m ?[2m[    Test worker]?[0;39m ?[36morg.hibernate.type.BasicTypeRegistry    ?[0;39m ?[2m:?[0;39m Adding type registration java.time.LocalDate -> org.hibernate.type.LocalDateType@6f99e0d6
?[2m2019-02-24 20:13:31.305?[0;39m ?[32mDEBUG?[0;39m ?[35m30201?[0;39m ?[2m---?[0;39m ?[2m[    Test worker]?[0;39m ?[36morg.hibernate.type.BasicTypeRegistry    ?[0;39m ?[2m:?[0;39m Adding type registration LocalTime -> org.hibernate.type.LocalTimeType@40efb0d9
?[2m2019-02-24 20:13:31.306?[0;39m ?[32mDEBUG?[0;39m ?[35m30201?[0;39m ?[2m---?[0;39m ?[2m[    Test worker]?[0;39m ?[36morg.hibernate.type.BasicTypeRegistry    ?[0;39m ?[2m:?[0;39m Adding type registration java.time.LocalTime -> org.hibernate.type.LocalTimeType@40efb0d9
?[2m2019-02-24 20:13:31.308?[0;39m ?[32mDEBUG?[0;39m ?[35m30201?[0;39m ?[2m---?[0;39m ?[2m[    Test worker]?[0;39m ?[36morg.hibernate.type.BasicTypeRegistry    ?[0;39m ?[2m:?[0;39m Adding type registration OffsetDateTime -> org.hibernate.type.OffsetDateTimeType@7ee5270e
?[2m2019-02-24 20:13:31.309?[0;39m ?[32mDEBUG?[0;39m ?[35m30201?[0;39m ?[2m---?[0;39m ?[2m[    Test worker]?[0;39m ?[36morg.hibernate.type.BasicTypeRegistry    ?[0;39m ?[2m:?[0;39m Adding type registration java.time.OffsetDateTime -> org.hibernate.type.OffsetDateTimeType@7ee5270e
?[2m2019-02-24 20:13:31.313?[0;39m ?[32mDEBUG?[0;39m ?[35m30201?[0;39m ?[2m---?[0;39m ?[2m[    Test worker]?[0;39m ?[36morg.hibernate.type.BasicTypeRegistry    ?[0;39m ?[2m:?[0;39m Adding type registration OffsetTime -> org.hibernate.type.OffsetTimeType@21e83755
?[2m2019-02-24 20:13:31.314?[0;39m ?[32mDEBUG?[0;39m ?[35m30201?[0;39m ?[2m---?[0;39m ?[2m[    Test worker]?[0;39m ?[36morg.hibernate.type.BasicTypeRegistry    ?[0;39m ?[2m:?[0;39m Adding type registration java.time.OffsetTime -> org.hibernate.type.OffsetTimeType@21e83755
?[2m2019-02-24 20:13:31.319?[0;39m ?[32mDEBUG?[0;39m ?[35m30201?[0;39m ?[2m---?[0;39m ?[2m[    Test worker]?[0;39m ?[36morg.hibernate.type.BasicTypeRegistry    ?[0;39m ?[2m:?[0;39m Adding type registration ZonedDateTime -> org.hibernate.type.ZonedDateTimeType@2ea941eb
?[2m2019-02-24 20:13:31.320?[0;39m ?[32mDEBUG?[0;39m ?[35m30201?[0;39m ?[2m---?[0;39m ?[2m[    Test worker]?[0;39m ?[36morg.hibernate.type.BasicTypeRegistry    ?[0;39m ?[2m:?[0;39m Adding type registration java.time.ZonedDateTime -> org.hibernate.type.ZonedDateTimeType@2ea941eb
?[2m2019-02-24 20:13:31.324?[0;39m ?[32mDEBUG?[0;39m ?[35m30201?[0;39m ?[2m---?[0;39m ?[2m[    Test worker]?[0;39m ?[36morg.hibernate.type.BasicTypeRegistry    ?[0;39m ?[2m:?[0;39m Adding type registration date -> org.hibernate.type.DateType@607ba6a9
?[2m2019-02-24 20:13:31.324?[0;39m ?[32mDEBUG?[0;39m ?[35m30201?[0;39m ?[2m---?[0;39m ?[2m[    Test worker]?[0;39m ?[36morg.hibernate.type.BasicTypeRegistry    ?[0;39m ?[2m:?[0;39m Adding type registration java.sql.Date -> org.hibernate.type.DateType@607ba6a9
?[2m2019-02-24 20:13:31.445?[0;39m ?[32mDEBUG?[0;39m ?[35m30201?[0;39m ?[2m---?[0;39m ?[2m[    Test worker]?[0;39m ?[36morg.hibernate.type.BasicTypeRegistry    ?[0;39m ?[2m:?[0;39m Adding type registration time -> org.hibernate.type.TimeType@a5bd6c6
?[2m2019-02-24 20:13:31.446?[0;39m ?[32mDEBUG?[0;39m ?[35m30201?[0;39m ?[2m---?[0;39m ?[2m[    Test worker]?[0;39m ?[36morg.hibernate.type.BasicTypeRegistry    ?[0;39m ?[2m:?[0;39m Adding type registration java.sql.Time -> org.hibernate.type.TimeType@a5bd6c6
?[2m2019-02-24 20:13:31.449?[0;39m ?[32mDEBUG?[0;39m ?[35m30201?[0;39m ?[2m---?[0;39m ?[2m[    Test worker]?[0;39m ?[36morg.hibernate.type.BasicTypeRegistry    ?[0;39m ?[2m:?[0;39m Adding type registration timestamp -> org.hibernate.type.TimestampType@733d37e8
?[2m2019-02-24 20:13:31.452?[0;39m ?[32mDEBUG?[0;39m ?[35m30201?[0;39m ?[2m---?[0;39m ?[2m[    Test worker]?[0;39m ?[36morg.hibernate.type.BasicTypeRegistry    ?[0;39m ?[2m:?[0;39m Adding type registration java.sql.Timestamp -> org.hibernate.type.TimestampType@733d37e8
?[2m2019-02-24 20:13:31.452?[0;39m ?[32mDEBUG?[0;39m ?[35m30201?[0;39m ?[2m---?[0;39m ?[2m[    Test worker]?[0;39m ?[36morg.hibernate.type.BasicTypeRegistry    ?[0;39m ?[2m:?[0;39m Adding type registration java.util.Date -> org.hibernate.type.TimestampType@733d37e8
?[2m2019-02-24 20:13:31.454?[0;39m ?[32mDEBUG?[0;39m ?[35m30201?[0;39m ?[2m---?[0;39m ?[2m[    Test worker]?[0;39m ?[36morg.hibernate.type.BasicTypeRegistry    ?[0;39m ?[2m:?[0;39m Adding type registration dbtimestamp -> org.hibernate.type.DbTimestampType@553a0276
?[2m2019-02-24 20:13:31.456?[0;39m ?[32mDEBUG?[0;39m ?[35m30201?[0;39m ?[2m---?[0;39m ?[2m[    Test worker]?[0;39m ?[36morg.hibernate.type.BasicTypeRegistry    ?[0;39m ?[2m:?[0;39m Adding type registration calendar -> org.hibernate.type.CalendarType@698e8faf
?[2m2019-02-24 20:13:31.456?[0;39m ?[32mDEBUG?[0;39m ?[35m30201?[0;39m ?[2m---?[0;39m ?[2m[    Test worker]?[0;39m ?[36morg.hibernate.type.BasicTypeRegistry    ?[0;39m ?[2m:?[0;39m Adding type registration java.util.Calendar -> org.hibernate.type.CalendarType@698e8faf
?[2m2019-02-24 20:13:31.457?[0;39m ?[32mDEBUG?[0;39m ?[35m30201?[0;39m ?[2m---?[0;39m ?[2m[    Test worker]?[0;39m ?[36morg.hibernate.type.BasicTypeRegistry    ?[0;39m ?[2m:?[0;39m Adding type registration java.util.GregorianCalendar -> org.hibernate.type.CalendarType@698e8faf
?[2m2019-02-24 20:13:31.458?[0;39m ?[32mDEBUG?[0;39m ?[35m30201?[0;39m ?[2m---?[0;39m ?[2m[    Test worker]?[0;39m ?[36morg.hibernate.type.BasicTypeRegistry    ?[0;39m ?[2m:?[0;39m Adding type registration calendar_date -> org.hibernate.type.CalendarDateType@2e464a6
?[2m2019-02-24 20:13:31.460?[0;39m ?[32mDEBUG?[0;39m ?[35m30201?[0;39m ?[2m---?[0;39m ?[2m[    Test worker]?[0;39m ?[36morg.hibernate.type.BasicTypeRegistry    ?[0;39m ?[2m:?[0;39m Adding type registration locale -> org.hibernate.type.LocaleType@10a90cc1
?[2m2019-02-24 20:13:31.460?[0;39m ?[32mDEBUG?[0;39m ?[35m30201?[0;39m ?[2m---?[0;39m ?[2m[    Test worker]?[0;39m ?[36morg.hibernate.type.BasicTypeRegistry    ?[0;39m ?[2m:?[0;39m Adding type registration java.util.Locale -> org.hibernate.type.LocaleType@10a90cc1
?[2m2019-02-24 20:13:31.462?[0;39m ?[32mDEBUG?[0;39m ?[35m30201?[0;39m ?[2m---?[0;39m ?[2m[    Test worker]?[0;39m ?[36morg.hibernate.type.BasicTypeRegistry    ?[0;39m ?[2m:?[0;39m Adding type registration currency -> org.hibernate.type.CurrencyType@6a009582
?[2m2019-02-24 20:13:31.463?[0;39m ?[32mDEBUG?[0;39m ?[35m30201?[0;39m ?[2m---?[0;39m ?[2m[    Test worker]?[0;39m ?[36morg.hibernate.type.BasicTypeRegistry    ?[0;39m ?[2m:?[0;39m Adding type registration java.util.Currency -> org.hibernate.type.CurrencyType@6a009582
?[2m2019-02-24 20:13:31.464?[0;39m ?[32mDEBUG?[0;39m ?[35m30201?[0;39m ?[2m---?[0;39m ?[2m[    Test worker]?[0;39m ?[36morg.hibernate.type.BasicTypeRegistry    ?[0;39m ?[2m:?[0;39m Adding type registration timezone -> org.hibernate.type.TimeZoneType@436e94b2
?[2m2019-02-24 20:13:31.465?[0;39m ?[32mDEBUG?[0;39m ?[35m30201?[0;39m ?[2m---?[0;39m ?[2m[    Test worker]?[0;39m ?[36morg.hibernate.type.BasicTypeRegistry    ?[0;39m ?[2m:?[0;39m Adding type registration java.util.TimeZone -> org.hibernate.type.TimeZoneType@436e94b2
?[2m2019-02-24 20:13:31.467?[0;39m ?[32mDEBUG?[0;39m ?[35m30201?[0;39m ?[2m---?[0;39m ?[2m[    Test worker]?[0;39m ?[36morg.hibernate.type.BasicTypeRegistry    ?[0;39m ?[2m:?[0;39m Adding type registration class -> org.hibernate.type.ClassType@4d691c32
?[2m2019-02-24 20:13:31.467?[0;39m ?[32mDEBUG?[0;39m ?[35m30201?[0;39m ?[2m---?[0;39m ?[2m[    Test worker]?[0;39m ?[36morg.hibernate.type.BasicTypeRegistry    ?[0;39m ?[2m:?[0;39m Adding type registration java.lang.Class -> org.hibernate.type.ClassType@4d691c32
?[2m2019-02-24 20:13:31.469?[0;39m ?[32mDEBUG?[0;39m ?[35m30201?[0;39m ?[2m---?[0;39m ?[2m[    Test worker]?[0;39m ?[36morg.hibernate.type.BasicTypeRegistry    ?[0;39m ?[2m:?[0;39m Adding type registration uuid-binary -> org.hibernate.type.UUIDBinaryType@2f4ae44e
?[2m2019-02-24 20:13:31.469?[0;39m ?[32mDEBUG?[0;39m ?[35m30201?[0;39m ?[2m---?[0;39m ?[2m[    Test worker]?[0;39m ?[36morg.hibernate.type.BasicTypeRegistry    ?[0;39m ?[2m:?[0;39m Adding type registration java.util.UUID -> org.hibernate.type.UUIDBinaryType@2f4ae44e
?[2m2019-02-24 20:13:31.470?[0;39m ?[32mDEBUG?[0;39m ?[35m30201?[0;39m ?[2m---?[0;39m ?[2m[    Test worker]?[0;39m ?[36morg.hibernate.type.BasicTypeRegistry    ?[0;39m ?[2m:?[0;39m Adding type registration uuid-char -> org.hibernate.type.UUIDCharType@683cc05b
?[2m2019-02-24 20:13:31.472?[0;39m ?[32mDEBUG?[0;39m ?[35m30201?[0;39m ?[2m---?[0;39m ?[2m[    Test worker]?[0;39m ?[36morg.hibernate.type.BasicTypeRegistry    ?[0;39m ?[2m:?[0;39m Adding type registration binary -> org.hibernate.type.BinaryType@54f90170
?[2m2019-02-24 20:13:31.473?[0;39m ?[32mDEBUG?[0;39m ?[35m30201?[0;39m ?[2m---?[0;39m ?[2m[    Test worker]?[0;39m ?[36morg.hibernate.type.BasicTypeRegistry    ?[0;39m ?[2m:?[0;39m Adding type registration byte[] -> org.hibernate.type.BinaryType@54f90170
?[2m2019-02-24 20:13:31.473?[0;39m ?[32mDEBUG?[0;39m ?[35m30201?[0;39m ?[2m---?[0;39m ?[2m[    Test worker]?[0;39m ?[36morg.hibernate.type.BasicTypeRegistry    ?[0;39m ?[2m:?[0;39m Adding type registration [B -> org.hibernate.type.BinaryType@54f90170
?[2m2019-02-24 20:13:31.475?[0;39m ?[32mDEBUG?[0;39m ?[35m30201?[0;39m ?[2m---?[0;39m ?[2m[    Test worker]?[0;39m ?[36morg.hibernate.type.BasicTypeRegistry    ?[0;39m ?[2m:?[0;39m Adding type registration wrapper-binary -> org.hibernate.type.WrapperBinaryType@440c88a0
?[2m2019-02-24 20:13:31.475?[0;39m ?[32mDEBUG?[0;39m ?[35m30201?[0;39m ?[2m---?[0;39m ?[2m[    Test worker]?[0;39m ?[36morg.hibernate.type.BasicTypeRegistry    ?[0;39m ?[2m:?[0;39m Adding type registration Byte[] -> org.hibernate.type.WrapperBinaryType@440c88a0
?[2m2019-02-24 20:13:31.476?[0;39m ?[32mDEBUG?[0;39m ?[35m30201?[0;39m ?[2m---?[0;39m ?[2m[    Test worker]?[0;39m ?[36morg.hibernate.type.BasicTypeRegistry    ?[0;39m ?[2m:?[0;39m Adding type registration [Ljava.lang.Byte; -> org.hibernate.type.WrapperBinaryType@440c88a0
?[2m2019-02-24 20:13:31.478?[0;39m ?[32mDEBUG?[0;39m ?[35m30201?[0;39m ?[2m---?[0;39m ?[2m[    Test worker]?[0;39m ?[36morg.hibernate.type.BasicTypeRegistry    ?[0;39m ?[2m:?[0;39m Adding type registration row_version -> org.hibernate.type.RowVersionType@616faff6
?[2m2019-02-24 20:13:31.479?[0;39m ?[32mDEBUG?[0;39m ?[35m30201?[0;39m ?[2m---?[0;39m ?[2m[    Test worker]?[0;39m ?[36morg.hibernate.type.BasicTypeRegistry    ?[0;39m ?[2m:?[0;39m Adding type registration image -> org.hibernate.type.ImageType@32e39f9b
?[2m2019-02-24 20:13:31.481?[0;39m ?[32mDEBUG?[0;39m ?[35m30201?[0;39m ?[2m---?[0;39m ?[2m[    Test worker]?[0;39m ?[36morg.hibernate.type.BasicTypeRegistry    ?[0;39m ?[2m:?[0;39m Adding type registration characters -> org.hibernate.type.CharArrayType@421d6e87
?[2m2019-02-24 20:13:31.481?[0;39m ?[32mDEBUG?[0;39m ?[35m30201?[0;39m ?[2m---?[0;39m ?[2m[    Test worker]?[0;39m ?[36morg.hibernate.type.BasicTypeRegistry    ?[0;39m ?[2m:?[0;39m Adding type registration char[] -> org.hibernate.type.CharArrayType@421d6e87
?[2m2019-02-24 20:13:31.482?[0;39m ?[32mDEBUG?[0;39m ?[35m30201?[0;39m ?[2m---?[0;39m ?[2m[    Test worker]?[0;39m ?[36morg.hibernate.type.BasicTypeRegistry    ?[0;39m ?[2m:?[0;39m Adding type registration [C -> org.hibernate.type.CharArrayType@421d6e87
?[2m2019-02-24 20:13:31.483?[0;39m ?[32mDEBUG?[0;39m ?[35m30201?[0;39m ?[2m---?[0;39m ?[2m[    Test worker]?[0;39m ?[36morg.hibernate.type.BasicTypeRegistry    ?[0;39m ?[2m:?[0;39m Adding type registration wrapper-characters -> org.hibernate.type.CharacterArrayType@2f0d27b9
?[2m2019-02-24 20:13:31.483?[0;39m ?[32mDEBUG?[0;39m ?[35m30201?[0;39m ?[2m---?[0;39m ?[2m[    Test worker]?[0;39m ?[36morg.hibernate.type.BasicTypeRegistry    ?[0;39m ?[2m:?[0;39m Adding type registration [Ljava.lang.Character; -> org.hibernate.type.CharacterArrayType@2f0d27b9
?[2m2019-02-24 20:13:31.484?[0;39m ?[32mDEBUG?[0;39m ?[35m30201?[0;39m ?[2m---?[0;39m ?[2m[    Test worker]?[0;39m ?[36morg.hibernate.type.BasicTypeRegistry    ?[0;39m ?[2m:?[0;39m Adding type registration Character[] -> org.hibernate.type.CharacterArrayType@2f0d27b9
?[2m2019-02-24 20:13:31.485?[0;39m ?[32mDEBUG?[0;39m ?[35m30201?[0;39m ?[2m---?[0;39m ?[2m[    Test worker]?[0;39m ?[36morg.hibernate.type.BasicTypeRegistry    ?[0;39m ?[2m:?[0;39m Adding type registration text -> org.hibernate.type.TextType@436c108a
?[2m2019-02-24 20:13:31.486?[0;39m ?[32mDEBUG?[0;39m ?[35m30201?[0;39m ?[2m---?[0;39m ?[2m[    Test worker]?[0;39m ?[36morg.hibernate.type.BasicTypeRegistry    ?[0;39m ?[2m:?[0;39m Adding type registration ntext -> org.hibernate.type.NTextType@5d0b6b73
?[2m2019-02-24 20:13:31.489?[0;39m ?[32mDEBUG?[0;39m ?[35m30201?[0;39m ?[2m---?[0;39m ?[2m[    Test worker]?[0;39m ?[36morg.hibernate.type.BasicTypeRegistry    ?[0;39m ?[2m:?[0;39m Adding type registration blob -> org.hibernate.type.BlobType@18aa3356
?[2m2019-02-24 20:13:31.489?[0;39m ?[32mDEBUG?[0;39m ?[35m30201?[0;39m ?[2m---?[0;39m ?[2m[    Test worker]?[0;39m ?[36morg.hibernate.type.BasicTypeRegistry    ?[0;39m ?[2m:?[0;39m Adding type registration java.sql.Blob -> org.hibernate.type.BlobType@18aa3356
?[2m2019-02-24 20:13:31.490?[0;39m ?[32mDEBUG?[0;39m ?[35m30201?[0;39m ?[2m---?[0;39m ?[2m[    Test worker]?[0;39m ?[36morg.hibernate.type.BasicTypeRegistry    ?[0;39m ?[2m:?[0;39m Adding type registration materialized_blob -> org.hibernate.type.MaterializedBlobType@731e47
?[2m2019-02-24 20:13:31.491?[0;39m ?[32mDEBUG?[0;39m ?[35m30201?[0;39m ?[2m---?[0;39m ?[2m[    Test worker]?[0;39m ?[36morg.hibernate.type.BasicTypeRegistry    ?[0;39m ?[2m:?[0;39m Adding type registration clob -> org.hibernate.type.ClobType@4b0a5e00
?[2m2019-02-24 20:13:31.492?[0;39m ?[32mDEBUG?[0;39m ?[35m30201?[0;39m ?[2m---?[0;39m ?[2m[    Test worker]?[0;39m ?[36morg.hibernate.type.BasicTypeRegistry    ?[0;39m ?[2m:?[0;39m Adding type registration java.sql.Clob -> org.hibernate.type.ClobType@4b0a5e00
?[2m2019-02-24 20:13:31.494?[0;39m ?[32mDEBUG?[0;39m ?[35m30201?[0;39m ?[2m---?[0;39m ?[2m[    Test worker]?[0;39m ?[36morg.hibernate.type.BasicTypeRegistry    ?[0;39m ?[2m:?[0;39m Adding type registration nclob -> org.hibernate.type.NClobType@f0112a3
?[2m2019-02-24 20:13:31.495?[0;39m ?[32mDEBUG?[0;39m ?[35m30201?[0;39m ?[2m---?[0;39m ?[2m[    Test worker]?[0;39m ?[36morg.hibernate.type.BasicTypeRegistry    ?[0;39m ?[2m:?[0;39m Adding type registration java.sql.NClob -> org.hibernate.type.NClobType@f0112a3
?[2m2019-02-24 20:13:31.496?[0;39m ?[32mDEBUG?[0;39m ?[35m30201?[0;39m ?[2m---?[0;39m ?[2m[    Test worker]?[0;39m ?[36morg.hibernate.type.BasicTypeRegistry    ?[0;39m ?[2m:?[0;39m Adding type registration materialized_clob -> org.hibernate.type.MaterializedClobType@3ff724dc
?[2m2019-02-24 20:13:31.497?[0;39m ?[32mDEBUG?[0;39m ?[35m30201?[0;39m ?[2m---?[0;39m ?[2m[    Test worker]?[0;39m ?[36morg.hibernate.type.BasicTypeRegistry    ?[0;39m ?[2m:?[0;39m Adding type registration materialized_nclob -> org.hibernate.type.MaterializedNClobType@41484c22
?[2m2019-02-24 20:13:31.499?[0;39m ?[32mDEBUG?[0;39m ?[35m30201?[0;39m ?[2m---?[0;39m ?[2m[    Test worker]?[0;39m ?[36morg.hibernate.type.BasicTypeRegistry    ?[0;39m ?[2m:?[0;39m Adding type registration serializable -> org.hibernate.type.SerializableType@19528402
?[2m2019-02-24 20:13:31.505?[0;39m ?[32mDEBUG?[0;39m ?[35m30201?[0;39m ?[2m---?[0;39m ?[2m[    Test worker]?[0;39m ?[36morg.hibernate.type.BasicTypeRegistry    ?[0;39m ?[2m:?[0;39m Adding type registration object -> org.hibernate.type.ObjectType@49d9bb25
?[2m2019-02-24 20:13:31.506?[0;39m ?[32mDEBUG?[0;39m ?[35m30201?[0;39m ?[2m---?[0;39m ?[2m[    Test worker]?[0;39m ?[36morg.hibernate.type.BasicTypeRegistry    ?[0;39m ?[2m:?[0;39m Adding type registration java.lang.Object -> org.hibernate.type.ObjectType@49d9bb25
?[2m2019-02-24 20:13:31.507?[0;39m ?[32mDEBUG?[0;39m ?[35m30201?[0;39m ?[2m---?[0;39m ?[2m[    Test worker]?[0;39m ?[36morg.hibernate.type.BasicTypeRegistry    ?[0;39m ?[2m:?[0;39m Adding type registration imm_date -> org.hibernate.type.AdaptedImmutableType@1b25c1d6
?[2m2019-02-24 20:13:31.507?[0;39m ?[32mDEBUG?[0;39m ?[35m30201?[0;39m ?[2m---?[0;39m ?[2m[    Test worker]?[0;39m ?[36morg.hibernate.type.BasicTypeRegistry    ?[0;39m ?[2m:?[0;39m Adding type registration imm_time -> org.hibernate.type.AdaptedImmutableType@1f215104
?[2m2019-02-24 20:13:31.508?[0;39m ?[32mDEBUG?[0;39m ?[35m30201?[0;39m ?[2m---?[0;39m ?[2m[    Test worker]?[0;39m ?[36morg.hibernate.type.BasicTypeRegistry    ?[0;39m ?[2m:?[0;39m Adding type registration imm_timestamp -> org.hibernate.type.AdaptedImmutableType@24efa31f
?[2m2019-02-24 20:13:31.508?[0;39m ?[32mDEBUG?[0;39m ?[35m30201?[0;39m ?[2m---?[0;39m ?[2m[    Test worker]?[0;39m ?[36morg.hibernate.type.BasicTypeRegistry    ?[0;39m ?[2m:?[0;39m Adding type registration imm_dbtimestamp -> org.hibernate.type.AdaptedImmutableType@47a940f1
?[2m2019-02-24 20:13:31.508?[0;39m ?[32mDEBUG?[0;39m ?[35m30201?[0;39m ?[2m---?[0;39m ?[2m[    Test worker]?[0;39m ?[36morg.hibernate.type.BasicTypeRegistry    ?[0;39m ?[2m:?[0;39m Adding type registration imm_calendar -> org.hibernate.type.AdaptedImmutableType@72b702a3
?[2m2019-02-24 20:13:31.508?[0;39m ?[32mDEBUG?[0;39m ?[35m30201?[0;39m ?[2m---?[0;39m ?[2m[    Test worker]?[0;39m ?[36morg.hibernate.type.BasicTypeRegistry    ?[0;39m ?[2m:?[0;39m Adding type registration imm_calendar_date -> org.hibernate.type.AdaptedImmutableType@670bc480
?[2m2019-02-24 20:13:31.509?[0;39m ?[32mDEBUG?[0;39m ?[35m30201?[0;39m ?[2m---?[0;39m ?[2m[    Test worker]?[0;39m ?[36morg.hibernate.type.BasicTypeRegistry    ?[0;39m ?[2m:?[0;39m Adding type registration imm_binary -> org.hibernate.type.AdaptedImmutableType@3ea57425
?[2m2019-02-24 20:13:31.509?[0;39m ?[32mDEBUG?[0;39m ?[35m30201?[0;39m ?[2m---?[0;39m ?[2m[    Test worker]?[0;39m ?[36morg.hibernate.type.BasicTypeRegistry    ?[0;39m ?[2m:?[0;39m Adding type registration imm_serializable -> org.hibernate.type.AdaptedImmutableType@338605c8
?[2m2019-02-24 20:13:31.610?[0;39m ?[32m INFO?[0;39m ?[35m30201?[0;39m ?[2m---?[0;39m ?[2m[    Test worker]?[0;39m ?[36morg.hibernate.dialect.Dialect           ?[0;39m ?[2m:?[0;39m HHH000400: Using dialect: org.hibernate.dialect.H2Dialect
?[2m2019-02-24 20:13:31.703?[0;39m ?[32mDEBUG?[0;39m ?[35m30201?[0;39m ?[2m---?[0;39m ?[2m[    Test worker]?[0;39m ?[36mo.h.type.spi.TypeConfiguration$Scope    ?[0;39m ?[2m:?[0;39m Scoping TypeConfiguration [org.hibernate.type.spi.TypeConfiguration@6d46a6a3] to MetadataBuildingContext [org.hibernate.boot.internal.MetadataBuildingContextRootImpl@69735c01]
?[2m2019-02-24 20:13:32.018?[0;39m ?[32mDEBUG?[0;39m ?[35m30201?[0;39m ?[2m---?[0;39m ?[2m[    Test worker]?[0;39m ?[36mo.h.type.spi.TypeConfiguration$Scope    ?[0;39m ?[2m:?[0;39m Scoping TypeConfiguration [org.hibernate.type.spi.TypeConfiguration@6d46a6a3] to SessionFactoryImpl [org.hibernate.internal.SessionFactoryImpl@60d32add]
Hibernate: 
    
    drop table employee if exists
Hibernate: 
    
    drop table health if exists
Hibernate: 
    
    drop table project if exists
Hibernate: 
    
    drop table status if exists
Hibernate: 
    
    drop sequence if exists hibernate_sequence
Hibernate: create sequence hibernate_sequence start with 1 increment by 1
Hibernate: 
    
    create table employee (
       id bigint not null,
        creation_date timestamp,
        last_update_date timestamp,
        name varchar(255),
        primary key (id)
    )
Hibernate: 
    
    create table health (
       id bigint not null,
        creation_date timestamp,
        last_update_date timestamp,
        name varchar(255),
        primary key (id)
    )
Hibernate: 
    
    create table project (
       id bigint not null,
        actual_cost double,
        budget_cost double,
        creation_date timestamp,
        description varchar(255),
        forecasted_cost double,
        implementation_date timestamp,
        is_deleted boolean not null,
        last_update_date timestamp,
        milestone_date timestamp,
        name varchar(255),
        summary varchar(255),
        approver_id bigint,
        health_id bigint,
        milestone_status_id bigint,
        state_id bigint,
        submitter_id bigint,
        primary key (id)
    )
Hibernate: 
    
    create table status (
       id bigint not null,
        creation_date timestamp,
        last_update_date timestamp,
        name varchar(255),
        primary key (id)
    )
Hibernate: 
    
    alter table project 
       add constraint FK839jkcm4ce5nqbx4jf26o847s 
       foreign key (approver_id) 
       references employee
Hibernate: 
    
    alter table project 
       add constraint FKia46waklj9gs3itlkbgxda8q 
       foreign key (health_id) 
       references health
Hibernate: 
    
    alter table project 
       add constraint FK36jp853cl85ma31ujf8xgjmxi 
       foreign key (milestone_status_id) 
       references status
Hibernate: 
    
    alter table project 
       add constraint FKi9qme16iq7fa29a5y3j3m4brm 
       foreign key (state_id) 
       references status
Hibernate: 
    
    alter table project 
       add constraint FK57tbmo99v4dyf1c0fpayjjqr 
       foreign key (submitter_id) 
       references employee
?[2m2019-02-24 20:13:32.614?[0;39m ?[32m INFO?[0;39m ?[35m30201?[0;39m ?[2m---?[0;39m ?[2m[    Test worker]?[0;39m ?[36mo.h.t.schema.internal.SchemaCreatorImpl ?[0;39m ?[2m:?[0;39m HHH000476: Executing import script 'org.hibernate.tool.schema.internal.exec.ScriptSourceInputNonExistentImpl@28e311cb'
?[2m2019-02-24 20:13:32.617?[0;39m ?[32mTRACE?[0;39m ?[35m30201?[0;39m ?[2m---?[0;39m ?[2m[    Test worker]?[0;39m ?[36mo.h.type.spi.TypeConfiguration$Scope    ?[0;39m ?[2m:?[0;39m Handling #sessionFactoryCreated from [org.hibernate.internal.SessionFactoryImpl@60d32add] for TypeConfiguration
?[2m2019-02-24 20:13:32.619?[0;39m ?[32m INFO?[0;39m ?[35m30201?[0;39m ?[2m---?[0;39m ?[2m[    Test worker]?[0;39m ?[36mj.LocalContainerEntityManagerFactoryBean?[0;39m ?[2m:?[0;39m Initialized JPA EntityManagerFactory for persistence unit 'default'
?[2m2019-02-24 20:13:32.624?[0;39m ?[32mDEBUG?[0;39m ?[35m30201?[0;39m ?[2m---?[0;39m ?[2m[    Test worker]?[0;39m ?[36mo.s.jdbc.datasource.DataSourceUtils     ?[0;39m ?[2m:?[0;39m Fetching JDBC Connection from DataSource
?[2m2019-02-24 20:13:32.625?[0;39m ?[32mDEBUG?[0;39m ?[35m30201?[0;39m ?[2m---?[0;39m ?[2m[    Test worker]?[0;39m ?[36mo.s.jdbc.datasource.DataSourceUtils     ?[0;39m ?[2m:?[0;39m Fetching JDBC Connection from DataSource
?[2m2019-02-24 20:13:32.628?[0;39m ?[32mDEBUG?[0;39m ?[35m30201?[0;39m ?[2m---?[0;39m ?[2m[    Test worker]?[0;39m ?[36mo.s.jdbc.datasource.DataSourceUtils     ?[0;39m ?[2m:?[0;39m Fetching JDBC Connection from DataSource
?[2m2019-02-24 20:13:32.630?[0;39m ?[32mDEBUG?[0;39m ?[35m30201?[0;39m ?[2m---?[0;39m ?[2m[    Test worker]?[0;39m ?[36mo.s.jdbc.datasource.init.ScriptUtils    ?[0;39m ?[2m:?[0;39m Executing SQL script from URL [file:/home/icy/source/java/spring-projectclass/Status_Reporting_Tool_G1/core/build/resources/main/data.sql]
?[2m2019-02-24 20:13:32.633?[0;39m ?[32mDEBUG?[0;39m ?[35m30201?[0;39m ?[2m---?[0;39m ?[2m[    Test worker]?[0;39m ?[36mo.s.jdbc.datasource.init.ScriptUtils    ?[0;39m ?[2m:?[0;39m 1 returned as update count for SQL: insert into status (id, name) values (1, 'Active')
?[2m2019-02-24 20:13:32.633?[0;39m ?[32mDEBUG?[0;39m ?[35m30201?[0;39m ?[2m---?[0;39m ?[2m[    Test worker]?[0;39m ?[36mo.s.jdbc.datasource.init.ScriptUtils    ?[0;39m ?[2m:?[0;39m 1 returned as update count for SQL: insert into status (id, name) values (2, 'In-Active')
?[2m2019-02-24 20:13:32.634?[0;39m ?[32mDEBUG?[0;39m ?[35m30201?[0;39m ?[2m---?[0;39m ?[2m[    Test worker]?[0;39m ?[36mo.s.jdbc.datasource.init.ScriptUtils    ?[0;39m ?[2m:?[0;39m 1 returned as update count for SQL: insert into health (id, name) values (1, 'Active')
?[2m2019-02-24 20:13:32.634?[0;39m ?[32mDEBUG?[0;39m ?[35m30201?[0;39m ?[2m---?[0;39m ?[2m[    Test worker]?[0;39m ?[36mo.s.jdbc.datasource.init.ScriptUtils    ?[0;39m ?[2m:?[0;39m 1 returned as update count for SQL: insert into health (id, name) values (2, 'In-Active')
?[2m2019-02-24 20:13:32.636?[0;39m ?[32mDEBUG?[0;39m ?[35m30201?[0;39m ?[2m---?[0;39m ?[2m[    Test worker]?[0;39m ?[36mo.s.jdbc.datasource.init.ScriptUtils    ?[0;39m ?[2m:?[0;39m 1 returned as update count for SQL: insert into project (id, name, description, summary, is_deleted, state_id, health_id) values (100, 'First Project', 'First Desc', 'First Summary', false, 1, 1)
?[2m2019-02-24 20:13:32.637?[0;39m ?[32mDEBUG?[0;39m ?[35m30201?[0;39m ?[2m---?[0;39m ?[2m[    Test worker]?[0;39m ?[36mo.s.jdbc.datasource.init.ScriptUtils    ?[0;39m ?[2m:?[0;39m 1 returned as update count for SQL: insert into project (id, name, description, summary, is_deleted, state_id, health_id) values (101, 'Second Project', 'Second Desc', 'Second Summary', false, 1, 1)
?[2m2019-02-24 20:13:32.638?[0;39m ?[32mDEBUG?[0;39m ?[35m30201?[0;39m ?[2m---?[0;39m ?[2m[    Test worker]?[0;39m ?[36mo.s.jdbc.datasource.init.ScriptUtils    ?[0;39m ?[2m:?[0;39m Executed SQL script from URL [file:/home/icy/source/java/spring-projectclass/Status_Reporting_Tool_G1/core/build/resources/main/data.sql] in 7 ms.
?[2m2019-02-24 20:13:32.638?[0;39m ?[32mDEBUG?[0;39m ?[35m30201?[0;39m ?[2m---?[0;39m ?[2m[    Test worker]?[0;39m ?[36mo.s.b.f.s.DefaultListableBeanFactory    ?[0;39m ?[2m:?[0;39m Creating shared instance of singleton bean 'springCoreApplication'
?[2m2019-02-24 20:13:32.645?[0;39m ?[32mDEBUG?[0;39m ?[35m30201?[0;39m ?[2m---?[0;39m ?[2m[    Test worker]?[0;39m ?[36mo.s.b.f.s.DefaultListableBeanFactory    ?[0;39m ?[2m:?[0;39m Creating shared instance of singleton bean 'projectService'
?[2m2019-02-24 20:13:32.650?[0;39m ?[32mDEBUG?[0;39m ?[35m30201?[0;39m ?[2m---?[0;39m ?[2m[    Test worker]?[0;39m ?[36mo.s.b.f.s.DefaultListableBeanFactory    ?[0;39m ?[2m:?[0;39m Creating shared instance of singleton bean 'projectRepository'
?[2m2019-02-24 20:13:32.747?[0;39m ?[32mDEBUG?[0;39m ?[35m30201?[0;39m ?[2m---?[0;39m ?[2m[    Test worker]?[0;39m ?[36mo.s.b.f.s.DefaultListableBeanFactory    ?[0;39m ?[2m:?[0;39m Creating shared instance of singleton bean 'jpaMappingContext'
?[2m2019-02-24 20:13:32.774?[0;39m ?[32mDEBUG?[0;39m ?[35m30201?[0;39m ?[2m---?[0;39m ?[2m[    Test worker]?[0;39m ?[36m.c.JpaMetamodelMappingContextFactoryBean?[0;39m ?[2m:?[0;39m Initializing JpaMetamodelMappingContext?
?[2m2019-02-24 20:13:32.794?[0;39m ?[32mDEBUG?[0;39m ?[35m30201?[0;39m ?[2m---?[0;39m ?[2m[    Test worker]?[0;39m ?[36m.c.JpaMetamodelMappingContextFactoryBean?[0;39m ?[2m:?[0;39m Finished initializing JpaMetamodelMappingContext!
?[2m2019-02-24 20:13:32.814?[0;39m ?[32mDEBUG?[0;39m ?[35m30201?[0;39m ?[2m---?[0;39m ?[2m[    Test worker]?[0;39m ?[36mtor$SharedEntityManagerInvocationHandler?[0;39m ?[2m:?[0;39m Creating new EntityManager for shared EntityManager invocation
?[2m2019-02-24 20:13:32.892?[0;39m ?[32mDEBUG?[0;39m ?[35m30201?[0;39m ?[2m---?[0;39m ?[2m[    Test worker]?[0;39m ?[36mo.h.stat.internal.StatisticsInitiator   ?[0;39m ?[2m:?[0;39m Statistics initialized [enabled=true]
?[2m2019-02-24 20:13:32.903?[0;39m ?[32m INFO?[0;39m ?[35m30201?[0;39m ?[2m---?[0;39m ?[2m[    Test worker]?[0;39m ?[36mi.StatisticalLoggingSessionEventListener?[0;39m ?[2m:?[0;39m Session Metrics {
    0 nanoseconds spent acquiring 0 JDBC connections;
    0 nanoseconds spent releasing 0 JDBC connections;
    0 nanoseconds spent preparing 0 JDBC statements;
    0 nanoseconds spent executing 0 JDBC statements;
    0 nanoseconds spent executing 0 JDBC batches;
    0 nanoseconds spent performing 0 L2C puts;
    0 nanoseconds spent performing 0 L2C hits;
    0 nanoseconds spent performing 0 L2C misses;
    0 nanoseconds spent executing 0 flushes (flushing a total of 0 entities and 0 collections);
    0 nanoseconds spent executing 0 partial-flushes (flushing a total of 0 entities and 0 collections)
}
?[2m2019-02-24 20:13:32.906?[0;39m ?[32mDEBUG?[0;39m ?[35m30201?[0;39m ?[2m---?[0;39m ?[2m[    Test worker]?[0;39m ?[36mtor$SharedEntityManagerInvocationHandler?[0;39m ?[2m:?[0;39m Creating new EntityManager for shared EntityManager invocation
?[2m2019-02-24 20:13:32.907?[0;39m ?[32m INFO?[0;39m ?[35m30201?[0;39m ?[2m---?[0;39m ?[2m[    Test worker]?[0;39m ?[36mi.StatisticalLoggingSessionEventListener?[0;39m ?[2m:?[0;39m Session Metrics {
    0 nanoseconds spent acquiring 0 JDBC connections;
    0 nanoseconds spent releasing 0 JDBC connections;
    0 nanoseconds spent preparing 0 JDBC statements;
    0 nanoseconds spent executing 0 JDBC statements;
    0 nanoseconds spent executing 0 JDBC batches;
    0 nanoseconds spent performing 0 L2C puts;
    0 nanoseconds spent performing 0 L2C hits;
    0 nanoseconds spent performing 0 L2C misses;
    0 nanoseconds spent executing 0 flushes (flushing a total of 0 entities and 0 collections);
    0 nanoseconds spent executing 0 partial-flushes (flushing a total of 0 entities and 0 collections)
}
?[2m2019-02-24 20:13:33.026?[0;39m ?[32mDEBUG?[0;39m ?[35m30201?[0;39m ?[2m---?[0;39m ?[2m[    Test worker]?[0;39m ?[36mo.s.d.r.c.s.RepositoryFactorySupport    ?[0;39m ?[2m:?[0;39m Initializing repository instance for com.tool.reporting.repository.ProjectRepository?
?[2m2019-02-24 20:13:33.054?[0;39m ?[32mDEBUG?[0;39m ?[35m30201?[0;39m ?[2m---?[0;39m ?[2m[    Test worker]?[0;39m ?[36mtor$SharedEntityManagerInvocationHandler?[0;39m ?[2m:?[0;39m Creating new EntityManager for shared EntityManager invocation
?[2m2019-02-24 20:13:33.055?[0;39m ?[32m INFO?[0;39m ?[35m30201?[0;39m ?[2m---?[0;39m ?[2m[    Test worker]?[0;39m ?[36mi.StatisticalLoggingSessionEventListener?[0;39m ?[2m:?[0;39m Session Metrics {
    0 nanoseconds spent acquiring 0 JDBC connections;
    0 nanoseconds spent releasing 0 JDBC connections;
    0 nanoseconds spent preparing 0 JDBC statements;
    0 nanoseconds spent executing 0 JDBC statements;
    0 nanoseconds spent executing 0 JDBC batches;
    0 nanoseconds spent performing 0 L2C puts;
    0 nanoseconds spent performing 0 L2C hits;
    0 nanoseconds spent performing 0 L2C misses;
    0 nanoseconds spent executing 0 flushes (flushing a total of 0 entities and 0 collections);
    0 nanoseconds spent executing 0 partial-flushes (flushing a total of 0 entities and 0 collections)
}
?[2m2019-02-24 20:13:33.104?[0;39m ?[32mDEBUG?[0;39m ?[35m30201?[0;39m ?[2m---?[0;39m ?[2m[    Test worker]?[0;39m ?[36mtor$SharedEntityManagerInvocationHandler?[0;39m ?[2m:?[0;39m Creating new EntityManager for shared EntityManager invocation
?[2m2019-02-24 20:13:33.105?[0;39m ?[32m INFO?[0;39m ?[35m30201?[0;39m ?[2m---?[0;39m ?[2m[    Test worker]?[0;39m ?[36mi.StatisticalLoggingSessionEventListener?[0;39m ?[2m:?[0;39m Session Metrics {
    0 nanoseconds spent acquiring 0 JDBC connections;
    0 nanoseconds spent releasing 0 JDBC connections;
    0 nanoseconds spent preparing 0 JDBC statements;
    0 nanoseconds spent executing 0 JDBC statements;
    0 nanoseconds spent executing 0 JDBC batches;
    0 nanoseconds spent performing 0 L2C puts;
    0 nanoseconds spent performing 0 L2C hits;
    0 nanoseconds spent performing 0 L2C misses;
    0 nanoseconds spent executing 0 flushes (flushing a total of 0 entities and 0 collections);
    0 nanoseconds spent executing 0 partial-flushes (flushing a total of 0 entities and 0 collections)
}
?[2m2019-02-24 20:13:33.133?[0;39m ?[32mDEBUG?[0;39m ?[35m30201?[0;39m ?[2m---?[0;39m ?[2m[    Test worker]?[0;39m ?[36mo.s.d.j.r.query.JpaQueryFactory         ?[0;39m ?[2m:?[0;39m Looking up query for method findByName
?[2m2019-02-24 20:13:33.137?[0;39m ?[32mDEBUG?[0;39m ?[35m30201?[0;39m ?[2m---?[0;39m ?[2m[    Test worker]?[0;39m ?[36mo.s.d.jpa.repository.query.NamedQuery   ?[0;39m ?[2m:?[0;39m Looking up named query Project.findByName
?[2m2019-02-24 20:13:33.140?[0;39m ?[32mDEBUG?[0;39m ?[35m30201?[0;39m ?[2m---?[0;39m ?[2m[    Test worker]?[0;39m ?[36mo.s.d.jpa.repository.query.NamedQuery   ?[0;39m ?[2m:?[0;39m Did not find named query Project.findByName
?[2m2019-02-24 20:13:33.140?[0;39m ?[32m INFO?[0;39m ?[35m30201?[0;39m ?[2m---?[0;39m ?[2m[    Test worker]?[0;39m ?[36mi.StatisticalLoggingSessionEventListener?[0;39m ?[2m:?[0;39m Session Metrics {
    0 nanoseconds spent acquiring 0 JDBC connections;
    0 nanoseconds spent releasing 0 JDBC connections;
    0 nanoseconds spent preparing 0 JDBC statements;
    0 nanoseconds spent executing 0 JDBC statements;
    0 nanoseconds spent executing 0 JDBC batches;
    0 nanoseconds spent performing 0 L2C puts;
    0 nanoseconds spent performing 0 L2C hits;
    0 nanoseconds spent performing 0 L2C misses;
    0 nanoseconds spent executing 0 flushes (flushing a total of 0 entities and 0 collections);
    0 nanoseconds spent executing 0 partial-flushes (flushing a total of 0 entities and 0 collections)
}
?[2m2019-02-24 20:13:33.144?[0;39m ?[32mDEBUG?[0;39m ?[35m30201?[0;39m ?[2m---?[0;39m ?[2m[    Test worker]?[0;39m ?[36mtor$SharedEntityManagerInvocationHandler?[0;39m ?[2m:?[0;39m Creating new EntityManager for shared EntityManager invocation
?[2m2019-02-24 20:13:33.144?[0;39m ?[32m INFO?[0;39m ?[35m30201?[0;39m ?[2m---?[0;39m ?[2m[    Test worker]?[0;39m ?[36mi.StatisticalLoggingSessionEventListener?[0;39m ?[2m:?[0;39m Session Metrics {
    0 nanoseconds spent acquiring 0 JDBC connections;
    0 nanoseconds spent releasing 0 JDBC connections;
    0 nanoseconds spent preparing 0 JDBC statements;
    0 nanoseconds spent executing 0 JDBC statements;
    0 nanoseconds spent executing 0 JDBC batches;
    0 nanoseconds spent performing 0 L2C puts;
    0 nanoseconds spent performing 0 L2C hits;
    0 nanoseconds spent performing 0 L2C misses;
    0 nanoseconds spent executing 0 flushes (flushing a total of 0 entities and 0 collections);
    0 nanoseconds spent executing 0 partial-flushes (flushing a total of 0 entities and 0 collections)
}
?[2m2019-02-24 20:13:33.241?[0;39m ?[32mDEBUG?[0;39m ?[35m30201?[0;39m ?[2m---?[0;39m ?[2m[    Test worker]?[0;39m ?[36mo.s.d.r.c.s.RepositoryFactorySupport    ?[0;39m ?[2m:?[0;39m Finished creation of repository instance for com.tool.reporting.repository.ProjectRepository.
?[2m2019-02-24 20:13:33.253?[0;39m ?[32mDEBUG?[0;39m ?[35m30201?[0;39m ?[2m---?[0;39m ?[2m[    Test worker]?[0;39m ?[36mo.s.b.f.s.DefaultListableBeanFactory    ?[0;39m ?[2m:?[0;39m Creating shared instance of singleton bean 'org.springframework.boot.autoconfigure.context.PropertyPlaceholderAutoConfiguration'
?[2m2019-02-24 20:13:33.259?[0;39m ?[32mDEBUG?[0;39m ?[35m30201?[0;39m ?[2m---?[0;39m ?[2m[    Test worker]?[0;39m ?[36mo.s.b.f.s.DefaultListableBeanFactory    ?[0;39m ?[2m:?[0;39m Creating shared instance of singleton bean 'org.springframework.boot.autoconfigure.aop.AopAutoConfiguration$CglibAutoProxyConfiguration'
?[2m2019-02-24 20:13:33.266?[0;39m ?[32mDEBUG?[0;39m ?[35m30201?[0;39m ?[2m---?[0;39m ?[2m[    Test worker]?[0;39m ?[36mo.s.b.f.s.DefaultListableBeanFactory    ?[0;39m ?[2m:?[0;39m Creating shared instance of singleton bean 'org.springframework.boot.autoconfigure.aop.AopAutoConfiguration'
?[2m2019-02-24 20:13:33.272?[0;39m ?[32mDEBUG?[0;39m ?[35m30201?[0;39m ?[2m---?[0;39m ?[2m[    Test worker]?[0;39m ?[36mo.s.b.f.s.DefaultListableBeanFactory    ?[0;39m ?[2m:?[0;39m Creating shared instance of singleton bean 'org.springframework.boot.autoconfigure.transaction.jta.JtaAutoConfiguration'
?[2m2019-02-24 20:13:33.278?[0;39m ?[32mDEBUG?[0;39m ?[35m30201?[0;39m ?[2m---?[0;39m ?[2m[    Test worker]?[0;39m ?[36mo.s.b.f.s.DefaultListableBeanFactory    ?[0;39m ?[2m:?[0;39m Creating shared instance of singleton bean 'org.springframework.boot.autoconfigure.jdbc.DataSourceAutoConfiguration$PooledDataSourceConfiguration'
?[2m2019-02-24 20:13:33.285?[0;39m ?[32mDEBUG?[0;39m ?[35m30201?[0;39m ?[2m---?[0;39m ?[2m[    Test worker]?[0;39m ?[36mo.s.b.f.s.DefaultListableBeanFactory    ?[0;39m ?[2m:?[0;39m Creating shared instance of singleton bean 'org.springframework.boot.autoconfigure.jdbc.metadata.DataSourcePoolMetadataProvidersConfiguration'
?[2m2019-02-24 20:13:33.291?[0;39m ?[32mDEBUG?[0;39m ?[35m30201?[0;39m ?[2m---?[0;39m ?[2m[    Test worker]?[0;39m ?[36mo.s.b.f.s.DefaultListableBeanFactory    ?[0;39m ?[2m:?[0;39m Creating shared instance of singleton bean 'org.springframework.boot.autoconfigure.jdbc.DataSourceInitializationConfiguration'
?[2m2019-02-24 20:13:33.297?[0;39m ?[32mDEBUG?[0;39m ?[35m30201?[0;39m ?[2m---?[0;39m ?[2m[    Test worker]?[0;39m ?[36mo.s.b.f.s.DefaultListableBeanFactory    ?[0;39m ?[2m:?[0;39m Creating shared instance of singleton bean 'org.springframework.boot.autoconfigure.jdbc.DataSourceAutoConfiguration'
?[2m2019-02-24 20:13:33.303?[0;39m ?[32mDEBUG?[0;39m ?[35m30201?[0;39m ?[2m---?[0;39m ?[2m[    Test worker]?[0;39m ?[36mo.s.b.f.s.DefaultListableBeanFactory    ?[0;39m ?[2m:?[0;39m Creating shared instance of singleton bean 'transactionManager'
?[2m2019-02-24 20:13:33.331?[0;39m ?[32mDEBUG?[0;39m ?[35m30201?[0;39m ?[2m---?[0;39m ?[2m[    Test worker]?[0;39m ?[36mo.s.b.f.s.DefaultListableBeanFactory    ?[0;39m ?[2m:?[0;39m Creating shared instance of singleton bean 'org.springframework.boot.autoconfigure.orm.jpa.HibernateJpaAutoConfiguration'
?[2m2019-02-24 20:13:33.337?[0;39m ?[32mDEBUG?[0;39m ?[35m30201?[0;39m ?[2m---?[0;39m ?[2m[    Test worker]?[0;39m ?[36mo.s.b.f.s.DefaultListableBeanFactory    ?[0;39m ?[2m:?[0;39m Creating shared instance of singleton bean 'org.springframework.boot.autoconfigure.context.ConfigurationPropertiesAutoConfiguration'
?[2m2019-02-24 20:13:33.343?[0;39m ?[32mDEBUG?[0;39m ?[35m30201?[0;39m ?[2m---?[0;39m ?[2m[    Test worker]?[0;39m ?[36mo.s.b.f.s.DefaultListableBeanFactory    ?[0;39m ?[2m:?[0;39m Creating shared instance of singleton bean 'org.springframework.boot.autoconfigure.dao.PersistenceExceptionTranslationAutoConfiguration'
?[2m2019-02-24 20:13:33.350?[0;39m ?[32mDEBUG?[0;39m ?[35m30201?[0;39m ?[2m---?[0;39m ?[2m[    Test worker]?[0;39m ?[36mo.s.b.f.s.DefaultListableBeanFactory    ?[0;39m ?[2m:?[0;39m Creating shared instance of singleton bean 'org.springframework.boot.autoconfigure.task.TaskExecutionAutoConfiguration'
?[2m2019-02-24 20:13:33.351?[0;39m ?[32mDEBUG?[0;39m ?[35m30201?[0;39m ?[2m---?[0;39m ?[2m[    Test worker]?[0;39m ?[36mocalVariableTableParameterNameDiscoverer?[0;39m ?[2m:?[0;39m Cannot find '.class' file for class [class org.springframework.boot.autoconfigure.task.TaskExecutionAutoConfiguration$$EnhancerBySpringCGLIB$$8187c99e] - unable to determine constructor/method parameter names
?[2m2019-02-24 20:13:33.353?[0;39m ?[32mDEBUG?[0;39m ?[35m30201?[0;39m ?[2m---?[0;39m ?[2m[    Test worker]?[0;39m ?[36mo.s.b.f.s.DefaultListableBeanFactory    ?[0;39m ?[2m:?[0;39m Creating shared instance of singleton bean 'spring.task.execution-org.springframework.boot.autoconfigure.task.TaskExecutionProperties'
?[2m2019-02-24 20:13:33.359?[0;39m ?[32mDEBUG?[0;39m ?[35m30201?[0;39m ?[2m---?[0;39m ?[2m[    Test worker]?[0;39m ?[36mo.s.b.f.s.DefaultListableBeanFactory    ?[0;39m ?[2m:?[0;39m Autowiring by type from bean name 'org.springframework.boot.autoconfigure.task.TaskExecutionAutoConfiguration' via constructor to bean named 'spring.task.execution-org.springframework.boot.autoconfigure.task.TaskExecutionProperties'
?[2m2019-02-24 20:13:33.365?[0;39m ?[32mDEBUG?[0;39m ?[35m30201?[0;39m ?[2m---?[0;39m ?[2m[    Test worker]?[0;39m ?[36mo.s.b.f.s.DefaultListableBeanFactory    ?[0;39m ?[2m:?[0;39m Creating shared instance of singleton bean 'taskExecutorBuilder'
?[2m2019-02-24 20:13:33.378?[0;39m ?[32mDEBUG?[0;39m ?[35m30201?[0;39m ?[2m---?[0;39m ?[2m[    Test worker]?[0;39m ?[36mo.s.b.f.s.DefaultListableBeanFactory    ?[0;39m ?[2m:?[0;39m Creating shared instance of singleton bean 'org.springframework.boot.autoconfigure.data.jpa.JpaRepositoriesAutoConfiguration'
?[2m2019-02-24 20:13:33.385?[0;39m ?[32mDEBUG?[0;39m ?[35m30201?[0;39m ?[2m---?[0;39m ?[2m[    Test worker]?[0;39m ?[36mo.s.b.f.s.DefaultListableBeanFactory    ?[0;39m ?[2m:?[0;39m Creating shared instance of singleton bean 'org.springframework.data.jpa.util.JpaMetamodelCacheCleanup'
?[2m2019-02-24 20:13:33.389?[0;39m ?[32mDEBUG?[0;39m ?[35m30201?[0;39m ?[2m---?[0;39m ?[2m[    Test worker]?[0;39m ?[36mo.s.b.f.s.DefaultListableBeanFactory    ?[0;39m ?[2m:?[0;39m Creating shared instance of singleton bean 'org.springframework.boot.autoconfigure.groovy.template.GroovyTemplateAutoConfiguration'
?[2m2019-02-24 20:13:33.395?[0;39m ?[32mDEBUG?[0;39m ?[35m30201?[0;39m ?[2m---?[0;39m ?[2m[    Test worker]?[0;39m ?[36mo.s.b.f.s.DefaultListableBeanFactory    ?[0;39m ?[2m:?[0;39m Creating shared instance of singleton bean 'spring.groovy.template-org.springframework.boot.autoconfigure.groovy.template.GroovyTemplateProperties'
?[2m2019-02-24 20:13:33.409?[0;39m ?[32mDEBUG?[0;39m ?[35m30201?[0;39m ?[2m---?[0;39m ?[2m[    Test worker]?[0;39m ?[36mo.s.b.f.s.DefaultListableBeanFactory    ?[0;39m ?[2m:?[0;39m Creating shared instance of singleton bean 'org.springframework.boot.autoconfigure.info.ProjectInfoAutoConfiguration'
?[2m2019-02-24 20:13:33.410?[0;39m ?[32mDEBUG?[0;39m ?[35m30201?[0;39m ?[2m---?[0;39m ?[2m[    Test worker]?[0;39m ?[36mocalVariableTableParameterNameDiscoverer?[0;39m ?[2m:?[0;39m Cannot find '.class' file for class [class org.springframework.boot.autoconfigure.info.ProjectInfoAutoConfiguration$$EnhancerBySpringCGLIB$$31e23de1] - unable to determine constructor/method parameter names
?[2m2019-02-24 20:13:33.411?[0;39m ?[32mDEBUG?[0;39m ?[35m30201?[0;39m ?[2m---?[0;39m ?[2m[    Test worker]?[0;39m ?[36mo.s.b.f.s.DefaultListableBeanFactory    ?[0;39m ?[2m:?[0;39m Creating shared instance of singleton bean 'spring.info-org.springframework.boot.autoconfigure.info.ProjectInfoProperties'
?[2m2019-02-24 20:13:33.415?[0;39m ?[32mDEBUG?[0;39m ?[35m30201?[0;39m ?[2m---?[0;39m ?[2m[    Test worker]?[0;39m ?[36mo.s.b.f.s.DefaultListableBeanFactory    ?[0;39m ?[2m:?[0;39m Autowiring by type from bean name 'org.springframework.boot.autoconfigure.info.ProjectInfoAutoConfiguration' via constructor to bean named 'spring.info-org.springframework.boot.autoconfigure.info.ProjectInfoProperties'
?[2m2019-02-24 20:13:33.421?[0;39m ?[32mDEBUG?[0;39m ?[35m30201?[0;39m ?[2m---?[0;39m ?[2m[    Test worker]?[0;39m ?[36mo.s.b.f.s.DefaultListableBeanFactory    ?[0;39m ?[2m:?[0;39m Creating shared instance of singleton bean 'org.springframework.boot.autoconfigure.jdbc.JdbcTemplateAutoConfiguration$JdbcTemplateConfiguration'
?[2m2019-02-24 20:13:33.422?[0;39m ?[32mDEBUG?[0;39m ?[35m30201?[0;39m ?[2m---?[0;39m ?[2m[    Test worker]?[0;39m ?[36mocalVariableTableParameterNameDiscoverer?[0;39m ?[2m:?[0;39m Cannot find '.class' file for class [class org.springframework.boot.autoconfigure.jdbc.JdbcTemplateAutoConfiguration$JdbcTemplateConfiguration$$EnhancerBySpringCGLIB$$e735f35] - unable to determine constructor/method parameter names
?[2m2019-02-24 20:13:33.424?[0;39m ?[32mDEBUG?[0;39m ?[35m30201?[0;39m ?[2m---?[0;39m ?[2m[    Test worker]?[0;39m ?[36mo.s.b.f.s.DefaultListableBeanFactory    ?[0;39m ?[2m:?[0;39m Creating shared instance of singleton bean 'spring.jdbc-org.springframework.boot.autoconfigure.jdbc.JdbcProperties'
?[2m2019-02-24 20:13:33.428?[0;39m ?[32mDEBUG?[0;39m ?[35m30201?[0;39m ?[2m---?[0;39m ?[2m[    Test worker]?[0;39m ?[36mo.s.b.f.s.DefaultListableBeanFactory    ?[0;39m ?[2m:?[0;39m Autowiring by type from bean name 'org.springframework.boot.autoconfigure.jdbc.JdbcTemplateAutoConfiguration$JdbcTemplateConfiguration' via constructor to bean named 'dataSource'
?[2m2019-02-24 20:13:33.429?[0;39m ?[32mDEBUG?[0;39m ?[35m30201?[0;39m ?[2m---?[0;39m ?[2m[    Test worker]?[0;39m ?[36mo.s.b.f.s.DefaultListableBeanFactory    ?[0;39m ?[2m:?[0;39m Autowiring by type from bean name 'org.springframework.boot.autoconfigure.jdbc.JdbcTemplateAutoConfiguration$JdbcTemplateConfiguration' via constructor to bean named 'spring.jdbc-org.springframework.boot.autoconfigure.jdbc.JdbcProperties'
?[2m2019-02-24 20:13:33.435?[0;39m ?[32mDEBUG?[0;39m ?[35m30201?[0;39m ?[2m---?[0;39m ?[2m[    Test worker]?[0;39m ?[36mo.s.b.f.s.DefaultListableBeanFactory    ?[0;39m ?[2m:?[0;39m Creating shared instance of singleton bean 'jdbcTemplate'
?[2m2019-02-24 20:13:33.467?[0;39m ?[32mDEBUG?[0;39m ?[35m30201?[0;39m ?[2m---?[0;39m ?[2m[    Test worker]?[0;39m ?[36mo.s.b.f.s.DefaultListableBeanFactory    ?[0;39m ?[2m:?[0;39m Creating shared instance of singleton bean 'org.springframework.boot.autoconfigure.jdbc.JdbcTemplateAutoConfiguration$NamedParameterJdbcTemplateConfiguration'
?[2m2019-02-24 20:13:33.474?[0;39m ?[32mDEBUG?[0;39m ?[35m30201?[0;39m ?[2m---?[0;39m ?[2m[    Test worker]?[0;39m ?[36mo.s.b.f.s.DefaultListableBeanFactory    ?[0;39m ?[2m:?[0;39m Creating shared instance of singleton bean 'namedParameterJdbcTemplate'
?[2m2019-02-24 20:13:33.476?[0;39m ?[32mDEBUG?[0;39m ?[35m30201?[0;39m ?[2m---?[0;39m ?[2m[    Test worker]?[0;39m ?[36mo.s.b.f.s.DefaultListableBeanFactory    ?[0;39m ?[2m:?[0;39m Autowiring by type from bean name 'namedParameterJdbcTemplate' via factory method to bean named 'jdbcTemplate'
?[2m2019-02-24 20:13:33.495?[0;39m ?[32mDEBUG?[0;39m ?[35m30201?[0;39m ?[2m---?[0;39m ?[2m[    Test worker]?[0;39m ?[36mo.s.b.f.s.DefaultListableBeanFactory    ?[0;39m ?[2m:?[0;39m Creating shared instance of singleton bean 'org.springframework.boot.autoconfigure.jdbc.JdbcTemplateAutoConfiguration'
?[2m2019-02-24 20:13:33.501?[0;39m ?[32mDEBUG?[0;39m ?[35m30201?[0;39m ?[2m---?[0;39m ?[2m[    Test worker]?[0;39m ?[36mo.s.b.f.s.DefaultListableBeanFactory    ?[0;39m ?[2m:?[0;39m Creating shared instance of singleton bean 'org.springframework.boot.autoconfigure.task.TaskSchedulingAutoConfiguration'
?[2m2019-02-24 20:13:33.508?[0;39m ?[32mDEBUG?[0;39m ?[35m30201?[0;39m ?[2m---?[0;39m ?[2m[    Test worker]?[0;39m ?[36mo.s.b.f.s.DefaultListableBeanFactory    ?[0;39m ?[2m:?[0;39m Creating shared instance of singleton bean 'taskSchedulerBuilder'
?[2m2019-02-24 20:13:33.510?[0;39m ?[32mDEBUG?[0;39m ?[35m30201?[0;39m ?[2m---?[0;39m ?[2m[    Test worker]?[0;39m ?[36mo.s.b.f.s.DefaultListableBeanFactory    ?[0;39m ?[2m:?[0;39m Creating shared instance of singleton bean 'spring.task.scheduling-org.springframework.boot.autoconfigure.task.TaskSchedulingProperties'
?[2m2019-02-24 20:13:33.514?[0;39m ?[32mDEBUG?[0;39m ?[35m30201?[0;39m ?[2m---?[0;39m ?[2m[    Test worker]?[0;39m ?[36mo.s.b.f.s.DefaultListableBeanFactory    ?[0;39m ?[2m:?[0;39m Autowiring by type from bean name 'taskSchedulerBuilder' via factory method to bean named 'spring.task.scheduling-org.springframework.boot.autoconfigure.task.TaskSchedulingProperties'
?[2m2019-02-24 20:13:33.533?[0;39m ?[32mDEBUG?[0;39m ?[35m30201?[0;39m ?[2m---?[0;39m ?[2m[    Test worker]?[0;39m ?[36mo.s.b.f.s.DefaultListableBeanFactory    ?[0;39m ?[2m:?[0;39m Creating shared instance of singleton bean 'org.springframework.boot.autoconfigure.jdbc.DataSourceTransactionManagerAutoConfiguration$DataSourceTransactionManagerConfiguration'
?[2m2019-02-24 20:13:33.536?[0;39m ?[32mDEBUG?[0;39m ?[35m30201?[0;39m ?[2m---?[0;39m ?[2m[    Test worker]?[0;39m ?[36mocalVariableTableParameterNameDiscoverer?[0;39m ?[2m:?[0;39m Cannot find '.class' file for class [class org.springframework.boot.autoconfigure.jdbc.DataSourceTransactionManagerAutoConfiguration$DataSourceTransactionManagerConfiguration$$EnhancerBySpringCGLIB$$a2e8c937] - unable to determine constructor/method parameter names
?[2m2019-02-24 20:13:33.537?[0;39m ?[32mDEBUG?[0;39m ?[35m30201?[0;39m ?[2m---?[0;39m ?[2m[    Test worker]?[0;39m ?[36mo.s.b.f.s.DefaultListableBeanFactory    ?[0;39m ?[2m:?[0;39m Autowiring by type from bean name 'org.springframework.boot.autoconfigure.jdbc.DataSourceTransactionManagerAutoConfiguration$DataSourceTransactionManagerConfiguration' via constructor to bean named 'dataSource'
?[2m2019-02-24 20:13:33.546?[0;39m ?[32mDEBUG?[0;39m ?[35m30201?[0;39m ?[2m---?[0;39m ?[2m[    Test worker]?[0;39m ?[36mo.s.b.f.s.DefaultListableBeanFactory    ?[0;39m ?[2m:?[0;39m Creating shared instance of singleton bean 'org.springframework.boot.autoconfigure.jdbc.DataSourceTransactionManagerAutoConfiguration'
?[2m2019-02-24 20:13:33.553?[0;39m ?[32mDEBUG?[0;39m ?[35m30201?[0;39m ?[2m---?[0;39m ?[2m[    Test worker]?[0;39m ?[36mo.s.b.f.s.DefaultListableBeanFactory    ?[0;39m ?[2m:?[0;39m Creating shared instance of singleton bean 'org.springframework.boot.autoconfigure.transaction.TransactionAutoConfiguration$EnableTransactionManagementConfiguration$CglibAutoProxyConfiguration'
?[2m2019-02-24 20:13:33.559?[0;39m ?[32mDEBUG?[0;39m ?[35m30201?[0;39m ?[2m---?[0;39m ?[2m[    Test worker]?[0;39m ?[36mo.s.b.f.s.DefaultListableBeanFactory    ?[0;39m ?[2m:?[0;39m Creating shared instance of singleton bean 'org.springframework.boot.autoconfigure.transaction.TransactionAutoConfiguration$EnableTransactionManagementConfiguration'
?[2m2019-02-24 20:13:33.566?[0;39m ?[32mDEBUG?[0;39m ?[35m30201?[0;39m ?[2m---?[0;39m ?[2m[    Test worker]?[0;39m ?[36mo.s.b.f.s.DefaultListableBeanFactory    ?[0;39m ?[2m:?[0;39m Creating shared instance of singleton bean 'org.springframework.boot.autoconfigure.transaction.TransactionAutoConfiguration$TransactionTemplateConfiguration'
?[2m2019-02-24 20:13:33.567?[0;39m ?[32mDEBUG?[0;39m ?[35m30201?[0;39m ?[2m---?[0;39m ?[2m[    Test worker]?[0;39m ?[36mocalVariableTableParameterNameDiscoverer?[0;39m ?[2m:?[0;39m Cannot find '.class' file for class [class org.springframework.boot.autoconfigure.transaction.TransactionAutoConfiguration$TransactionTemplateConfiguration$$EnhancerBySpringCGLIB$$f4728e0a] - unable to determine constructor/method parameter names
?[2m2019-02-24 20:13:33.568?[0;39m ?[32mDEBUG?[0;39m ?[35m30201?[0;39m ?[2m---?[0;39m ?[2m[    Test worker]?[0;39m ?[36mo.s.b.f.s.DefaultListableBeanFactory    ?[0;39m ?[2m:?[0;39m Autowiring by type from bean name 'org.springframework.boot.autoconfigure.transaction.TransactionAutoConfiguration$TransactionTemplateConfiguration' via constructor to bean named 'transactionManager'
?[2m2019-02-24 20:13:33.574?[0;39m ?[32mDEBUG?[0;39m ?[35m30201?[0;39m ?[2m---?[0;39m ?[2m[    Test worker]?[0;39m ?[36mo.s.b.f.s.DefaultListableBeanFactory    ?[0;39m ?[2m:?[0;39m Creating shared instance of singleton bean 'transactionTemplate'
?[2m2019-02-24 20:13:33.642?[0;39m ?[32mDEBUG?[0;39m ?[35m30201?[0;39m ?[2m---?[0;39m ?[2m[    Test worker]?[0;39m ?[36mConditionEvaluationReportLoggingListener?[0;39m ?[2m:?[0;39m 


============================
CONDITIONS EVALUATION REPORT
============================


Positive matches:
-----------------

   AopAutoConfiguration matched:
      - @ConditionalOnClass found required classes 'org.springframework.context.annotation.EnableAspectJAutoProxy', 'org.aspectj.lang.annotation.Aspect', 'org.aspectj.lang.reflect.Advice', 'org.aspectj.weaver.AnnotatedElement' (OnClassCondition)
      - @ConditionalOnProperty (spring.aop.auto=true) matched (OnPropertyCondition)

   AopAutoConfiguration.CglibAutoProxyConfiguration matched:
      - @ConditionalOnProperty (spring.aop.proxy-target-class=true) matched (OnPropertyCondition)

   DataSourceAutoConfiguration matched:
      - @ConditionalOnClass found required classes 'javax.sql.DataSource', 'org.springframework.jdbc.datasource.embedded.EmbeddedDatabaseType' (OnClassCondition)

   DataSourceAutoConfiguration.PooledDataSourceConfiguration matched:
      - AnyNestedCondition 1 matched 1 did not; NestedCondition on DataSourceAutoConfiguration.PooledDataSourceCondition.PooledDataSourceAvailable PooledDataSource found supported DataSource; NestedCondition on DataSourceAutoConfiguration.PooledDataSourceCondition.ExplicitType @ConditionalOnProperty (spring.datasource.type) did not find property 'type' (DataSourceAutoConfiguration.PooledDataSourceCondition)
      - @ConditionalOnMissingBean (types: javax.sql.DataSource,javax.sql.XADataSource; SearchStrategy: all) did not find any beans (OnBeanCondition)

   DataSourceConfiguration.Hikari matched:
      - @ConditionalOnClass found required class 'com.zaxxer.hikari.HikariDataSource' (OnClassCondition)
      - @ConditionalOnProperty (spring.datasource.type=com.zaxxer.hikari.HikariDataSource) matched (OnPropertyCondition)
      - @ConditionalOnMissingBean (types: javax.sql.DataSource; SearchStrategy: all) did not find any beans (OnBeanCondition)

   DataSourcePoolMetadataProvidersConfiguration.HikariPoolDataSourceMetadataProviderConfiguration matched:
      - @ConditionalOnClass found required class 'com.zaxxer.hikari.HikariDataSource' (OnClassCondition)

   DataSourceTransactionManagerAutoConfiguration matched:
      - @ConditionalOnClass found required classes 'org.springframework.jdbc.core.JdbcTemplate', 'org.springframework.transaction.PlatformTransactionManager' (OnClassCondition)

   DataSourceTransactionManagerAutoConfiguration.DataSourceTransactionManagerConfiguration matched:
      - @ConditionalOnSingleCandidate (types: javax.sql.DataSource; SearchStrategy: all) found a primary bean from beans 'dataSource' (OnBeanCondition)

   GenericCacheConfiguration matched:
      - Cache org.springframework.boot.autoconfigure.cache.GenericCacheConfiguration automatic cache type (CacheCondition)

   GroovyTemplateAutoConfiguration matched:
      - @ConditionalOnClass found required class 'groovy.text.markup.MarkupTemplateEngine' (OnClassCondition)

   HibernateJpaAutoConfiguration matched:
      - @ConditionalOnClass found required classes 'org.springframework.orm.jpa.LocalContainerEntityManagerFactoryBean', 'javax.persistence.EntityManager' (OnClassCondition)
      - HibernateEntityManager found class 'org.hibernate.ejb.HibernateEntityManager' (HibernateJpaAutoConfiguration.HibernateEntityManagerCondition)

   HibernateJpaConfiguration matched:
      - @ConditionalOnSingleCandidate (types: javax.sql.DataSource; SearchStrategy: all) found a primary bean from beans 'dataSource' (OnBeanCondition)

   JdbcTemplateAutoConfiguration matched:
      - @ConditionalOnClass found required classes 'javax.sql.DataSource', 'org.springframework.jdbc.core.JdbcTemplate' (OnClassCondition)
      - @ConditionalOnSingleCandidate (types: javax.sql.DataSource; SearchStrategy: all) found a primary bean from beans 'dataSource' (OnBeanCondition)

   JdbcTemplateAutoConfiguration.JdbcTemplateConfiguration#jdbcTemplate matched:
      - @ConditionalOnMissingBean (types: org.springframework.jdbc.core.JdbcOperations; SearchStrategy: all) did not find any beans (OnBeanCondition)

   JdbcTemplateAutoConfiguration.NamedParameterJdbcTemplateConfiguration#namedParameterJdbcTemplate matched:
      - @ConditionalOnSingleCandidate (types: org.springframework.jdbc.core.JdbcTemplate; SearchStrategy: all) found a primary bean from beans 'jdbcTemplate'; @ConditionalOnMissingBean (types: org.springframework.jdbc.core.namedparam.NamedParameterJdbcOperations; SearchStrategy: all) did not find any beans (OnBeanCondition)

   JpaBaseConfiguration#entityManagerFactory matched:
      - @ConditionalOnMissingBean (types: org.springframework.orm.jpa.LocalContainerEntityManagerFactoryBean,javax.persistence.EntityManagerFactory; SearchStrategy: all) did not find any beans (OnBeanCondition)

   JpaBaseConfiguration#entityManagerFactoryBuilder matched:
      - @ConditionalOnMissingBean (types: org.springframework.boot.orm.jpa.EntityManagerFactoryBuilder; SearchStrategy: all) did not find any beans (OnBeanCondition)

   JpaBaseConfiguration#jpaVendorAdapter matched:
      - @ConditionalOnMissingBean (types: org.springframework.orm.jpa.JpaVendorAdapter; SearchStrategy: all) did not find any beans (OnBeanCondition)

   JpaBaseConfiguration#transactionManager matched:
      - @ConditionalOnMissingBean (types: org.springframework.transaction.PlatformTransactionManager; SearchStrategy: all) did not find any beans (OnBeanCondition)

   JpaRepositoriesAutoConfiguration matched:
      - @ConditionalOnClass found required class 'org.springframework.data.jpa.repository.JpaRepository' (OnClassCondition)
      - @ConditionalOnProperty (spring.data.jpa.repositories.enabled=true) matched (OnPropertyCondition)
      - @ConditionalOnBean (types: javax.sql.DataSource; SearchStrategy: all) found bean 'dataSource'; @ConditionalOnMissingBean (types: org.springframework.data.jpa.repository.support.JpaRepositoryFactoryBean,org.springframework.data.jpa.repository.config.JpaRepositoryConfigExtension; SearchStrategy: all) did not find any beans (OnBeanCondition)

   JtaAutoConfiguration matched:
      - @ConditionalOnClass found required class 'javax.transaction.Transaction' (OnClassCondition)
      - @ConditionalOnProperty (spring.jta.enabled) matched (OnPropertyCondition)

   NoOpCacheConfiguration matched:
      - Cache org.springframework.boot.autoconfigure.cache.NoOpCacheConfiguration automatic cache type (CacheCondition)

   PersistenceExceptionTranslationAutoConfiguration matched:
      - @ConditionalOnClass found required class 'org.springframework.dao.annotation.PersistenceExceptionTranslationPostProcessor' (OnClassCondition)

   PersistenceExceptionTranslationAutoConfiguration#persistenceExceptionTranslationPostProcessor matched:
      - @ConditionalOnProperty (spring.dao.exceptiontranslation.enabled) matched (OnPropertyCondition)
      - @ConditionalOnMissingBean (types: org.springframework.dao.annotation.PersistenceExceptionTranslationPostProcessor; SearchStrategy: all) did not find any beans (OnBeanCondition)

   PropertyPlaceholderAutoConfiguration#propertySourcesPlaceholderConfigurer matched:
      - @ConditionalOnMissingBean (types: org.springframework.context.support.PropertySourcesPlaceholderConfigurer; SearchStrategy: current) did not find any beans (OnBeanCondition)

   SimpleCacheConfiguration matched:
      - Cache org.springframework.boot.autoconfigure.cache.SimpleCacheConfiguration automatic cache type (CacheCondition)

   TaskExecutionAutoConfiguration matched:
      - @ConditionalOnClass found required class 'org.springframework.scheduling.concurrent.ThreadPoolTaskExecutor' (OnClassCondition)

   TaskExecutionAutoConfiguration#applicationTaskExecutor matched:
      - @ConditionalOnMissingBean (types: java.util.concurrent.Executor; SearchStrategy: all) did not find any beans (OnBeanCondition)

   TaskExecutionAutoConfiguration#taskExecutorBuilder matched:
      - @ConditionalOnMissingBean (types: org.springframework.boot.task.TaskExecutorBuilder; SearchStrategy: all) did not find any beans (OnBeanCondition)

   TaskSchedulingAutoConfiguration matched:
      - @ConditionalOnClass found required class 'org.springframework.scheduling.concurrent.ThreadPoolTaskScheduler' (OnClassCondition)

   TaskSchedulingAutoConfiguration#taskSchedulerBuilder matched:
      - @ConditionalOnMissingBean (types: org.springframework.boot.task.TaskSchedulerBuilder; SearchStrategy: all) did not find any beans (OnBeanCondition)

   TransactionAutoConfiguration matched:
      - @ConditionalOnClass found required class 'org.springframework.transaction.PlatformTransactionManager' (OnClassCondition)

   TransactionAutoConfiguration#platformTransactionManagerCustomizers matched:
      - @ConditionalOnMissingBean (types: org.springframework.boot.autoconfigure.transaction.TransactionManagerCustomizers; SearchStrategy: all) did not find any beans (OnBeanCondition)

   TransactionAutoConfiguration.EnableTransactionManagementConfiguration matched:
      - @ConditionalOnBean (types: org.springframework.transaction.PlatformTransactionManager; SearchStrategy: all) found bean 'transactionManager'; @ConditionalOnMissingBean (types: org.springframework.transaction.annotation.AbstractTransactionManagementConfiguration; SearchStrategy: all) did not find any beans (OnBeanCondition)

   TransactionAutoConfiguration.EnableTransactionManagementConfiguration.CglibAutoProxyConfiguration matched:
      - @ConditionalOnProperty (spring.aop.proxy-target-class=true) matched (OnPropertyCondition)

   TransactionAutoConfiguration.TransactionTemplateConfiguration matched:
      - @ConditionalOnSingleCandidate (types: org.springframework.transaction.PlatformTransactionManager; SearchStrategy: all) found a primary bean from beans 'transactionManager' (OnBeanCondition)

   TransactionAutoConfiguration.TransactionTemplateConfiguration#transactionTemplate matched:
      - @ConditionalOnMissingBean (types: org.springframework.transaction.support.TransactionTemplate; SearchStrategy: all) did not find any beans (OnBeanCondition)


Negative matches:
-----------------

   ActiveMQAutoConfiguration:
      Did not match:
         - @ConditionalOnClass did not find required class 'javax.jms.ConnectionFactory' (OnClassCondition)

   AopAutoConfiguration.JdkDynamicAutoProxyConfiguration:
      Did not match:
         - @ConditionalOnProperty (spring.aop.proxy-target-class=false) did not find property 'proxy-target-class' (OnPropertyCondition)

   ArtemisAutoConfiguration:
      Did not match:
         - @ConditionalOnClass did not find required class 'javax.jms.ConnectionFactory' (OnClassCondition)

   AtomikosJtaConfiguration:
      Did not match:
         - @ConditionalOnClass did not find required class 'com.atomikos.icatch.jta.UserTransactionManager' (OnClassCondition)

   BatchAutoConfiguration:
      Did not match:
         - @ConditionalOnClass did not find required class 'org.springframework.batch.core.launch.JobLauncher' (OnClassCondition)

   BitronixJtaConfiguration:
      Did not match:
         - @ConditionalOnClass did not find required class 'bitronix.tm.jndi.BitronixContext' (OnClassCondition)

   CacheAutoConfiguration:
      Did not match:
         - @ConditionalOnBean (types: org.springframework.cache.interceptor.CacheAspectSupport; SearchStrategy: all) did not find any beans of type org.springframework.cache.interceptor.CacheAspectSupport (OnBeanCondition)
      Matched:
         - @ConditionalOnClass found required class 'org.springframework.cache.CacheManager' (OnClassCondition)

   CacheAutoConfiguration.CacheManagerJpaDependencyConfiguration:
      Did not match:
         - Ancestor org.springframework.boot.autoconfigure.cache.CacheAutoConfiguration did not match (ConditionEvaluationReport.AncestorsMatchedCondition)
      Matched:
         - @ConditionalOnClass found required class 'org.springframework.orm.jpa.LocalContainerEntityManagerFactoryBean' (OnClassCondition)

   CaffeineCacheConfiguration:
      Did not match:
         - @ConditionalOnClass did not find required classes 'com.github.benmanes.caffeine.cache.Caffeine', 'org.springframework.cache.caffeine.CaffeineCacheManager' (OnClassCondition)

   CassandraAutoConfiguration:
      Did not match:
         - @ConditionalOnClass did not find required class 'com.datastax.driver.core.Cluster' (OnClassCondition)

   CassandraDataAutoConfiguration:
      Did not match:
         - @ConditionalOnClass did not find required class 'com.datastax.driver.core.Cluster' (OnClassCondition)

   CassandraReactiveDataAutoConfiguration:
      Did not match:
         - @ConditionalOnClass did not find required class 'com.datastax.driver.core.Cluster' (OnClassCondition)

   CassandraReactiveRepositoriesAutoConfiguration:
      Did not match:
         - @ConditionalOnClass did not find required class 'org.springframework.data.cassandra.ReactiveSession' (OnClassCondition)

   CassandraRepositoriesAutoConfiguration:
      Did not match:
         - @ConditionalOnClass did not find required class 'com.datastax.driver.core.Session' (OnClassCondition)

   ClientHttpConnectorAutoConfiguration:
      Did not match:
         - @ConditionalOnClass did not find required class 'org.springframework.web.reactive.function.client.WebClient' (OnClassCondition)

   CloudServiceConnectorsAutoConfiguration:
      Did not match:
         - @ConditionalOnClass did not find required class 'org.springframework.cloud.config.java.CloudScanConfiguration' (OnClassCondition)

   CodecsAutoConfiguration:
      Did not match:
         - @ConditionalOnClass did not find required class 'org.springframework.http.codec.CodecConfigurer' (OnClassCondition)

   CouchbaseAutoConfiguration:
      Did not match:
         - @ConditionalOnClass did not find required class 'com.couchbase.client.java.Cluster' (OnClassCondition)

   CouchbaseCacheConfiguration:
      Did not match:
         - @ConditionalOnClass did not find required classes 'com.couchbase.client.java.Bucket', 'com.couchbase.client.spring.cache.CouchbaseCacheManager' (OnClassCondition)

   CouchbaseDataAutoConfiguration:
      Did not match:
         - @ConditionalOnClass did not find required class 'com.couchbase.client.java.Bucket' (OnClassCondition)

   CouchbaseReactiveDataAutoConfiguration:
      Did not match:
         - @ConditionalOnClass did not find required class 'com.couchbase.client.java.Bucket' (OnClassCondition)

   CouchbaseReactiveRepositoriesAutoConfiguration:
      Did not match:
         - @ConditionalOnClass did not find required class 'com.couchbase.client.java.Bucket' (OnClassCondition)

   CouchbaseRepositoriesAutoConfiguration:
      Did not match:
         - @ConditionalOnClass did not find required class 'com.couchbase.client.java.Bucket' (OnClassCondition)

   DataSourceAutoConfiguration.EmbeddedDatabaseConfiguration:
      Did not match:
         - EmbeddedDataSource found supported pooled data source (DataSourceAutoConfiguration.EmbeddedDatabaseCondition)

   DataSourceConfiguration.Dbcp2:
      Did not match:
         - @ConditionalOnClass did not find required class 'org.apache.commons.dbcp2.BasicDataSource' (OnClassCondition)

   DataSourceConfiguration.Generic:
      Did not match:
         - @ConditionalOnProperty (spring.datasource.type) did not find property 'spring.datasource.type' (OnPropertyCondition)

   DataSourceConfiguration.Tomcat:
      Did not match:
         - @ConditionalOnClass did not find required class 'org.apache.tomcat.jdbc.pool.DataSource' (OnClassCondition)

   DataSourceJmxConfiguration:
      Did not match:
         - @ConditionalOnProperty (spring.jmx.enabled=true) found different value in property 'enabled' (OnPropertyCondition)

   DataSourcePoolMetadataProvidersConfiguration.CommonsDbcp2PoolDataSourceMetadataProviderConfiguration:
      Did not match:
         - @ConditionalOnClass did not find required class 'org.apache.commons.dbcp2.BasicDataSource' (OnClassCondition)

   DataSourcePoolMetadataProvidersConfiguration.TomcatDataSourcePoolMetadataProviderConfiguration:
      Did not match:
         - @ConditionalOnClass did not find required class 'org.apache.tomcat.jdbc.pool.DataSource' (OnClassCondition)

   DataSourceTransactionManagerAutoConfiguration.DataSourceTransactionManagerConfiguration#transactionManager:
      Did not match:
         - @ConditionalOnMissingBean (types: org.springframework.transaction.PlatformTransactionManager; SearchStrategy: all) found beans of type 'org.springframework.transaction.PlatformTransactionManager' transactionManager (OnBeanCondition)

   DispatcherServletAutoConfiguration:
      Did not match:
         - @ConditionalOnClass did not find required class 'org.springframework.web.servlet.DispatcherServlet' (OnClassCondition)

   EhCacheCacheConfiguration:
      Did not match:
         - @ConditionalOnClass did not find required classes 'net.sf.ehcache.Cache', 'org.springframework.cache.ehcache.EhCacheCacheManager' (OnClassCondition)

   ElasticsearchAutoConfiguration:
      Did not match:
         - @ConditionalOnClass did not find required class 'org.elasticsearch.client.Client' (OnClassCondition)

   ElasticsearchDataAutoConfiguration:
      Did not match:
         - @ConditionalOnClass did not find required class 'org.elasticsearch.client.Client' (OnClassCondition)

   ElasticsearchRepositoriesAutoConfiguration:
      Did not match:
         - @ConditionalOnClass did not find required class 'org.elasticsearch.client.Client' (OnClassCondition)

   EmbeddedLdapAutoConfiguration:
      Did not match:
         - @ConditionalOnClass did not find required class 'com.unboundid.ldap.listener.InMemoryDirectoryServer' (OnClassCondition)

   EmbeddedMongoAutoConfiguration:
      Did not match:
         - @ConditionalOnClass did not find required class 'com.mongodb.MongoClient' (OnClassCondition)

   EmbeddedWebServerFactoryCustomizerAutoConfiguration:
      Did not match:
         - @ConditionalOnWebApplication did not find reactive or servlet web application classes (OnWebApplicationCondition)

   ErrorMvcAutoConfiguration:
      Did not match:
         - @ConditionalOnClass did not find required class 'javax.servlet.Servlet' (OnClassCondition)

   ErrorWebFluxAutoConfiguration:
      Did not match:
         - @ConditionalOnClass did not find required class 'org.springframework.web.reactive.config.WebFluxConfigurer' (OnClassCondition)

   FlywayAutoConfiguration:
      Did not match:
         - @ConditionalOnClass did not find required class 'org.flywaydb.core.Flyway' (OnClassCondition)

   FreeMarkerAutoConfiguration:
      Did not match:
         - @ConditionalOnClass did not find required class 'freemarker.template.Configuration' (OnClassCondition)

   GroovyTemplateAutoConfiguration.GroovyMarkupConfiguration:
      Did not match:
         - @ConditionalOnClass did not find required class 'org.springframework.web.servlet.view.groovy.GroovyMarkupConfigurer' (OnClassCondition)

   GroovyTemplateAutoConfiguration.GroovyWebConfiguration:
      Did not match:
         - @ConditionalOnClass did not find required classes 'javax.servlet.Servlet', 'org.springframework.web.servlet.view.UrlBasedViewResolver' (OnClassCondition)

   GsonAutoConfiguration:
      Did not match:
         - @ConditionalOnClass did not find required class 'com.google.gson.Gson' (OnClassCondition)

   H2ConsoleAutoConfiguration:
      Did not match:
         - @ConditionalOnClass did not find required class 'org.h2.server.web.WebServlet' (OnClassCondition)

   HazelcastAutoConfiguration:
      Did not match:
         - @ConditionalOnClass did not find required class 'com.hazelcast.core.HazelcastInstance' (OnClassCondition)

   HazelcastCacheConfiguration:
      Did not match:
         - @ConditionalOnClass did not find required classes 'com.hazelcast.core.HazelcastInstance', 'com.hazelcast.spring.cache.HazelcastCacheManager' (OnClassCondition)

   HazelcastJpaDependencyAutoConfiguration:
      Did not match:
         - @ConditionalOnClass did not find required class 'com.hazelcast.core.HazelcastInstance' (OnClassCondition)

   HttpEncodingAutoConfiguration:
      Did not match:
         - @ConditionalOnClass did not find required class 'org.springframework.web.filter.CharacterEncodingFilter' (OnClassCondition)

   HttpHandlerAutoConfiguration:
      Did not match:
         - @ConditionalOnClass did not find required class 'org.springframework.http.server.reactive.HttpHandler' (OnClassCondition)

   HttpMessageConvertersAutoConfiguration:
      Did not match:
         - @ConditionalOnClass did not find required class 'org.springframework.http.converter.HttpMessageConverter' (OnClassCondition)

   HypermediaAutoConfiguration:
      Did not match:
         - @ConditionalOnClass did not find required class 'org.springframework.hateoas.Resource' (OnClassCondition)

   InfinispanCacheConfiguration:
      Did not match:
         - @ConditionalOnClass did not find required class 'org.infinispan.spring.provider.SpringEmbeddedCacheManager' (OnClassCondition)

   InfluxDbAutoConfiguration:
      Did not match:
         - @ConditionalOnClass did not find required class 'org.influxdb.InfluxDB' (OnClassCondition)

   IntegrationAutoConfiguration:
      Did not match:
         - @ConditionalOnClass did not find required class 'org.springframework.integration.config.EnableIntegration' (OnClassCondition)

   JCacheCacheConfiguration:
      Did not match:
         - @ConditionalOnClass did not find required classes 'javax.cache.Caching', 'org.springframework.cache.jcache.JCacheCacheManager' (OnClassCondition)

   JacksonAutoConfiguration:
      Did not match:
         - @ConditionalOnClass did not find required class 'com.fasterxml.jackson.databind.ObjectMapper' (OnClassCondition)

   JdbcRepositoriesAutoConfiguration:
      Did not match:
         - @ConditionalOnClass did not find required class 'org.springframework.data.jdbc.repository.config.JdbcConfiguration' (OnClassCondition)

   JerseyAutoConfiguration:
      Did not match:
         - @ConditionalOnClass did not find required class 'javax.servlet.ServletRegistration' (OnClassCondition)

   JestAutoConfiguration:
      Did not match:
         - @ConditionalOnClass did not find required class 'io.searchbox.client.JestClient' (OnClassCondition)

   JmsAutoConfiguration:
      Did not match:
         - @ConditionalOnClass did not find required class 'javax.jms.Message' (OnClassCondition)

   JmxAutoConfiguration:
      Did not match:
         - @ConditionalOnProperty (spring.jmx.enabled=true) found different value in property 'enabled' (OnPropertyCondition)
      Matched:
         - @ConditionalOnClass found required class 'org.springframework.jmx.export.MBeanExporter' (OnClassCondition)

   JndiConnectionFactoryAutoConfiguration:
      Did not match:
         - @ConditionalOnClass did not find required class 'org.springframework.jms.core.JmsTemplate' (OnClassCondition)

   JndiDataSourceAutoConfiguration:
      Did not match:
         - @ConditionalOnProperty (spring.datasource.jndi-name) did not find property 'jndi-name' (OnPropertyCondition)
      Matched:
         - @ConditionalOnClass found required classes 'javax.sql.DataSource', 'org.springframework.jdbc.datasource.embedded.EmbeddedDatabaseType' (OnClassCondition)

   JndiJtaConfiguration:
      Did not match:
         - @ConditionalOnJndi JNDI environment is not available (OnJndiCondition)
      Matched:
         - @ConditionalOnClass found required class 'org.springframework.transaction.jta.JtaTransactionManager' (OnClassCondition)

   JooqAutoConfiguration:
      Did not match:
         - @ConditionalOnClass did not find required class 'org.jooq.DSLContext' (OnClassCondition)

   JpaBaseConfiguration.JpaWebConfiguration:
      Did not match:
         - @ConditionalOnClass did not find required class 'org.springframework.web.servlet.config.annotation.WebMvcConfigurer' (OnClassCondition)

   JpaRepositoriesAutoConfiguration#entityManagerFactoryBootstrapExecutorCustomizer:
      Did not match:
         - AnyNestedCondition 0 matched 2 did not; NestedCondition on JpaRepositoriesAutoConfiguration.BootstrapExecutorCondition.LazyBootstrapMode @ConditionalOnProperty (spring.data.jpa.repositories.bootstrap-mode=lazy) did not find property 'bootstrap-mode'; NestedCondition on JpaRepositoriesAutoConfiguration.BootstrapExecutorCondition.DeferredBootstrapMode @ConditionalOnProperty (spring.data.jpa.repositories.bootstrap-mode=deferred) did not find property 'bootstrap-mode' (JpaRepositoriesAutoConfiguration.BootstrapExecutorCondition)

   JsonbAutoConfiguration:
      Did not match:
         - @ConditionalOnClass did not find required class 'javax.json.bind.Jsonb' (OnClassCondition)

   KafkaAutoConfiguration:
      Did not match:
         - @ConditionalOnClass did not find required class 'org.springframework.kafka.core.KafkaTemplate' (OnClassCondition)

   LdapAutoConfiguration:
      Did not match:
         - @ConditionalOnClass did not find required class 'org.springframework.ldap.core.ContextSource' (OnClassCondition)

   LdapRepositoriesAutoConfiguration:
      Did not match:
         - @ConditionalOnClass did not find required class 'org.springframework.data.ldap.repository.LdapRepository' (OnClassCondition)

   LiquibaseAutoConfiguration:
      Did not match:
         - @ConditionalOnClass did not find required class 'liquibase.change.DatabaseChange' (OnClassCondition)

   MailSenderAutoConfiguration:
      Did not match:
         - @ConditionalOnClass did not find required class 'javax.mail.internet.MimeMessage' (OnClassCondition)

   MailSenderValidatorAutoConfiguration:
      Did not match:
         - @ConditionalOnSingleCandidate did not find required type 'org.springframework.mail.javamail.JavaMailSenderImpl' (OnBeanCondition)

   MessageSourceAutoConfiguration:
      Did not match:
         - ResourceBundle did not find bundle with basename messages (MessageSourceAutoConfiguration.ResourceBundleCondition)

   MongoAutoConfiguration:
      Did not match:
         - @ConditionalOnClass did not find required class 'com.mongodb.MongoClient' (OnClassCondition)

   MongoDataAutoConfiguration:
      Did not match:
         - @ConditionalOnClass did not find required class 'com.mongodb.client.MongoClient' (OnClassCondition)

   MongoReactiveAutoConfiguration:
      Did not match:
         - @ConditionalOnClass did not find required class 'com.mongodb.reactivestreams.client.MongoClient' (OnClassCondition)

   MongoReactiveDataAutoConfiguration:
      Did not match:
         - @ConditionalOnClass did not find required class 'com.mongodb.reactivestreams.client.MongoClient' (OnClassCondition)

   MongoReactiveRepositoriesAutoConfiguration:
      Did not match:
         - @ConditionalOnClass did not find required class 'com.mongodb.reactivestreams.client.MongoClient' (OnClassCondition)

   MongoRepositoriesAutoConfiguration:
      Did not match:
         - @ConditionalOnClass did not find required class 'com.mongodb.MongoClient' (OnClassCondition)

   MultipartAutoConfiguration:
      Did not match:
         - @ConditionalOnClass did not find required class 'javax.servlet.MultipartConfigElement' (OnClassCondition)

   MustacheAutoConfiguration:
      Did not match:
         - @ConditionalOnClass did not find required class 'com.samskivert.mustache.Mustache' (OnClassCondition)

   Neo4jDataAutoConfiguration:
      Did not match:
         - @ConditionalOnClass did not find required class 'org.neo4j.ogm.session.SessionFactory' (OnClassCondition)

   Neo4jRepositoriesAutoConfiguration:
      Did not match:
         - @ConditionalOnClass did not find required class 'org.neo4j.ogm.session.Neo4jSession' (OnClassCondition)

   OAuth2ClientAutoConfiguration:
      Did not match:
         - @ConditionalOnClass did not find required class 'org.springframework.security.config.annotation.web.configuration.EnableWebSecurity' (OnClassCondition)

   OAuth2ResourceServerAutoConfiguration:
      Did not match:
         - @ConditionalOnClass did not find required class 'org.springframework.security.oauth2.jwt.JwtDecoder' (OnClassCondition)

   ProjectInfoAutoConfiguration#buildProperties:
      Did not match:
         - @ConditionalOnResource did not find resource '${spring.info.build.location:classpath:META-INF/build-info.properties}' (OnResourceCondition)

   ProjectInfoAutoConfiguration#gitProperties:
      Did not match:
         - GitResource did not find git info at classpath:git.properties (ProjectInfoAutoConfiguration.GitResourceAvailableCondition)

   QuartzAutoConfiguration:
      Did not match:
         - @ConditionalOnClass did not find required class 'org.quartz.Scheduler' (OnClassCondition)

   RabbitAutoConfiguration:
      Did not match:
         - @ConditionalOnClass did not find required class 'com.rabbitmq.client.Channel' (OnClassCondition)

   ReactiveOAuth2ClientAutoConfiguration:
      Did not match:
         - @ConditionalOnClass did not find required class 'reactor.core.publisher.Flux' (OnClassCondition)

   ReactiveOAuth2ResourceServerAutoConfiguration:
      Did not match:
         - @ConditionalOnClass did not find required class 'org.springframework.security.config.annotation.web.reactive.EnableWebFluxSecurity' (OnClassCondition)

   ReactiveSecurityAutoConfiguration:
      Did not match:
         - @ConditionalOnClass did not find required class 'reactor.core.publisher.Flux' (OnClassCondition)

   ReactiveUserDetailsServiceAutoConfiguration:
      Did not match:
         - @ConditionalOnClass did not find required class 'org.springframework.security.authentication.ReactiveAuthenticationManager' (OnClassCondition)

   ReactiveWebServerFactoryAutoConfiguration:
      Did not match:
         - @ConditionalOnClass did not find required class 'org.springframework.http.ReactiveHttpInputMessage' (OnClassCondition)

   ReactorCoreAutoConfiguration:
      Did not match:
         - @ConditionalOnClass did not find required class 'reactor.core.publisher.Flux' (OnClassCondition)

   RedisAutoConfiguration:
      Did not match:
         - @ConditionalOnClass did not find required class 'org.springframework.data.redis.core.RedisOperations' (OnClassCondition)

   RedisCacheConfiguration:
      Did not match:
         - @ConditionalOnClass did not find required class 'org.springframework.data.redis.connection.RedisConnectionFactory' (OnClassCondition)

   RedisReactiveAutoConfiguration:
      Did not match:
         - @ConditionalOnClass did not find required class 'reactor.core.publisher.Flux' (OnClassCondition)

   RedisRepositoriesAutoConfiguration:
      Did not match:
         - @ConditionalOnClass did not find required class 'org.springframework.data.redis.repository.configuration.EnableRedisRepositories' (OnClassCondition)

   RepositoryRestMvcAutoConfiguration:
      Did not match:
         - @ConditionalOnClass did not find required class 'org.springframework.data.rest.webmvc.config.RepositoryRestMvcConfiguration' (OnClassCondition)

   RestClientAutoConfiguration:
      Did not match:
         - @ConditionalOnClass did not find required class 'org.elasticsearch.client.RestClient' (OnClassCondition)

   RestTemplateAutoConfiguration:
      Did not match:
         - @ConditionalOnClass did not find required class 'org.springframework.web.client.RestTemplate' (OnClassCondition)

   SecurityAutoConfiguration:
      Did not match:
         - @ConditionalOnClass did not find required class 'org.springframework.security.authentication.DefaultAuthenticationEventPublisher' (OnClassCondition)

   SecurityFilterAutoConfiguration:
      Did not match:
         - @ConditionalOnClass did not find required class 'org.springframework.security.config.http.SessionCreationPolicy' (OnClassCondition)

   SecurityRequestMatcherProviderAutoConfiguration:
      Did not match:
         - @ConditionalOnClass did not find required class 'org.springframework.security.web.util.matcher.RequestMatcher' (OnClassCondition)

   SendGridAutoConfiguration:
      Did not match:
         - @ConditionalOnClass did not find required class 'com.sendgrid.SendGrid' (OnClassCondition)

   ServletWebServerFactoryAutoConfiguration:
      Did not match:
         - @ConditionalOnClass did not find required class 'javax.servlet.ServletRequest' (OnClassCondition)

   SessionAutoConfiguration:
      Did not match:
         - @ConditionalOnClass did not find required class 'org.springframework.session.Session' (OnClassCondition)

   SolrAutoConfiguration:
      Did not match:
         - @ConditionalOnClass did not find required class 'org.apache.solr.client.solrj.impl.CloudSolrClient' (OnClassCondition)

   SolrRepositoriesAutoConfiguration:
      Did not match:
         - @ConditionalOnClass did not find required class 'org.apache.solr.client.solrj.SolrClient' (OnClassCondition)

   SpringApplicationAdminJmxAutoConfiguration:
      Did not match:
         - @ConditionalOnProperty (spring.application.admin.enabled=true) did not find property 'enabled' (OnPropertyCondition)

   SpringDataWebAutoConfiguration:
      Did not match:
         - @ConditionalOnClass did not find required class 'org.springframework.data.web.PageableHandlerMethodArgumentResolver' (OnClassCondition)

   TaskSchedulingAutoConfiguration#taskScheduler:
      Did not match:
         - @ConditionalOnBean (names: org.springframework.context.annotation.internalScheduledAnnotationProcessor; SearchStrategy: all) did not find any beans named org.springframework.context.annotation.internalScheduledAnnotationProcessor (OnBeanCondition)

   ThymeleafAutoConfiguration:
      Did not match:
         - @ConditionalOnClass did not find required class 'org.thymeleaf.templatemode.TemplateMode' (OnClassCondition)

   TransactionAutoConfiguration.EnableTransactionManagementConfiguration.JdkDynamicAutoProxyConfiguration:
      Did not match:
         - @ConditionalOnProperty (spring.aop.proxy-target-class=false) did not find property 'proxy-target-class' (OnPropertyCondition)

   UserDetailsServiceAutoConfiguration:
      Did not match:
         - @ConditionalOnClass did not find required class 'org.springframework.security.authentication.AuthenticationManager' (OnClassCondition)

   ValidationAutoConfiguration:
      Did not match:
         - @ConditionalOnClass did not find required class 'javax.validation.executable.ExecutableValidator' (OnClassCondition)

   WebClientAutoConfiguration:
      Did not match:
         - @ConditionalOnClass did not find required class 'org.springframework.web.reactive.function.client.WebClient' (OnClassCondition)

   WebFluxAutoConfiguration:
      Did not match:
         - @ConditionalOnClass did not find required class 'org.springframework.web.reactive.config.WebFluxConfigurer' (OnClassCondition)

   WebMvcAutoConfiguration:
      Did not match:
         - @ConditionalOnClass did not find required class 'javax.servlet.Servlet' (OnClassCondition)

   WebServiceTemplateAutoConfiguration:
      Did not match:
         - @ConditionalOnClass did not find required class 'org.springframework.oxm.Marshaller' (OnClassCondition)

   WebServicesAutoConfiguration:
      Did not match:
         - @ConditionalOnClass did not find required class 'org.springframework.ws.transport.http.MessageDispatcherServlet' (OnClassCondition)

   WebSocketMessagingAutoConfiguration:
      Did not match:
         - @ConditionalOnClass did not find required class 'org.springframework.web.socket.config.annotation.WebSocketMessageBrokerConfigurer' (OnClassCondition)

   WebSocketReactiveAutoConfiguration:
      Did not match:
         - @ConditionalOnClass did not find required class 'javax.servlet.Servlet' (OnClassCondition)

   WebSocketServletAutoConfiguration:
      Did not match:
         - @ConditionalOnClass did not find required class 'javax.servlet.Servlet' (OnClassCondition)

   XADataSourceAutoConfiguration:
      Did not match:
         - @ConditionalOnBean (types: org.springframework.boot.jdbc.XADataSourceWrapper; SearchStrategy: all) did not find any beans of type org.springframework.boot.jdbc.XADataSourceWrapper (OnBeanCondition)
      Matched:
         - @ConditionalOnClass found required classes 'javax.sql.DataSource', 'javax.transaction.TransactionManager', 'org.springframework.jdbc.datasource.embedded.EmbeddedDatabaseType' (OnClassCondition)


Exclusions:
-----------

    None


Unconditional classes:
----------------------

    org.springframework.boot.autoconfigure.context.ConfigurationPropertiesAutoConfiguration

    org.springframework.boot.autoconfigure.context.PropertyPlaceholderAutoConfiguration

    org.springframework.boot.autoconfigure.info.ProjectInfoAutoConfiguration



?[2m2019-02-24 20:13:33.703?[0;39m ?[32m INFO?[0;39m ?[35m30201?[0;39m ?[2m---?[0;39m ?[2m[    Test worker]?[0;39m ?[36mcom.tool.reporting.ProjectServiceTest   ?[0;39m ?[2m:?[0;39m Started ProjectServiceTest in 6.584 seconds (JVM running for 8.292)
?[2m2019-02-24 20:13:33.710?[0;39m ?[32mDEBUG?[0;39m ?[35m30201?[0;39m ?[2m---?[0;39m ?[2m[    Test worker]?[0;39m ?[36mc.DefaultCacheAwareContextLoaderDelegate?[0;39m ?[2m:?[0;39m Storing ApplicationContext in cache under key [[MergedContextConfiguration@3e2acc98 testClass = ProjectServiceTest, locations = '{}', classes = '{class com.tool.reporting.SpringCoreApplication, class com.tool.reporting.SpringCoreApplication}', contextInitializerClasses = '[]', activeProfiles = '{}', propertySourceLocations = '{}', propertySourceProperties = '{org.springframework.boot.test.context.SpringBootTestContextBootstrapper=true}', contextCustomizers = set[org.spockframework.spring.mock.SpockContextCustomizer@0, org.springframework.boot.test.autoconfigure.properties.PropertyMappingContextCustomizer@0, org.springframework.boot.test.autoconfigure.web.servlet.WebDriverContextCustomizerFactory$Customizer@f9b5fd8, org.springframework.boot.test.context.filter.ExcludeFilterContextCustomizer@5d4634c4, org.springframework.boot.test.json.DuplicateJsonObjectContextCustomizerFactory$DuplicateJsonObjectContextCustomizer@32fb2516, org.springframework.boot.test.mock.mockito.MockitoContextCustomizer@0, org.springframework.boot.test.web.client.TestRestTemplateContextCustomizer@5e15b86d], contextLoader = 'org.springframework.boot.test.context.SpringBootContextLoader', parent = [null]]]
?[2m2019-02-24 20:13:33.711?[0;39m ?[32mDEBUG?[0;39m ?[35m30201?[0;39m ?[2m---?[0;39m ?[2m[    Test worker]?[0;39m ?[36morg.springframework.test.context.cache  ?[0;39m ?[2m:?[0;39m Spring test ApplicationContext cache statistics: [DefaultContextCache@334ddfd5 size = 1, maxSize = 32, parentContextCount = 0, hitCount = 0, missCount = 1]
?[2m2019-02-24 20:13:33.723?[0;39m ?[32mDEBUG?[0;39m ?[35m30201?[0;39m ?[2m---?[0;39m ?[2m[    Test worker]?[0;39m ?[36mtractDirtiesContextTestExecutionListener?[0;39m ?[2m:?[0;39m Before test method: context [DefaultTestContext@3429216c testClass = ProjectServiceTest, testInstance = com.tool.reporting.ProjectServiceTest@4757e3b4, testMethod = updateProject@ProjectServiceTest, testException = [null], mergedContextConfiguration = [MergedContextConfiguration@3e2acc98 testClass = ProjectServiceTest, locations = '{}', classes = '{class com.tool.reporting.SpringCoreApplication, class com.tool.reporting.SpringCoreApplication}', contextInitializerClasses = '[]', activeProfiles = '{}', propertySourceLocations = '{}', propertySourceProperties = '{org.springframework.boot.test.context.SpringBootTestContextBootstrapper=true}', contextCustomizers = set[org.spockframework.spring.mock.SpockContextCustomizer@0, org.springframework.boot.test.autoconfigure.properties.PropertyMappingContextCustomizer@0, org.springframework.boot.test.autoconfigure.web.servlet.WebDriverContextCustomizerFactory$Customizer@f9b5fd8, org.springframework.boot.test.context.filter.ExcludeFilterContextCustomizer@5d4634c4, org.springframework.boot.test.json.DuplicateJsonObjectContextCustomizerFactory$DuplicateJsonObjectContextCustomizer@32fb2516, org.springframework.boot.test.mock.mockito.MockitoContextCustomizer@0, org.springframework.boot.test.web.client.TestRestTemplateContextCustomizer@5e15b86d], contextLoader = 'org.springframework.boot.test.context.SpringBootContextLoader', parent = [null]], attributes = map[[empty]]], class annotated with @DirtiesContext [false] with mode [null], method annotated with @DirtiesContext [true] with mode [AFTER_METHOD].
?[2m2019-02-24 20:13:33.729?[0;39m ?[32mDEBUG?[0;39m ?[35m30201?[0;39m ?[2m---?[0;39m ?[2m[    Test worker]?[0;39m ?[36mc.DefaultCacheAwareContextLoaderDelegate?[0;39m ?[2m:?[0;39m Retrieved ApplicationContext from cache with key [[MergedContextConfiguration@3e2acc98 testClass = ProjectServiceTest, locations = '{}', classes = '{class com.tool.reporting.SpringCoreApplication, class com.tool.reporting.SpringCoreApplication}', contextInitializerClasses = '[]', activeProfiles = '{}', propertySourceLocations = '{}', propertySourceProperties = '{org.springframework.boot.test.context.SpringBootTestContextBootstrapper=true}', contextCustomizers = set[org.spockframework.spring.mock.SpockContextCustomizer@0, org.springframework.boot.test.autoconfigure.properties.PropertyMappingContextCustomizer@0, org.springframework.boot.test.autoconfigure.web.servlet.WebDriverContextCustomizerFactory$Customizer@f9b5fd8, org.springframework.boot.test.context.filter.ExcludeFilterContextCustomizer@5d4634c4, org.springframework.boot.test.json.DuplicateJsonObjectContextCustomizerFactory$DuplicateJsonObjectContextCustomizer@32fb2516, org.springframework.boot.test.mock.mockito.MockitoContextCustomizer@0, org.springframework.boot.test.web.client.TestRestTemplateContextCustomizer@5e15b86d], contextLoader = 'org.springframework.boot.test.context.SpringBootContextLoader', parent = [null]]]
?[2m2019-02-24 20:13:33.730?[0;39m ?[32mDEBUG?[0;39m ?[35m30201?[0;39m ?[2m---?[0;39m ?[2m[    Test worker]?[0;39m ?[36morg.springframework.test.context.cache  ?[0;39m ?[2m:?[0;39m Spring test ApplicationContext cache statistics: [DefaultContextCache@334ddfd5 size = 1, maxSize = 32, parentContextCount = 0, hitCount = 1, missCount = 1]
?[2m2019-02-24 20:13:33.833?[0;39m ?[32m INFO?[0;39m ?[35m30201?[0;39m ?[2m---?[0;39m ?[2m[    Test worker]?[0;39m ?[36mcom.tool.reporting.ProjectServiceTest   ?[0;39m ?[2m:?[0;39m ProjectServiceTest: updateProject() method called
?[2m2019-02-24 20:13:33.834?[0;39m ?[32m INFO?[0;39m ?[35m30201?[0;39m ?[2m---?[0;39m ?[2m[    Test worker]?[0;39m ?[36mc.tool.reporting.service.ProjectService ?[0;39m ?[2m:?[0;39m ProjectService: findById() method called
?[2m2019-02-24 20:13:33.844?[0;39m ?[32mDEBUG?[0;39m ?[35m30201?[0;39m ?[2m---?[0;39m ?[2m[    Test worker]?[0;39m ?[36mstomAnnotationTransactionAttributeSource?[0;39m ?[2m:?[0;39m Adding transactional method 'findById' with attribute: PROPAGATION_REQUIRED,ISOLATION_DEFAULT,readOnly
?[2m2019-02-24 20:13:33.848?[0;39m ?[32mDEBUG?[0;39m ?[35m30201?[0;39m ?[2m---?[0;39m ?[2m[    Test worker]?[0;39m ?[36mo.s.orm.jpa.JpaTransactionManager       ?[0;39m ?[2m:?[0;39m Creating new transaction with name [org.springframework.data.jpa.repository.support.SimpleJpaRepository.findById]: PROPAGATION_REQUIRED,ISOLATION_DEFAULT,readOnly
?[2m2019-02-24 20:13:33.849?[0;39m ?[32mDEBUG?[0;39m ?[35m30201?[0;39m ?[2m---?[0;39m ?[2m[    Test worker]?[0;39m ?[36mo.s.orm.jpa.JpaTransactionManager       ?[0;39m ?[2m:?[0;39m Opened new EntityManager [SessionImpl(717880860<open>)] for JPA transaction
?[2m2019-02-24 20:13:33.858?[0;39m ?[32mDEBUG?[0;39m ?[35m30201?[0;39m ?[2m---?[0;39m ?[2m[    Test worker]?[0;39m ?[36mo.s.jdbc.datasource.DataSourceUtils     ?[0;39m ?[2m:?[0;39m Setting JDBC Connection [HikariProxyConnection@363792701 wrapping conn0: url=jdbc:h2:mem:testdb user=SA] read-only
?[2m2019-02-24 20:13:33.861?[0;39m ?[32mDEBUG?[0;39m ?[35m30201?[0;39m ?[2m---?[0;39m ?[2m[    Test worker]?[0;39m ?[36mo.s.orm.jpa.JpaTransactionManager       ?[0;39m ?[2m:?[0;39m Exposing JPA transaction as JDBC [org.springframework.orm.jpa.vendor.HibernateJpaDialect$HibernateConnectionHandle@6d095034]
Hibernate: 
    select
        project0_.id as id1_2_0_,
        project0_.actual_cost as actual_c2_2_0_,
        project0_.approver_id as approve13_2_0_,
        project0_.budget_cost as budget_c3_2_0_,
        project0_.creation_date as creation4_2_0_,
        project0_.description as descript5_2_0_,
        project0_.forecasted_cost as forecast6_2_0_,
        project0_.health_id as health_14_2_0_,
        project0_.implementation_date as implemen7_2_0_,
        project0_.is_deleted as is_delet8_2_0_,
        project0_.last_update_date as last_upd9_2_0_,
        project0_.milestone_date as milesto10_2_0_,
        project0_.milestone_status_id as milesto15_2_0_,
        project0_.name as name11_2_0_,
        project0_.state_id as state_i16_2_0_,
        project0_.submitter_id as submitt17_2_0_,
        project0_.summary as summary12_2_0_,
        employee1_.id as id1_0_1_,
        employee1_.creation_date as creation2_0_1_,
        employee1_.last_update_date as last_upd3_0_1_,
        employee1_.name as name4_0_1_,
        health2_.id as id1_1_2_,
        health2_.creation_date as creation2_1_2_,
        health2_.last_update_date as last_upd3_1_2_,
        health2_.name as name4_1_2_,
        status3_.id as id1_3_3_,
        status3_.creation_date as creation2_3_3_,
        status3_.last_update_date as last_upd3_3_3_,
        status3_.name as name4_3_3_,
        status4_.id as id1_3_4_,
        status4_.creation_date as creation2_3_4_,
        status4_.last_update_date as last_upd3_3_4_,
        status4_.name as name4_3_4_,
        employee5_.id as id1_0_5_,
        employee5_.creation_date as creation2_0_5_,
        employee5_.last_update_date as last_upd3_0_5_,
        employee5_.name as name4_0_5_ 
    from
        project project0_ 
    left outer join
        employee employee1_ 
            on project0_.approver_id=employee1_.id 
    left outer join
        health health2_ 
            on project0_.health_id=health2_.id 
    left outer join
        status status3_ 
            on project0_.milestone_status_id=status3_.id 
    left outer join
        status status4_ 
            on project0_.state_id=status4_.id 
    left outer join
        employee employee5_ 
            on project0_.submitter_id=employee5_.id 
    where
        project0_.id=? 
        and (
            project0_.is_deleted = 0 
        )
?[2m2019-02-24 20:13:33.906?[0;39m ?[32mTRACE?[0;39m ?[35m30201?[0;39m ?[2m---?[0;39m ?[2m[    Test worker]?[0;39m ?[36mo.h.type.descriptor.sql.BasicBinder     ?[0;39m ?[2m:?[0;39m binding parameter [1] as [BIGINT] - [100]
?[2m2019-02-24 20:13:33.924?[0;39m ?[32mTRACE?[0;39m ?[35m30201?[0;39m ?[2m---?[0;39m ?[2m[    Test worker]?[0;39m ?[36mo.h.type.descriptor.sql.BasicExtractor  ?[0;39m ?[2m:?[0;39m extracted value ([id1_0_1_] : [BIGINT]) - [null]
?[2m2019-02-24 20:13:33.925?[0;39m ?[32mTRACE?[0;39m ?[35m30201?[0;39m ?[2m---?[0;39m ?[2m[    Test worker]?[0;39m ?[36mo.h.type.descriptor.sql.BasicExtractor  ?[0;39m ?[2m:?[0;39m extracted value ([id1_1_2_] : [BIGINT]) - [1]
?[2m2019-02-24 20:13:33.926?[0;39m ?[32mTRACE?[0;39m ?[35m30201?[0;39m ?[2m---?[0;39m ?[2m[    Test worker]?[0;39m ?[36mo.h.type.descriptor.sql.BasicExtractor  ?[0;39m ?[2m:?[0;39m extracted value ([id1_3_3_] : [BIGINT]) - [null]
?[2m2019-02-24 20:13:33.927?[0;39m ?[32mTRACE?[0;39m ?[35m30201?[0;39m ?[2m---?[0;39m ?[2m[    Test worker]?[0;39m ?[36mo.h.type.descriptor.sql.BasicExtractor  ?[0;39m ?[2m:?[0;39m extracted value ([id1_3_4_] : [BIGINT]) - [1]
?[2m2019-02-24 20:13:33.927?[0;39m ?[32mTRACE?[0;39m ?[35m30201?[0;39m ?[2m---?[0;39m ?[2m[    Test worker]?[0;39m ?[36mo.h.type.descriptor.sql.BasicExtractor  ?[0;39m ?[2m:?[0;39m extracted value ([id1_0_5_] : [BIGINT]) - [null]
?[2m2019-02-24 20:13:33.939?[0;39m ?[32mTRACE?[0;39m ?[35m30201?[0;39m ?[2m---?[0;39m ?[2m[    Test worker]?[0;39m ?[36mo.h.type.descriptor.sql.BasicExtractor  ?[0;39m ?[2m:?[0;39m extracted value ([actual_c2_2_0_] : [DOUBLE]) - [null]
?[2m2019-02-24 20:13:33.939?[0;39m ?[32mTRACE?[0;39m ?[35m30201?[0;39m ?[2m---?[0;39m ?[2m[    Test worker]?[0;39m ?[36mo.h.type.descriptor.sql.BasicExtractor  ?[0;39m ?[2m:?[0;39m extracted value ([approve13_2_0_] : [BIGINT]) - [null]
?[2m2019-02-24 20:13:33.940?[0;39m ?[32mTRACE?[0;39m ?[35m30201?[0;39m ?[2m---?[0;39m ?[2m[    Test worker]?[0;39m ?[36mo.h.type.descriptor.sql.BasicExtractor  ?[0;39m ?[2m:?[0;39m extracted value ([budget_c3_2_0_] : [DOUBLE]) - [null]
?[2m2019-02-24 20:13:33.942?[0;39m ?[32mTRACE?[0;39m ?[35m30201?[0;39m ?[2m---?[0;39m ?[2m[    Test worker]?[0;39m ?[36mo.h.type.descriptor.sql.BasicExtractor  ?[0;39m ?[2m:?[0;39m extracted value ([creation4_2_0_] : [TIMESTAMP]) - [null]
?[2m2019-02-24 20:13:33.943?[0;39m ?[32mTRACE?[0;39m ?[35m30201?[0;39m ?[2m---?[0;39m ?[2m[    Test worker]?[0;39m ?[36mo.h.type.descriptor.sql.BasicExtractor  ?[0;39m ?[2m:?[0;39m extracted value ([descript5_2_0_] : [VARCHAR]) - [First Desc]
?[2m2019-02-24 20:13:33.944?[0;39m ?[32mTRACE?[0;39m ?[35m30201?[0;39m ?[2m---?[0;39m ?[2m[    Test worker]?[0;39m ?[36mo.h.type.descriptor.sql.BasicExtractor  ?[0;39m ?[2m:?[0;39m extracted value ([forecast6_2_0_] : [DOUBLE]) - [null]
?[2m2019-02-24 20:13:33.945?[0;39m ?[32mTRACE?[0;39m ?[35m30201?[0;39m ?[2m---?[0;39m ?[2m[    Test worker]?[0;39m ?[36mo.h.type.descriptor.sql.BasicExtractor  ?[0;39m ?[2m:?[0;39m extracted value ([health_14_2_0_] : [BIGINT]) - [1]
?[2m2019-02-24 20:13:33.945?[0;39m ?[32mTRACE?[0;39m ?[35m30201?[0;39m ?[2m---?[0;39m ?[2m[    Test worker]?[0;39m ?[36mo.h.type.descriptor.sql.BasicExtractor  ?[0;39m ?[2m:?[0;39m extracted value ([implemen7_2_0_] : [TIMESTAMP]) - [null]
?[2m2019-02-24 20:13:33.947?[0;39m ?[32mTRACE?[0;39m ?[35m30201?[0;39m ?[2m---?[0;39m ?[2m[    Test worker]?[0;39m ?[36mo.h.type.descriptor.sql.BasicExtractor  ?[0;39m ?[2m:?[0;39m extracted value ([is_delet8_2_0_] : [BOOLEAN]) - [false]
?[2m2019-02-24 20:13:33.947?[0;39m ?[32mTRACE?[0;39m ?[35m30201?[0;39m ?[2m---?[0;39m ?[2m[    Test worker]?[0;39m ?[36mo.h.type.descriptor.sql.BasicExtractor  ?[0;39m ?[2m:?[0;39m extracted value ([last_upd9_2_0_] : [TIMESTAMP]) - [null]
?[2m2019-02-24 20:13:33.948?[0;39m ?[32mTRACE?[0;39m ?[35m30201?[0;39m ?[2m---?[0;39m ?[2m[    Test worker]?[0;39m ?[36mo.h.type.descriptor.sql.BasicExtractor  ?[0;39m ?[2m:?[0;39m extracted value ([milesto10_2_0_] : [TIMESTAMP]) - [null]
?[2m2019-02-24 20:13:33.949?[0;39m ?[32mTRACE?[0;39m ?[35m30201?[0;39m ?[2m---?[0;39m ?[2m[    Test worker]?[0;39m ?[36mo.h.type.descriptor.sql.BasicExtractor  ?[0;39m ?[2m:?[0;39m extracted value ([milesto15_2_0_] : [BIGINT]) - [null]
?[2m2019-02-24 20:13:33.950?[0;39m ?[32mTRACE?[0;39m ?[35m30201?[0;39m ?[2m---?[0;39m ?[2m[    Test worker]?[0;39m ?[36mo.h.type.descriptor.sql.BasicExtractor  ?[0;39m ?[2m:?[0;39m extracted value ([name11_2_0_] : [VARCHAR]) - [First Project]
?[2m2019-02-24 20:13:33.950?[0;39m ?[32mTRACE?[0;39m ?[35m30201?[0;39m ?[2m---?[0;39m ?[2m[    Test worker]?[0;39m ?[36mo.h.type.descriptor.sql.BasicExtractor  ?[0;39m ?[2m:?[0;39m extracted value ([state_i16_2_0_] : [BIGINT]) - [1]
?[2m2019-02-24 20:13:33.952?[0;39m ?[32mTRACE?[0;39m ?[35m30201?[0;39m ?[2m---?[0;39m ?[2m[    Test worker]?[0;39m ?[36mo.h.type.descriptor.sql.BasicExtractor  ?[0;39m ?[2m:?[0;39m extracted value ([submitt17_2_0_] : [BIGINT]) - [null]
?[2m2019-02-24 20:13:33.953?[0;39m ?[32mTRACE?[0;39m ?[35m30201?[0;39m ?[2m---?[0;39m ?[2m[    Test worker]?[0;39m ?[36mo.h.type.descriptor.sql.BasicExtractor  ?[0;39m ?[2m:?[0;39m extracted value ([summary12_2_0_] : [VARCHAR]) - [First Summary]
?[2m2019-02-24 20:13:33.957?[0;39m ?[32mTRACE?[0;39m ?[35m30201?[0;39m ?[2m---?[0;39m ?[2m[    Test worker]?[0;39m ?[36mo.h.type.descriptor.sql.BasicExtractor  ?[0;39m ?[2m:?[0;39m extracted value ([creation2_1_2_] : [TIMESTAMP]) - [null]
?[2m2019-02-24 20:13:33.958?[0;39m ?[32mTRACE?[0;39m ?[35m30201?[0;39m ?[2m---?[0;39m ?[2m[    Test worker]?[0;39m ?[36mo.h.type.descriptor.sql.BasicExtractor  ?[0;39m ?[2m:?[0;39m extracted value ([last_upd3_1_2_] : [TIMESTAMP]) - [null]
?[2m2019-02-24 20:13:33.959?[0;39m ?[32mTRACE?[0;39m ?[35m30201?[0;39m ?[2m---?[0;39m ?[2m[    Test worker]?[0;39m ?[36mo.h.type.descriptor.sql.BasicExtractor  ?[0;39m ?[2m:?[0;39m extracted value ([name4_1_2_] : [VARCHAR]) - [Active]
?[2m2019-02-24 20:13:33.960?[0;39m ?[32mTRACE?[0;39m ?[35m30201?[0;39m ?[2m---?[0;39m ?[2m[    Test worker]?[0;39m ?[36mo.h.type.descriptor.sql.BasicExtractor  ?[0;39m ?[2m:?[0;39m extracted value ([creation2_3_4_] : [TIMESTAMP]) - [null]
?[2m2019-02-24 20:13:33.960?[0;39m ?[32mTRACE?[0;39m ?[35m30201?[0;39m ?[2m---?[0;39m ?[2m[    Test worker]?[0;39m ?[36mo.h.type.descriptor.sql.BasicExtractor  ?[0;39m ?[2m:?[0;39m extracted value ([last_upd3_3_4_] : [TIMESTAMP]) - [null]
?[2m2019-02-24 20:13:33.961?[0;39m ?[32mTRACE?[0;39m ?[35m30201?[0;39m ?[2m---?[0;39m ?[2m[    Test worker]?[0;39m ?[36mo.h.type.descriptor.sql.BasicExtractor  ?[0;39m ?[2m:?[0;39m extracted value ([name4_3_4_] : [VARCHAR]) - [Active]
?[2m2019-02-24 20:13:33.979?[0;39m ?[32mDEBUG?[0;39m ?[35m30201?[0;39m ?[2m---?[0;39m ?[2m[    Test worker]?[0;39m ?[36mo.s.orm.jpa.JpaTransactionManager       ?[0;39m ?[2m:?[0;39m Initiating transaction commit
?[2m2019-02-24 20:13:33.980?[0;39m ?[32mDEBUG?[0;39m ?[35m30201?[0;39m ?[2m---?[0;39m ?[2m[    Test worker]?[0;39m ?[36mo.s.orm.jpa.JpaTransactionManager       ?[0;39m ?[2m:?[0;39m Committing JPA transaction on EntityManager [SessionImpl(717880860<open>)]
?[2m2019-02-24 20:13:33.986?[0;39m ?[32mDEBUG?[0;39m ?[35m30201?[0;39m ?[2m---?[0;39m ?[2m[    Test worker]?[0;39m ?[36mo.s.orm.jpa.JpaTransactionManager       ?[0;39m ?[2m:?[0;39m Closing JPA EntityManager [SessionImpl(717880860<open>)] after transaction
?[2m2019-02-24 20:13:33.987?[0;39m ?[32m INFO?[0;39m ?[35m30201?[0;39m ?[2m---?[0;39m ?[2m[    Test worker]?[0;39m ?[36mi.StatisticalLoggingSessionEventListener?[0;39m ?[2m:?[0;39m Session Metrics {
    225300 nanoseconds spent acquiring 1 JDBC connections;
    0 nanoseconds spent releasing 0 JDBC connections;
    18476478 nanoseconds spent preparing 1 JDBC statements;
    9020144 nanoseconds spent executing 1 JDBC statements;
    0 nanoseconds spent executing 0 JDBC batches;
    0 nanoseconds spent performing 0 L2C puts;
    0 nanoseconds spent performing 0 L2C hits;
    0 nanoseconds spent performing 0 L2C misses;
    0 nanoseconds spent executing 0 flushes (flushing a total of 0 entities and 0 collections);
    0 nanoseconds spent executing 0 partial-flushes (flushing a total of 0 entities and 0 collections)
}
?[2m2019-02-24 20:13:33.989?[0;39m ?[32m INFO?[0;39m ?[35m30201?[0;39m ?[2m---?[0;39m ?[2m[    Test worker]?[0;39m ?[36mcom.tool.reporting.ProjectServiceTest   ?[0;39m ?[2m:?[0;39m ProjectServiceTest: updateProject(): Found project with id 100
?[2m2019-02-24 20:13:33.989?[0;39m ?[32m INFO?[0;39m ?[35m30201?[0;39m ?[2m---?[0;39m ?[2m[    Test worker]?[0;39m ?[36mc.tool.reporting.service.ProjectService ?[0;39m ?[2m:?[0;39m ProjectService: saveProject() method called
?[2m2019-02-24 20:13:33.989?[0;39m ?[32m INFO?[0;39m ?[35m30201?[0;39m ?[2m---?[0;39m ?[2m[    Test worker]?[0;39m ?[36mc.tool.reporting.service.ProjectService ?[0;39m ?[2m:?[0;39m Project: Project(id=100, submitter=null, name=Updated project name, description=First Desc, approver=null, state=Status(id=1, name=Active, creationDate=null, lastUpdateDate=null), health=Health(id=1, name=Active, creationDate=null, lastUpdateDate=null), summary=First Summary, budgetCost=null, actualCost=null, forecastedCost=null, implementationDate=null, milestoneDate=null, milestoneStatus=null, isDeleted=false, creationDate=null, lastUpdateDate=null)
?[2m2019-02-24 20:13:33.992?[0;39m ?[32mDEBUG?[0;39m ?[35m30201?[0;39m ?[2m---?[0;39m ?[2m[    Test worker]?[0;39m ?[36mstomAnnotationTransactionAttributeSource?[0;39m ?[2m:?[0;39m Adding transactional method 'save' with attribute: PROPAGATION_REQUIRED,ISOLATION_DEFAULT
?[2m2019-02-24 20:13:33.993?[0;39m ?[32mDEBUG?[0;39m ?[35m30201?[0;39m ?[2m---?[0;39m ?[2m[    Test worker]?[0;39m ?[36mo.s.orm.jpa.JpaTransactionManager       ?[0;39m ?[2m:?[0;39m Creating new transaction with name [org.springframework.data.jpa.repository.support.SimpleJpaRepository.save]: PROPAGATION_REQUIRED,ISOLATION_DEFAULT
?[2m2019-02-24 20:13:33.994?[0;39m ?[32mDEBUG?[0;39m ?[35m30201?[0;39m ?[2m---?[0;39m ?[2m[    Test worker]?[0;39m ?[36mo.s.orm.jpa.JpaTransactionManager       ?[0;39m ?[2m:?[0;39m Opened new EntityManager [SessionImpl(1741549957<open>)] for JPA transaction
?[2m2019-02-24 20:13:33.995?[0;39m ?[32mDEBUG?[0;39m ?[35m30201?[0;39m ?[2m---?[0;39m ?[2m[    Test worker]?[0;39m ?[36mo.s.orm.jpa.JpaTransactionManager       ?[0;39m ?[2m:?[0;39m Exposing JPA transaction as JDBC [org.springframework.orm.jpa.vendor.HibernateJpaDialect$HibernateConnectionHandle@64631e58]
Hibernate: 
    select
        project0_.id as id1_2_0_,
        project0_.actual_cost as actual_c2_2_0_,
        project0_.approver_id as approve13_2_0_,
        project0_.budget_cost as budget_c3_2_0_,
        project0_.creation_date as creation4_2_0_,
        project0_.description as descript5_2_0_,
        project0_.forecasted_cost as forecast6_2_0_,
        project0_.health_id as health_14_2_0_,
        project0_.implementation_date as implemen7_2_0_,
        project0_.is_deleted as is_delet8_2_0_,
        project0_.last_update_date as last_upd9_2_0_,
        project0_.milestone_date as milesto10_2_0_,
        project0_.milestone_status_id as milesto15_2_0_,
        project0_.name as name11_2_0_,
        project0_.state_id as state_i16_2_0_,
        project0_.submitter_id as submitt17_2_0_,
        project0_.summary as summary12_2_0_ 
    from
        project project0_ 
    where
        project0_.id=? 
        and (
            project0_.is_deleted = 0 
        ) 
?[2m2019-02-24 20:13:34.015?[0;39m ?[32mTRACE?[0;39m ?[35m30201?[0;39m ?[2m---?[0;39m ?[2m[    Test worker]?[0;39m ?[36mo.h.type.descriptor.sql.BasicBinder     ?[0;39m ?[2m:?[0;39m binding parameter [1] as [BIGINT] - [100]
?[2m2019-02-24 20:13:34.034?[0;39m ?[32mTRACE?[0;39m ?[35m30201?[0;39m ?[2m---?[0;39m ?[2m[    Test worker]?[0;39m ?[36mo.h.type.descriptor.sql.BasicExtractor  ?[0;39m ?[2m:?[0;39m extracted value ([actual_c2_2_0_] : [DOUBLE]) - [null]
?[2m2019-02-24 20:13:34.035?[0;39m ?[32mTRACE?[0;39m ?[35m30201?[0;39m ?[2m---?[0;39m ?[2m[    Test worker]?[0;39m ?[36mo.h.type.descriptor.sql.BasicExtractor  ?[0;39m ?[2m:?[0;39m extracted value ([approve13_2_0_] : [BIGINT]) - [null]
?[2m2019-02-24 20:13:34.035?[0;39m ?[32mTRACE?[0;39m ?[35m30201?[0;39m ?[2m---?[0;39m ?[2m[    Test worker]?[0;39m ?[36mo.h.type.descriptor.sql.BasicExtractor  ?[0;39m ?[2m:?[0;39m extracted value ([budget_c3_2_0_] : [DOUBLE]) - [null]
?[2m2019-02-24 20:13:34.036?[0;39m ?[32mTRACE?[0;39m ?[35m30201?[0;39m ?[2m---?[0;39m ?[2m[    Test worker]?[0;39m ?[36mo.h.type.descriptor.sql.BasicExtractor  ?[0;39m ?[2m:?[0;39m extracted value ([creation4_2_0_] : [TIMESTAMP]) - [null]
?[2m2019-02-24 20:13:34.036?[0;39m ?[32mTRACE?[0;39m ?[35m30201?[0;39m ?[2m---?[0;39m ?[2m[    Test worker]?[0;39m ?[36mo.h.type.descriptor.sql.BasicExtractor  ?[0;39m ?[2m:?[0;39m extracted value ([descript5_2_0_] : [VARCHAR]) - [First Desc]
?[2m2019-02-24 20:13:34.036?[0;39m ?[32mTRACE?[0;39m ?[35m30201?[0;39m ?[2m---?[0;39m ?[2m[    Test worker]?[0;39m ?[36mo.h.type.descriptor.sql.BasicExtractor  ?[0;39m ?[2m:?[0;39m extracted value ([forecast6_2_0_] : [DOUBLE]) - [null]
?[2m2019-02-24 20:13:34.037?[0;39m ?[32mTRACE?[0;39m ?[35m30201?[0;39m ?[2m---?[0;39m ?[2m[    Test worker]?[0;39m ?[36mo.h.type.descriptor.sql.BasicExtractor  ?[0;39m ?[2m:?[0;39m extracted value ([health_14_2_0_] : [BIGINT]) - [1]
?[2m2019-02-24 20:13:34.037?[0;39m ?[32mTRACE?[0;39m ?[35m30201?[0;39m ?[2m---?[0;39m ?[2m[    Test worker]?[0;39m ?[36mo.h.type.descriptor.sql.BasicExtractor  ?[0;39m ?[2m:?[0;39m extracted value ([implemen7_2_0_] : [TIMESTAMP]) - [null]
?[2m2019-02-24 20:13:34.037?[0;39m ?[32mTRACE?[0;39m ?[35m30201?[0;39m ?[2m---?[0;39m ?[2m[    Test worker]?[0;39m ?[36mo.h.type.descriptor.sql.BasicExtractor  ?[0;39m ?[2m:?[0;39m extracted value ([is_delet8_2_0_] : [BOOLEAN]) - [false]
?[2m2019-02-24 20:13:34.038?[0;39m ?[32mTRACE?[0;39m ?[35m30201?[0;39m ?[2m---?[0;39m ?[2m[    Test worker]?[0;39m ?[36mo.h.type.descriptor.sql.BasicExtractor  ?[0;39m ?[2m:?[0;39m extracted value ([last_upd9_2_0_] : [TIMESTAMP]) - [null]
?[2m2019-02-24 20:13:34.038?[0;39m ?[32mTRACE?[0;39m ?[35m30201?[0;39m ?[2m---?[0;39m ?[2m[    Test worker]?[0;39m ?[36mo.h.type.descriptor.sql.BasicExtractor  ?[0;39m ?[2m:?[0;39m extracted value ([milesto10_2_0_] : [TIMESTAMP]) - [null]
?[2m2019-02-24 20:13:34.038?[0;39m ?[32mTRACE?[0;39m ?[35m30201?[0;39m ?[2m---?[0;39m ?[2m[    Test worker]?[0;39m ?[36mo.h.type.descriptor.sql.BasicExtractor  ?[0;39m ?[2m:?[0;39m extracted value ([milesto15_2_0_] : [BIGINT]) - [null]
?[2m2019-02-24 20:13:34.039?[0;39m ?[32mTRACE?[0;39m ?[35m30201?[0;39m ?[2m---?[0;39m ?[2m[    Test worker]?[0;39m ?[36mo.h.type.descriptor.sql.BasicExtractor  ?[0;39m ?[2m:?[0;39m extracted value ([name11_2_0_] : [VARCHAR]) - [First Project]
?[2m2019-02-24 20:13:34.039?[0;39m ?[32mTRACE?[0;39m ?[35m30201?[0;39m ?[2m---?[0;39m ?[2m[    Test worker]?[0;39m ?[36mo.h.type.descriptor.sql.BasicExtractor  ?[0;39m ?[2m:?[0;39m extracted value ([state_i16_2_0_] : [BIGINT]) - [1]
?[2m2019-02-24 20:13:34.039?[0;39m ?[32mTRACE?[0;39m ?[35m30201?[0;39m ?[2m---?[0;39m ?[2m[    Test worker]?[0;39m ?[36mo.h.type.descriptor.sql.BasicExtractor  ?[0;39m ?[2m:?[0;39m extracted value ([submitt17_2_0_] : [BIGINT]) - [null]
?[2m2019-02-24 20:13:34.040?[0;39m ?[32mTRACE?[0;39m ?[35m30201?[0;39m ?[2m---?[0;39m ?[2m[    Test worker]?[0;39m ?[36mo.h.type.descriptor.sql.BasicExtractor  ?[0;39m ?[2m:?[0;39m extracted value ([summary12_2_0_] : [VARCHAR]) - [First Summary]
Hibernate: 
    select
        health0_.id as id1_1_0_,
        health0_.creation_date as creation2_1_0_,
        health0_.last_update_date as last_upd3_1_0_,
        health0_.name as name4_1_0_ 
    from
        health health0_ 
    where
        health0_.id=?
?[2m2019-02-24 20:13:34.042?[0;39m ?[32mTRACE?[0;39m ?[35m30201?[0;39m ?[2m---?[0;39m ?[2m[    Test worker]?[0;39m ?[36mo.h.type.descriptor.sql.BasicBinder     ?[0;39m ?[2m:?[0;39m binding parameter [1] as [BIGINT] - [1]
?[2m2019-02-24 20:13:34.043?[0;39m ?[32mTRACE?[0;39m ?[35m30201?[0;39m ?[2m---?[0;39m ?[2m[    Test worker]?[0;39m ?[36mo.h.type.descriptor.sql.BasicExtractor  ?[0;39m ?[2m:?[0;39m extracted value ([creation2_1_0_] : [TIMESTAMP]) - [null]
?[2m2019-02-24 20:13:34.053?[0;39m ?[32mTRACE?[0;39m ?[35m30201?[0;39m ?[2m---?[0;39m ?[2m[    Test worker]?[0;39m ?[36mo.h.type.descriptor.sql.BasicExtractor  ?[0;39m ?[2m:?[0;39m extracted value ([last_upd3_1_0_] : [TIMESTAMP]) - [null]
?[2m2019-02-24 20:13:34.053?[0;39m ?[32mTRACE?[0;39m ?[35m30201?[0;39m ?[2m---?[0;39m ?[2m[    Test worker]?[0;39m ?[36mo.h.type.descriptor.sql.BasicExtractor  ?[0;39m ?[2m:?[0;39m extracted value ([name4_1_0_] : [VARCHAR]) - [Active]
Hibernate: 
    select
        status0_.id as id1_3_0_,
        status0_.creation_date as creation2_3_0_,
        status0_.last_update_date as last_upd3_3_0_,
        status0_.name as name4_3_0_ 
    from
        status status0_ 
    where
        status0_.id=?
?[2m2019-02-24 20:13:34.057?[0;39m ?[32mTRACE?[0;39m ?[35m30201?[0;39m ?[2m---?[0;39m ?[2m[    Test worker]?[0;39m ?[36mo.h.type.descriptor.sql.BasicBinder     ?[0;39m ?[2m:?[0;39m binding parameter [1] as [BIGINT] - [1]
?[2m2019-02-24 20:13:34.058?[0;39m ?[32mTRACE?[0;39m ?[35m30201?[0;39m ?[2m---?[0;39m ?[2m[    Test worker]?[0;39m ?[36mo.h.type.descriptor.sql.BasicExtractor  ?[0;39m ?[2m:?[0;39m extracted value ([creation2_3_0_] : [TIMESTAMP]) - [null]
?[2m2019-02-24 20:13:34.059?[0;39m ?[32mTRACE?[0;39m ?[35m30201?[0;39m ?[2m---?[0;39m ?[2m[    Test worker]?[0;39m ?[36mo.h.type.descriptor.sql.BasicExtractor  ?[0;39m ?[2m:?[0;39m extracted value ([last_upd3_3_0_] : [TIMESTAMP]) - [null]
?[2m2019-02-24 20:13:34.059?[0;39m ?[32mTRACE?[0;39m ?[35m30201?[0;39m ?[2m---?[0;39m ?[2m[    Test worker]?[0;39m ?[36mo.h.type.descriptor.sql.BasicExtractor  ?[0;39m ?[2m:?[0;39m extracted value ([name4_3_0_] : [VARCHAR]) - [Active]
?[2m2019-02-24 20:13:34.064?[0;39m ?[32mDEBUG?[0;39m ?[35m30201?[0;39m ?[2m---?[0;39m ?[2m[    Test worker]?[0;39m ?[36mo.s.orm.jpa.JpaTransactionManager       ?[0;39m ?[2m:?[0;39m Initiating transaction commit
?[2m2019-02-24 20:13:34.073?[0;39m ?[32mDEBUG?[0;39m ?[35m30201?[0;39m ?[2m---?[0;39m ?[2m[    Test worker]?[0;39m ?[36mo.s.orm.jpa.JpaTransactionManager       ?[0;39m ?[2m:?[0;39m Committing JPA transaction on EntityManager [SessionImpl(1741549957<open>)]
Hibernate: 
    update
        project 
    set
        actual_cost=?,
        approver_id=?,
        budget_cost=?,
        creation_date=?,
        description=?,
        forecasted_cost=?,
        health_id=?,
        implementation_date=?,
        is_deleted=?,
        last_update_date=?,
        milestone_date=?,
        milestone_status_id=?,
        name=?,
        state_id=?,
        submitter_id=?,
        summary=? 
    where
        id=?
?[2m2019-02-24 20:13:34.103?[0;39m ?[32mTRACE?[0;39m ?[35m30201?[0;39m ?[2m---?[0;39m ?[2m[    Test worker]?[0;39m ?[36mo.h.type.descriptor.sql.BasicBinder     ?[0;39m ?[2m:?[0;39m binding parameter [1] as [DOUBLE] - [null]
?[2m2019-02-24 20:13:34.104?[0;39m ?[32mTRACE?[0;39m ?[35m30201?[0;39m ?[2m---?[0;39m ?[2m[    Test worker]?[0;39m ?[36mo.h.type.descriptor.sql.BasicBinder     ?[0;39m ?[2m:?[0;39m binding parameter [2] as [BIGINT] - [null]
?[2m2019-02-24 20:13:34.104?[0;39m ?[32mTRACE?[0;39m ?[35m30201?[0;39m ?[2m---?[0;39m ?[2m[    Test worker]?[0;39m ?[36mo.h.type.descriptor.sql.BasicBinder     ?[0;39m ?[2m:?[0;39m binding parameter [3] as [DOUBLE] - [null]
?[2m2019-02-24 20:13:34.105?[0;39m ?[32mTRACE?[0;39m ?[35m30201?[0;39m ?[2m---?[0;39m ?[2m[    Test worker]?[0;39m ?[36mo.h.type.descriptor.sql.BasicBinder     ?[0;39m ?[2m:?[0;39m binding parameter [4] as [TIMESTAMP] - [null]
?[2m2019-02-24 20:13:34.107?[0;39m ?[32mTRACE?[0;39m ?[35m30201?[0;39m ?[2m---?[0;39m ?[2m[    Test worker]?[0;39m ?[36mo.h.type.descriptor.sql.BasicBinder     ?[0;39m ?[2m:?[0;39m binding parameter [5] as [VARCHAR] - [First Desc]
?[2m2019-02-24 20:13:34.108?[0;39m ?[32mTRACE?[0;39m ?[35m30201?[0;39m ?[2m---?[0;39m ?[2m[    Test worker]?[0;39m ?[36mo.h.type.descriptor.sql.BasicBinder     ?[0;39m ?[2m:?[0;39m binding parameter [6] as [DOUBLE] - [null]
?[2m2019-02-24 20:13:34.108?[0;39m ?[32mTRACE?[0;39m ?[35m30201?[0;39m ?[2m---?[0;39m ?[2m[    Test worker]?[0;39m ?[36mo.h.type.descriptor.sql.BasicBinder     ?[0;39m ?[2m:?[0;39m binding parameter [7] as [BIGINT] - [1]
?[2m2019-02-24 20:13:34.109?[0;39m ?[32mTRACE?[0;39m ?[35m30201?[0;39m ?[2m---?[0;39m ?[2m[    Test worker]?[0;39m ?[36mo.h.type.descriptor.sql.BasicBinder     ?[0;39m ?[2m:?[0;39m binding parameter [8] as [TIMESTAMP] - [null]
?[2m2019-02-24 20:13:34.110?[0;39m ?[32mTRACE?[0;39m ?[35m30201?[0;39m ?[2m---?[0;39m ?[2m[    Test worker]?[0;39m ?[36mo.h.type.descriptor.sql.BasicBinder     ?[0;39m ?[2m:?[0;39m binding parameter [9] as [BOOLEAN] - [false]
?[2m2019-02-24 20:13:34.111?[0;39m ?[32mTRACE?[0;39m ?[35m30201?[0;39m ?[2m---?[0;39m ?[2m[    Test worker]?[0;39m ?[36mo.h.type.descriptor.sql.BasicBinder     ?[0;39m ?[2m:?[0;39m binding parameter [10] as [TIMESTAMP] - [2019-02-24T20:13:34.091]
?[2m2019-02-24 20:13:34.115?[0;39m ?[32mTRACE?[0;39m ?[35m30201?[0;39m ?[2m---?[0;39m ?[2m[    Test worker]?[0;39m ?[36mo.h.type.descriptor.sql.BasicBinder     ?[0;39m ?[2m:?[0;39m binding parameter [11] as [TIMESTAMP] - [null]
?[2m2019-02-24 20:13:34.116?[0;39m ?[32mTRACE?[0;39m ?[35m30201?[0;39m ?[2m---?[0;39m ?[2m[    Test worker]?[0;39m ?[36mo.h.type.descriptor.sql.BasicBinder     ?[0;39m ?[2m:?[0;39m binding parameter [12] as [BIGINT] - [null]
?[2m2019-02-24 20:13:34.117?[0;39m ?[32mTRACE?[0;39m ?[35m30201?[0;39m ?[2m---?[0;39m ?[2m[    Test worker]?[0;39m ?[36mo.h.type.descriptor.sql.BasicBinder     ?[0;39m ?[2m:?[0;39m binding parameter [13] as [VARCHAR] - [Updated project name]
?[2m2019-02-24 20:13:34.118?[0;39m ?[32mTRACE?[0;39m ?[35m30201?[0;39m ?[2m---?[0;39m ?[2m[    Test worker]?[0;39m ?[36mo.h.type.descriptor.sql.BasicBinder     ?[0;39m ?[2m:?[0;39m binding parameter [14] as [BIGINT] - [1]
?[2m2019-02-24 20:13:34.118?[0;39m ?[32mTRACE?[0;39m ?[35m30201?[0;39m ?[2m---?[0;39m ?[2m[    Test worker]?[0;39m ?[36mo.h.type.descriptor.sql.BasicBinder     ?[0;39m ?[2m:?[0;39m binding parameter [15] as [BIGINT] - [null]
?[2m2019-02-24 20:13:34.119?[0;39m ?[32mTRACE?[0;39m ?[35m30201?[0;39m ?[2m---?[0;39m ?[2m[    Test worker]?[0;39m ?[36mo.h.type.descriptor.sql.BasicBinder     ?[0;39m ?[2m:?[0;39m binding parameter [16] as [VARCHAR] - [First Summary]
?[2m2019-02-24 20:13:34.119?[0;39m ?[32mTRACE?[0;39m ?[35m30201?[0;39m ?[2m---?[0;39m ?[2m[    Test worker]?[0;39m ?[36mo.h.type.descriptor.sql.BasicBinder     ?[0;39m ?[2m:?[0;39m binding parameter [17] as [BIGINT] - [100]
?[2m2019-02-24 20:13:34.126?[0;39m ?[32mDEBUG?[0;39m ?[35m30201?[0;39m ?[2m---?[0;39m ?[2m[    Test worker]?[0;39m ?[36mo.s.orm.jpa.JpaTransactionManager       ?[0;39m ?[2m:?[0;39m Closing JPA EntityManager [SessionImpl(1741549957<open>)] after transaction
?[2m2019-02-24 20:13:34.127?[0;39m ?[32m INFO?[0;39m ?[35m30201?[0;39m ?[2m---?[0;39m ?[2m[    Test worker]?[0;39m ?[36mi.StatisticalLoggingSessionEventListener?[0;39m ?[2m:?[0;39m Session Metrics {
    30511 nanoseconds spent acquiring 1 JDBC connections;
    0 nanoseconds spent releasing 0 JDBC connections;
    3458193 nanoseconds spent preparing 4 JDBC statements;
    3271107 nanoseconds spent executing 4 JDBC statements;
    0 nanoseconds spent executing 0 JDBC batches;
    0 nanoseconds spent performing 0 L2C puts;
    0 nanoseconds spent performing 0 L2C hits;
    0 nanoseconds spent performing 0 L2C misses;
    51781808 nanoseconds spent executing 1 flushes (flushing a total of 3 entities and 0 collections);
    0 nanoseconds spent executing 0 partial-flushes (flushing a total of 0 entities and 0 collections)
}
?[2m2019-02-24 20:13:34.130?[0;39m ?[32m INFO?[0;39m ?[35m30201?[0;39m ?[2m---?[0;39m ?[2m[    Test worker]?[0;39m ?[36mc.tool.reporting.service.ProjectService ?[0;39m ?[2m:?[0;39m ProjectService: findById() method called
?[2m2019-02-24 20:13:34.130?[0;39m ?[32mDEBUG?[0;39m ?[35m30201?[0;39m ?[2m---?[0;39m ?[2m[    Test worker]?[0;39m ?[36mo.s.orm.jpa.JpaTransactionManager       ?[0;39m ?[2m:?[0;39m Creating new transaction with name [org.springframework.data.jpa.repository.support.SimpleJpaRepository.findById]: PROPAGATION_REQUIRED,ISOLATION_DEFAULT,readOnly
?[2m2019-02-24 20:13:34.131?[0;39m ?[32mDEBUG?[0;39m ?[35m30201?[0;39m ?[2m---?[0;39m ?[2m[    Test worker]?[0;39m ?[36mo.s.orm.jpa.JpaTransactionManager       ?[0;39m ?[2m:?[0;39m Opened new EntityManager [SessionImpl(238764986<open>)] for JPA transaction
?[2m2019-02-24 20:13:34.132?[0;39m ?[32mDEBUG?[0;39m ?[35m30201?[0;39m ?[2m---?[0;39m ?[2m[    Test worker]?[0;39m ?[36mo.s.jdbc.datasource.DataSourceUtils     ?[0;39m ?[2m:?[0;39m Setting JDBC Connection [HikariProxyConnection@281774810 wrapping conn0: url=jdbc:h2:mem:testdb user=SA] read-only
?[2m2019-02-24 20:13:34.132?[0;39m ?[32mDEBUG?[0;39m ?[35m30201?[0;39m ?[2m---?[0;39m ?[2m[    Test worker]?[0;39m ?[36mo.s.orm.jpa.JpaTransactionManager       ?[0;39m ?[2m:?[0;39m Exposing JPA transaction as JDBC [org.springframework.orm.jpa.vendor.HibernateJpaDialect$HibernateConnectionHandle@cb6e29d]
Hibernate: 
    select
        project0_.id as id1_2_0_,
        project0_.actual_cost as actual_c2_2_0_,
        project0_.approver_id as approve13_2_0_,
        project0_.budget_cost as budget_c3_2_0_,
        project0_.creation_date as creation4_2_0_,
        project0_.description as descript5_2_0_,
        project0_.forecasted_cost as forecast6_2_0_,
        project0_.health_id as health_14_2_0_,
        project0_.implementation_date as implemen7_2_0_,
        project0_.is_deleted as is_delet8_2_0_,
        project0_.last_update_date as last_upd9_2_0_,
        project0_.milestone_date as milesto10_2_0_,
        project0_.milestone_status_id as milesto15_2_0_,
        project0_.name as name11_2_0_,
        project0_.state_id as state_i16_2_0_,
        project0_.submitter_id as submitt17_2_0_,
        project0_.summary as summary12_2_0_,
        employee1_.id as id1_0_1_,
        employee1_.creation_date as creation2_0_1_,
        employee1_.last_update_date as last_upd3_0_1_,
        employee1_.name as name4_0_1_,
        health2_.id as id1_1_2_,
        health2_.creation_date as creation2_1_2_,
        health2_.last_update_date as last_upd3_1_2_,
        health2_.name as name4_1_2_,
        status3_.id as id1_3_3_,
        status3_.creation_date as creation2_3_3_,
        status3_.last_update_date as last_upd3_3_3_,
        status3_.name as name4_3_3_,
        status4_.id as id1_3_4_,
        status4_.creation_date as creation2_3_4_,
        status4_.last_update_date as last_upd3_3_4_,
        status4_.name as name4_3_4_,
        employee5_.id as id1_0_5_,
        employee5_.creation_date as creation2_0_5_,
        employee5_.last_update_date as last_upd3_0_5_,
        employee5_.name as name4_0_5_ 
    from
        project project0_ 
    left outer join
        employee employee1_ 
            on project0_.approver_id=employee1_.id 
    left outer join
        health health2_ 
            on project0_.health_id=health2_.id 
    left outer join
        status status3_ 
            on project0_.milestone_status_id=status3_.id 
    left outer join
        status status4_ 
            on project0_.state_id=status4_.id 
    left outer join
        employee employee5_ 
            on project0_.submitter_id=employee5_.id 
    where
        project0_.id=? 
        and (
            project0_.is_deleted = 0 
        )
?[2m2019-02-24 20:13:34.144?[0;39m ?[32mTRACE?[0;39m ?[35m30201?[0;39m ?[2m---?[0;39m ?[2m[    Test worker]?[0;39m ?[36mo.h.type.descriptor.sql.BasicBinder     ?[0;39m ?[2m:?[0;39m binding parameter [1] as [BIGINT] - [100]
?[2m2019-02-24 20:13:34.146?[0;39m ?[32mTRACE?[0;39m ?[35m30201?[0;39m ?[2m---?[0;39m ?[2m[    Test worker]?[0;39m ?[36mo.h.type.descriptor.sql.BasicExtractor  ?[0;39m ?[2m:?[0;39m extracted value ([id1_0_1_] : [BIGINT]) - [null]
?[2m2019-02-24 20:13:34.147?[0;39m ?[32mTRACE?[0;39m ?[35m30201?[0;39m ?[2m---?[0;39m ?[2m[    Test worker]?[0;39m ?[36mo.h.type.descriptor.sql.BasicExtractor  ?[0;39m ?[2m:?[0;39m extracted value ([id1_1_2_] : [BIGINT]) - [1]
?[2m2019-02-24 20:13:34.147?[0;39m ?[32mTRACE?[0;39m ?[35m30201?[0;39m ?[2m---?[0;39m ?[2m[    Test worker]?[0;39m ?[36mo.h.type.descriptor.sql.BasicExtractor  ?[0;39m ?[2m:?[0;39m extracted value ([id1_3_3_] : [BIGINT]) - [null]
?[2m2019-02-24 20:13:34.148?[0;39m ?[32mTRACE?[0;39m ?[35m30201?[0;39m ?[2m---?[0;39m ?[2m[    Test worker]?[0;39m ?[36mo.h.type.descriptor.sql.BasicExtractor  ?[0;39m ?[2m:?[0;39m extracted value ([id1_3_4_] : [BIGINT]) - [1]
?[2m2019-02-24 20:13:34.148?[0;39m ?[32mTRACE?[0;39m ?[35m30201?[0;39m ?[2m---?[0;39m ?[2m[    Test worker]?[0;39m ?[36mo.h.type.descriptor.sql.BasicExtractor  ?[0;39m ?[2m:?[0;39m extracted value ([id1_0_5_] : [BIGINT]) - [null]
?[2m2019-02-24 20:13:34.149?[0;39m ?[32mTRACE?[0;39m ?[35m30201?[0;39m ?[2m---?[0;39m ?[2m[    Test worker]?[0;39m ?[36mo.h.type.descriptor.sql.BasicExtractor  ?[0;39m ?[2m:?[0;39m extracted value ([actual_c2_2_0_] : [DOUBLE]) - [null]
?[2m2019-02-24 20:13:34.150?[0;39m ?[32mTRACE?[0;39m ?[35m30201?[0;39m ?[2m---?[0;39m ?[2m[    Test worker]?[0;39m ?[36mo.h.type.descriptor.sql.BasicExtractor  ?[0;39m ?[2m:?[0;39m extracted value ([approve13_2_0_] : [BIGINT]) - [null]
?[2m2019-02-24 20:13:34.150?[0;39m ?[32mTRACE?[0;39m ?[35m30201?[0;39m ?[2m---?[0;39m ?[2m[    Test worker]?[0;39m ?[36mo.h.type.descriptor.sql.BasicExtractor  ?[0;39m ?[2m:?[0;39m extracted value ([budget_c3_2_0_] : [DOUBLE]) - [null]
?[2m2019-02-24 20:13:34.151?[0;39m ?[32mTRACE?[0;39m ?[35m30201?[0;39m ?[2m---?[0;39m ?[2m[    Test worker]?[0;39m ?[36mo.h.type.descriptor.sql.BasicExtractor  ?[0;39m ?[2m:?[0;39m extracted value ([creation4_2_0_] : [TIMESTAMP]) - [null]
?[2m2019-02-24 20:13:34.151?[0;39m ?[32mTRACE?[0;39m ?[35m30201?[0;39m ?[2m---?[0;39m ?[2m[    Test worker]?[0;39m ?[36mo.h.type.descriptor.sql.BasicExtractor  ?[0;39m ?[2m:?[0;39m extracted value ([descript5_2_0_] : [VARCHAR]) - [First Desc]
?[2m2019-02-24 20:13:34.152?[0;39m ?[32mTRACE?[0;39m ?[35m30201?[0;39m ?[2m---?[0;39m ?[2m[    Test worker]?[0;39m ?[36mo.h.type.descriptor.sql.BasicExtractor  ?[0;39m ?[2m:?[0;39m extracted value ([forecast6_2_0_] : [DOUBLE]) - [null]
?[2m2019-02-24 20:13:34.152?[0;39m ?[32mTRACE?[0;39m ?[35m30201?[0;39m ?[2m---?[0;39m ?[2m[    Test worker]?[0;39m ?[36mo.h.type.descriptor.sql.BasicExtractor  ?[0;39m ?[2m:?[0;39m extracted value ([health_14_2_0_] : [BIGINT]) - [1]
?[2m2019-02-24 20:13:34.153?[0;39m ?[32mTRACE?[0;39m ?[35m30201?[0;39m ?[2m---?[0;39m ?[2m[    Test worker]?[0;39m ?[36mo.h.type.descriptor.sql.BasicExtractor  ?[0;39m ?[2m:?[0;39m extracted value ([implemen7_2_0_] : [TIMESTAMP]) - [null]
?[2m2019-02-24 20:13:34.153?[0;39m ?[32mTRACE?[0;39m ?[35m30201?[0;39m ?[2m---?[0;39m ?[2m[    Test worker]?[0;39m ?[36mo.h.type.descriptor.sql.BasicExtractor  ?[0;39m ?[2m:?[0;39m extracted value ([is_delet8_2_0_] : [BOOLEAN]) - [false]
?[2m2019-02-24 20:13:34.154?[0;39m ?[32mTRACE?[0;39m ?[35m30201?[0;39m ?[2m---?[0;39m ?[2m[    Test worker]?[0;39m ?[36mo.h.type.descriptor.sql.BasicExtractor  ?[0;39m ?[2m:?[0;39m extracted value ([last_upd9_2_0_] : [TIMESTAMP]) - [2019-02-24T20:13:34.091]
?[2m2019-02-24 20:13:34.155?[0;39m ?[32mTRACE?[0;39m ?[35m30201?[0;39m ?[2m---?[0;39m ?[2m[    Test worker]?[0;39m ?[36mo.h.type.descriptor.sql.BasicExtractor  ?[0;39m ?[2m:?[0;39m extracted value ([milesto10_2_0_] : [TIMESTAMP]) - [null]
?[2m2019-02-24 20:13:34.155?[0;39m ?[32mTRACE?[0;39m ?[35m30201?[0;39m ?[2m---?[0;39m ?[2m[    Test worker]?[0;39m ?[36mo.h.type.descriptor.sql.BasicExtractor  ?[0;39m ?[2m:?[0;39m extracted value ([milesto15_2_0_] : [BIGINT]) - [null]
?[2m2019-02-24 20:13:34.156?[0;39m ?[32mTRACE?[0;39m ?[35m30201?[0;39m ?[2m---?[0;39m ?[2m[    Test worker]?[0;39m ?[36mo.h.type.descriptor.sql.BasicExtractor  ?[0;39m ?[2m:?[0;39m extracted value ([name11_2_0_] : [VARCHAR]) - [Updated project name]
?[2m2019-02-24 20:13:34.156?[0;39m ?[32mTRACE?[0;39m ?[35m30201?[0;39m ?[2m---?[0;39m ?[2m[    Test worker]?[0;39m ?[36mo.h.type.descriptor.sql.BasicExtractor  ?[0;39m ?[2m:?[0;39m extracted value ([state_i16_2_0_] : [BIGINT]) - [1]
?[2m2019-02-24 20:13:34.156?[0;39m ?[32mTRACE?[0;39m ?[35m30201?[0;39m ?[2m---?[0;39m ?[2m[    Test worker]?[0;39m ?[36mo.h.type.descriptor.sql.BasicExtractor  ?[0;39m ?[2m:?[0;39m extracted value ([submitt17_2_0_] : [BIGINT]) - [null]
?[2m2019-02-24 20:13:34.157?[0;39m ?[32mTRACE?[0;39m ?[35m30201?[0;39m ?[2m---?[0;39m ?[2m[    Test worker]?[0;39m ?[36mo.h.type.descriptor.sql.BasicExtractor  ?[0;39m ?[2m:?[0;39m extracted value ([summary12_2_0_] : [VARCHAR]) - [First Summary]
?[2m2019-02-24 20:13:34.157?[0;39m ?[32mTRACE?[0;39m ?[35m30201?[0;39m ?[2m---?[0;39m ?[2m[    Test worker]?[0;39m ?[36mo.h.type.descriptor.sql.BasicExtractor  ?[0;39m ?[2m:?[0;39m extracted value ([creation2_1_2_] : [TIMESTAMP]) - [null]
?[2m2019-02-24 20:13:34.158?[0;39m ?[32mTRACE?[0;39m ?[35m30201?[0;39m ?[2m---?[0;39m ?[2m[    Test worker]?[0;39m ?[36mo.h.type.descriptor.sql.BasicExtractor  ?[0;39m ?[2m:?[0;39m extracted value ([last_upd3_1_2_] : [TIMESTAMP]) - [null]
?[2m2019-02-24 20:13:34.158?[0;39m ?[32mTRACE?[0;39m ?[35m30201?[0;39m ?[2m---?[0;39m ?[2m[    Test worker]?[0;39m ?[36mo.h.type.descriptor.sql.BasicExtractor  ?[0;39m ?[2m:?[0;39m extracted value ([name4_1_2_] : [VARCHAR]) - [Active]
?[2m2019-02-24 20:13:34.159?[0;39m ?[32mTRACE?[0;39m ?[35m30201?[0;39m ?[2m---?[0;39m ?[2m[    Test worker]?[0;39m ?[36mo.h.type.descriptor.sql.BasicExtractor  ?[0;39m ?[2m:?[0;39m extracted value ([creation2_3_4_] : [TIMESTAMP]) - [null]
?[2m2019-02-24 20:13:34.159?[0;39m ?[32mTRACE?[0;39m ?[35m30201?[0;39m ?[2m---?[0;39m ?[2m[    Test worker]?[0;39m ?[36mo.h.type.descriptor.sql.BasicExtractor  ?[0;39m ?[2m:?[0;39m extracted value ([last_upd3_3_4_] : [TIMESTAMP]) - [null]
?[2m2019-02-24 20:13:34.160?[0;39m ?[32mTRACE?[0;39m ?[35m30201?[0;39m ?[2m---?[0;39m ?[2m[    Test worker]?[0;39m ?[36mo.h.type.descriptor.sql.BasicExtractor  ?[0;39m ?[2m:?[0;39m extracted value ([name4_3_4_] : [VARCHAR]) - [Active]
?[2m2019-02-24 20:13:34.161?[0;39m ?[32mDEBUG?[0;39m ?[35m30201?[0;39m ?[2m---?[0;39m ?[2m[    Test worker]?[0;39m ?[36mo.s.orm.jpa.JpaTransactionManager       ?[0;39m ?[2m:?[0;39m Initiating transaction commit
?[2m2019-02-24 20:13:34.162?[0;39m ?[32mDEBUG?[0;39m ?[35m30201?[0;39m ?[2m---?[0;39m ?[2m[    Test worker]?[0;39m ?[36mo.s.orm.jpa.JpaTransactionManager       ?[0;39m ?[2m:?[0;39m Committing JPA transaction on EntityManager [SessionImpl(238764986<open>)]
?[2m2019-02-24 20:13:34.163?[0;39m ?[32mDEBUG?[0;39m ?[35m30201?[0;39m ?[2m---?[0;39m ?[2m[    Test worker]?[0;39m ?[36mo.s.orm.jpa.JpaTransactionManager       ?[0;39m ?[2m:?[0;39m Closing JPA EntityManager [SessionImpl(238764986<open>)] after transaction
?[2m2019-02-24 20:13:34.164?[0;39m ?[32m INFO?[0;39m ?[35m30201?[0;39m ?[2m---?[0;39m ?[2m[    Test worker]?[0;39m ?[36mi.StatisticalLoggingSessionEventListener?[0;39m ?[2m:?[0;39m Session Metrics {
    28911 nanoseconds spent acquiring 1 JDBC connections;
    0 nanoseconds spent releasing 0 JDBC connections;
    99756 nanoseconds spent preparing 1 JDBC statements;
    642390 nanoseconds spent executing 1 JDBC statements;
    0 nanoseconds spent executing 0 JDBC batches;
    0 nanoseconds spent performing 0 L2C puts;
    0 nanoseconds spent performing 0 L2C hits;
    0 nanoseconds spent performing 0 L2C misses;
    0 nanoseconds spent executing 0 flushes (flushing a total of 0 entities and 0 collections);
    0 nanoseconds spent executing 0 partial-flushes (flushing a total of 0 entities and 0 collections)
}
?[2m2019-02-24 20:13:34.166?[0;39m ?[32m INFO?[0;39m ?[35m30201?[0;39m ?[2m---?[0;39m ?[2m[    Test worker]?[0;39m ?[36mcom.tool.reporting.ProjectServiceTest   ?[0;39m ?[2m:?[0;39m ProjectServiceTest: updateProject(): Found Project Project(id=100, submitter=null, name=Updated project name, description=First Desc, approver=null, state=Status(id=1, name=Active, creationDate=null, lastUpdateDate=null), health=Health(id=1, name=Active, creationDate=null, lastUpdateDate=null), summary=First Summary, budgetCost=null, actualCost=null, forecastedCost=null, implementationDate=null, milestoneDate=null, milestoneStatus=null, isDeleted=false, creationDate=null, lastUpdateDate=2019-02-24T20:13:34.091)
?[2m2019-02-24 20:13:34.169?[0;39m ?[32mDEBUG?[0;39m ?[35m30201?[0;39m ?[2m---?[0;39m ?[2m[    Test worker]?[0;39m ?[36mc.DefaultCacheAwareContextLoaderDelegate?[0;39m ?[2m:?[0;39m Retrieved ApplicationContext from cache with key [[MergedContextConfiguration@3e2acc98 testClass = ProjectServiceTest, locations = '{}', classes = '{class com.tool.reporting.SpringCoreApplication, class com.tool.reporting.SpringCoreApplication}', contextInitializerClasses = '[]', activeProfiles = '{}', propertySourceLocations = '{}', propertySourceProperties = '{org.springframework.boot.test.context.SpringBootTestContextBootstrapper=true}', contextCustomizers = set[org.spockframework.spring.mock.SpockContextCustomizer@0, org.springframework.boot.test.autoconfigure.properties.PropertyMappingContextCustomizer@0, org.springframework.boot.test.autoconfigure.web.servlet.WebDriverContextCustomizerFactory$Customizer@f9b5fd8, org.springframework.boot.test.context.filter.ExcludeFilterContextCustomizer@5d4634c4, org.springframework.boot.test.json.DuplicateJsonObjectContextCustomizerFactory$DuplicateJsonObjectContextCustomizer@32fb2516, org.springframework.boot.test.mock.mockito.MockitoContextCustomizer@0, org.springframework.boot.test.web.client.TestRestTemplateContextCustomizer@5e15b86d], contextLoader = 'org.springframework.boot.test.context.SpringBootContextLoader', parent = [null]]]
?[2m2019-02-24 20:13:34.170?[0;39m ?[32mDEBUG?[0;39m ?[35m30201?[0;39m ?[2m---?[0;39m ?[2m[    Test worker]?[0;39m ?[36morg.springframework.test.context.cache  ?[0;39m ?[2m:?[0;39m Spring test ApplicationContext cache statistics: [DefaultContextCache@334ddfd5 size = 1, maxSize = 32, parentContextCount = 0, hitCount = 2, missCount = 1]
?[2m2019-02-24 20:13:34.171?[0;39m ?[32mDEBUG?[0;39m ?[35m30201?[0;39m ?[2m---?[0;39m ?[2m[    Test worker]?[0;39m ?[36mc.DefaultCacheAwareContextLoaderDelegate?[0;39m ?[2m:?[0;39m Retrieved ApplicationContext from cache with key [[MergedContextConfiguration@3e2acc98 testClass = ProjectServiceTest, locations = '{}', classes = '{class com.tool.reporting.SpringCoreApplication, class com.tool.reporting.SpringCoreApplication}', contextInitializerClasses = '[]', activeProfiles = '{}', propertySourceLocations = '{}', propertySourceProperties = '{org.springframework.boot.test.context.SpringBootTestContextBootstrapper=true}', contextCustomizers = set[org.spockframework.spring.mock.SpockContextCustomizer@0, org.springframework.boot.test.autoconfigure.properties.PropertyMappingContextCustomizer@0, org.springframework.boot.test.autoconfigure.web.servlet.WebDriverContextCustomizerFactory$Customizer@f9b5fd8, org.springframework.boot.test.context.filter.ExcludeFilterContextCustomizer@5d4634c4, org.springframework.boot.test.json.DuplicateJsonObjectContextCustomizerFactory$DuplicateJsonObjectContextCustomizer@32fb2516, org.springframework.boot.test.mock.mockito.MockitoContextCustomizer@0, org.springframework.boot.test.web.client.TestRestTemplateContextCustomizer@5e15b86d], contextLoader = 'org.springframework.boot.test.context.SpringBootContextLoader', parent = [null]]]
?[2m2019-02-24 20:13:34.171?[0;39m ?[32mDEBUG?[0;39m ?[35m30201?[0;39m ?[2m---?[0;39m ?[2m[    Test worker]?[0;39m ?[36morg.springframework.test.context.cache  ?[0;39m ?[2m:?[0;39m Spring test ApplicationContext cache statistics: [DefaultContextCache@334ddfd5 size = 1, maxSize = 32, parentContextCount = 0, hitCount = 3, missCount = 1]
?[2m2019-02-24 20:13:34.172?[0;39m ?[32mDEBUG?[0;39m ?[35m30201?[0;39m ?[2m---?[0;39m ?[2m[    Test worker]?[0;39m ?[36mc.DefaultCacheAwareContextLoaderDelegate?[0;39m ?[2m:?[0;39m Retrieved ApplicationContext from cache with key [[MergedContextConfiguration@3e2acc98 testClass = ProjectServiceTest, locations = '{}', classes = '{class com.tool.reporting.SpringCoreApplication, class com.tool.reporting.SpringCoreApplication}', contextInitializerClasses = '[]', activeProfiles = '{}', propertySourceLocations = '{}', propertySourceProperties = '{org.springframework.boot.test.context.SpringBootTestContextBootstrapper=true}', contextCustomizers = set[org.spockframework.spring.mock.SpockContextCustomizer@0, org.springframework.boot.test.autoconfigure.properties.PropertyMappingContextCustomizer@0, org.springframework.boot.test.autoconfigure.web.servlet.WebDriverContextCustomizerFactory$Customizer@f9b5fd8, org.springframework.boot.test.context.filter.ExcludeFilterContextCustomizer@5d4634c4, org.springframework.boot.test.json.DuplicateJsonObjectContextCustomizerFactory$DuplicateJsonObjectContextCustomizer@32fb2516, org.springframework.boot.test.mock.mockito.MockitoContextCustomizer@0, org.springframework.boot.test.web.client.TestRestTemplateContextCustomizer@5e15b86d], contextLoader = 'org.springframework.boot.test.context.SpringBootContextLoader', parent = [null]]]
?[2m2019-02-24 20:13:34.173?[0;39m ?[32mDEBUG?[0;39m ?[35m30201?[0;39m ?[2m---?[0;39m ?[2m[    Test worker]?[0;39m ?[36morg.springframework.test.context.cache  ?[0;39m ?[2m:?[0;39m Spring test ApplicationContext cache statistics: [DefaultContextCache@334ddfd5 size = 1, maxSize = 32, parentContextCount = 0, hitCount = 4, missCount = 1]
?[2m2019-02-24 20:13:34.193?[0;39m ?[32mDEBUG?[0;39m ?[35m30201?[0;39m ?[2m---?[0;39m ?[2m[    Test worker]?[0;39m ?[36mtractDirtiesContextTestExecutionListener?[0;39m ?[2m:?[0;39m After test method: context [DefaultTestContext@3429216c testClass = ProjectServiceTest, testInstance = com.tool.reporting.ProjectServiceTest@4757e3b4, testMethod = updateProject@ProjectServiceTest, testException = [null], mergedContextConfiguration = [MergedContextConfiguration@3e2acc98 testClass = ProjectServiceTest, locations = '{}', classes = '{class com.tool.reporting.SpringCoreApplication, class com.tool.reporting.SpringCoreApplication}', contextInitializerClasses = '[]', activeProfiles = '{}', propertySourceLocations = '{}', propertySourceProperties = '{org.springframework.boot.test.context.SpringBootTestContextBootstrapper=true}', contextCustomizers = set[org.spockframework.spring.mock.SpockContextCustomizer@0, org.springframework.boot.test.autoconfigure.properties.PropertyMappingContextCustomizer@0, org.springframework.boot.test.autoconfigure.web.servlet.WebDriverContextCustomizerFactory$Customizer@f9b5fd8, org.springframework.boot.test.context.filter.ExcludeFilterContextCustomizer@5d4634c4, org.springframework.boot.test.json.DuplicateJsonObjectContextCustomizerFactory$DuplicateJsonObjectContextCustomizer@32fb2516, org.springframework.boot.test.mock.mockito.MockitoContextCustomizer@0, org.springframework.boot.test.web.client.TestRestTemplateContextCustomizer@5e15b86d], contextLoader = 'org.springframework.boot.test.context.SpringBootContextLoader', parent = [null]], attributes = map[[empty]]], class annotated with @DirtiesContext [false] with mode [null], method annotated with @DirtiesContext [true] with mode [AFTER_METHOD].
?[2m2019-02-24 20:13:34.194?[0;39m ?[32mDEBUG?[0;39m ?[35m30201?[0;39m ?[2m---?[0;39m ?[2m[    Test worker]?[0;39m ?[36ms.c.a.AnnotationConfigApplicationContext?[0;39m ?[2m:?[0;39m Closing org.springframework.context.annotation.AnnotationConfigApplicationContext@3fde5f22, started on Sun Feb 24 20:13:28 IST 2019
?[2m2019-02-24 20:13:34.209?[0;39m ?[32m INFO?[0;39m ?[35m30201?[0;39m ?[2m---?[0;39m ?[2m[    Test worker]?[0;39m ?[36mj.LocalContainerEntityManagerFactoryBean?[0;39m ?[2m:?[0;39m Closing JPA EntityManagerFactory for persistence unit 'default'
?[2m2019-02-24 20:13:34.215?[0;39m ?[32m INFO?[0;39m ?[35m30201?[0;39m ?[2m---?[0;39m ?[2m[    Test worker]?[0;39m ?[36m.SchemaDropperImpl$DelayedDropActionImpl?[0;39m ?[2m:?[0;39m HHH000477: Starting delayed evictData of schema as part of SessionFactory shut-down'
Hibernate: 
    
    drop table employee if exists
Hibernate: 
    
    drop table health if exists
Hibernate: 
    
    drop table project if exists
Hibernate: 
    
    drop table status if exists
Hibernate: 
    
    drop sequence if exists hibernate_sequence
?[2m2019-02-24 20:13:34.246?[0;39m ?[32mTRACE?[0;39m ?[35m30201?[0;39m ?[2m---?[0;39m ?[2m[    Test worker]?[0;39m ?[36mo.h.type.spi.TypeConfiguration$Scope    ?[0;39m ?[2m:?[0;39m Handling #sessionFactoryClosed from [org.hibernate.internal.SessionFactoryImpl@60d32add] for TypeConfiguration
?[2m2019-02-24 20:13:34.248?[0;39m ?[32mDEBUG?[0;39m ?[35m30201?[0;39m ?[2m---?[0;39m ?[2m[    Test worker]?[0;39m ?[36mo.h.type.spi.TypeConfiguration$Scope    ?[0;39m ?[2m:?[0;39m Un-scoping TypeConfiguration [org.hibernate.type.spi.TypeConfiguration$Scope@2cc982b9] from SessionFactory [org.hibernate.internal.SessionFactoryImpl@60d32add]
?[2m2019-02-24 20:13:34.255?[0;39m ?[32m INFO?[0;39m ?[35m30201?[0;39m ?[2m---?[0;39m ?[2m[    Test worker]?[0;39m ?[36mcom.zaxxer.hikari.HikariDataSource      ?[0;39m ?[2m:?[0;39m HikariPool-1 - Shutdown initiated...
?[2m2019-02-24 20:13:34.263?[0;39m ?[32m INFO?[0;39m ?[35m30201?[0;39m ?[2m---?[0;39m ?[2m[    Test worker]?[0;39m ?[36mcom.zaxxer.hikari.HikariDataSource      ?[0;39m ?[2m:?[0;39m HikariPool-1 - Shutdown completed.
?[2m2019-02-24 20:13:34.271?[0;39m ?[32mDEBUG?[0;39m ?[35m30201?[0;39m ?[2m---?[0;39m ?[2m[    Test worker]?[0;39m ?[36mo.s.test.annotation.ProfileValueUtils   ?[0;39m ?[2m:?[0;39m Retrieved @ProfileValueSourceConfiguration [null] for test class [com.tool.reporting.ProjectServiceTest]
?[2m2019-02-24 20:13:34.271?[0;39m ?[32mDEBUG?[0;39m ?[35m30201?[0;39m ?[2m---?[0;39m ?[2m[    Test worker]?[0;39m ?[36mo.s.test.annotation.ProfileValueUtils   ?[0;39m ?[2m:?[0;39m Retrieved ProfileValueSource type [class org.springframework.test.annotation.SystemProfileValueSource] for class [com.tool.reporting.ProjectServiceTest]
?[2m2019-02-24 20:13:34.275?[0;39m ?[32mDEBUG?[0;39m ?[35m30201?[0;39m ?[2m---?[0;39m ?[2m[    Test worker]?[0;39m ?[36mDependencyInjectionTestExecutionListener?[0;39m ?[2m:?[0;39m Performing dependency injection for test context [[DefaultTestContext@3429216c testClass = ProjectServiceTest, testInstance = com.tool.reporting.ProjectServiceTest@5d9a596e, testMethod = [null], testException = [null], mergedContextConfiguration = [MergedContextConfiguration@3e2acc98 testClass = ProjectServiceTest, locations = '{}', classes = '{class com.tool.reporting.SpringCoreApplication, class com.tool.reporting.SpringCoreApplication}', contextInitializerClasses = '[]', activeProfiles = '{}', propertySourceLocations = '{}', propertySourceProperties = '{org.springframework.boot.test.context.SpringBootTestContextBootstrapper=true}', contextCustomizers = set[org.spockframework.spring.mock.SpockContextCustomizer@0, org.springframework.boot.test.autoconfigure.properties.PropertyMappingContextCustomizer@0, org.springframework.boot.test.autoconfigure.web.servlet.WebDriverContextCustomizerFactory$Customizer@f9b5fd8, org.springframework.boot.test.context.filter.ExcludeFilterContextCustomizer@5d4634c4, org.springframework.boot.test.json.DuplicateJsonObjectContextCustomizerFactory$DuplicateJsonObjectContextCustomizer@32fb2516, org.springframework.boot.test.mock.mockito.MockitoContextCustomizer@0, org.springframework.boot.test.web.client.TestRestTemplateContextCustomizer@5e15b86d], contextLoader = 'org.springframework.boot.test.context.SpringBootContextLoader', parent = [null]], attributes = map['org.springframework.test.context.support.DependencyInjectionTestExecutionListener.reinjectDependencies' -> true]]].
?[2m2019-02-24 20:13:34.282?[0;39m ?[32mDEBUG?[0;39m ?[35m30201?[0;39m ?[2m---?[0;39m ?[2m[    Test worker]?[0;39m ?[36mo.s.t.c.support.TestPropertySourceUtils ?[0;39m ?[2m:?[0;39m Adding inlined properties to environment: {spring.jmx.enabled=false, org.springframework.boot.test.context.SpringBootTestContextBootstrapper=true, server.port=-1}
?[2m2019-02-24 20:13:34.442?[0;39m ?[32mDEBUG?[0;39m ?[35m30201?[0;39m ?[2m---?[0;39m ?[2m[    Test worker]?[0;39m ?[36m.c.l.ClasspathLoggingApplicationListener?[0;39m ?[2m:?[0;39m Application started with classpath: [file:/home/icy/.gradle/caches/4.10/workerMain/gradle-worker.jar, file:/home/icy/source/java/spring-projectclass/Status_Reporting_Tool_G1/core/build/classes/java/test/, file:/home/icy/source/java/spring-projectclass/Status_Reporting_Tool_G1/core/build/resources/test, file:/home/icy/source/java/spring-projectclass/Status_Reporting_Tool_G1/core/build/classes/java/main/, file:/home/icy/source/java/spring-projectclass/Status_Reporting_Tool_G1/core/build/resources/main/, file:/home/icy/.gradle/caches/modules-2/files-2.1/cglib/cglib-nodep/3.2.10/1960483f42e8dd0830a1aec0a4a823569698ba34/cglib-nodep-3.2.10.jar, file:/home/icy/.gradle/caches/modules-2/files-2.1/org.springframework.boot/spring-boot-starter-test/2.1.2.RELEASE/578bf9f4d8223ac004dda4a7e742a6cfc93eed0/spring-boot-starter-test-2.1.2.RELEASE.jar, file:/home/icy/.gradle/caches/modules-2/files-2.1/org.springframework.boot/spring-boot-starter-data-jpa/2.1.2.RELEASE/43691a5ea941621098078a86fffaba97481a30ff/spring-boot-starter-data-jpa-2.1.2.RELEASE.jar, file:/home/icy/.gradle/caches/modules-2/files-2.1/org.springframework.boot/spring-boot-starter-aop/2.1.2.RELEASE/d4266d045585b54b0cef23bc725af66793d96c4c/spring-boot-starter-aop-2.1.2.RELEASE.jar, file:/home/icy/.gradle/caches/modules-2/files-2.1/org.springframework.boot/spring-boot-starter-jdbc/2.1.2.RELEASE/7ab23ed460150c83dac09769dd6467b0ac5ee467/spring-boot-starter-jdbc-2.1.2.RELEASE.jar, file:/home/icy/.gradle/caches/modules-2/files-2.1/org.springframework.boot/spring-boot-starter/2.1.2.RELEASE/d2d5f6e546980503ca79e4a2e9f4e31c47c3e32f/spring-boot-starter-2.1.2.RELEASE.jar, file:/home/icy/.gradle/caches/modules-2/files-2.1/com.h2database/h2/1.4.197/bb391050048ca8ae3e32451b5a3714ecd3596a46/h2-1.4.197.jar, file:/home/icy/.gradle/caches/modules-2/files-2.1/org.spockframework/spock-spring/1.2-groovy-2.5/61a10381374df3e489bafb0a10385663cb3e4c31/spock-spring-1.2-groovy-2.5.jar, file:/home/icy/.gradle/caches/modules-2/files-2.1/org.springframework.boot/spring-boot-test-autoconfigure/2.1.2.RELEASE/1c73119a147277181c16d3bf6cb28078a7c30a3b/spring-boot-test-autoconfigure-2.1.2.RELEASE.jar, file:/home/icy/.gradle/caches/modules-2/files-2.1/org.springframework.boot/spring-boot-autoconfigure/2.1.2.RELEASE/5f90ffc7937a051b38fb8322289e3d92831829bf/spring-boot-autoconfigure-2.1.2.RELEASE.jar, file:/home/icy/.gradle/caches/modules-2/files-2.1/org.springframework.boot/spring-boot-test/2.1.2.RELEASE/89b227adbba0d6e9b85a2fde9119ef00428a45e3/spring-boot-test-2.1.2.RELEASE.jar, file:/home/icy/.gradle/caches/modules-2/files-2.1/org.springframework.boot/spring-boot/2.1.2.RELEASE/ea72e00516adf1a97f0e4b023ad55e79686cefac/spring-boot-2.1.2.RELEASE.jar, file:/home/icy/.gradle/caches/modules-2/files-2.1/org.springframework.boot/spring-boot-starter-logging/2.1.2.RELEASE/4179271aa0ef84f0329a674f6fc83cebc75caea8/spring-boot-starter-logging-2.1.2.RELEASE.jar, file:/home/icy/.gradle/caches/modules-2/files-2.1/javax.annotation/javax.annotation-api/1.3.2/934c04d3cfef185a8008e7bf34331b79730a9d43/javax.annotation-api-1.3.2.jar, file:/home/icy/.gradle/caches/modules-2/files-2.1/org.springframework.data/spring-data-jpa/2.1.4.RELEASE/aedc52b1f5acdfe11cb665d0ad3920de8bca480a/spring-data-jpa-2.1.4.RELEASE.jar, file:/home/icy/.gradle/caches/modules-2/files-2.1/org.springframework/spring-test/5.1.4.RELEASE/3ab4d6d6087d2dd7f4a8b3e88b66b3381bd4247c/spring-test-5.1.4.RELEASE.jar, file:/home/icy/.gradle/caches/modules-2/files-2.1/org.springframework/spring-context/5.1.4.RELEASE/2be9e8da66d32fb4eaf29a46bdcdbfe155f1f87a/spring-context-5.1.4.RELEASE.jar, file:/home/icy/.gradle/caches/modules-2/files-2.1/org.springframework/spring-aop/5.1.4.RELEASE/57a8c4ab2ff3233095da24c58c30aa75a7a82069/spring-aop-5.1.4.RELEASE.jar, file:/home/icy/.gradle/caches/modules-2/files-2.1/org.springframework/spring-orm/5.1.4.RELEASE/4724d782a976fb7b0f69dd1e5d027a0d68622260/spring-orm-5.1.4.RELEASE.jar, file:/home/icy/.gradle/caches/modules-2/files-2.1/org.springframework/spring-jdbc/5.1.4.RELEASE/ec21d6c0956b523ed364fa1bb1165009ad426753/spring-jdbc-5.1.4.RELEASE.jar, file:/home/icy/.gradle/caches/modules-2/files-2.1/org.springframework.data/spring-data-commons/2.1.4.RELEASE/144d71cfb0cc330fead0a00969e2ba871a83904b/spring-data-commons-2.1.4.RELEASE.jar, file:/home/icy/.gradle/caches/modules-2/files-2.1/org.springframework/spring-tx/5.1.4.RELEASE/a671702999fd8b5f1798cd3a7dfbbbf5a4705494/spring-tx-5.1.4.RELEASE.jar, file:/home/icy/.gradle/caches/modules-2/files-2.1/org.springframework/spring-beans/5.1.4.RELEASE/507c9391e0b786704929453e7fd3a74cfba46534/spring-beans-5.1.4.RELEASE.jar, file:/home/icy/.gradle/caches/modules-2/files-2.1/org.springframework/spring-expression/5.1.4.RELEASE/1abbfd04a7d472811582bb3780ea4d871442d49c/spring-expression-5.1.4.RELEASE.jar, file:/home/icy/.gradle/caches/modules-2/files-2.1/org.springframework/spring-core/5.1.4.RELEASE/e7d2ad03a50ebff117a6efe2e0e3f15946d0768a/spring-core-5.1.4.RELEASE.jar, file:/home/icy/.gradle/caches/modules-2/files-2.1/org.yaml/snakeyaml/1.23/ec62d74fe50689c28c0ff5b35d3aebcaa8b5be68/snakeyaml-1.23.jar, file:/home/icy/.gradle/caches/modules-2/files-2.1/javax.transaction/javax.transaction-api/1.3/e006adf5cf3cca2181d16bd640ecb80148ec0fce/javax.transaction-api-1.3.jar, file:/home/icy/.gradle/caches/modules-2/files-2.1/javax.xml.bind/jaxb-api/2.3.1/8531ad5ac454cc2deb9d4d32c40c4d7451939b5d/jaxb-api-2.3.1.jar, file:/home/icy/.gradle/caches/modules-2/files-2.1/org.hibernate/hibernate-core/5.3.7.Final/f87c5c1bbfc638309824140e68dfaaeb1bb479f3/hibernate-core-5.3.7.Final.jar, file:/home/icy/.gradle/caches/modules-2/files-2.1/org.springframework/spring-aspects/5.1.4.RELEASE/8d9f441975c7b45f497706c068c022163591d116/spring-aspects-5.1.4.RELEASE.jar, file:/home/icy/.gradle/caches/modules-2/files-2.1/org.spockframework/spock-core/1.2-groovy-2.5/8a7cdbd646c4ac6be8d60c8c7a329bbe77441ea2/spock-core-1.2-groovy-2.5.jar, file:/home/icy/.gradle/caches/modules-2/files-2.1/org.codehaus.groovy/groovy-json/2.5.5/3274bb68861c1ba9cf027ef54a592497555f365/groovy-json-2.5.5.jar, file:/home/icy/.gradle/caches/modules-2/files-2.1/org.codehaus.groovy/groovy-nio/2.5.5/2c74e9fab2f4a1db93242a7357599f97fe0ea0e8/groovy-nio-2.5.5.jar, file:/home/icy/.gradle/caches/modules-2/files-2.1/org.codehaus.groovy/groovy-macro/2.5.5/ee1e459223b450d8f98b5b0efbe974d85a32e4a2/groovy-macro-2.5.5.jar, file:/home/icy/.gradle/caches/modules-2/files-2.1/org.codehaus.groovy/groovy-templates/2.5.5/5a2d80499d600b9cb71e69b520b6f9f2f4359779/groovy-templates-2.5.5.jar, file:/home/icy/.gradle/caches/modules-2/files-2.1/org.codehaus.groovy/groovy-test/2.5.5/f138c13df391c420df6bf8e52e5c8248c61e9cfa/groovy-test-2.5.5.jar, file:/home/icy/.gradle/caches/modules-2/files-2.1/org.codehaus.groovy/groovy-sql/2.5.5/dd869f6e3979d98efc0848df994c178d6645d3dc/groovy-sql-2.5.5.jar, file:/home/icy/.gradle/caches/modules-2/files-2.1/org.codehaus.groovy/groovy-xml/2.5.5/9de098bd721e65d54b11fbf44b28f47016a133fc/groovy-xml-2.5.5.jar, file:/home/icy/.gradle/caches/modules-2/files-2.1/org.codehaus.groovy/groovy/2.5.5/2388f952b369f6b11cde8e15ec872e9ca3e0ff3e/groovy-2.5.5.jar, file:/home/icy/.gradle/caches/modules-2/files-2.1/com.jayway.jsonpath/json-path/2.4.0/765a4401ceb2dc8d40553c2075eb80a8fa35c2ae/json-path-2.4.0.jar, file:/home/icy/.gradle/caches/modules-2/files-2.1/junit/junit/4.12/2973d150c0dc1fefe998f834810d68f278ea58ec/junit-4.12.jar, file:/home/icy/.gradle/caches/modules-2/files-2.1/org.assertj/assertj-core/3.11.1/fdac3217b804d6900fa3650f17b5cb48e620b140/assertj-core-3.11.1.jar, file:/home/icy/.gradle/caches/modules-2/files-2.1/org.mockito/mockito-core/2.23.4/a35b6f8ffcfa786771eac7d7d903429e790fdf3f/mockito-core-2.23.4.jar, file:/home/icy/.gradle/caches/modules-2/files-2.1/org.hamcrest/hamcrest-library/1.3/4785a3c21320980282f9f33d0d1264a69040538f/hamcrest-library-1.3.jar, file:/home/icy/.gradle/caches/modules-2/files-2.1/org.hamcrest/hamcrest-core/1.3/42a25dc3219429f0e5d060061f71acb49bf010a0/hamcrest-core-1.3.jar, file:/home/icy/.gradle/caches/modules-2/files-2.1/org.skyscreamer/jsonassert/1.5.0/6c9d5fe2f59da598d9aefc1cfc6528ff3cf32df3/jsonassert-1.5.0.jar, file:/home/icy/.gradle/caches/modules-2/files-2.1/org.xmlunit/xmlunit-core/2.6.2/b0461888cdd8d3975ea8a57df96520409cadcb6c/xmlunit-core-2.6.2.jar, file:/home/icy/.gradle/caches/modules-2/files-2.1/ch.qos.logback/logback-classic/1.2.3/7c4f3c474fb2c041d8028740440937705ebb473a/logback-classic-1.2.3.jar, file:/home/icy/.gradle/caches/modules-2/files-2.1/org.apache.logging.log4j/log4j-to-slf4j/2.11.1/1097acadf76aa4dd721ec5807566003ae9d975de/log4j-to-slf4j-2.11.1.jar, file:/home/icy/.gradle/caches/modules-2/files-2.1/org.slf4j/jul-to-slf4j/1.7.25/af5364cd6679bfffb114f0dec8a157aaa283b76/jul-to-slf4j-1.7.25.jar, file:/home/icy/.gradle/caches/modules-2/files-2.1/org.springframework/spring-jcl/5.1.4.RELEASE/f5a25caae583905203959abf35fdd1ab7a8f2c37/spring-jcl-5.1.4.RELEASE.jar, file:/home/icy/.gradle/caches/modules-2/files-2.1/org.aspectj/aspectjweaver/1.9.2/d2502817521477faf0712c49a6ee2a5388787fc7/aspectjweaver-1.9.2.jar, file:/home/icy/.gradle/caches/modules-2/files-2.1/com.zaxxer/HikariCP/3.2.0/6c66db1c636ee90beb4c65fe34abd8ba9396bca6/HikariCP-3.2.0.jar, file:/home/icy/.gradle/caches/modules-2/files-2.1/javax.activation/javax.activation-api/1.2.0/85262acf3ca9816f9537ca47d5adeabaead7cb16/javax.activation-api-1.2.0.jar, file:/home/icy/.gradle/caches/modules-2/files-2.1/org.hibernate.common/hibernate-commons-annotations/5.0.4.Final/965a18fdf939ee75e41f7918532d37b3a8350535/hibernate-commons-annotations-5.0.4.Final.jar, file:/home/icy/.gradle/caches/modules-2/files-2.1/org.jboss.logging/jboss-logging/3.3.2.Final/3789d00e859632e6c6206adc0c71625559e6e3b0/jboss-logging-3.3.2.Final.jar, file:/home/icy/.gradle/caches/modules-2/files-2.1/javax.persistence/javax.persistence-api/2.2/25665ac8c0b62f50e6488173233239120fc52c96/javax.persistence-api-2.2.jar, file:/home/icy/.gradle/caches/modules-2/files-2.1/org.javassist/javassist/3.23.1-GA/c072c13dcb7f705471c40bafb1536171df850ab2/javassist-3.23.1-GA.jar, file:/home/icy/.gradle/caches/modules-2/files-2.1/net.bytebuddy/byte-buddy/1.9.7/8fea78fea6449e1738b675cb155ce8422661e237/byte-buddy-1.9.7.jar, file:/home/icy/.gradle/caches/modules-2/files-2.1/antlr/antlr/2.7.7/83cd2cd674a217ade95a4bb83a8a14f351f48bd0/antlr-2.7.7.jar, file:/home/icy/.gradle/caches/modules-2/files-2.1/org.jboss/jandex/2.0.5.Final/7060f67764565b9ee9d467e3ed0cb8a9c601b23a/jandex-2.0.5.Final.jar, file:/home/icy/.gradle/caches/modules-2/files-2.1/com.fasterxml/classmate/1.4.0/291658ac2ce2476256c7115943652c0accb5c857/classmate-1.4.0.jar, file:/home/icy/.gradle/caches/modules-2/files-2.1/org.dom4j/dom4j/2.1.1/3dce5dbb3571aa820c677fadd8349bfa8f00c199/dom4j-2.1.1.jar, file:/home/icy/.gradle/caches/modules-2/files-2.1/org.slf4j/slf4j-api/1.7.25/da76ca59f6a57ee3102f8f9bd9cee742973efa8a/slf4j-api-1.7.25.jar, file:/home/icy/.gradle/caches/modules-2/files-2.1/net.minidev/json-smart/2.3/7396407491352ce4fa30de92efb158adb76b5b/json-smart-2.3.jar, file:/home/icy/.gradle/caches/modules-2/files-2.1/net.bytebuddy/byte-buddy-agent/1.9.7/8e7d1b599f4943851ffea125fd9780e572727fc0/byte-buddy-agent-1.9.7.jar, file:/home/icy/.gradle/caches/modules-2/files-2.1/org.objenesis/objenesis/2.6/639033469776fd37c08358c6b92a4761feb2af4b/objenesis-2.6.jar, file:/home/icy/.gradle/caches/modules-2/files-2.1/com.vaadin.external.google/android-json/0.0.20131108.vaadin1/fa26d351fe62a6a17f5cda1287c1c6110dec413f/android-json-0.0.20131108.vaadin1.jar, file:/home/icy/.gradle/caches/modules-2/files-2.1/ch.qos.logback/logback-core/1.2.3/864344400c3d4d92dfeb0a305dc87d953677c03c/logback-core-1.2.3.jar, file:/home/icy/.gradle/caches/modules-2/files-2.1/org.apache.logging.log4j/log4j-api/2.11.1/268f0fe4df3eefe052b57c87ec48517d64fb2a10/log4j-api-2.11.1.jar, file:/home/icy/.gradle/caches/modules-2/files-2.1/net.minidev/accessors-smart/1.2/c592b500269bfde36096641b01238a8350f8aa31/accessors-smart-1.2.jar, file:/home/icy/.gradle/caches/modules-2/files-2.1/org.ow2.asm/asm/5.0.4/da08b8cce7bbf903602a25a3a163ae252435795/asm-5.0.4.jar]

  .   ____          _            __ _ _
 /\\ / ___'_ __ _ _(_)_ __  __ _ \ \ \ \
( ( )\___ | '_ | '_| | '_ \/ _` | \ \ \ \
 \\/  ___)| |_)| | | | | || (_| |  ) ) ) )
  '  |____| .__|_| |_|_| |_\__, | / / / /
 =========|_|==============|___/=/_/_/_/
?[32m :: Spring Boot :: ?[39m      ?[2m (v2.1.2.RELEASE)?[0;39m

?[2m2019-02-24 20:13:34.460?[0;39m ?[32m INFO?[0;39m ?[35m30201?[0;39m ?[2m---?[0;39m ?[2m[    Test worker]?[0;39m ?[36mcom.tool.reporting.ProjectServiceTest   ?[0;39m ?[2m:?[0;39m Starting ProjectServiceTest on ascension with PID 30201 (started by icy in /home/icy/source/java/spring-projectclass/Status_Reporting_Tool_G1/core)
?[2m2019-02-24 20:13:34.461?[0;39m ?[32m INFO?[0;39m ?[35m30201?[0;39m ?[2m---?[0;39m ?[2m[    Test worker]?[0;39m ?[36mcom.tool.reporting.ProjectServiceTest   ?[0;39m ?[2m:?[0;39m No active profile set, falling back to default profiles: default
?[2m2019-02-24 20:13:34.461?[0;39m ?[32mDEBUG?[0;39m ?[35m30201?[0;39m ?[2m---?[0;39m ?[2m[    Test worker]?[0;39m ?[36mo.s.boot.SpringApplication              ?[0;39m ?[2m:?[0;39m Loading source class com.tool.reporting.SpringCoreApplication
?[2m2019-02-24 20:13:34.463?[0;39m ?[32mDEBUG?[0;39m ?[35m30201?[0;39m ?[2m---?[0;39m ?[2m[    Test worker]?[0;39m ?[36mo.s.b.c.c.ConfigFileApplicationListener ?[0;39m ?[2m:?[0;39m Loaded config file 'file:/home/icy/source/java/spring-projectclass/Status_Reporting_Tool_G1/core/build/resources/main/application.properties' (classpath:/application.properties)
?[2m2019-02-24 20:13:34.464?[0;39m ?[32mDEBUG?[0;39m ?[35m30201?[0;39m ?[2m---?[0;39m ?[2m[    Test worker]?[0;39m ?[36ms.c.a.AnnotationConfigApplicationContext?[0;39m ?[2m:?[0;39m Refreshing org.springframework.context.annotation.AnnotationConfigApplicationContext@5af0c250
?[2m2019-02-24 20:13:34.466?[0;39m ?[32mDEBUG?[0;39m ?[35m30201?[0;39m ?[2m---?[0;39m ?[2m[    Test worker]?[0;39m ?[36mo.s.b.f.s.DefaultListableBeanFactory    ?[0;39m ?[2m:?[0;39m Creating shared instance of singleton bean 'org.springframework.context.annotation.internalConfigurationAnnotationProcessor'
?[2m2019-02-24 20:13:34.467?[0;39m ?[32mDEBUG?[0;39m ?[35m30201?[0;39m ?[2m---?[0;39m ?[2m[    Test worker]?[0;39m ?[36mo.s.b.f.s.DefaultListableBeanFactory    ?[0;39m ?[2m:?[0;39m Creating shared instance of singleton bean 'org.springframework.boot.autoconfigure.internalCachingMetadataReaderFactory'
?[2m2019-02-24 20:13:34.484?[0;39m ?[32mDEBUG?[0;39m ?[35m30201?[0;39m ?[2m---?[0;39m ?[2m[    Test worker]?[0;39m ?[36mo.s.c.a.ClassPathBeanDefinitionScanner  ?[0;39m ?[2m:?[0;39m Identified candidate component class: file [/home/icy/source/java/spring-projectclass/Status_Reporting_Tool_G1/core/build/classes/java/main/com/tool/reporting/service/ProjectService.class]
?[2m2019-02-24 20:13:34.526?[0;39m ?[32mDEBUG?[0;39m ?[35m30201?[0;39m ?[2m---?[0;39m ?[2m[    Test worker]?[0;39m ?[36mo.s.c.e.PropertySourcesPropertyResolver ?[0;39m ?[2m:?[0;39m Found key 'spring.jmx.enabled' in PropertySource 'configurationProperties' with value of type String
?[2m2019-02-24 20:13:34.566?[0;39m ?[32mDEBUG?[0;39m ?[35m30201?[0;39m ?[2m---?[0;39m ?[2m[    Test worker]?[0;39m ?[36mo.s.c.e.PropertySourcesPropertyResolver ?[0;39m ?[2m:?[0;39m Found key 'spring.jmx.enabled' in PropertySource 'configurationProperties' with value of type String
?[2m2019-02-24 20:13:34.656?[0;39m ?[32mDEBUG?[0;39m ?[35m30201?[0;39m ?[2m---?[0;39m ?[2m[    Test worker]?[0;39m ?[36mo.s.b.f.s.DefaultListableBeanFactory    ?[0;39m ?[2m:?[0;39m Creating shared instance of singleton bean 'org.springframework.boot.autoconfigure.condition.BeanTypeRegistry'
?[2m2019-02-24 20:13:34.689?[0;39m ?[32m INFO?[0;39m ?[35m30201?[0;39m ?[2m---?[0;39m ?[2m[    Test worker]?[0;39m ?[36m.s.d.r.c.RepositoryConfigurationDelegate?[0;39m ?[2m:?[0;39m Bootstrapping Spring Data repositories in DEFAULT mode.
?[2m2019-02-24 20:13:34.689?[0;39m ?[32mDEBUG?[0;39m ?[35m30201?[0;39m ?[2m---?[0;39m ?[2m[    Test worker]?[0;39m ?[36mo.s.b.f.s.DefaultListableBeanFactory    ?[0;39m ?[2m:?[0;39m Creating shared instance of singleton bean 'org.springframework.boot.autoconfigure.AutoConfigurationPackages'
?[2m2019-02-24 20:13:34.690?[0;39m ?[32mDEBUG?[0;39m ?[35m30201?[0;39m ?[2m---?[0;39m ?[2m[    Test worker]?[0;39m ?[36mo.s.b.a.AutoConfigurationPackages       ?[0;39m ?[2m:?[0;39m @EnableAutoConfiguration was declared on a class in the package 'com.tool.reporting'. Automatic @Repository and @Entity scanning is enabled.
?[2m2019-02-24 20:13:34.690?[0;39m ?[32mDEBUG?[0;39m ?[35m30201?[0;39m ?[2m---?[0;39m ?[2m[    Test worker]?[0;39m ?[36m.s.d.r.c.RepositoryConfigurationDelegate?[0;39m ?[2m:?[0;39m Scanning for repositories in packages com.tool.reporting.
?[2m2019-02-24 20:13:34.695?[0;39m ?[32mDEBUG?[0;39m ?[35m30201?[0;39m ?[2m---?[0;39m ?[2m[    Test worker]?[0;39m ?[36mo.s.d.r.c.RepositoryComponentProvider   ?[0;39m ?[2m:?[0;39m Identified candidate component class: file [/home/icy/source/java/spring-projectclass/Status_Reporting_Tool_G1/core/build/classes/java/main/com/tool/reporting/repository/ProjectRepository.class]
?[2m2019-02-24 20:13:34.703?[0;39m ?[32m INFO?[0;39m ?[35m30201?[0;39m ?[2m---?[0;39m ?[2m[    Test worker]?[0;39m ?[36m.s.d.r.c.RepositoryConfigurationDelegate?[0;39m ?[2m:?[0;39m Finished Spring Data repository scanning in 13ms. Found 1 repository interfaces.
?[2m2019-02-24 20:13:34.728?[0;39m ?[32mDEBUG?[0;39m ?[35m30201?[0;39m ?[2m---?[0;39m ?[2m[    Test worker]?[0;39m ?[36mo.s.b.f.s.DefaultListableBeanFactory    ?[0;39m ?[2m:?[0;39m Creating shared instance of singleton bean 'propertySourcesPlaceholderConfigurer'
?[2m2019-02-24 20:13:34.730?[0;39m ?[32mDEBUG?[0;39m ?[35m30201?[0;39m ?[2m---?[0;39m ?[2m[    Test worker]?[0;39m ?[36mo.s.b.f.s.DefaultListableBeanFactory    ?[0;39m ?[2m:?[0;39m Creating shared instance of singleton bean 'org.spockframework.spring.mock.SpockMockPostprocessor'
?[2m2019-02-24 20:13:34.732?[0;39m ?[32mDEBUG?[0;39m ?[35m30201?[0;39m ?[2m---?[0;39m ?[2m[    Test worker]?[0;39m ?[36mo.s.b.f.s.DefaultListableBeanFactory    ?[0;39m ?[2m:?[0;39m Creating shared instance of singleton bean 'org.springframework.boot.test.mock.mockito.MockitoPostProcessor'
?[2m2019-02-24 20:13:34.733?[0;39m ?[32mDEBUG?[0;39m ?[35m30201?[0;39m ?[2m---?[0;39m ?[2m[    Test worker]?[0;39m ?[36mo.s.b.f.s.DefaultListableBeanFactory    ?[0;39m ?[2m:?[0;39m Creating shared instance of singleton bean 'emBeanDefinitionRegistrarPostProcessor'
?[2m2019-02-24 20:13:34.739?[0;39m ?[32mDEBUG?[0;39m ?[35m30201?[0;39m ?[2m---?[0;39m ?[2m[    Test worker]?[0;39m ?[36mo.s.b.f.s.DefaultListableBeanFactory    ?[0;39m ?[2m:?[0;39m Creating shared instance of singleton bean 'org.springframework.context.event.internalEventListenerProcessor'
?[2m2019-02-24 20:13:34.740?[0;39m ?[32mDEBUG?[0;39m ?[35m30201?[0;39m ?[2m---?[0;39m ?[2m[    Test worker]?[0;39m ?[36mo.s.b.f.s.DefaultListableBeanFactory    ?[0;39m ?[2m:?[0;39m Creating shared instance of singleton bean 'org.springframework.boot.context.properties.ConfigurationBeanFactoryMetadata'
?[2m2019-02-24 20:13:34.741?[0;39m ?[32mDEBUG?[0;39m ?[35m30201?[0;39m ?[2m---?[0;39m ?[2m[    Test worker]?[0;39m ?[36mo.s.b.f.s.DefaultListableBeanFactory    ?[0;39m ?[2m:?[0;39m Creating shared instance of singleton bean 'org.springframework.context.event.internalEventListenerFactory'
?[2m2019-02-24 20:13:34.742?[0;39m ?[32mDEBUG?[0;39m ?[35m30201?[0;39m ?[2m---?[0;39m ?[2m[    Test worker]?[0;39m ?[36mo.s.b.f.s.DefaultListableBeanFactory    ?[0;39m ?[2m:?[0;39m Creating shared instance of singleton bean 'org.springframework.transaction.config.internalTransactionalEventListenerFactory'
?[2m2019-02-24 20:13:34.745?[0;39m ?[32mDEBUG?[0;39m ?[35m30201?[0;39m ?[2m---?[0;39m ?[2m[    Test worker]?[0;39m ?[36mo.s.b.f.s.DefaultListableBeanFactory    ?[0;39m ?[2m:?[0;39m Creating shared instance of singleton bean 'org.springframework.context.annotation.internalAutowiredAnnotationProcessor'
?[2m2019-02-24 20:13:34.746?[0;39m ?[32mDEBUG?[0;39m ?[35m30201?[0;39m ?[2m---?[0;39m ?[2m[    Test worker]?[0;39m ?[36mo.s.b.f.s.DefaultListableBeanFactory    ?[0;39m ?[2m:?[0;39m Creating shared instance of singleton bean 'org.springframework.context.annotation.internalCommonAnnotationProcessor'
?[2m2019-02-24 20:13:34.747?[0;39m ?[32mDEBUG?[0;39m ?[35m30201?[0;39m ?[2m---?[0;39m ?[2m[    Test worker]?[0;39m ?[36mo.s.b.f.s.DefaultListableBeanFactory    ?[0;39m ?[2m:?[0;39m Creating shared instance of singleton bean 'org.springframework.context.annotation.internalPersistenceAnnotationProcessor'
?[2m2019-02-24 20:13:34.747?[0;39m ?[32mDEBUG?[0;39m ?[35m30201?[0;39m ?[2m---?[0;39m ?[2m[    Test worker]?[0;39m ?[36mo.s.b.f.s.DefaultListableBeanFactory    ?[0;39m ?[2m:?[0;39m Creating shared instance of singleton bean 'org.spockframework.spring.mock.SpockMockPostprocessor$SpyPostProcessor'
?[2m2019-02-24 20:13:34.748?[0;39m ?[32mDEBUG?[0;39m ?[35m30201?[0;39m ?[2m---?[0;39m ?[2m[    Test worker]?[0;39m ?[36mo.s.b.f.s.DefaultListableBeanFactory    ?[0;39m ?[2m:?[0;39m Creating shared instance of singleton bean 'org.springframework.boot.test.mock.mockito.MockitoPostProcessor$SpyPostProcessor'
?[2m2019-02-24 20:13:34.749?[0;39m ?[32mDEBUG?[0;39m ?[35m30201?[0;39m ?[2m---?[0;39m ?[2m[    Test worker]?[0;39m ?[36mo.s.b.f.s.DefaultListableBeanFactory    ?[0;39m ?[2m:?[0;39m Creating shared instance of singleton bean 'org.springframework.boot.context.properties.ConfigurationPropertiesBindingPostProcessor'
?[2m2019-02-24 20:13:34.751?[0;39m ?[32mDEBUG?[0;39m ?[35m30201?[0;39m ?[2m---?[0;39m ?[2m[    Test worker]?[0;39m ?[36mo.s.b.f.s.DefaultListableBeanFactory    ?[0;39m ?[2m:?[0;39m Creating shared instance of singleton bean 'org.springframework.aop.config.internalAutoProxyCreator'
?[2m2019-02-24 20:13:34.782?[0;39m ?[32mDEBUG?[0;39m ?[35m30201?[0;39m ?[2m---?[0;39m ?[2m[    Test worker]?[0;39m ?[36mo.s.b.f.s.DefaultListableBeanFactory    ?[0;39m ?[2m:?[0;39m Creating shared instance of singleton bean 'dataSourceInitializerPostProcessor'
?[2m2019-02-24 20:13:34.789?[0;39m ?[32mDEBUG?[0;39m ?[35m30201?[0;39m ?[2m---?[0;39m ?[2m[    Test worker]?[0;39m ?[36mo.s.b.f.s.DefaultListableBeanFactory    ?[0;39m ?[2m:?[0;39m Creating shared instance of singleton bean 'persistenceExceptionTranslationPostProcessor'
?[2m2019-02-24 20:13:34.790?[0;39m ?[32mDEBUG?[0;39m ?[35m30201?[0;39m ?[2m---?[0;39m ?[2m[    Test worker]?[0;39m ?[36mo.s.b.f.s.DefaultListableBeanFactory    ?[0;39m ?[2m:?[0;39m Autowiring by type from bean name 'persistenceExceptionTranslationPostProcessor' via factory method to bean named 'environment'
?[2m2019-02-24 20:13:34.801?[0;39m ?[32mDEBUG?[0;39m ?[35m30201?[0;39m ?[2m---?[0;39m ?[2m[    Test worker]?[0;39m ?[36mo.s.b.f.s.DefaultListableBeanFactory    ?[0;39m ?[2m:?[0;39m Creating shared instance of singleton bean 'dataSourceInitializedPublisher'
?[2m2019-02-24 20:13:34.806?[0;39m ?[32mDEBUG?[0;39m ?[35m30201?[0;39m ?[2m---?[0;39m ?[2m[    Test worker]?[0;39m ?[36mo.s.b.f.s.DefaultListableBeanFactory    ?[0;39m ?[2m:?[0;39m Creating shared instance of singleton bean 'entityManagerFactory'
?[2m2019-02-24 20:13:34.807?[0;39m ?[32mDEBUG?[0;39m ?[35m30201?[0;39m ?[2m---?[0;39m ?[2m[    Test worker]?[0;39m ?[36mo.s.b.f.s.DefaultListableBeanFactory    ?[0;39m ?[2m:?[0;39m Creating shared instance of singleton bean 'org.springframework.transaction.config.internalTransactionAdvisor'
?[2m2019-02-24 20:13:34.808?[0;39m ?[32mDEBUG?[0;39m ?[35m30201?[0;39m ?[2m---?[0;39m ?[2m[    Test worker]?[0;39m ?[36mo.s.b.f.s.DefaultListableBeanFactory    ?[0;39m ?[2m:?[0;39m Creating shared instance of singleton bean 'org.springframework.transaction.annotation.ProxyTransactionManagementConfiguration'
?[2m2019-02-24 20:13:34.821?[0;39m ?[32mDEBUG?[0;39m ?[35m30201?[0;39m ?[2m---?[0;39m ?[2m[    Test worker]?[0;39m ?[36mo.s.b.f.s.DefaultListableBeanFactory    ?[0;39m ?[2m:?[0;39m Creating shared instance of singleton bean 'transactionAttributeSource'
?[2m2019-02-24 20:13:34.825?[0;39m ?[32mDEBUG?[0;39m ?[35m30201?[0;39m ?[2m---?[0;39m ?[2m[    Test worker]?[0;39m ?[36mo.s.b.f.s.DefaultListableBeanFactory    ?[0;39m ?[2m:?[0;39m Creating shared instance of singleton bean 'transactionInterceptor'
?[2m2019-02-24 20:13:34.839?[0;39m ?[32mDEBUG?[0;39m ?[35m30201?[0;39m ?[2m---?[0;39m ?[2m[    Test worker]?[0;39m ?[36mo.s.b.f.s.DefaultListableBeanFactory    ?[0;39m ?[2m:?[0;39m Creating shared instance of singleton bean 'org.springframework.boot.autoconfigure.orm.jpa.HibernateJpaConfiguration'
?[2m2019-02-24 20:13:34.840?[0;39m ?[32mDEBUG?[0;39m ?[35m30201?[0;39m ?[2m---?[0;39m ?[2m[    Test worker]?[0;39m ?[36mocalVariableTableParameterNameDiscoverer?[0;39m ?[2m:?[0;39m Cannot find '.class' file for class [class org.springframework.boot.autoconfigure.orm.jpa.HibernateJpaConfiguration$$EnhancerBySpringCGLIB$$14bef337] - unable to determine constructor/method parameter names
?[2m2019-02-24 20:13:34.842?[0;39m ?[32mDEBUG?[0;39m ?[35m30201?[0;39m ?[2m---?[0;39m ?[2m[    Test worker]?[0;39m ?[36mo.s.b.f.s.DefaultListableBeanFactory    ?[0;39m ?[2m:?[0;39m Creating shared instance of singleton bean 'dataSource'
?[2m2019-02-24 20:13:34.842?[0;39m ?[32mDEBUG?[0;39m ?[35m30201?[0;39m ?[2m---?[0;39m ?[2m[    Test worker]?[0;39m ?[36mo.s.b.f.s.DefaultListableBeanFactory    ?[0;39m ?[2m:?[0;39m Creating shared instance of singleton bean 'org.springframework.boot.autoconfigure.jdbc.DataSourceConfiguration$Hikari'
?[2m2019-02-24 20:13:34.846?[0;39m ?[32mDEBUG?[0;39m ?[35m30201?[0;39m ?[2m---?[0;39m ?[2m[    Test worker]?[0;39m ?[36mo.s.b.f.s.DefaultListableBeanFactory    ?[0;39m ?[2m:?[0;39m Creating shared instance of singleton bean 'spring.datasource-org.springframework.boot.autoconfigure.jdbc.DataSourceProperties'
?[2m2019-02-24 20:13:34.860?[0;39m ?[32mDEBUG?[0;39m ?[35m30201?[0;39m ?[2m---?[0;39m ?[2m[    Test worker]?[0;39m ?[36mo.s.b.f.s.DefaultListableBeanFactory    ?[0;39m ?[2m:?[0;39m Autowiring by type from bean name 'dataSource' via factory method to bean named 'spring.datasource-org.springframework.boot.autoconfigure.jdbc.DataSourceProperties'
?[2m2019-02-24 20:13:34.885?[0;39m ?[32mDEBUG?[0;39m ?[35m30201?[0;39m ?[2m---?[0;39m ?[2m[    Test worker]?[0;39m ?[36mo.s.b.f.s.DefaultListableBeanFactory    ?[0;39m ?[2m:?[0;39m Creating shared instance of singleton bean 'org.springframework.boot.autoconfigure.jdbc.DataSourceInitializerInvoker'
?[2m2019-02-24 20:13:34.887?[0;39m ?[32mDEBUG?[0;39m ?[35m30201?[0;39m ?[2m---?[0;39m ?[2m[    Test worker]?[0;39m ?[36mo.s.b.f.s.DefaultListableBeanFactory    ?[0;39m ?[2m:?[0;39m Autowiring by type from bean name 'org.springframework.boot.autoconfigure.jdbc.DataSourceInitializerInvoker' via constructor to bean named 'spring.datasource-org.springframework.boot.autoconfigure.jdbc.DataSourceProperties'
?[2m2019-02-24 20:13:34.887?[0;39m ?[32mDEBUG?[0;39m ?[35m30201?[0;39m ?[2m---?[0;39m ?[2m[    Test worker]?[0;39m ?[36mo.s.b.f.s.DefaultListableBeanFactory    ?[0;39m ?[2m:?[0;39m Autowiring by type from bean name 'org.springframework.boot.autoconfigure.jdbc.DataSourceInitializerInvoker' via constructor to bean named 'org.springframework.context.annotation.AnnotationConfigApplicationContext@5af0c250'
?[2m2019-02-24 20:13:34.894?[0;39m ?[32mDEBUG?[0;39m ?[35m30201?[0;39m ?[2m---?[0;39m ?[2m[    Test worker]?[0;39m ?[36mo.s.b.f.s.DefaultListableBeanFactory    ?[0;39m ?[2m:?[0;39m Creating shared instance of singleton bean 'spring.jpa-org.springframework.boot.autoconfigure.orm.jpa.JpaProperties'
?[2m2019-02-24 20:13:34.906?[0;39m ?[32mDEBUG?[0;39m ?[35m30201?[0;39m ?[2m---?[0;39m ?[2m[    Test worker]?[0;39m ?[36mo.s.b.f.s.DefaultListableBeanFactory    ?[0;39m ?[2m:?[0;39m Creating shared instance of singleton bean 'spring.jpa.hibernate-org.springframework.boot.autoconfigure.orm.jpa.HibernateProperties'
?[2m2019-02-24 20:13:34.910?[0;39m ?[32mDEBUG?[0;39m ?[35m30201?[0;39m ?[2m---?[0;39m ?[2m[    Test worker]?[0;39m ?[36mo.s.b.f.s.DefaultListableBeanFactory    ?[0;39m ?[2m:?[0;39m Autowiring by type from bean name 'org.springframework.boot.autoconfigure.orm.jpa.HibernateJpaConfiguration' via constructor to bean named 'dataSource'
?[2m2019-02-24 20:13:34.910?[0;39m ?[32mDEBUG?[0;39m ?[35m30201?[0;39m ?[2m---?[0;39m ?[2m[    Test worker]?[0;39m ?[36mo.s.b.f.s.DefaultListableBeanFactory    ?[0;39m ?[2m:?[0;39m Autowiring by type from bean name 'org.springframework.boot.autoconfigure.orm.jpa.HibernateJpaConfiguration' via constructor to bean named 'spring.jpa-org.springframework.boot.autoconfigure.orm.jpa.JpaProperties'
?[2m2019-02-24 20:13:34.910?[0;39m ?[32mDEBUG?[0;39m ?[35m30201?[0;39m ?[2m---?[0;39m ?[2m[    Test worker]?[0;39m ?[36mo.s.b.f.s.DefaultListableBeanFactory    ?[0;39m ?[2m:?[0;39m Autowiring by type from bean name 'org.springframework.boot.autoconfigure.orm.jpa.HibernateJpaConfiguration' via constructor to bean named 'org.springframework.beans.factory.support.DefaultListableBeanFactory@76a276d0'
?[2m2019-02-24 20:13:34.910?[0;39m ?[32mDEBUG?[0;39m ?[35m30201?[0;39m ?[2m---?[0;39m ?[2m[    Test worker]?[0;39m ?[36mo.s.b.f.s.DefaultListableBeanFactory    ?[0;39m ?[2m:?[0;39m Autowiring by type from bean name 'org.springframework.boot.autoconfigure.orm.jpa.HibernateJpaConfiguration' via constructor to bean named 'spring.jpa.hibernate-org.springframework.boot.autoconfigure.orm.jpa.HibernateProperties'
?[2m2019-02-24 20:13:34.912?[0;39m ?[32mDEBUG?[0;39m ?[35m30201?[0;39m ?[2m---?[0;39m ?[2m[    Test worker]?[0;39m ?[36mo.s.b.f.s.DefaultListableBeanFactory    ?[0;39m ?[2m:?[0;39m Creating shared instance of singleton bean 'platformTransactionManagerCustomizers'
?[2m2019-02-24 20:13:34.912?[0;39m ?[32mDEBUG?[0;39m ?[35m30201?[0;39m ?[2m---?[0;39m ?[2m[    Test worker]?[0;39m ?[36mo.s.b.f.s.DefaultListableBeanFactory    ?[0;39m ?[2m:?[0;39m Creating shared instance of singleton bean 'org.springframework.boot.autoconfigure.transaction.TransactionAutoConfiguration'
?[2m2019-02-24 20:13:34.920?[0;39m ?[32mDEBUG?[0;39m ?[35m30201?[0;39m ?[2m---?[0;39m ?[2m[    Test worker]?[0;39m ?[36mo.s.b.f.s.DefaultListableBeanFactory    ?[0;39m ?[2m:?[0;39m Creating shared instance of singleton bean 'spring.transaction-org.springframework.boot.autoconfigure.transaction.TransactionProperties'
?[2m2019-02-24 20:13:34.929?[0;39m ?[32mDEBUG?[0;39m ?[35m30201?[0;39m ?[2m---?[0;39m ?[2m[    Test worker]?[0;39m ?[36mo.s.b.f.s.DefaultListableBeanFactory    ?[0;39m ?[2m:?[0;39m Creating shared instance of singleton bean 'hikariPoolDataSourceMetadataProvider'
?[2m2019-02-24 20:13:34.930?[0;39m ?[32mDEBUG?[0;39m ?[35m30201?[0;39m ?[2m---?[0;39m ?[2m[    Test worker]?[0;39m ?[36mo.s.b.f.s.DefaultListableBeanFactory    ?[0;39m ?[2m:?[0;39m Creating shared instance of singleton bean 'org.springframework.boot.autoconfigure.jdbc.metadata.DataSourcePoolMetadataProvidersConfiguration$HikariPoolDataSourceMetadataProviderConfiguration'
?[2m2019-02-24 20:13:34.950?[0;39m ?[32mDEBUG?[0;39m ?[35m30201?[0;39m ?[2m---?[0;39m ?[2m[    Test worker]?[0;39m ?[36mo.s.b.f.s.DefaultListableBeanFactory    ?[0;39m ?[2m:?[0;39m Creating shared instance of singleton bean 'entityManagerFactoryBuilder'
?[2m2019-02-24 20:13:34.952?[0;39m ?[32mDEBUG?[0;39m ?[35m30201?[0;39m ?[2m---?[0;39m ?[2m[    Test worker]?[0;39m ?[36mo.s.b.f.s.DefaultListableBeanFactory    ?[0;39m ?[2m:?[0;39m Creating shared instance of singleton bean 'jpaVendorAdapter'
?[2m2019-02-24 20:13:34.952?[0;39m ?[32mDEBUG?[0;39m ?[35m30201?[0;39m ?[2m---?[0;39m ?[2m[    Test worker]?[0;39m ?[36mo.s.jdbc.datasource.DataSourceUtils     ?[0;39m ?[2m:?[0;39m Fetching JDBC Connection from DataSource
?[2m2019-02-24 20:13:34.952?[0;39m ?[32m INFO?[0;39m ?[35m30201?[0;39m ?[2m---?[0;39m ?[2m[    Test worker]?[0;39m ?[36mcom.zaxxer.hikari.HikariDataSource      ?[0;39m ?[2m:?[0;39m HikariPool-2 - Starting...
?[2m2019-02-24 20:13:34.954?[0;39m ?[32m INFO?[0;39m ?[35m30201?[0;39m ?[2m---?[0;39m ?[2m[    Test worker]?[0;39m ?[36mcom.zaxxer.hikari.HikariDataSource      ?[0;39m ?[2m:?[0;39m HikariPool-2 - Start completed.
?[2m2019-02-24 20:13:34.961?[0;39m ?[32mDEBUG?[0;39m ?[35m30201?[0;39m ?[2m---?[0;39m ?[2m[    Test worker]?[0;39m ?[36mo.s.b.f.s.DefaultListableBeanFactory    ?[0;39m ?[2m:?[0;39m Autowiring by type from bean name 'entityManagerFactoryBuilder' via factory method to bean named 'jpaVendorAdapter'
?[2m2019-02-24 20:13:34.965?[0;39m ?[32mDEBUG?[0;39m ?[35m30201?[0;39m ?[2m---?[0;39m ?[2m[    Test worker]?[0;39m ?[36mo.s.b.f.s.DefaultListableBeanFactory    ?[0;39m ?[2m:?[0;39m Autowiring by type from bean name 'entityManagerFactory' via factory method to bean named 'entityManagerFactoryBuilder'
?[2m2019-02-24 20:13:34.966?[0;39m ?[32mDEBUG?[0;39m ?[35m30201?[0;39m ?[2m---?[0;39m ?[2m[    Test worker]?[0;39m ?[36mo.s.jdbc.datasource.DataSourceUtils     ?[0;39m ?[2m:?[0;39m Fetching JDBC Connection from DataSource
?[2m2019-02-24 20:13:34.987?[0;39m ?[32mDEBUG?[0;39m ?[35m30201?[0;39m ?[2m---?[0;39m ?[2m[    Test worker]?[0;39m ?[36mj.LocalContainerEntityManagerFactoryBean?[0;39m ?[2m:?[0;39m Building JPA container EntityManagerFactory for persistence unit 'default'
?[2m2019-02-24 20:13:34.987?[0;39m ?[32m INFO?[0;39m ?[35m30201?[0;39m ?[2m---?[0;39m ?[2m[    Test worker]?[0;39m ?[36mo.hibernate.jpa.internal.util.LogHelper ?[0;39m ?[2m:?[0;39m HHH000204: Processing PersistenceUnitInfo [
	name: default
	...]
?[2m2019-02-24 20:13:34.990?[0;39m ?[32mDEBUG?[0;39m ?[35m30201?[0;39m ?[2m---?[0;39m ?[2m[    Test worker]?[0;39m ?[36morg.hibernate.type.BasicTypeRegistry    ?[0;39m ?[2m:?[0;39m Adding type registration boolean -> org.hibernate.type.BooleanType@58e25f08
?[2m2019-02-24 20:13:34.991?[0;39m ?[32mDEBUG?[0;39m ?[35m30201?[0;39m ?[2m---?[0;39m ?[2m[    Test worker]?[0;39m ?[36morg.hibernate.type.BasicTypeRegistry    ?[0;39m ?[2m:?[0;39m Adding type registration boolean -> org.hibernate.type.BooleanType@58e25f08
?[2m2019-02-24 20:13:34.991?[0;39m ?[32mDEBUG?[0;39m ?[35m30201?[0;39m ?[2m---?[0;39m ?[2m[    Test worker]?[0;39m ?[36morg.hibernate.type.BasicTypeRegistry    ?[0;39m ?[2m:?[0;39m Adding type registration java.lang.Boolean -> org.hibernate.type.BooleanType@58e25f08
?[2m2019-02-24 20:13:34.991?[0;39m ?[32mDEBUG?[0;39m ?[35m30201?[0;39m ?[2m---?[0;39m ?[2m[    Test worker]?[0;39m ?[36morg.hibernate.type.BasicTypeRegistry    ?[0;39m ?[2m:?[0;39m Adding type registration numeric_boolean -> org.hibernate.type.NumericBooleanType@2ea815f
?[2m2019-02-24 20:13:34.991?[0;39m ?[32mDEBUG?[0;39m ?[35m30201?[0;39m ?[2m---?[0;39m ?[2m[    Test worker]?[0;39m ?[36morg.hibernate.type.BasicTypeRegistry    ?[0;39m ?[2m:?[0;39m Adding type registration true_false -> org.hibernate.type.TrueFalseType@182ba16d
?[2m2019-02-24 20:13:34.991?[0;39m ?[32mDEBUG?[0;39m ?[35m30201?[0;39m ?[2m---?[0;39m ?[2m[    Test worker]?[0;39m ?[36morg.hibernate.type.BasicTypeRegistry    ?[0;39m ?[2m:?[0;39m Adding type registration yes_no -> org.hibernate.type.YesNoType@4adb8fea
?[2m2019-02-24 20:13:34.991?[0;39m ?[32mDEBUG?[0;39m ?[35m30201?[0;39m ?[2m---?[0;39m ?[2m[    Test worker]?[0;39m ?[36morg.hibernate.type.BasicTypeRegistry    ?[0;39m ?[2m:?[0;39m Adding type registration byte -> org.hibernate.type.ByteType@4ce605dd
?[2m2019-02-24 20:13:34.991?[0;39m ?[32mDEBUG?[0;39m ?[35m30201?[0;39m ?[2m---?[0;39m ?[2m[    Test worker]?[0;39m ?[36morg.hibernate.type.BasicTypeRegistry    ?[0;39m ?[2m:?[0;39m Adding type registration byte -> org.hibernate.type.ByteType@4ce605dd
?[2m2019-02-24 20:13:34.991?[0;39m ?[32mDEBUG?[0;39m ?[35m30201?[0;39m ?[2m---?[0;39m ?[2m[    Test worker]?[0;39m ?[36morg.hibernate.type.BasicTypeRegistry    ?[0;39m ?[2m:?[0;39m Adding type registration java.lang.Byte -> org.hibernate.type.ByteType@4ce605dd
?[2m2019-02-24 20:13:34.992?[0;39m ?[32mDEBUG?[0;39m ?[35m30201?[0;39m ?[2m---?[0;39m ?[2m[    Test worker]?[0;39m ?[36morg.hibernate.type.BasicTypeRegistry    ?[0;39m ?[2m:?[0;39m Adding type registration character -> org.hibernate.type.CharacterType@799429b4
?[2m2019-02-24 20:13:34.992?[0;39m ?[32mDEBUG?[0;39m ?[35m30201?[0;39m ?[2m---?[0;39m ?[2m[    Test worker]?[0;39m ?[36morg.hibernate.type.BasicTypeRegistry    ?[0;39m ?[2m:?[0;39m Adding type registration char -> org.hibernate.type.CharacterType@799429b4
?[2m2019-02-24 20:13:34.992?[0;39m ?[32mDEBUG?[0;39m ?[35m30201?[0;39m ?[2m---?[0;39m ?[2m[    Test worker]?[0;39m ?[36morg.hibernate.type.BasicTypeRegistry    ?[0;39m ?[2m:?[0;39m Adding type registration java.lang.Character -> org.hibernate.type.CharacterType@799429b4
?[2m2019-02-24 20:13:34.992?[0;39m ?[32mDEBUG?[0;39m ?[35m30201?[0;39m ?[2m---?[0;39m ?[2m[    Test worker]?[0;39m ?[36morg.hibernate.type.BasicTypeRegistry    ?[0;39m ?[2m:?[0;39m Adding type registration short -> org.hibernate.type.ShortType@6983df1f
?[2m2019-02-24 20:13:34.992?[0;39m ?[32mDEBUG?[0;39m ?[35m30201?[0;39m ?[2m---?[0;39m ?[2m[    Test worker]?[0;39m ?[36morg.hibernate.type.BasicTypeRegistry    ?[0;39m ?[2m:?[0;39m Adding type registration short -> org.hibernate.type.ShortType@6983df1f
?[2m2019-02-24 20:13:34.992?[0;39m ?[32mDEBUG?[0;39m ?[35m30201?[0;39m ?[2m---?[0;39m ?[2m[    Test worker]?[0;39m ?[36morg.hibernate.type.BasicTypeRegistry    ?[0;39m ?[2m:?[0;39m Adding type registration java.lang.Short -> org.hibernate.type.ShortType@6983df1f
?[2m2019-02-24 20:13:34.992?[0;39m ?[32mDEBUG?[0;39m ?[35m30201?[0;39m ?[2m---?[0;39m ?[2m[    Test worker]?[0;39m ?[36morg.hibernate.type.BasicTypeRegistry    ?[0;39m ?[2m:?[0;39m Adding type registration integer -> org.hibernate.type.IntegerType@d9eb4d8
?[2m2019-02-24 20:13:34.992?[0;39m ?[32mDEBUG?[0;39m ?[35m30201?[0;39m ?[2m---?[0;39m ?[2m[    Test worker]?[0;39m ?[36morg.hibernate.type.BasicTypeRegistry    ?[0;39m ?[2m:?[0;39m Adding type registration int -> org.hibernate.type.IntegerType@d9eb4d8
?[2m2019-02-24 20:13:34.992?[0;39m ?[32mDEBUG?[0;39m ?[35m30201?[0;39m ?[2m---?[0;39m ?[2m[    Test worker]?[0;39m ?[36morg.hibernate.type.BasicTypeRegistry    ?[0;39m ?[2m:?[0;39m Adding type registration java.lang.Integer -> org.hibernate.type.IntegerType@d9eb4d8
?[2m2019-02-24 20:13:34.993?[0;39m ?[32mDEBUG?[0;39m ?[35m30201?[0;39m ?[2m---?[0;39m ?[2m[    Test worker]?[0;39m ?[36morg.hibernate.type.BasicTypeRegistry    ?[0;39m ?[2m:?[0;39m Adding type registration long -> org.hibernate.type.LongType@4abfc978
?[2m2019-02-24 20:13:34.993?[0;39m ?[32mDEBUG?[0;39m ?[35m30201?[0;39m ?[2m---?[0;39m ?[2m[    Test worker]?[0;39m ?[36morg.hibernate.type.BasicTypeRegistry    ?[0;39m ?[2m:?[0;39m Adding type registration long -> org.hibernate.type.LongType@4abfc978
?[2m2019-02-24 20:13:34.993?[0;39m ?[32mDEBUG?[0;39m ?[35m30201?[0;39m ?[2m---?[0;39m ?[2m[    Test worker]?[0;39m ?[36morg.hibernate.type.BasicTypeRegistry    ?[0;39m ?[2m:?[0;39m Adding type registration java.lang.Long -> org.hibernate.type.LongType@4abfc978
?[2m2019-02-24 20:13:34.993?[0;39m ?[32mDEBUG?[0;39m ?[35m30201?[0;39m ?[2m---?[0;39m ?[2m[    Test worker]?[0;39m ?[36morg.hibernate.type.BasicTypeRegistry    ?[0;39m ?[2m:?[0;39m Adding type registration float -> org.hibernate.type.FloatType@340a3cb6
?[2m2019-02-24 20:13:34.993?[0;39m ?[32mDEBUG?[0;39m ?[35m30201?[0;39m ?[2m---?[0;39m ?[2m[    Test worker]?[0;39m ?[36morg.hibernate.type.BasicTypeRegistry    ?[0;39m ?[2m:?[0;39m Adding type registration float -> org.hibernate.type.FloatType@340a3cb6
?[2m2019-02-24 20:13:34.993?[0;39m ?[32mDEBUG?[0;39m ?[35m30201?[0;39m ?[2m---?[0;39m ?[2m[    Test worker]?[0;39m ?[36morg.hibernate.type.BasicTypeRegistry    ?[0;39m ?[2m:?[0;39m Adding type registration java.lang.Float -> org.hibernate.type.FloatType@340a3cb6
?[2m2019-02-24 20:13:34.993?[0;39m ?[32mDEBUG?[0;39m ?[35m30201?[0;39m ?[2m---?[0;39m ?[2m[    Test worker]?[0;39m ?[36morg.hibernate.type.BasicTypeRegistry    ?[0;39m ?[2m:?[0;39m Adding type registration double -> org.hibernate.type.DoubleType@2c1ac506
?[2m2019-02-24 20:13:34.993?[0;39m ?[32mDEBUG?[0;39m ?[35m30201?[0;39m ?[2m---?[0;39m ?[2m[    Test worker]?[0;39m ?[36morg.hibernate.type.BasicTypeRegistry    ?[0;39m ?[2m:?[0;39m Adding type registration double -> org.hibernate.type.DoubleType@2c1ac506
?[2m2019-02-24 20:13:34.993?[0;39m ?[32mDEBUG?[0;39m ?[35m30201?[0;39m ?[2m---?[0;39m ?[2m[    Test worker]?[0;39m ?[36morg.hibernate.type.BasicTypeRegistry    ?[0;39m ?[2m:?[0;39m Adding type registration java.lang.Double -> org.hibernate.type.DoubleType@2c1ac506
?[2m2019-02-24 20:13:34.993?[0;39m ?[32mDEBUG?[0;39m ?[35m30201?[0;39m ?[2m---?[0;39m ?[2m[    Test worker]?[0;39m ?[36morg.hibernate.type.BasicTypeRegistry    ?[0;39m ?[2m:?[0;39m Adding type registration big_decimal -> org.hibernate.type.BigDecimalType@6c1a7f16
?[2m2019-02-24 20:13:34.994?[0;39m ?[32mDEBUG?[0;39m ?[35m30201?[0;39m ?[2m---?[0;39m ?[2m[    Test worker]?[0;39m ?[36morg.hibernate.type.BasicTypeRegistry    ?[0;39m ?[2m:?[0;39m Adding type registration java.math.BigDecimal -> org.hibernate.type.BigDecimalType@6c1a7f16
?[2m2019-02-24 20:13:34.994?[0;39m ?[32mDEBUG?[0;39m ?[35m30201?[0;39m ?[2m---?[0;39m ?[2m[    Test worker]?[0;39m ?[36morg.hibernate.type.BasicTypeRegistry    ?[0;39m ?[2m:?[0;39m Adding type registration big_integer -> org.hibernate.type.BigIntegerType@2c4bfc52
?[2m2019-02-24 20:13:34.994?[0;39m ?[32mDEBUG?[0;39m ?[35m30201?[0;39m ?[2m---?[0;39m ?[2m[    Test worker]?[0;39m ?[36morg.hibernate.type.BasicTypeRegistry    ?[0;39m ?[2m:?[0;39m Adding type registration java.math.BigInteger -> org.hibernate.type.BigIntegerType@2c4bfc52
?[2m2019-02-24 20:13:34.994?[0;39m ?[32mDEBUG?[0;39m ?[35m30201?[0;39m ?[2m---?[0;39m ?[2m[    Test worker]?[0;39m ?[36morg.hibernate.type.BasicTypeRegistry    ?[0;39m ?[2m:?[0;39m Adding type registration string -> org.hibernate.type.StringType@7d37877d
?[2m2019-02-24 20:13:34.994?[0;39m ?[32mDEBUG?[0;39m ?[35m30201?[0;39m ?[2m---?[0;39m ?[2m[    Test worker]?[0;39m ?[36morg.hibernate.type.BasicTypeRegistry    ?[0;39m ?[2m:?[0;39m Adding type registration java.lang.String -> org.hibernate.type.StringType@7d37877d
?[2m2019-02-24 20:13:34.994?[0;39m ?[32mDEBUG?[0;39m ?[35m30201?[0;39m ?[2m---?[0;39m ?[2m[    Test worker]?[0;39m ?[36morg.hibernate.type.BasicTypeRegistry    ?[0;39m ?[2m:?[0;39m Adding type registration nstring -> org.hibernate.type.StringNVarcharType@1220338c
?[2m2019-02-24 20:13:34.994?[0;39m ?[32mDEBUG?[0;39m ?[35m30201?[0;39m ?[2m---?[0;39m ?[2m[    Test worker]?[0;39m ?[36morg.hibernate.type.BasicTypeRegistry    ?[0;39m ?[2m:?[0;39m Adding type registration ncharacter -> org.hibernate.type.CharacterNCharType@5c5904d8
?[2m2019-02-24 20:13:34.994?[0;39m ?[32mDEBUG?[0;39m ?[35m30201?[0;39m ?[2m---?[0;39m ?[2m[    Test worker]?[0;39m ?[36morg.hibernate.type.BasicTypeRegistry    ?[0;39m ?[2m:?[0;39m Adding type registration url -> org.hibernate.type.UrlType@3ba61537
?[2m2019-02-24 20:13:34.994?[0;39m ?[32mDEBUG?[0;39m ?[35m30201?[0;39m ?[2m---?[0;39m ?[2m[    Test worker]?[0;39m ?[36morg.hibernate.type.BasicTypeRegistry    ?[0;39m ?[2m:?[0;39m Adding type registration java.net.URL -> org.hibernate.type.UrlType@3ba61537
?[2m2019-02-24 20:13:34.995?[0;39m ?[32mDEBUG?[0;39m ?[35m30201?[0;39m ?[2m---?[0;39m ?[2m[    Test worker]?[0;39m ?[36morg.hibernate.type.BasicTypeRegistry    ?[0;39m ?[2m:?[0;39m Adding type registration Duration -> org.hibernate.type.DurationType@69d66f9b
?[2m2019-02-24 20:13:34.995?[0;39m ?[32mDEBUG?[0;39m ?[35m30201?[0;39m ?[2m---?[0;39m ?[2m[    Test worker]?[0;39m ?[36morg.hibernate.type.BasicTypeRegistry    ?[0;39m ?[2m:?[0;39m Adding type registration java.time.Duration -> org.hibernate.type.DurationType@69d66f9b
?[2m2019-02-24 20:13:34.995?[0;39m ?[32mDEBUG?[0;39m ?[35m30201?[0;39m ?[2m---?[0;39m ?[2m[    Test worker]?[0;39m ?[36morg.hibernate.type.BasicTypeRegistry    ?[0;39m ?[2m:?[0;39m Adding type registration Instant -> org.hibernate.type.InstantType@9b7d016
?[2m2019-02-24 20:13:34.995?[0;39m ?[32mDEBUG?[0;39m ?[35m30201?[0;39m ?[2m---?[0;39m ?[2m[    Test worker]?[0;39m ?[36morg.hibernate.type.BasicTypeRegistry    ?[0;39m ?[2m:?[0;39m Adding type registration java.time.Instant -> org.hibernate.type.InstantType@9b7d016
?[2m2019-02-24 20:13:34.995?[0;39m ?[32mDEBUG?[0;39m ?[35m30201?[0;39m ?[2m---?[0;39m ?[2m[    Test worker]?[0;39m ?[36morg.hibernate.type.BasicTypeRegistry    ?[0;39m ?[2m:?[0;39m Adding type registration LocalDateTime -> org.hibernate.type.LocalDateTimeType@5a4be32c
?[2m2019-02-24 20:13:34.995?[0;39m ?[32mDEBUG?[0;39m ?[35m30201?[0;39m ?[2m---?[0;39m ?[2m[    Test worker]?[0;39m ?[36morg.hibernate.type.BasicTypeRegistry    ?[0;39m ?[2m:?[0;39m Adding type registration java.time.LocalDateTime -> org.hibernate.type.LocalDateTimeType@5a4be32c
?[2m2019-02-24 20:13:34.995?[0;39m ?[32mDEBUG?[0;39m ?[35m30201?[0;39m ?[2m---?[0;39m ?[2m[    Test worker]?[0;39m ?[36morg.hibernate.type.BasicTypeRegistry    ?[0;39m ?[2m:?[0;39m Adding type registration LocalDate -> org.hibernate.type.LocalDateType@6f99e0d6
?[2m2019-02-24 20:13:34.995?[0;39m ?[32mDEBUG?[0;39m ?[35m30201?[0;39m ?[2m---?[0;39m ?[2m[    Test worker]?[0;39m ?[36morg.hibernate.type.BasicTypeRegistry    ?[0;39m ?[2m:?[0;39m Adding type registration java.time.LocalDate -> org.hibernate.type.LocalDateType@6f99e0d6
?[2m2019-02-24 20:13:34.995?[0;39m ?[32mDEBUG?[0;39m ?[35m30201?[0;39m ?[2m---?[0;39m ?[2m[    Test worker]?[0;39m ?[36morg.hibernate.type.BasicTypeRegistry    ?[0;39m ?[2m:?[0;39m Adding type registration LocalTime -> org.hibernate.type.LocalTimeType@40efb0d9
?[2m2019-02-24 20:13:34.995?[0;39m ?[32mDEBUG?[0;39m ?[35m30201?[0;39m ?[2m---?[0;39m ?[2m[    Test worker]?[0;39m ?[36morg.hibernate.type.BasicTypeRegistry    ?[0;39m ?[2m:?[0;39m Adding type registration java.time.LocalTime -> org.hibernate.type.LocalTimeType@40efb0d9
?[2m2019-02-24 20:13:34.996?[0;39m ?[32mDEBUG?[0;39m ?[35m30201?[0;39m ?[2m---?[0;39m ?[2m[    Test worker]?[0;39m ?[36morg.hibernate.type.BasicTypeRegistry    ?[0;39m ?[2m:?[0;39m Adding type registration OffsetDateTime -> org.hibernate.type.OffsetDateTimeType@7ee5270e
?[2m2019-02-24 20:13:34.996?[0;39m ?[32mDEBUG?[0;39m ?[35m30201?[0;39m ?[2m---?[0;39m ?[2m[    Test worker]?[0;39m ?[36morg.hibernate.type.BasicTypeRegistry    ?[0;39m ?[2m:?[0;39m Adding type registration java.time.OffsetDateTime -> org.hibernate.type.OffsetDateTimeType@7ee5270e
?[2m2019-02-24 20:13:34.996?[0;39m ?[32mDEBUG?[0;39m ?[35m30201?[0;39m ?[2m---?[0;39m ?[2m[    Test worker]?[0;39m ?[36morg.hibernate.type.BasicTypeRegistry    ?[0;39m ?[2m:?[0;39m Adding type registration OffsetTime -> org.hibernate.type.OffsetTimeType@21e83755
?[2m2019-02-24 20:13:34.996?[0;39m ?[32mDEBUG?[0;39m ?[35m30201?[0;39m ?[2m---?[0;39m ?[2m[    Test worker]?[0;39m ?[36morg.hibernate.type.BasicTypeRegistry    ?[0;39m ?[2m:?[0;39m Adding type registration java.time.OffsetTime -> org.hibernate.type.OffsetTimeType@21e83755
?[2m2019-02-24 20:13:34.996?[0;39m ?[32mDEBUG?[0;39m ?[35m30201?[0;39m ?[2m---?[0;39m ?[2m[    Test worker]?[0;39m ?[36morg.hibernate.type.BasicTypeRegistry    ?[0;39m ?[2m:?[0;39m Adding type registration ZonedDateTime -> org.hibernate.type.ZonedDateTimeType@2ea941eb
?[2m2019-02-24 20:13:34.996?[0;39m ?[32mDEBUG?[0;39m ?[35m30201?[0;39m ?[2m---?[0;39m ?[2m[    Test worker]?[0;39m ?[36morg.hibernate.type.BasicTypeRegistry    ?[0;39m ?[2m:?[0;39m Adding type registration java.time.ZonedDateTime -> org.hibernate.type.ZonedDateTimeType@2ea941eb
?[2m2019-02-24 20:13:34.996?[0;39m ?[32mDEBUG?[0;39m ?[35m30201?[0;39m ?[2m---?[0;39m ?[2m[    Test worker]?[0;39m ?[36morg.hibernate.type.BasicTypeRegistry    ?[0;39m ?[2m:?[0;39m Adding type registration date -> org.hibernate.type.DateType@607ba6a9
?[2m2019-02-24 20:13:34.996?[0;39m ?[32mDEBUG?[0;39m ?[35m30201?[0;39m ?[2m---?[0;39m ?[2m[    Test worker]?[0;39m ?[36morg.hibernate.type.BasicTypeRegistry    ?[0;39m ?[2m:?[0;39m Adding type registration java.sql.Date -> org.hibernate.type.DateType@607ba6a9
?[2m2019-02-24 20:13:34.996?[0;39m ?[32mDEBUG?[0;39m ?[35m30201?[0;39m ?[2m---?[0;39m ?[2m[    Test worker]?[0;39m ?[36morg.hibernate.type.BasicTypeRegistry    ?[0;39m ?[2m:?[0;39m Adding type registration time -> org.hibernate.type.TimeType@a5bd6c6
?[2m2019-02-24 20:13:34.996?[0;39m ?[32mDEBUG?[0;39m ?[35m30201?[0;39m ?[2m---?[0;39m ?[2m[    Test worker]?[0;39m ?[36morg.hibernate.type.BasicTypeRegistry    ?[0;39m ?[2m:?[0;39m Adding type registration java.sql.Time -> org.hibernate.type.TimeType@a5bd6c6
?[2m2019-02-24 20:13:34.997?[0;39m ?[32mDEBUG?[0;39m ?[35m30201?[0;39m ?[2m---?[0;39m ?[2m[    Test worker]?[0;39m ?[36morg.hibernate.type.BasicTypeRegistry    ?[0;39m ?[2m:?[0;39m Adding type registration timestamp -> org.hibernate.type.TimestampType@733d37e8
?[2m2019-02-24 20:13:34.997?[0;39m ?[32mDEBUG?[0;39m ?[35m30201?[0;39m ?[2m---?[0;39m ?[2m[    Test worker]?[0;39m ?[36morg.hibernate.type.BasicTypeRegistry    ?[0;39m ?[2m:?[0;39m Adding type registration java.sql.Timestamp -> org.hibernate.type.TimestampType@733d37e8
?[2m2019-02-24 20:13:34.997?[0;39m ?[32mDEBUG?[0;39m ?[35m30201?[0;39m ?[2m---?[0;39m ?[2m[    Test worker]?[0;39m ?[36morg.hibernate.type.BasicTypeRegistry    ?[0;39m ?[2m:?[0;39m Adding type registration java.util.Date -> org.hibernate.type.TimestampType@733d37e8
?[2m2019-02-24 20:13:34.997?[0;39m ?[32mDEBUG?[0;39m ?[35m30201?[0;39m ?[2m---?[0;39m ?[2m[    Test worker]?[0;39m ?[36morg.hibernate.type.BasicTypeRegistry    ?[0;39m ?[2m:?[0;39m Adding type registration dbtimestamp -> org.hibernate.type.DbTimestampType@553a0276
?[2m2019-02-24 20:13:34.997?[0;39m ?[32mDEBUG?[0;39m ?[35m30201?[0;39m ?[2m---?[0;39m ?[2m[    Test worker]?[0;39m ?[36morg.hibernate.type.BasicTypeRegistry    ?[0;39m ?[2m:?[0;39m Adding type registration calendar -> org.hibernate.type.CalendarType@698e8faf
?[2m2019-02-24 20:13:34.997?[0;39m ?[32mDEBUG?[0;39m ?[35m30201?[0;39m ?[2m---?[0;39m ?[2m[    Test worker]?[0;39m ?[36morg.hibernate.type.BasicTypeRegistry    ?[0;39m ?[2m:?[0;39m Adding type registration java.util.Calendar -> org.hibernate.type.CalendarType@698e8faf
?[2m2019-02-24 20:13:34.997?[0;39m ?[32mDEBUG?[0;39m ?[35m30201?[0;39m ?[2m---?[0;39m ?[2m[    Test worker]?[0;39m ?[36morg.hibernate.type.BasicTypeRegistry    ?[0;39m ?[2m:?[0;39m Adding type registration java.util.GregorianCalendar -> org.hibernate.type.CalendarType@698e8faf
?[2m2019-02-24 20:13:34.997?[0;39m ?[32mDEBUG?[0;39m ?[35m30201?[0;39m ?[2m---?[0;39m ?[2m[    Test worker]?[0;39m ?[36morg.hibernate.type.BasicTypeRegistry    ?[0;39m ?[2m:?[0;39m Adding type registration calendar_date -> org.hibernate.type.CalendarDateType@2e464a6
?[2m2019-02-24 20:13:34.997?[0;39m ?[32mDEBUG?[0;39m ?[35m30201?[0;39m ?[2m---?[0;39m ?[2m[    Test worker]?[0;39m ?[36morg.hibernate.type.BasicTypeRegistry    ?[0;39m ?[2m:?[0;39m Adding type registration locale -> org.hibernate.type.LocaleType@10a90cc1
?[2m2019-02-24 20:13:34.997?[0;39m ?[32mDEBUG?[0;39m ?[35m30201?[0;39m ?[2m---?[0;39m ?[2m[    Test worker]?[0;39m ?[36morg.hibernate.type.BasicTypeRegistry    ?[0;39m ?[2m:?[0;39m Adding type registration java.util.Locale -> org.hibernate.type.LocaleType@10a90cc1
?[2m2019-02-24 20:13:34.997?[0;39m ?[32mDEBUG?[0;39m ?[35m30201?[0;39m ?[2m---?[0;39m ?[2m[    Test worker]?[0;39m ?[36morg.hibernate.type.BasicTypeRegistry    ?[0;39m ?[2m:?[0;39m Adding type registration currency -> org.hibernate.type.CurrencyType@6a009582
?[2m2019-02-24 20:13:34.998?[0;39m ?[32mDEBUG?[0;39m ?[35m30201?[0;39m ?[2m---?[0;39m ?[2m[    Test worker]?[0;39m ?[36morg.hibernate.type.BasicTypeRegistry    ?[0;39m ?[2m:?[0;39m Adding type registration java.util.Currency -> org.hibernate.type.CurrencyType@6a009582
?[2m2019-02-24 20:13:34.998?[0;39m ?[32mDEBUG?[0;39m ?[35m30201?[0;39m ?[2m---?[0;39m ?[2m[    Test worker]?[0;39m ?[36morg.hibernate.type.BasicTypeRegistry    ?[0;39m ?[2m:?[0;39m Adding type registration timezone -> org.hibernate.type.TimeZoneType@436e94b2
?[2m2019-02-24 20:13:34.998?[0;39m ?[32mDEBUG?[0;39m ?[35m30201?[0;39m ?[2m---?[0;39m ?[2m[    Test worker]?[0;39m ?[36morg.hibernate.type.BasicTypeRegistry    ?[0;39m ?[2m:?[0;39m Adding type registration java.util.TimeZone -> org.hibernate.type.TimeZoneType@436e94b2
?[2m2019-02-24 20:13:34.998?[0;39m ?[32mDEBUG?[0;39m ?[35m30201?[0;39m ?[2m---?[0;39m ?[2m[    Test worker]?[0;39m ?[36morg.hibernate.type.BasicTypeRegistry    ?[0;39m ?[2m:?[0;39m Adding type registration class -> org.hibernate.type.ClassType@4d691c32
?[2m2019-02-24 20:13:34.998?[0;39m ?[32mDEBUG?[0;39m ?[35m30201?[0;39m ?[2m---?[0;39m ?[2m[    Test worker]?[0;39m ?[36morg.hibernate.type.BasicTypeRegistry    ?[0;39m ?[2m:?[0;39m Adding type registration java.lang.Class -> org.hibernate.type.ClassType@4d691c32
?[2m2019-02-24 20:13:34.998?[0;39m ?[32mDEBUG?[0;39m ?[35m30201?[0;39m ?[2m---?[0;39m ?[2m[    Test worker]?[0;39m ?[36morg.hibernate.type.BasicTypeRegistry    ?[0;39m ?[2m:?[0;39m Adding type registration uuid-binary -> org.hibernate.type.UUIDBinaryType@2f4ae44e
?[2m2019-02-24 20:13:34.998?[0;39m ?[32mDEBUG?[0;39m ?[35m30201?[0;39m ?[2m---?[0;39m ?[2m[    Test worker]?[0;39m ?[36morg.hibernate.type.BasicTypeRegistry    ?[0;39m ?[2m:?[0;39m Adding type registration java.util.UUID -> org.hibernate.type.UUIDBinaryType@2f4ae44e
?[2m2019-02-24 20:13:34.998?[0;39m ?[32mDEBUG?[0;39m ?[35m30201?[0;39m ?[2m---?[0;39m ?[2m[    Test worker]?[0;39m ?[36morg.hibernate.type.BasicTypeRegistry    ?[0;39m ?[2m:?[0;39m Adding type registration uuid-char -> org.hibernate.type.UUIDCharType@683cc05b
?[2m2019-02-24 20:13:34.998?[0;39m ?[32mDEBUG?[0;39m ?[35m30201?[0;39m ?[2m---?[0;39m ?[2m[    Test worker]?[0;39m ?[36morg.hibernate.type.BasicTypeRegistry    ?[0;39m ?[2m:?[0;39m Adding type registration binary -> org.hibernate.type.BinaryType@54f90170
?[2m2019-02-24 20:13:34.998?[0;39m ?[32mDEBUG?[0;39m ?[35m30201?[0;39m ?[2m---?[0;39m ?[2m[    Test worker]?[0;39m ?[36morg.hibernate.type.BasicTypeRegistry    ?[0;39m ?[2m:?[0;39m Adding type registration byte[] -> org.hibernate.type.BinaryType@54f90170
?[2m2019-02-24 20:13:34.998?[0;39m ?[32mDEBUG?[0;39m ?[35m30201?[0;39m ?[2m---?[0;39m ?[2m[    Test worker]?[0;39m ?[36morg.hibernate.type.BasicTypeRegistry    ?[0;39m ?[2m:?[0;39m Adding type registration [B -> org.hibernate.type.BinaryType@54f90170
?[2m2019-02-24 20:13:34.999?[0;39m ?[32mDEBUG?[0;39m ?[35m30201?[0;39m ?[2m---?[0;39m ?[2m[    Test worker]?[0;39m ?[36morg.hibernate.type.BasicTypeRegistry    ?[0;39m ?[2m:?[0;39m Adding type registration wrapper-binary -> org.hibernate.type.WrapperBinaryType@440c88a0
?[2m2019-02-24 20:13:34.999?[0;39m ?[32mDEBUG?[0;39m ?[35m30201?[0;39m ?[2m---?[0;39m ?[2m[    Test worker]?[0;39m ?[36morg.hibernate.type.BasicTypeRegistry    ?[0;39m ?[2m:?[0;39m Adding type registration Byte[] -> org.hibernate.type.WrapperBinaryType@440c88a0
?[2m2019-02-24 20:13:34.999?[0;39m ?[32mDEBUG?[0;39m ?[35m30201?[0;39m ?[2m---?[0;39m ?[2m[    Test worker]?[0;39m ?[36morg.hibernate.type.BasicTypeRegistry    ?[0;39m ?[2m:?[0;39m Adding type registration [Ljava.lang.Byte; -> org.hibernate.type.WrapperBinaryType@440c88a0
?[2m2019-02-24 20:13:34.999?[0;39m ?[32mDEBUG?[0;39m ?[35m30201?[0;39m ?[2m---?[0;39m ?[2m[    Test worker]?[0;39m ?[36morg.hibernate.type.BasicTypeRegistry    ?[0;39m ?[2m:?[0;39m Adding type registration row_version -> org.hibernate.type.RowVersionType@616faff6
?[2m2019-02-24 20:13:34.999?[0;39m ?[32mDEBUG?[0;39m ?[35m30201?[0;39m ?[2m---?[0;39m ?[2m[    Test worker]?[0;39m ?[36morg.hibernate.type.BasicTypeRegistry    ?[0;39m ?[2m:?[0;39m Adding type registration image -> org.hibernate.type.ImageType@32e39f9b
?[2m2019-02-24 20:13:34.999?[0;39m ?[32mDEBUG?[0;39m ?[35m30201?[0;39m ?[2m---?[0;39m ?[2m[    Test worker]?[0;39m ?[36morg.hibernate.type.BasicTypeRegistry    ?[0;39m ?[2m:?[0;39m Adding type registration characters -> org.hibernate.type.CharArrayType@421d6e87
?[2m2019-02-24 20:13:34.999?[0;39m ?[32mDEBUG?[0;39m ?[35m30201?[0;39m ?[2m---?[0;39m ?[2m[    Test worker]?[0;39m ?[36morg.hibernate.type.BasicTypeRegistry    ?[0;39m ?[2m:?[0;39m Adding type registration char[] -> org.hibernate.type.CharArrayType@421d6e87
?[2m2019-02-24 20:13:34.999?[0;39m ?[32mDEBUG?[0;39m ?[35m30201?[0;39m ?[2m---?[0;39m ?[2m[    Test worker]?[0;39m ?[36morg.hibernate.type.BasicTypeRegistry    ?[0;39m ?[2m:?[0;39m Adding type registration [C -> org.hibernate.type.CharArrayType@421d6e87
?[2m2019-02-24 20:13:34.999?[0;39m ?[32mDEBUG?[0;39m ?[35m30201?[0;39m ?[2m---?[0;39m ?[2m[    Test worker]?[0;39m ?[36morg.hibernate.type.BasicTypeRegistry    ?[0;39m ?[2m:?[0;39m Adding type registration wrapper-characters -> org.hibernate.type.CharacterArrayType@2f0d27b9
?[2m2019-02-24 20:13:34.999?[0;39m ?[32mDEBUG?[0;39m ?[35m30201?[0;39m ?[2m---?[0;39m ?[2m[    Test worker]?[0;39m ?[36morg.hibernate.type.BasicTypeRegistry    ?[0;39m ?[2m:?[0;39m Adding type registration [Ljava.lang.Character; -> org.hibernate.type.CharacterArrayType@2f0d27b9
?[2m2019-02-24 20:13:35.000?[0;39m ?[32mDEBUG?[0;39m ?[35m30201?[0;39m ?[2m---?[0;39m ?[2m[    Test worker]?[0;39m ?[36morg.hibernate.type.BasicTypeRegistry    ?[0;39m ?[2m:?[0;39m Adding type registration Character[] -> org.hibernate.type.CharacterArrayType@2f0d27b9
?[2m2019-02-24 20:13:35.000?[0;39m ?[32mDEBUG?[0;39m ?[35m30201?[0;39m ?[2m---?[0;39m ?[2m[    Test worker]?[0;39m ?[36morg.hibernate.type.BasicTypeRegistry    ?[0;39m ?[2m:?[0;39m Adding type registration text -> org.hibernate.type.TextType@436c108a
?[2m2019-02-24 20:13:35.000?[0;39m ?[32mDEBUG?[0;39m ?[35m30201?[0;39m ?[2m---?[0;39m ?[2m[    Test worker]?[0;39m ?[36morg.hibernate.type.BasicTypeRegistry    ?[0;39m ?[2m:?[0;39m Adding type registration ntext -> org.hibernate.type.NTextType@5d0b6b73
?[2m2019-02-24 20:13:35.000?[0;39m ?[32mDEBUG?[0;39m ?[35m30201?[0;39m ?[2m---?[0;39m ?[2m[    Test worker]?[0;39m ?[36morg.hibernate.type.BasicTypeRegistry    ?[0;39m ?[2m:?[0;39m Adding type registration blob -> org.hibernate.type.BlobType@18aa3356
?[2m2019-02-24 20:13:35.000?[0;39m ?[32mDEBUG?[0;39m ?[35m30201?[0;39m ?[2m---?[0;39m ?[2m[    Test worker]?[0;39m ?[36morg.hibernate.type.BasicTypeRegistry    ?[0;39m ?[2m:?[0;39m Adding type registration java.sql.Blob -> org.hibernate.type.BlobType@18aa3356
?[2m2019-02-24 20:13:35.000?[0;39m ?[32mDEBUG?[0;39m ?[35m30201?[0;39m ?[2m---?[0;39m ?[2m[    Test worker]?[0;39m ?[36morg.hibernate.type.BasicTypeRegistry    ?[0;39m ?[2m:?[0;39m Adding type registration materialized_blob -> org.hibernate.type.MaterializedBlobType@731e47
?[2m2019-02-24 20:13:35.000?[0;39m ?[32mDEBUG?[0;39m ?[35m30201?[0;39m ?[2m---?[0;39m ?[2m[    Test worker]?[0;39m ?[36morg.hibernate.type.BasicTypeRegistry    ?[0;39m ?[2m:?[0;39m Adding type registration clob -> org.hibernate.type.ClobType@4b0a5e00
?[2m2019-02-24 20:13:35.000?[0;39m ?[32mDEBUG?[0;39m ?[35m30201?[0;39m ?[2m---?[0;39m ?[2m[    Test worker]?[0;39m ?[36morg.hibernate.type.BasicTypeRegistry    ?[0;39m ?[2m:?[0;39m Adding type registration java.sql.Clob -> org.hibernate.type.ClobType@4b0a5e00
?[2m2019-02-24 20:13:35.000?[0;39m ?[32mDEBUG?[0;39m ?[35m30201?[0;39m ?[2m---?[0;39m ?[2m[    Test worker]?[0;39m ?[36morg.hibernate.type.BasicTypeRegistry    ?[0;39m ?[2m:?[0;39m Adding type registration nclob -> org.hibernate.type.NClobType@f0112a3
?[2m2019-02-24 20:13:35.001?[0;39m ?[32mDEBUG?[0;39m ?[35m30201?[0;39m ?[2m---?[0;39m ?[2m[    Test worker]?[0;39m ?[36morg.hibernate.type.BasicTypeRegistry    ?[0;39m ?[2m:?[0;39m Adding type registration java.sql.NClob -> org.hibernate.type.NClobType@f0112a3
?[2m2019-02-24 20:13:35.001?[0;39m ?[32mDEBUG?[0;39m ?[35m30201?[0;39m ?[2m---?[0;39m ?[2m[    Test worker]?[0;39m ?[36morg.hibernate.type.BasicTypeRegistry    ?[0;39m ?[2m:?[0;39m Adding type registration materialized_clob -> org.hibernate.type.MaterializedClobType@3ff724dc
?[2m2019-02-24 20:13:35.001?[0;39m ?[32mDEBUG?[0;39m ?[35m30201?[0;39m ?[2m---?[0;39m ?[2m[    Test worker]?[0;39m ?[36morg.hibernate.type.BasicTypeRegistry    ?[0;39m ?[2m:?[0;39m Adding type registration materialized_nclob -> org.hibernate.type.MaterializedNClobType@41484c22
?[2m2019-02-24 20:13:35.001?[0;39m ?[32mDEBUG?[0;39m ?[35m30201?[0;39m ?[2m---?[0;39m ?[2m[    Test worker]?[0;39m ?[36morg.hibernate.type.BasicTypeRegistry    ?[0;39m ?[2m:?[0;39m Adding type registration serializable -> org.hibernate.type.SerializableType@19528402
?[2m2019-02-24 20:13:35.001?[0;39m ?[32mDEBUG?[0;39m ?[35m30201?[0;39m ?[2m---?[0;39m ?[2m[    Test worker]?[0;39m ?[36morg.hibernate.type.BasicTypeRegistry    ?[0;39m ?[2m:?[0;39m Adding type registration object -> org.hibernate.type.ObjectType@49d9bb25
?[2m2019-02-24 20:13:35.001?[0;39m ?[32mDEBUG?[0;39m ?[35m30201?[0;39m ?[2m---?[0;39m ?[2m[    Test worker]?[0;39m ?[36morg.hibernate.type.BasicTypeRegistry    ?[0;39m ?[2m:?[0;39m Adding type registration java.lang.Object -> org.hibernate.type.ObjectType@49d9bb25
?[2m2019-02-24 20:13:35.001?[0;39m ?[32mDEBUG?[0;39m ?[35m30201?[0;39m ?[2m---?[0;39m ?[2m[    Test worker]?[0;39m ?[36morg.hibernate.type.BasicTypeRegistry    ?[0;39m ?[2m:?[0;39m Adding type registration imm_date -> org.hibernate.type.AdaptedImmutableType@4a0cffdd
?[2m2019-02-24 20:13:35.001?[0;39m ?[32mDEBUG?[0;39m ?[35m30201?[0;39m ?[2m---?[0;39m ?[2m[    Test worker]?[0;39m ?[36morg.hibernate.type.BasicTypeRegistry    ?[0;39m ?[2m:?[0;39m Adding type registration imm_time -> org.hibernate.type.AdaptedImmutableType@191c4ca9
?[2m2019-02-24 20:13:35.001?[0;39m ?[32mDEBUG?[0;39m ?[35m30201?[0;39m ?[2m---?[0;39m ?[2m[    Test worker]?[0;39m ?[36morg.hibernate.type.BasicTypeRegistry    ?[0;39m ?[2m:?[0;39m Adding type registration imm_timestamp -> org.hibernate.type.AdaptedImmutableType@57a7d9dd
?[2m2019-02-24 20:13:35.002?[0;39m ?[32mDEBUG?[0;39m ?[35m30201?[0;39m ?[2m---?[0;39m ?[2m[    Test worker]?[0;39m ?[36morg.hibernate.type.BasicTypeRegistry    ?[0;39m ?[2m:?[0;39m Adding type registration imm_dbtimestamp -> org.hibernate.type.AdaptedImmutableType@5665633e
?[2m2019-02-24 20:13:35.002?[0;39m ?[32mDEBUG?[0;39m ?[35m30201?[0;39m ?[2m---?[0;39m ?[2m[    Test worker]?[0;39m ?[36morg.hibernate.type.BasicTypeRegistry    ?[0;39m ?[2m:?[0;39m Adding type registration imm_calendar -> org.hibernate.type.AdaptedImmutableType@7bba9c38
?[2m2019-02-24 20:13:35.002?[0;39m ?[32mDEBUG?[0;39m ?[35m30201?[0;39m ?[2m---?[0;39m ?[2m[    Test worker]?[0;39m ?[36morg.hibernate.type.BasicTypeRegistry    ?[0;39m ?[2m:?[0;39m Adding type registration imm_calendar_date -> org.hibernate.type.AdaptedImmutableType@38fee2
?[2m2019-02-24 20:13:35.002?[0;39m ?[32mDEBUG?[0;39m ?[35m30201?[0;39m ?[2m---?[0;39m ?[2m[    Test worker]?[0;39m ?[36morg.hibernate.type.BasicTypeRegistry    ?[0;39m ?[2m:?[0;39m Adding type registration imm_binary -> org.hibernate.type.AdaptedImmutableType@69b8a609
?[2m2019-02-24 20:13:35.002?[0;39m ?[32mDEBUG?[0;39m ?[35m30201?[0;39m ?[2m---?[0;39m ?[2m[    Test worker]?[0;39m ?[36morg.hibernate.type.BasicTypeRegistry    ?[0;39m ?[2m:?[0;39m Adding type registration imm_serializable -> org.hibernate.type.AdaptedImmutableType@14395493
?[2m2019-02-24 20:13:35.007?[0;39m ?[32m INFO?[0;39m ?[35m30201?[0;39m ?[2m---?[0;39m ?[2m[    Test worker]?[0;39m ?[36morg.hibernate.dialect.Dialect           ?[0;39m ?[2m:?[0;39m HHH000400: Using dialect: org.hibernate.dialect.H2Dialect
?[2m2019-02-24 20:13:35.016?[0;39m ?[32mDEBUG?[0;39m ?[35m30201?[0;39m ?[2m---?[0;39m ?[2m[    Test worker]?[0;39m ?[36mo.h.type.spi.TypeConfiguration$Scope    ?[0;39m ?[2m:?[0;39m Scoping TypeConfiguration [org.hibernate.type.spi.TypeConfiguration@ea46c97] to MetadataBuildingContext [org.hibernate.boot.internal.MetadataBuildingContextRootImpl@2b19acf3]
?[2m2019-02-24 20:13:35.039?[0;39m ?[32mDEBUG?[0;39m ?[35m30201?[0;39m ?[2m---?[0;39m ?[2m[    Test worker]?[0;39m ?[36mo.h.type.spi.TypeConfiguration$Scope    ?[0;39m ?[2m:?[0;39m Scoping TypeConfiguration [org.hibernate.type.spi.TypeConfiguration@ea46c97] to SessionFactoryImpl [org.hibernate.internal.SessionFactoryImpl@27d05b2d]
Hibernate: 
    
    drop table employee if exists
Hibernate: 
    
    drop table health if exists
Hibernate: 
    
    drop table project if exists
Hibernate: 
    
    drop table status if exists
Hibernate: 
    
    drop sequence if exists hibernate_sequence
Hibernate: create sequence hibernate_sequence start with 1 increment by 1
Hibernate: 
    
    create table employee (
       id bigint not null,
        creation_date timestamp,
        last_update_date timestamp,
        name varchar(255),
        primary key (id)
    )
Hibernate: 
    
    create table health (
       id bigint not null,
        creation_date timestamp,
        last_update_date timestamp,
        name varchar(255),
        primary key (id)
    )
Hibernate: 
    
    create table project (
       id bigint not null,
        actual_cost double,
        budget_cost double,
        creation_date timestamp,
        description varchar(255),
        forecasted_cost double,
        implementation_date timestamp,
        is_deleted boolean not null,
        last_update_date timestamp,
        milestone_date timestamp,
        name varchar(255),
        summary varchar(255),
        approver_id bigint,
        health_id bigint,
        milestone_status_id bigint,
        state_id bigint,
        submitter_id bigint,
        primary key (id)
    )
Hibernate: 
    
    create table status (
       id bigint not null,
        creation_date timestamp,
        last_update_date timestamp,
        name varchar(255),
        primary key (id)
    )
Hibernate: 
    
    alter table project 
       add constraint FK839jkcm4ce5nqbx4jf26o847s 
       foreign key (approver_id) 
       references employee
Hibernate: 
    
    alter table project 
       add constraint FKia46waklj9gs3itlkbgxda8q 
       foreign key (health_id) 
       references health
Hibernate: 
    
    alter table project 
       add constraint FK36jp853cl85ma31ujf8xgjmxi 
       foreign key (milestone_status_id) 
       references status
Hibernate: 
    
    alter table project 
       add constraint FKi9qme16iq7fa29a5y3j3m4brm 
       foreign key (state_id) 
       references status
Hibernate: 
    
    alter table project 
       add constraint FK57tbmo99v4dyf1c0fpayjjqr 
       foreign key (submitter_id) 
       references employee
?[2m2019-02-24 20:13:35.199?[0;39m ?[32m INFO?[0;39m ?[35m30201?[0;39m ?[2m---?[0;39m ?[2m[    Test worker]?[0;39m ?[36mo.h.t.schema.internal.SchemaCreatorImpl ?[0;39m ?[2m:?[0;39m HHH000476: Executing import script 'org.hibernate.tool.schema.internal.exec.ScriptSourceInputNonExistentImpl@28e311cb'
?[2m2019-02-24 20:13:35.199?[0;39m ?[32mTRACE?[0;39m ?[35m30201?[0;39m ?[2m---?[0;39m ?[2m[    Test worker]?[0;39m ?[36mo.h.type.spi.TypeConfiguration$Scope    ?[0;39m ?[2m:?[0;39m Handling #sessionFactoryCreated from [org.hibernate.internal.SessionFactoryImpl@27d05b2d] for TypeConfiguration
?[2m2019-02-24 20:13:35.199?[0;39m ?[32m INFO?[0;39m ?[35m30201?[0;39m ?[2m---?[0;39m ?[2m[    Test worker]?[0;39m ?[36mj.LocalContainerEntityManagerFactoryBean?[0;39m ?[2m:?[0;39m Initialized JPA EntityManagerFactory for persistence unit 'default'
?[2m2019-02-24 20:13:35.200?[0;39m ?[32mDEBUG?[0;39m ?[35m30201?[0;39m ?[2m---?[0;39m ?[2m[    Test worker]?[0;39m ?[36mo.s.jdbc.datasource.DataSourceUtils     ?[0;39m ?[2m:?[0;39m Fetching JDBC Connection from DataSource
?[2m2019-02-24 20:13:35.201?[0;39m ?[32mDEBUG?[0;39m ?[35m30201?[0;39m ?[2m---?[0;39m ?[2m[    Test worker]?[0;39m ?[36mo.s.jdbc.datasource.DataSourceUtils     ?[0;39m ?[2m:?[0;39m Fetching JDBC Connection from DataSource
?[2m2019-02-24 20:13:35.202?[0;39m ?[32mDEBUG?[0;39m ?[35m30201?[0;39m ?[2m---?[0;39m ?[2m[    Test worker]?[0;39m ?[36mo.s.jdbc.datasource.DataSourceUtils     ?[0;39m ?[2m:?[0;39m Fetching JDBC Connection from DataSource
?[2m2019-02-24 20:13:35.202?[0;39m ?[32mDEBUG?[0;39m ?[35m30201?[0;39m ?[2m---?[0;39m ?[2m[    Test worker]?[0;39m ?[36mo.s.jdbc.datasource.init.ScriptUtils    ?[0;39m ?[2m:?[0;39m Executing SQL script from URL [file:/home/icy/source/java/spring-projectclass/Status_Reporting_Tool_G1/core/build/resources/main/data.sql]
?[2m2019-02-24 20:13:35.204?[0;39m ?[32mDEBUG?[0;39m ?[35m30201?[0;39m ?[2m---?[0;39m ?[2m[    Test worker]?[0;39m ?[36mo.s.jdbc.datasource.init.ScriptUtils    ?[0;39m ?[2m:?[0;39m 1 returned as update count for SQL: insert into status (id, name) values (1, 'Active')
?[2m2019-02-24 20:13:35.205?[0;39m ?[32mDEBUG?[0;39m ?[35m30201?[0;39m ?[2m---?[0;39m ?[2m[    Test worker]?[0;39m ?[36mo.s.jdbc.datasource.init.ScriptUtils    ?[0;39m ?[2m:?[0;39m 1 returned as update count for SQL: insert into status (id, name) values (2, 'In-Active')
?[2m2019-02-24 20:13:35.205?[0;39m ?[32mDEBUG?[0;39m ?[35m30201?[0;39m ?[2m---?[0;39m ?[2m[    Test worker]?[0;39m ?[36mo.s.jdbc.datasource.init.ScriptUtils    ?[0;39m ?[2m:?[0;39m 1 returned as update count for SQL: insert into health (id, name) values (1, 'Active')
?[2m2019-02-24 20:13:35.206?[0;39m ?[32mDEBUG?[0;39m ?[35m30201?[0;39m ?[2m---?[0;39m ?[2m[    Test worker]?[0;39m ?[36mo.s.jdbc.datasource.init.ScriptUtils    ?[0;39m ?[2m:?[0;39m 1 returned as update count for SQL: insert into health (id, name) values (2, 'In-Active')
?[2m2019-02-24 20:13:35.207?[0;39m ?[32mDEBUG?[0;39m ?[35m30201?[0;39m ?[2m---?[0;39m ?[2m[    Test worker]?[0;39m ?[36mo.s.jdbc.datasource.init.ScriptUtils    ?[0;39m ?[2m:?[0;39m 1 returned as update count for SQL: insert into project (id, name, description, summary, is_deleted, state_id, health_id) values (100, 'First Project', 'First Desc', 'First Summary', false, 1, 1)
?[2m2019-02-24 20:13:35.208?[0;39m ?[32mDEBUG?[0;39m ?[35m30201?[0;39m ?[2m---?[0;39m ?[2m[    Test worker]?[0;39m ?[36mo.s.jdbc.datasource.init.ScriptUtils    ?[0;39m ?[2m:?[0;39m 1 returned as update count for SQL: insert into project (id, name, description, summary, is_deleted, state_id, health_id) values (101, 'Second Project', 'Second Desc', 'Second Summary', false, 1, 1)
?[2m2019-02-24 20:13:35.209?[0;39m ?[32mDEBUG?[0;39m ?[35m30201?[0;39m ?[2m---?[0;39m ?[2m[    Test worker]?[0;39m ?[36mo.s.jdbc.datasource.init.ScriptUtils    ?[0;39m ?[2m:?[0;39m Executed SQL script from URL [file:/home/icy/source/java/spring-projectclass/Status_Reporting_Tool_G1/core/build/resources/main/data.sql] in 7 ms.
?[2m2019-02-24 20:13:35.209?[0;39m ?[32mDEBUG?[0;39m ?[35m30201?[0;39m ?[2m---?[0;39m ?[2m[    Test worker]?[0;39m ?[36mo.s.b.f.s.DefaultListableBeanFactory    ?[0;39m ?[2m:?[0;39m Creating shared instance of singleton bean 'springCoreApplication'
?[2m2019-02-24 20:13:35.215?[0;39m ?[32mDEBUG?[0;39m ?[35m30201?[0;39m ?[2m---?[0;39m ?[2m[    Test worker]?[0;39m ?[36mo.s.b.f.s.DefaultListableBeanFactory    ?[0;39m ?[2m:?[0;39m Creating shared instance of singleton bean 'projectService'
?[2m2019-02-24 20:13:35.219?[0;39m ?[32mDEBUG?[0;39m ?[35m30201?[0;39m ?[2m---?[0;39m ?[2m[    Test worker]?[0;39m ?[36mo.s.b.f.s.DefaultListableBeanFactory    ?[0;39m ?[2m:?[0;39m Creating shared instance of singleton bean 'projectRepository'
?[2m2019-02-24 20:13:35.278?[0;39m ?[32mDEBUG?[0;39m ?[35m30201?[0;39m ?[2m---?[0;39m ?[2m[    Test worker]?[0;39m ?[36mo.s.b.f.s.DefaultListableBeanFactory    ?[0;39m ?[2m:?[0;39m Creating shared instance of singleton bean 'jpaMappingContext'
?[2m2019-02-24 20:13:35.288?[0;39m ?[32mDEBUG?[0;39m ?[35m30201?[0;39m ?[2m---?[0;39m ?[2m[    Test worker]?[0;39m ?[36m.c.JpaMetamodelMappingContextFactoryBean?[0;39m ?[2m:?[0;39m Initializing JpaMetamodelMappingContext?
?[2m2019-02-24 20:13:35.289?[0;39m ?[32mDEBUG?[0;39m ?[35m30201?[0;39m ?[2m---?[0;39m ?[2m[    Test worker]?[0;39m ?[36m.c.JpaMetamodelMappingContextFactoryBean?[0;39m ?[2m:?[0;39m Finished initializing JpaMetamodelMappingContext!
?[2m2019-02-24 20:13:35.294?[0;39m ?[32mDEBUG?[0;39m ?[35m30201?[0;39m ?[2m---?[0;39m ?[2m[    Test worker]?[0;39m ?[36mtor$SharedEntityManagerInvocationHandler?[0;39m ?[2m:?[0;39m Creating new EntityManager for shared EntityManager invocation
?[2m2019-02-24 20:13:35.295?[0;39m ?[32mDEBUG?[0;39m ?[35m30201?[0;39m ?[2m---?[0;39m ?[2m[    Test worker]?[0;39m ?[36mo.h.stat.internal.StatisticsInitiator   ?[0;39m ?[2m:?[0;39m Statistics initialized [enabled=true]
?[2m2019-02-24 20:13:35.295?[0;39m ?[32m INFO?[0;39m ?[35m30201?[0;39m ?[2m---?[0;39m ?[2m[    Test worker]?[0;39m ?[36mi.StatisticalLoggingSessionEventListener?[0;39m ?[2m:?[0;39m Session Metrics {
    0 nanoseconds spent acquiring 0 JDBC connections;
    0 nanoseconds spent releasing 0 JDBC connections;
    0 nanoseconds spent preparing 0 JDBC statements;
    0 nanoseconds spent executing 0 JDBC statements;
    0 nanoseconds spent executing 0 JDBC batches;
    0 nanoseconds spent performing 0 L2C puts;
    0 nanoseconds spent performing 0 L2C hits;
    0 nanoseconds spent performing 0 L2C misses;
    0 nanoseconds spent executing 0 flushes (flushing a total of 0 entities and 0 collections);
    0 nanoseconds spent executing 0 partial-flushes (flushing a total of 0 entities and 0 collections)
}
?[2m2019-02-24 20:13:35.333?[0;39m ?[32mDEBUG?[0;39m ?[35m30201?[0;39m ?[2m---?[0;39m ?[2m[    Test worker]?[0;39m ?[36mo.s.d.r.c.s.RepositoryFactorySupport    ?[0;39m ?[2m:?[0;39m Initializing repository instance for com.tool.reporting.repository.ProjectRepository?
?[2m2019-02-24 20:13:35.337?[0;39m ?[32mDEBUG?[0;39m ?[35m30201?[0;39m ?[2m---?[0;39m ?[2m[    Test worker]?[0;39m ?[36mtor$SharedEntityManagerInvocationHandler?[0;39m ?[2m:?[0;39m Creating new EntityManager for shared EntityManager invocation
?[2m2019-02-24 20:13:35.338?[0;39m ?[32m INFO?[0;39m ?[35m30201?[0;39m ?[2m---?[0;39m ?[2m[    Test worker]?[0;39m ?[36mi.StatisticalLoggingSessionEventListener?[0;39m ?[2m:?[0;39m Session Metrics {
    0 nanoseconds spent acquiring 0 JDBC connections;
    0 nanoseconds spent releasing 0 JDBC connections;
    0 nanoseconds spent preparing 0 JDBC statements;
    0 nanoseconds spent executing 0 JDBC statements;
    0 nanoseconds spent executing 0 JDBC batches;
    0 nanoseconds spent performing 0 L2C puts;
    0 nanoseconds spent performing 0 L2C hits;
    0 nanoseconds spent performing 0 L2C misses;
    0 nanoseconds spent executing 0 flushes (flushing a total of 0 entities and 0 collections);
    0 nanoseconds spent executing 0 partial-flushes (flushing a total of 0 entities and 0 collections)
}
?[2m2019-02-24 20:13:35.339?[0;39m ?[32mDEBUG?[0;39m ?[35m30201?[0;39m ?[2m---?[0;39m ?[2m[    Test worker]?[0;39m ?[36mtor$SharedEntityManagerInvocationHandler?[0;39m ?[2m:?[0;39m Creating new EntityManager for shared EntityManager invocation
?[2m2019-02-24 20:13:35.340?[0;39m ?[32m INFO?[0;39m ?[35m30201?[0;39m ?[2m---?[0;39m ?[2m[    Test worker]?[0;39m ?[36mi.StatisticalLoggingSessionEventListener?[0;39m ?[2m:?[0;39m Session Metrics {
    0 nanoseconds spent acquiring 0 JDBC connections;
    0 nanoseconds spent releasing 0 JDBC connections;
    0 nanoseconds spent preparing 0 JDBC statements;
    0 nanoseconds spent executing 0 JDBC statements;
    0 nanoseconds spent executing 0 JDBC batches;
    0 nanoseconds spent performing 0 L2C puts;
    0 nanoseconds spent performing 0 L2C hits;
    0 nanoseconds spent performing 0 L2C misses;
    0 nanoseconds spent executing 0 flushes (flushing a total of 0 entities and 0 collections);
    0 nanoseconds spent executing 0 partial-flushes (flushing a total of 0 entities and 0 collections)
}
?[2m2019-02-24 20:13:35.344?[0;39m ?[32mDEBUG?[0;39m ?[35m30201?[0;39m ?[2m---?[0;39m ?[2m[    Test worker]?[0;39m ?[36mo.s.d.j.r.query.JpaQueryFactory         ?[0;39m ?[2m:?[0;39m Looking up query for method findByName
?[2m2019-02-24 20:13:35.344?[0;39m ?[32mDEBUG?[0;39m ?[35m30201?[0;39m ?[2m---?[0;39m ?[2m[    Test worker]?[0;39m ?[36mo.s.d.jpa.repository.query.NamedQuery   ?[0;39m ?[2m:?[0;39m Looking up named query Project.findByName
?[2m2019-02-24 20:13:35.345?[0;39m ?[32mDEBUG?[0;39m ?[35m30201?[0;39m ?[2m---?[0;39m ?[2m[    Test worker]?[0;39m ?[36mo.s.d.jpa.repository.query.NamedQuery   ?[0;39m ?[2m:?[0;39m Did not find named query Project.findByName
?[2m2019-02-24 20:13:35.345?[0;39m ?[32m INFO?[0;39m ?[35m30201?[0;39m ?[2m---?[0;39m ?[2m[    Test worker]?[0;39m ?[36mi.StatisticalLoggingSessionEventListener?[0;39m ?[2m:?[0;39m Session Metrics {
    0 nanoseconds spent acquiring 0 JDBC connections;
    0 nanoseconds spent releasing 0 JDBC connections;
    0 nanoseconds spent preparing 0 JDBC statements;
    0 nanoseconds spent executing 0 JDBC statements;
    0 nanoseconds spent executing 0 JDBC batches;
    0 nanoseconds spent performing 0 L2C puts;
    0 nanoseconds spent performing 0 L2C hits;
    0 nanoseconds spent performing 0 L2C misses;
    0 nanoseconds spent executing 0 flushes (flushing a total of 0 entities and 0 collections);
    0 nanoseconds spent executing 0 partial-flushes (flushing a total of 0 entities and 0 collections)
}
?[2m2019-02-24 20:13:35.346?[0;39m ?[32mDEBUG?[0;39m ?[35m30201?[0;39m ?[2m---?[0;39m ?[2m[    Test worker]?[0;39m ?[36mtor$SharedEntityManagerInvocationHandler?[0;39m ?[2m:?[0;39m Creating new EntityManager for shared EntityManager invocation
?[2m2019-02-24 20:13:35.346?[0;39m ?[32m INFO?[0;39m ?[35m30201?[0;39m ?[2m---?[0;39m ?[2m[    Test worker]?[0;39m ?[36mi.StatisticalLoggingSessionEventListener?[0;39m ?[2m:?[0;39m Session Metrics {
    0 nanoseconds spent acquiring 0 JDBC connections;
    0 nanoseconds spent releasing 0 JDBC connections;
    0 nanoseconds spent preparing 0 JDBC statements;
    0 nanoseconds spent executing 0 JDBC statements;
    0 nanoseconds spent executing 0 JDBC batches;
    0 nanoseconds spent performing 0 L2C puts;
    0 nanoseconds spent performing 0 L2C hits;
    0 nanoseconds spent performing 0 L2C misses;
    0 nanoseconds spent executing 0 flushes (flushing a total of 0 entities and 0 collections);
    0 nanoseconds spent executing 0 partial-flushes (flushing a total of 0 entities and 0 collections)
}
?[2m2019-02-24 20:13:35.348?[0;39m ?[32mDEBUG?[0;39m ?[35m30201?[0;39m ?[2m---?[0;39m ?[2m[    Test worker]?[0;39m ?[36mo.s.d.r.c.s.RepositoryFactorySupport    ?[0;39m ?[2m:?[0;39m Finished creation of repository instance for com.tool.reporting.repository.ProjectRepository.
?[2m2019-02-24 20:13:35.352?[0;39m ?[32mDEBUG?[0;39m ?[35m30201?[0;39m ?[2m---?[0;39m ?[2m[    Test worker]?[0;39m ?[36mo.s.b.f.s.DefaultListableBeanFactory    ?[0;39m ?[2m:?[0;39m Creating shared instance of singleton bean 'org.springframework.boot.autoconfigure.context.PropertyPlaceholderAutoConfiguration'
?[2m2019-02-24 20:13:35.357?[0;39m ?[32mDEBUG?[0;39m ?[35m30201?[0;39m ?[2m---?[0;39m ?[2m[    Test worker]?[0;39m ?[36mo.s.b.f.s.DefaultListableBeanFactory    ?[0;39m ?[2m:?[0;39m Creating shared instance of singleton bean 'org.springframework.boot.autoconfigure.aop.AopAutoConfiguration$CglibAutoProxyConfiguration'
?[2m2019-02-24 20:13:35.362?[0;39m ?[32mDEBUG?[0;39m ?[35m30201?[0;39m ?[2m---?[0;39m ?[2m[    Test worker]?[0;39m ?[36mo.s.b.f.s.DefaultListableBeanFactory    ?[0;39m ?[2m:?[0;39m Creating shared instance of singleton bean 'org.springframework.boot.autoconfigure.aop.AopAutoConfiguration'
?[2m2019-02-24 20:13:35.368?[0;39m ?[32mDEBUG?[0;39m ?[35m30201?[0;39m ?[2m---?[0;39m ?[2m[    Test worker]?[0;39m ?[36mo.s.b.f.s.DefaultListableBeanFactory    ?[0;39m ?[2m:?[0;39m Creating shared instance of singleton bean 'org.springframework.boot.autoconfigure.transaction.jta.JtaAutoConfiguration'
?[2m2019-02-24 20:13:35.373?[0;39m ?[32mDEBUG?[0;39m ?[35m30201?[0;39m ?[2m---?[0;39m ?[2m[    Test worker]?[0;39m ?[36mo.s.b.f.s.DefaultListableBeanFactory    ?[0;39m ?[2m:?[0;39m Creating shared instance of singleton bean 'org.springframework.boot.autoconfigure.jdbc.DataSourceAutoConfiguration$PooledDataSourceConfiguration'
?[2m2019-02-24 20:13:35.378?[0;39m ?[32mDEBUG?[0;39m ?[35m30201?[0;39m ?[2m---?[0;39m ?[2m[    Test worker]?[0;39m ?[36mo.s.b.f.s.DefaultListableBeanFactory    ?[0;39m ?[2m:?[0;39m Creating shared instance of singleton bean 'org.springframework.boot.autoconfigure.jdbc.metadata.DataSourcePoolMetadataProvidersConfiguration'
?[2m2019-02-24 20:13:35.384?[0;39m ?[32mDEBUG?[0;39m ?[35m30201?[0;39m ?[2m---?[0;39m ?[2m[    Test worker]?[0;39m ?[36mo.s.b.f.s.DefaultListableBeanFactory    ?[0;39m ?[2m:?[0;39m Creating shared instance of singleton bean 'org.springframework.boot.autoconfigure.jdbc.DataSourceInitializationConfiguration'
?[2m2019-02-24 20:13:35.388?[0;39m ?[32mDEBUG?[0;39m ?[35m30201?[0;39m ?[2m---?[0;39m ?[2m[    Test worker]?[0;39m ?[36mo.s.b.f.s.DefaultListableBeanFactory    ?[0;39m ?[2m:?[0;39m Creating shared instance of singleton bean 'org.springframework.boot.autoconfigure.jdbc.DataSourceAutoConfiguration'
?[2m2019-02-24 20:13:35.394?[0;39m ?[32mDEBUG?[0;39m ?[35m30201?[0;39m ?[2m---?[0;39m ?[2m[    Test worker]?[0;39m ?[36mo.s.b.f.s.DefaultListableBeanFactory    ?[0;39m ?[2m:?[0;39m Creating shared instance of singleton bean 'transactionManager'
?[2m2019-02-24 20:13:35.402?[0;39m ?[32mDEBUG?[0;39m ?[35m30201?[0;39m ?[2m---?[0;39m ?[2m[    Test worker]?[0;39m ?[36mo.s.b.f.s.DefaultListableBeanFactory    ?[0;39m ?[2m:?[0;39m Creating shared instance of singleton bean 'org.springframework.boot.autoconfigure.orm.jpa.HibernateJpaAutoConfiguration'
?[2m2019-02-24 20:13:35.408?[0;39m ?[32mDEBUG?[0;39m ?[35m30201?[0;39m ?[2m---?[0;39m ?[2m[    Test worker]?[0;39m ?[36mo.s.b.f.s.DefaultListableBeanFactory    ?[0;39m ?[2m:?[0;39m Creating shared instance of singleton bean 'org.springframework.boot.autoconfigure.context.ConfigurationPropertiesAutoConfiguration'
?[2m2019-02-24 20:13:35.413?[0;39m ?[32mDEBUG?[0;39m ?[35m30201?[0;39m ?[2m---?[0;39m ?[2m[    Test worker]?[0;39m ?[36mo.s.b.f.s.DefaultListableBeanFactory    ?[0;39m ?[2m:?[0;39m Creating shared instance of singleton bean 'org.springframework.boot.autoconfigure.dao.PersistenceExceptionTranslationAutoConfiguration'
?[2m2019-02-24 20:13:35.418?[0;39m ?[32mDEBUG?[0;39m ?[35m30201?[0;39m ?[2m---?[0;39m ?[2m[    Test worker]?[0;39m ?[36mo.s.b.f.s.DefaultListableBeanFactory    ?[0;39m ?[2m:?[0;39m Creating shared instance of singleton bean 'org.springframework.boot.autoconfigure.task.TaskExecutionAutoConfiguration'
?[2m2019-02-24 20:13:35.419?[0;39m ?[32mDEBUG?[0;39m ?[35m30201?[0;39m ?[2m---?[0;39m ?[2m[    Test worker]?[0;39m ?[36mocalVariableTableParameterNameDiscoverer?[0;39m ?[2m:?[0;39m Cannot find '.class' file for class [class org.springframework.boot.autoconfigure.task.TaskExecutionAutoConfiguration$$EnhancerBySpringCGLIB$$8187c99e] - unable to determine constructor/method parameter names
?[2m2019-02-24 20:13:35.420?[0;39m ?[32mDEBUG?[0;39m ?[35m30201?[0;39m ?[2m---?[0;39m ?[2m[    Test worker]?[0;39m ?[36mo.s.b.f.s.DefaultListableBeanFactory    ?[0;39m ?[2m:?[0;39m Creating shared instance of singleton bean 'spring.task.execution-org.springframework.boot.autoconfigure.task.TaskExecutionProperties'
?[2m2019-02-24 20:13:35.425?[0;39m ?[32mDEBUG?[0;39m ?[35m30201?[0;39m ?[2m---?[0;39m ?[2m[    Test worker]?[0;39m ?[36mo.s.b.f.s.DefaultListableBeanFactory    ?[0;39m ?[2m:?[0;39m Autowiring by type from bean name 'org.springframework.boot.autoconfigure.task.TaskExecutionAutoConfiguration' via constructor to bean named 'spring.task.execution-org.springframework.boot.autoconfigure.task.TaskExecutionProperties'
?[2m2019-02-24 20:13:35.431?[0;39m ?[32mDEBUG?[0;39m ?[35m30201?[0;39m ?[2m---?[0;39m ?[2m[    Test worker]?[0;39m ?[36mo.s.b.f.s.DefaultListableBeanFactory    ?[0;39m ?[2m:?[0;39m Creating shared instance of singleton bean 'taskExecutorBuilder'
?[2m2019-02-24 20:13:35.435?[0;39m ?[32mDEBUG?[0;39m ?[35m30201?[0;39m ?[2m---?[0;39m ?[2m[    Test worker]?[0;39m ?[36mo.s.b.f.s.DefaultListableBeanFactory    ?[0;39m ?[2m:?[0;39m Creating shared instance of singleton bean 'org.springframework.boot.autoconfigure.data.jpa.JpaRepositoriesAutoConfiguration'
?[2m2019-02-24 20:13:35.442?[0;39m ?[32mDEBUG?[0;39m ?[35m30201?[0;39m ?[2m---?[0;39m ?[2m[    Test worker]?[0;39m ?[36mo.s.b.f.s.DefaultListableBeanFactory    ?[0;39m ?[2m:?[0;39m Creating shared instance of singleton bean 'org.springframework.data.jpa.util.JpaMetamodelCacheCleanup'
?[2m2019-02-24 20:13:35.445?[0;39m ?[32mDEBUG?[0;39m ?[35m30201?[0;39m ?[2m---?[0;39m ?[2m[    Test worker]?[0;39m ?[36mo.s.b.f.s.DefaultListableBeanFactory    ?[0;39m ?[2m:?[0;39m Creating shared instance of singleton bean 'org.springframework.boot.autoconfigure.groovy.template.GroovyTemplateAutoConfiguration'
?[2m2019-02-24 20:13:35.450?[0;39m ?[32mDEBUG?[0;39m ?[35m30201?[0;39m ?[2m---?[0;39m ?[2m[    Test worker]?[0;39m ?[36mo.s.b.f.s.DefaultListableBeanFactory    ?[0;39m ?[2m:?[0;39m Creating shared instance of singleton bean 'spring.groovy.template-org.springframework.boot.autoconfigure.groovy.template.GroovyTemplateProperties'
?[2m2019-02-24 20:13:35.457?[0;39m ?[32mDEBUG?[0;39m ?[35m30201?[0;39m ?[2m---?[0;39m ?[2m[    Test worker]?[0;39m ?[36mo.s.b.f.s.DefaultListableBeanFactory    ?[0;39m ?[2m:?[0;39m Creating shared instance of singleton bean 'org.springframework.boot.autoconfigure.info.ProjectInfoAutoConfiguration'
?[2m2019-02-24 20:13:35.458?[0;39m ?[32mDEBUG?[0;39m ?[35m30201?[0;39m ?[2m---?[0;39m ?[2m[    Test worker]?[0;39m ?[36mocalVariableTableParameterNameDiscoverer?[0;39m ?[2m:?[0;39m Cannot find '.class' file for class [class org.springframework.boot.autoconfigure.info.ProjectInfoAutoConfiguration$$EnhancerBySpringCGLIB$$31e23de1] - unable to determine constructor/method parameter names
?[2m2019-02-24 20:13:35.459?[0;39m ?[32mDEBUG?[0;39m ?[35m30201?[0;39m ?[2m---?[0;39m ?[2m[    Test worker]?[0;39m ?[36mo.s.b.f.s.DefaultListableBeanFactory    ?[0;39m ?[2m:?[0;39m Creating shared instance of singleton bean 'spring.info-org.springframework.boot.autoconfigure.info.ProjectInfoProperties'
?[2m2019-02-24 20:13:35.462?[0;39m ?[32mDEBUG?[0;39m ?[35m30201?[0;39m ?[2m---?[0;39m ?[2m[    Test worker]?[0;39m ?[36mo.s.b.f.s.DefaultListableBeanFactory    ?[0;39m ?[2m:?[0;39m Autowiring by type from bean name 'org.springframework.boot.autoconfigure.info.ProjectInfoAutoConfiguration' via constructor to bean named 'spring.info-org.springframework.boot.autoconfigure.info.ProjectInfoProperties'
?[2m2019-02-24 20:13:35.468?[0;39m ?[32mDEBUG?[0;39m ?[35m30201?[0;39m ?[2m---?[0;39m ?[2m[    Test worker]?[0;39m ?[36mo.s.b.f.s.DefaultListableBeanFactory    ?[0;39m ?[2m:?[0;39m Creating shared instance of singleton bean 'org.springframework.boot.autoconfigure.jdbc.JdbcTemplateAutoConfiguration$JdbcTemplateConfiguration'
?[2m2019-02-24 20:13:35.469?[0;39m ?[32mDEBUG?[0;39m ?[35m30201?[0;39m ?[2m---?[0;39m ?[2m[    Test worker]?[0;39m ?[36mocalVariableTableParameterNameDiscoverer?[0;39m ?[2m:?[0;39m Cannot find '.class' file for class [class org.springframework.boot.autoconfigure.jdbc.JdbcTemplateAutoConfiguration$JdbcTemplateConfiguration$$EnhancerBySpringCGLIB$$e735f35] - unable to determine constructor/method parameter names
?[2m2019-02-24 20:13:35.471?[0;39m ?[32mDEBUG?[0;39m ?[35m30201?[0;39m ?[2m---?[0;39m ?[2m[    Test worker]?[0;39m ?[36mo.s.b.f.s.DefaultListableBeanFactory    ?[0;39m ?[2m:?[0;39m Creating shared instance of singleton bean 'spring.jdbc-org.springframework.boot.autoconfigure.jdbc.JdbcProperties'
?[2m2019-02-24 20:13:35.474?[0;39m ?[32mDEBUG?[0;39m ?[35m30201?[0;39m ?[2m---?[0;39m ?[2m[    Test worker]?[0;39m ?[36mo.s.b.f.s.DefaultListableBeanFactory    ?[0;39m ?[2m:?[0;39m Autowiring by type from bean name 'org.springframework.boot.autoconfigure.jdbc.JdbcTemplateAutoConfiguration$JdbcTemplateConfiguration' via constructor to bean named 'dataSource'
?[2m2019-02-24 20:13:35.474?[0;39m ?[32mDEBUG?[0;39m ?[35m30201?[0;39m ?[2m---?[0;39m ?[2m[    Test worker]?[0;39m ?[36mo.s.b.f.s.DefaultListableBeanFactory    ?[0;39m ?[2m:?[0;39m Autowiring by type from bean name 'org.springframework.boot.autoconfigure.jdbc.JdbcTemplateAutoConfiguration$JdbcTemplateConfiguration' via constructor to bean named 'spring.jdbc-org.springframework.boot.autoconfigure.jdbc.JdbcProperties'
?[2m2019-02-24 20:13:35.479?[0;39m ?[32mDEBUG?[0;39m ?[35m30201?[0;39m ?[2m---?[0;39m ?[2m[    Test worker]?[0;39m ?[36mo.s.b.f.s.DefaultListableBeanFactory    ?[0;39m ?[2m:?[0;39m Creating shared instance of singleton bean 'jdbcTemplate'
?[2m2019-02-24 20:13:35.498?[0;39m ?[32mDEBUG?[0;39m ?[35m30201?[0;39m ?[2m---?[0;39m ?[2m[    Test worker]?[0;39m ?[36mo.s.b.f.s.DefaultListableBeanFactory    ?[0;39m ?[2m:?[0;39m Creating shared instance of singleton bean 'org.springframework.boot.autoconfigure.jdbc.JdbcTemplateAutoConfiguration$NamedParameterJdbcTemplateConfiguration'
?[2m2019-02-24 20:13:35.504?[0;39m ?[32mDEBUG?[0;39m ?[35m30201?[0;39m ?[2m---?[0;39m ?[2m[    Test worker]?[0;39m ?[36mo.s.b.f.s.DefaultListableBeanFactory    ?[0;39m ?[2m:?[0;39m Creating shared instance of singleton bean 'namedParameterJdbcTemplate'
?[2m2019-02-24 20:13:35.505?[0;39m ?[32mDEBUG?[0;39m ?[35m30201?[0;39m ?[2m---?[0;39m ?[2m[    Test worker]?[0;39m ?[36mo.s.b.f.s.DefaultListableBeanFactory    ?[0;39m ?[2m:?[0;39m Autowiring by type from bean name 'namedParameterJdbcTemplate' via factory method to bean named 'jdbcTemplate'
?[2m2019-02-24 20:13:35.515?[0;39m ?[32mDEBUG?[0;39m ?[35m30201?[0;39m ?[2m---?[0;39m ?[2m[    Test worker]?[0;39m ?[36mo.s.b.f.s.DefaultListableBeanFactory    ?[0;39m ?[2m:?[0;39m Creating shared instance of singleton bean 'org.springframework.boot.autoconfigure.jdbc.JdbcTemplateAutoConfiguration'
?[2m2019-02-24 20:13:35.521?[0;39m ?[32mDEBUG?[0;39m ?[35m30201?[0;39m ?[2m---?[0;39m ?[2m[    Test worker]?[0;39m ?[36mo.s.b.f.s.DefaultListableBeanFactory    ?[0;39m ?[2m:?[0;39m Creating shared instance of singleton bean 'org.springframework.boot.autoconfigure.task.TaskSchedulingAutoConfiguration'
?[2m2019-02-24 20:13:35.528?[0;39m ?[32mDEBUG?[0;39m ?[35m30201?[0;39m ?[2m---?[0;39m ?[2m[    Test worker]?[0;39m ?[36mo.s.b.f.s.DefaultListableBeanFactory    ?[0;39m ?[2m:?[0;39m Creating shared instance of singleton bean 'taskSchedulerBuilder'
?[2m2019-02-24 20:13:35.529?[0;39m ?[32mDEBUG?[0;39m ?[35m30201?[0;39m ?[2m---?[0;39m ?[2m[    Test worker]?[0;39m ?[36mo.s.b.f.s.DefaultListableBeanFactory    ?[0;39m ?[2m:?[0;39m Creating shared instance of singleton bean 'spring.task.scheduling-org.springframework.boot.autoconfigure.task.TaskSchedulingProperties'
?[2m2019-02-24 20:13:35.534?[0;39m ?[32mDEBUG?[0;39m ?[35m30201?[0;39m ?[2m---?[0;39m ?[2m[    Test worker]?[0;39m ?[36mo.s.b.f.s.DefaultListableBeanFactory    ?[0;39m ?[2m:?[0;39m Autowiring by type from bean name 'taskSchedulerBuilder' via factory method to bean named 'spring.task.scheduling-org.springframework.boot.autoconfigure.task.TaskSchedulingProperties'
?[2m2019-02-24 20:13:35.543?[0;39m ?[32mDEBUG?[0;39m ?[35m30201?[0;39m ?[2m---?[0;39m ?[2m[    Test worker]?[0;39m ?[36mo.s.b.f.s.DefaultListableBeanFactory    ?[0;39m ?[2m:?[0;39m Creating shared instance of singleton bean 'org.springframework.boot.autoconfigure.jdbc.DataSourceTransactionManagerAutoConfiguration$DataSourceTransactionManagerConfiguration'
?[2m2019-02-24 20:13:35.544?[0;39m ?[32mDEBUG?[0;39m ?[35m30201?[0;39m ?[2m---?[0;39m ?[2m[    Test worker]?[0;39m ?[36mocalVariableTableParameterNameDiscoverer?[0;39m ?[2m:?[0;39m Cannot find '.class' file for class [class org.springframework.boot.autoconfigure.jdbc.DataSourceTransactionManagerAutoConfiguration$DataSourceTransactionManagerConfiguration$$EnhancerBySpringCGLIB$$a2e8c937] - unable to determine constructor/method parameter names
?[2m2019-02-24 20:13:35.546?[0;39m ?[32mDEBUG?[0;39m ?[35m30201?[0;39m ?[2m---?[0;39m ?[2m[    Test worker]?[0;39m ?[36mo.s.b.f.s.DefaultListableBeanFactory    ?[0;39m ?[2m:?[0;39m Autowiring by type from bean name 'org.springframework.boot.autoconfigure.jdbc.DataSourceTransactionManagerAutoConfiguration$DataSourceTransactionManagerConfiguration' via constructor to bean named 'dataSource'
?[2m2019-02-24 20:13:35.553?[0;39m ?[32mDEBUG?[0;39m ?[35m30201?[0;39m ?[2m---?[0;39m ?[2m[    Test worker]?[0;39m ?[36mo.s.b.f.s.DefaultListableBeanFactory    ?[0;39m ?[2m:?[0;39m Creating shared instance of singleton bean 'org.springframework.boot.autoconfigure.jdbc.DataSourceTransactionManagerAutoConfiguration'
?[2m2019-02-24 20:13:35.564?[0;39m ?[32mDEBUG?[0;39m ?[35m30201?[0;39m ?[2m---?[0;39m ?[2m[    Test worker]?[0;39m ?[36mo.s.b.f.s.DefaultListableBeanFactory    ?[0;39m ?[2m:?[0;39m Creating shared instance of singleton bean 'org.springframework.boot.autoconfigure.transaction.TransactionAutoConfiguration$EnableTransactionManagementConfiguration$CglibAutoProxyConfiguration'
?[2m2019-02-24 20:13:35.572?[0;39m ?[32mDEBUG?[0;39m ?[35m30201?[0;39m ?[2m---?[0;39m ?[2m[    Test worker]?[0;39m ?[36mo.s.b.f.s.DefaultListableBeanFactory    ?[0;39m ?[2m:?[0;39m Creating shared instance of singleton bean 'org.springframework.boot.autoconfigure.transaction.TransactionAutoConfiguration$EnableTransactionManagementConfiguration'
?[2m2019-02-24 20:13:35.576?[0;39m ?[32mDEBUG?[0;39m ?[35m30201?[0;39m ?[2m---?[0;39m ?[2m[    Test worker]?[0;39m ?[36mo.s.b.f.s.DefaultListableBeanFactory    ?[0;39m ?[2m:?[0;39m Creating shared instance of singleton bean 'org.springframework.boot.autoconfigure.transaction.TransactionAutoConfiguration$TransactionTemplateConfiguration'
?[2m2019-02-24 20:13:35.577?[0;39m ?[32mDEBUG?[0;39m ?[35m30201?[0;39m ?[2m---?[0;39m ?[2m[    Test worker]?[0;39m ?[36mocalVariableTableParameterNameDiscoverer?[0;39m ?[2m:?[0;39m Cannot find '.class' file for class [class org.springframework.boot.autoconfigure.transaction.TransactionAutoConfiguration$TransactionTemplateConfiguration$$EnhancerBySpringCGLIB$$f4728e0a] - unable to determine constructor/method parameter names
?[2m2019-02-24 20:13:35.578?[0;39m ?[32mDEBUG?[0;39m ?[35m30201?[0;39m ?[2m---?[0;39m ?[2m[    Test worker]?[0;39m ?[36mo.s.b.f.s.DefaultListableBeanFactory    ?[0;39m ?[2m:?[0;39m Autowiring by type from bean name 'org.springframework.boot.autoconfigure.transaction.TransactionAutoConfiguration$TransactionTemplateConfiguration' via constructor to bean named 'transactionManager'
?[2m2019-02-24 20:13:35.582?[0;39m ?[32mDEBUG?[0;39m ?[35m30201?[0;39m ?[2m---?[0;39m ?[2m[    Test worker]?[0;39m ?[36mo.s.b.f.s.DefaultListableBeanFactory    ?[0;39m ?[2m:?[0;39m Creating shared instance of singleton bean 'transactionTemplate'
?[2m2019-02-24 20:13:35.614?[0;39m ?[32mDEBUG?[0;39m ?[35m30201?[0;39m ?[2m---?[0;39m ?[2m[    Test worker]?[0;39m ?[36mConditionEvaluationReportLoggingListener?[0;39m ?[2m:?[0;39m 


============================
CONDITIONS EVALUATION REPORT
============================


Positive matches:
-----------------

   AopAutoConfiguration matched:
      - @ConditionalOnClass found required classes 'org.springframework.context.annotation.EnableAspectJAutoProxy', 'org.aspectj.lang.annotation.Aspect', 'org.aspectj.lang.reflect.Advice', 'org.aspectj.weaver.AnnotatedElement' (OnClassCondition)
      - @ConditionalOnProperty (spring.aop.auto=true) matched (OnPropertyCondition)

   AopAutoConfiguration.CglibAutoProxyConfiguration matched:
      - @ConditionalOnProperty (spring.aop.proxy-target-class=true) matched (OnPropertyCondition)

   DataSourceAutoConfiguration matched:
      - @ConditionalOnClass found required classes 'javax.sql.DataSource', 'org.springframework.jdbc.datasource.embedded.EmbeddedDatabaseType' (OnClassCondition)

   DataSourceAutoConfiguration.PooledDataSourceConfiguration matched:
      - AnyNestedCondition 1 matched 1 did not; NestedCondition on DataSourceAutoConfiguration.PooledDataSourceCondition.PooledDataSourceAvailable PooledDataSource found supported DataSource; NestedCondition on DataSourceAutoConfiguration.PooledDataSourceCondition.ExplicitType @ConditionalOnProperty (spring.datasource.type) did not find property 'type' (DataSourceAutoConfiguration.PooledDataSourceCondition)
      - @ConditionalOnMissingBean (types: javax.sql.DataSource,javax.sql.XADataSource; SearchStrategy: all) did not find any beans (OnBeanCondition)

   DataSourceConfiguration.Hikari matched:
      - @ConditionalOnClass found required class 'com.zaxxer.hikari.HikariDataSource' (OnClassCondition)
      - @ConditionalOnProperty (spring.datasource.type=com.zaxxer.hikari.HikariDataSource) matched (OnPropertyCondition)
      - @ConditionalOnMissingBean (types: javax.sql.DataSource; SearchStrategy: all) did not find any beans (OnBeanCondition)

   DataSourcePoolMetadataProvidersConfiguration.HikariPoolDataSourceMetadataProviderConfiguration matched:
      - @ConditionalOnClass found required class 'com.zaxxer.hikari.HikariDataSource' (OnClassCondition)

   DataSourceTransactionManagerAutoConfiguration matched:
      - @ConditionalOnClass found required classes 'org.springframework.jdbc.core.JdbcTemplate', 'org.springframework.transaction.PlatformTransactionManager' (OnClassCondition)

   DataSourceTransactionManagerAutoConfiguration.DataSourceTransactionManagerConfiguration matched:
      - @ConditionalOnSingleCandidate (types: javax.sql.DataSource; SearchStrategy: all) found a primary bean from beans 'dataSource' (OnBeanCondition)

   GenericCacheConfiguration matched:
      - Cache org.springframework.boot.autoconfigure.cache.GenericCacheConfiguration automatic cache type (CacheCondition)

   GroovyTemplateAutoConfiguration matched:
      - @ConditionalOnClass found required class 'groovy.text.markup.MarkupTemplateEngine' (OnClassCondition)

   HibernateJpaAutoConfiguration matched:
      - @ConditionalOnClass found required classes 'org.springframework.orm.jpa.LocalContainerEntityManagerFactoryBean', 'javax.persistence.EntityManager' (OnClassCondition)
      - HibernateEntityManager found class 'org.hibernate.ejb.HibernateEntityManager' (HibernateJpaAutoConfiguration.HibernateEntityManagerCondition)

   HibernateJpaConfiguration matched:
      - @ConditionalOnSingleCandidate (types: javax.sql.DataSource; SearchStrategy: all) found a primary bean from beans 'dataSource' (OnBeanCondition)

   JdbcTemplateAutoConfiguration matched:
      - @ConditionalOnClass found required classes 'javax.sql.DataSource', 'org.springframework.jdbc.core.JdbcTemplate' (OnClassCondition)
      - @ConditionalOnSingleCandidate (types: javax.sql.DataSource; SearchStrategy: all) found a primary bean from beans 'dataSource' (OnBeanCondition)

   JdbcTemplateAutoConfiguration.JdbcTemplateConfiguration#jdbcTemplate matched:
      - @ConditionalOnMissingBean (types: org.springframework.jdbc.core.JdbcOperations; SearchStrategy: all) did not find any beans (OnBeanCondition)

   JdbcTemplateAutoConfiguration.NamedParameterJdbcTemplateConfiguration#namedParameterJdbcTemplate matched:
      - @ConditionalOnSingleCandidate (types: org.springframework.jdbc.core.JdbcTemplate; SearchStrategy: all) found a primary bean from beans 'jdbcTemplate'; @ConditionalOnMissingBean (types: org.springframework.jdbc.core.namedparam.NamedParameterJdbcOperations; SearchStrategy: all) did not find any beans (OnBeanCondition)

   JpaBaseConfiguration#entityManagerFactory matched:
      - @ConditionalOnMissingBean (types: org.springframework.orm.jpa.LocalContainerEntityManagerFactoryBean,javax.persistence.EntityManagerFactory; SearchStrategy: all) did not find any beans (OnBeanCondition)

   JpaBaseConfiguration#entityManagerFactoryBuilder matched:
      - @ConditionalOnMissingBean (types: org.springframework.boot.orm.jpa.EntityManagerFactoryBuilder; SearchStrategy: all) did not find any beans (OnBeanCondition)

   JpaBaseConfiguration#jpaVendorAdapter matched:
      - @ConditionalOnMissingBean (types: org.springframework.orm.jpa.JpaVendorAdapter; SearchStrategy: all) did not find any beans (OnBeanCondition)

   JpaBaseConfiguration#transactionManager matched:
      - @ConditionalOnMissingBean (types: org.springframework.transaction.PlatformTransactionManager; SearchStrategy: all) did not find any beans (OnBeanCondition)

   JpaRepositoriesAutoConfiguration matched:
      - @ConditionalOnClass found required class 'org.springframework.data.jpa.repository.JpaRepository' (OnClassCondition)
      - @ConditionalOnProperty (spring.data.jpa.repositories.enabled=true) matched (OnPropertyCondition)
      - @ConditionalOnBean (types: javax.sql.DataSource; SearchStrategy: all) found bean 'dataSource'; @ConditionalOnMissingBean (types: org.springframework.data.jpa.repository.support.JpaRepositoryFactoryBean,org.springframework.data.jpa.repository.config.JpaRepositoryConfigExtension; SearchStrategy: all) did not find any beans (OnBeanCondition)

   JtaAutoConfiguration matched:
      - @ConditionalOnClass found required class 'javax.transaction.Transaction' (OnClassCondition)
      - @ConditionalOnProperty (spring.jta.enabled) matched (OnPropertyCondition)

   NoOpCacheConfiguration matched:
      - Cache org.springframework.boot.autoconfigure.cache.NoOpCacheConfiguration automatic cache type (CacheCondition)

   PersistenceExceptionTranslationAutoConfiguration matched:
      - @ConditionalOnClass found required class 'org.springframework.dao.annotation.PersistenceExceptionTranslationPostProcessor' (OnClassCondition)

   PersistenceExceptionTranslationAutoConfiguration#persistenceExceptionTranslationPostProcessor matched:
      - @ConditionalOnProperty (spring.dao.exceptiontranslation.enabled) matched (OnPropertyCondition)
      - @ConditionalOnMissingBean (types: org.springframework.dao.annotation.PersistenceExceptionTranslationPostProcessor; SearchStrategy: all) did not find any beans (OnBeanCondition)

   PropertyPlaceholderAutoConfiguration#propertySourcesPlaceholderConfigurer matched:
      - @ConditionalOnMissingBean (types: org.springframework.context.support.PropertySourcesPlaceholderConfigurer; SearchStrategy: current) did not find any beans (OnBeanCondition)

   SimpleCacheConfiguration matched:
      - Cache org.springframework.boot.autoconfigure.cache.SimpleCacheConfiguration automatic cache type (CacheCondition)

   TaskExecutionAutoConfiguration matched:
      - @ConditionalOnClass found required class 'org.springframework.scheduling.concurrent.ThreadPoolTaskExecutor' (OnClassCondition)

   TaskExecutionAutoConfiguration#applicationTaskExecutor matched:
      - @ConditionalOnMissingBean (types: java.util.concurrent.Executor; SearchStrategy: all) did not find any beans (OnBeanCondition)

   TaskExecutionAutoConfiguration#taskExecutorBuilder matched:
      - @ConditionalOnMissingBean (types: org.springframework.boot.task.TaskExecutorBuilder; SearchStrategy: all) did not find any beans (OnBeanCondition)

   TaskSchedulingAutoConfiguration matched:
      - @ConditionalOnClass found required class 'org.springframework.scheduling.concurrent.ThreadPoolTaskScheduler' (OnClassCondition)

   TaskSchedulingAutoConfiguration#taskSchedulerBuilder matched:
      - @ConditionalOnMissingBean (types: org.springframework.boot.task.TaskSchedulerBuilder; SearchStrategy: all) did not find any beans (OnBeanCondition)

   TransactionAutoConfiguration matched:
      - @ConditionalOnClass found required class 'org.springframework.transaction.PlatformTransactionManager' (OnClassCondition)

   TransactionAutoConfiguration#platformTransactionManagerCustomizers matched:
      - @ConditionalOnMissingBean (types: org.springframework.boot.autoconfigure.transaction.TransactionManagerCustomizers; SearchStrategy: all) did not find any beans (OnBeanCondition)

   TransactionAutoConfiguration.EnableTransactionManagementConfiguration matched:
      - @ConditionalOnBean (types: org.springframework.transaction.PlatformTransactionManager; SearchStrategy: all) found bean 'transactionManager'; @ConditionalOnMissingBean (types: org.springframework.transaction.annotation.AbstractTransactionManagementConfiguration; SearchStrategy: all) did not find any beans (OnBeanCondition)

   TransactionAutoConfiguration.EnableTransactionManagementConfiguration.CglibAutoProxyConfiguration matched:
      - @ConditionalOnProperty (spring.aop.proxy-target-class=true) matched (OnPropertyCondition)

   TransactionAutoConfiguration.TransactionTemplateConfiguration matched:
      - @ConditionalOnSingleCandidate (types: org.springframework.transaction.PlatformTransactionManager; SearchStrategy: all) found a primary bean from beans 'transactionManager' (OnBeanCondition)

   TransactionAutoConfiguration.TransactionTemplateConfiguration#transactionTemplate matched:
      - @ConditionalOnMissingBean (types: org.springframework.transaction.support.TransactionTemplate; SearchStrategy: all) did not find any beans (OnBeanCondition)


Negative matches:
-----------------

   ActiveMQAutoConfiguration:
      Did not match:
         - @ConditionalOnClass did not find required class 'javax.jms.ConnectionFactory' (OnClassCondition)

   AopAutoConfiguration.JdkDynamicAutoProxyConfiguration:
      Did not match:
         - @ConditionalOnProperty (spring.aop.proxy-target-class=false) did not find property 'proxy-target-class' (OnPropertyCondition)

   ArtemisAutoConfiguration:
      Did not match:
         - @ConditionalOnClass did not find required class 'javax.jms.ConnectionFactory' (OnClassCondition)

   AtomikosJtaConfiguration:
      Did not match:
         - @ConditionalOnClass did not find required class 'com.atomikos.icatch.jta.UserTransactionManager' (OnClassCondition)

   BatchAutoConfiguration:
      Did not match:
         - @ConditionalOnClass did not find required class 'org.springframework.batch.core.launch.JobLauncher' (OnClassCondition)

   BitronixJtaConfiguration:
      Did not match:
         - @ConditionalOnClass did not find required class 'bitronix.tm.jndi.BitronixContext' (OnClassCondition)

   CacheAutoConfiguration:
      Did not match:
         - @ConditionalOnBean (types: org.springframework.cache.interceptor.CacheAspectSupport; SearchStrategy: all) did not find any beans of type org.springframework.cache.interceptor.CacheAspectSupport (OnBeanCondition)
      Matched:
         - @ConditionalOnClass found required class 'org.springframework.cache.CacheManager' (OnClassCondition)

   CacheAutoConfiguration.CacheManagerJpaDependencyConfiguration:
      Did not match:
         - Ancestor org.springframework.boot.autoconfigure.cache.CacheAutoConfiguration did not match (ConditionEvaluationReport.AncestorsMatchedCondition)
      Matched:
         - @ConditionalOnClass found required class 'org.springframework.orm.jpa.LocalContainerEntityManagerFactoryBean' (OnClassCondition)

   CaffeineCacheConfiguration:
      Did not match:
         - @ConditionalOnClass did not find required classes 'com.github.benmanes.caffeine.cache.Caffeine', 'org.springframework.cache.caffeine.CaffeineCacheManager' (OnClassCondition)

   CassandraAutoConfiguration:
      Did not match:
         - @ConditionalOnClass did not find required class 'com.datastax.driver.core.Cluster' (OnClassCondition)

   CassandraDataAutoConfiguration:
      Did not match:
         - @ConditionalOnClass did not find required class 'com.datastax.driver.core.Cluster' (OnClassCondition)

   CassandraReactiveDataAutoConfiguration:
      Did not match:
         - @ConditionalOnClass did not find required class 'com.datastax.driver.core.Cluster' (OnClassCondition)

   CassandraReactiveRepositoriesAutoConfiguration:
      Did not match:
         - @ConditionalOnClass did not find required class 'org.springframework.data.cassandra.ReactiveSession' (OnClassCondition)

   CassandraRepositoriesAutoConfiguration:
      Did not match:
         - @ConditionalOnClass did not find required class 'com.datastax.driver.core.Session' (OnClassCondition)

   ClientHttpConnectorAutoConfiguration:
      Did not match:
         - @ConditionalOnClass did not find required class 'org.springframework.web.reactive.function.client.WebClient' (OnClassCondition)

   CloudServiceConnectorsAutoConfiguration:
      Did not match:
         - @ConditionalOnClass did not find required class 'org.springframework.cloud.config.java.CloudScanConfiguration' (OnClassCondition)

   CodecsAutoConfiguration:
      Did not match:
         - @ConditionalOnClass did not find required class 'org.springframework.http.codec.CodecConfigurer' (OnClassCondition)

   CouchbaseAutoConfiguration:
      Did not match:
         - @ConditionalOnClass did not find required class 'com.couchbase.client.java.Cluster' (OnClassCondition)

   CouchbaseCacheConfiguration:
      Did not match:
         - @ConditionalOnClass did not find required classes 'com.couchbase.client.java.Bucket', 'com.couchbase.client.spring.cache.CouchbaseCacheManager' (OnClassCondition)

   CouchbaseDataAutoConfiguration:
      Did not match:
         - @ConditionalOnClass did not find required class 'com.couchbase.client.java.Bucket' (OnClassCondition)

   CouchbaseReactiveDataAutoConfiguration:
      Did not match:
         - @ConditionalOnClass did not find required class 'com.couchbase.client.java.Bucket' (OnClassCondition)

   CouchbaseReactiveRepositoriesAutoConfiguration:
      Did not match:
         - @ConditionalOnClass did not find required class 'com.couchbase.client.java.Bucket' (OnClassCondition)

   CouchbaseRepositoriesAutoConfiguration:
      Did not match:
         - @ConditionalOnClass did not find required class 'com.couchbase.client.java.Bucket' (OnClassCondition)

   DataSourceAutoConfiguration.EmbeddedDatabaseConfiguration:
      Did not match:
         - EmbeddedDataSource found supported pooled data source (DataSourceAutoConfiguration.EmbeddedDatabaseCondition)

   DataSourceConfiguration.Dbcp2:
      Did not match:
         - @ConditionalOnClass did not find required class 'org.apache.commons.dbcp2.BasicDataSource' (OnClassCondition)

   DataSourceConfiguration.Generic:
      Did not match:
         - @ConditionalOnProperty (spring.datasource.type) did not find property 'spring.datasource.type' (OnPropertyCondition)

   DataSourceConfiguration.Tomcat:
      Did not match:
         - @ConditionalOnClass did not find required class 'org.apache.tomcat.jdbc.pool.DataSource' (OnClassCondition)

   DataSourceJmxConfiguration:
      Did not match:
         - @ConditionalOnProperty (spring.jmx.enabled=true) found different value in property 'enabled' (OnPropertyCondition)

   DataSourcePoolMetadataProvidersConfiguration.CommonsDbcp2PoolDataSourceMetadataProviderConfiguration:
      Did not match:
         - @ConditionalOnClass did not find required class 'org.apache.commons.dbcp2.BasicDataSource' (OnClassCondition)

   DataSourcePoolMetadataProvidersConfiguration.TomcatDataSourcePoolMetadataProviderConfiguration:
      Did not match:
         - @ConditionalOnClass did not find required class 'org.apache.tomcat.jdbc.pool.DataSource' (OnClassCondition)

   DataSourceTransactionManagerAutoConfiguration.DataSourceTransactionManagerConfiguration#transactionManager:
      Did not match:
         - @ConditionalOnMissingBean (types: org.springframework.transaction.PlatformTransactionManager; SearchStrategy: all) found beans of type 'org.springframework.transaction.PlatformTransactionManager' transactionManager (OnBeanCondition)

   DispatcherServletAutoConfiguration:
      Did not match:
         - @ConditionalOnClass did not find required class 'org.springframework.web.servlet.DispatcherServlet' (OnClassCondition)

   EhCacheCacheConfiguration:
      Did not match:
         - @ConditionalOnClass did not find required classes 'net.sf.ehcache.Cache', 'org.springframework.cache.ehcache.EhCacheCacheManager' (OnClassCondition)

   ElasticsearchAutoConfiguration:
      Did not match:
         - @ConditionalOnClass did not find required class 'org.elasticsearch.client.Client' (OnClassCondition)

   ElasticsearchDataAutoConfiguration:
      Did not match:
         - @ConditionalOnClass did not find required class 'org.elasticsearch.client.Client' (OnClassCondition)

   ElasticsearchRepositoriesAutoConfiguration:
      Did not match:
         - @ConditionalOnClass did not find required class 'org.elasticsearch.client.Client' (OnClassCondition)

   EmbeddedLdapAutoConfiguration:
      Did not match:
         - @ConditionalOnClass did not find required class 'com.unboundid.ldap.listener.InMemoryDirectoryServer' (OnClassCondition)

   EmbeddedMongoAutoConfiguration:
      Did not match:
         - @ConditionalOnClass did not find required class 'com.mongodb.MongoClient' (OnClassCondition)

   EmbeddedWebServerFactoryCustomizerAutoConfiguration:
      Did not match:
         - @ConditionalOnWebApplication did not find reactive or servlet web application classes (OnWebApplicationCondition)

   ErrorMvcAutoConfiguration:
      Did not match:
         - @ConditionalOnClass did not find required class 'javax.servlet.Servlet' (OnClassCondition)

   ErrorWebFluxAutoConfiguration:
      Did not match:
         - @ConditionalOnClass did not find required class 'org.springframework.web.reactive.config.WebFluxConfigurer' (OnClassCondition)

   FlywayAutoConfiguration:
      Did not match:
         - @ConditionalOnClass did not find required class 'org.flywaydb.core.Flyway' (OnClassCondition)

   FreeMarkerAutoConfiguration:
      Did not match:
         - @ConditionalOnClass did not find required class 'freemarker.template.Configuration' (OnClassCondition)

   GroovyTemplateAutoConfiguration.GroovyMarkupConfiguration:
      Did not match:
         - @ConditionalOnClass did not find required class 'org.springframework.web.servlet.view.groovy.GroovyMarkupConfigurer' (OnClassCondition)

   GroovyTemplateAutoConfiguration.GroovyWebConfiguration:
      Did not match:
         - @ConditionalOnClass did not find required classes 'javax.servlet.Servlet', 'org.springframework.web.servlet.view.UrlBasedViewResolver' (OnClassCondition)

   GsonAutoConfiguration:
      Did not match:
         - @ConditionalOnClass did not find required class 'com.google.gson.Gson' (OnClassCondition)

   H2ConsoleAutoConfiguration:
      Did not match:
         - @ConditionalOnClass did not find required class 'org.h2.server.web.WebServlet' (OnClassCondition)

   HazelcastAutoConfiguration:
      Did not match:
         - @ConditionalOnClass did not find required class 'com.hazelcast.core.HazelcastInstance' (OnClassCondition)

   HazelcastCacheConfiguration:
      Did not match:
         - @ConditionalOnClass did not find required classes 'com.hazelcast.core.HazelcastInstance', 'com.hazelcast.spring.cache.HazelcastCacheManager' (OnClassCondition)

   HazelcastJpaDependencyAutoConfiguration:
      Did not match:
         - @ConditionalOnClass did not find required class 'com.hazelcast.core.HazelcastInstance' (OnClassCondition)

   HttpEncodingAutoConfiguration:
      Did not match:
         - @ConditionalOnClass did not find required class 'org.springframework.web.filter.CharacterEncodingFilter' (OnClassCondition)

   HttpHandlerAutoConfiguration:
      Did not match:
         - @ConditionalOnClass did not find required class 'org.springframework.http.server.reactive.HttpHandler' (OnClassCondition)

   HttpMessageConvertersAutoConfiguration:
      Did not match:
         - @ConditionalOnClass did not find required class 'org.springframework.http.converter.HttpMessageConverter' (OnClassCondition)

   HypermediaAutoConfiguration:
      Did not match:
         - @ConditionalOnClass did not find required class 'org.springframework.hateoas.Resource' (OnClassCondition)

   InfinispanCacheConfiguration:
      Did not match:
         - @ConditionalOnClass did not find required class 'org.infinispan.spring.provider.SpringEmbeddedCacheManager' (OnClassCondition)

   InfluxDbAutoConfiguration:
      Did not match:
         - @ConditionalOnClass did not find required class 'org.influxdb.InfluxDB' (OnClassCondition)

   IntegrationAutoConfiguration:
      Did not match:
         - @ConditionalOnClass did not find required class 'org.springframework.integration.config.EnableIntegration' (OnClassCondition)

   JCacheCacheConfiguration:
      Did not match:
         - @ConditionalOnClass did not find required classes 'javax.cache.Caching', 'org.springframework.cache.jcache.JCacheCacheManager' (OnClassCondition)

   JacksonAutoConfiguration:
      Did not match:
         - @ConditionalOnClass did not find required class 'com.fasterxml.jackson.databind.ObjectMapper' (OnClassCondition)

   JdbcRepositoriesAutoConfiguration:
      Did not match:
         - @ConditionalOnClass did not find required class 'org.springframework.data.jdbc.repository.config.JdbcConfiguration' (OnClassCondition)

   JerseyAutoConfiguration:
      Did not match:
         - @ConditionalOnClass did not find required class 'javax.servlet.ServletRegistration' (OnClassCondition)

   JestAutoConfiguration:
      Did not match:
         - @ConditionalOnClass did not find required class 'io.searchbox.client.JestClient' (OnClassCondition)

   JmsAutoConfiguration:
      Did not match:
         - @ConditionalOnClass did not find required class 'javax.jms.Message' (OnClassCondition)

   JmxAutoConfiguration:
      Did not match:
         - @ConditionalOnProperty (spring.jmx.enabled=true) found different value in property 'enabled' (OnPropertyCondition)
      Matched:
         - @ConditionalOnClass found required class 'org.springframework.jmx.export.MBeanExporter' (OnClassCondition)

   JndiConnectionFactoryAutoConfiguration:
      Did not match:
         - @ConditionalOnClass did not find required class 'org.springframework.jms.core.JmsTemplate' (OnClassCondition)

   JndiDataSourceAutoConfiguration:
      Did not match:
         - @ConditionalOnProperty (spring.datasource.jndi-name) did not find property 'jndi-name' (OnPropertyCondition)
      Matched:
         - @ConditionalOnClass found required classes 'javax.sql.DataSource', 'org.springframework.jdbc.datasource.embedded.EmbeddedDatabaseType' (OnClassCondition)

   JndiJtaConfiguration:
      Did not match:
         - @ConditionalOnJndi JNDI environment is not available (OnJndiCondition)
      Matched:
         - @ConditionalOnClass found required class 'org.springframework.transaction.jta.JtaTransactionManager' (OnClassCondition)

   JooqAutoConfiguration:
      Did not match:
         - @ConditionalOnClass did not find required class 'org.jooq.DSLContext' (OnClassCondition)

   JpaBaseConfiguration.JpaWebConfiguration:
      Did not match:
         - @ConditionalOnClass did not find required class 'org.springframework.web.servlet.config.annotation.WebMvcConfigurer' (OnClassCondition)

   JpaRepositoriesAutoConfiguration#entityManagerFactoryBootstrapExecutorCustomizer:
      Did not match:
         - AnyNestedCondition 0 matched 2 did not; NestedCondition on JpaRepositoriesAutoConfiguration.BootstrapExecutorCondition.LazyBootstrapMode @ConditionalOnProperty (spring.data.jpa.repositories.bootstrap-mode=lazy) did not find property 'bootstrap-mode'; NestedCondition on JpaRepositoriesAutoConfiguration.BootstrapExecutorCondition.DeferredBootstrapMode @ConditionalOnProperty (spring.data.jpa.repositories.bootstrap-mode=deferred) did not find property 'bootstrap-mode' (JpaRepositoriesAutoConfiguration.BootstrapExecutorCondition)

   JsonbAutoConfiguration:
      Did not match:
         - @ConditionalOnClass did not find required class 'javax.json.bind.Jsonb' (OnClassCondition)

   KafkaAutoConfiguration:
      Did not match:
         - @ConditionalOnClass did not find required class 'org.springframework.kafka.core.KafkaTemplate' (OnClassCondition)

   LdapAutoConfiguration:
      Did not match:
         - @ConditionalOnClass did not find required class 'org.springframework.ldap.core.ContextSource' (OnClassCondition)

   LdapRepositoriesAutoConfiguration:
      Did not match:
         - @ConditionalOnClass did not find required class 'org.springframework.data.ldap.repository.LdapRepository' (OnClassCondition)

   LiquibaseAutoConfiguration:
      Did not match:
         - @ConditionalOnClass did not find required class 'liquibase.change.DatabaseChange' (OnClassCondition)

   MailSenderAutoConfiguration:
      Did not match:
         - @ConditionalOnClass did not find required class 'javax.mail.internet.MimeMessage' (OnClassCondition)

   MailSenderValidatorAutoConfiguration:
      Did not match:
         - @ConditionalOnSingleCandidate did not find required type 'org.springframework.mail.javamail.JavaMailSenderImpl' (OnBeanCondition)

   MessageSourceAutoConfiguration:
      Did not match:
         - ResourceBundle did not find bundle with basename messages (MessageSourceAutoConfiguration.ResourceBundleCondition)

   MongoAutoConfiguration:
      Did not match:
         - @ConditionalOnClass did not find required class 'com.mongodb.MongoClient' (OnClassCondition)

   MongoDataAutoConfiguration:
      Did not match:
         - @ConditionalOnClass did not find required class 'com.mongodb.client.MongoClient' (OnClassCondition)

   MongoReactiveAutoConfiguration:
      Did not match:
         - @ConditionalOnClass did not find required class 'com.mongodb.reactivestreams.client.MongoClient' (OnClassCondition)

   MongoReactiveDataAutoConfiguration:
      Did not match:
         - @ConditionalOnClass did not find required class 'com.mongodb.reactivestreams.client.MongoClient' (OnClassCondition)

   MongoReactiveRepositoriesAutoConfiguration:
      Did not match:
         - @ConditionalOnClass did not find required class 'com.mongodb.reactivestreams.client.MongoClient' (OnClassCondition)

   MongoRepositoriesAutoConfiguration:
      Did not match:
         - @ConditionalOnClass did not find required class 'com.mongodb.MongoClient' (OnClassCondition)

   MultipartAutoConfiguration:
      Did not match:
         - @ConditionalOnClass did not find required class 'javax.servlet.MultipartConfigElement' (OnClassCondition)

   MustacheAutoConfiguration:
      Did not match:
         - @ConditionalOnClass did not find required class 'com.samskivert.mustache.Mustache' (OnClassCondition)

   Neo4jDataAutoConfiguration:
      Did not match:
         - @ConditionalOnClass did not find required class 'org.neo4j.ogm.session.SessionFactory' (OnClassCondition)

   Neo4jRepositoriesAutoConfiguration:
      Did not match:
         - @ConditionalOnClass did not find required class 'org.neo4j.ogm.session.Neo4jSession' (OnClassCondition)

   OAuth2ClientAutoConfiguration:
      Did not match:
         - @ConditionalOnClass did not find required class 'org.springframework.security.config.annotation.web.configuration.EnableWebSecurity' (OnClassCondition)

   OAuth2ResourceServerAutoConfiguration:
      Did not match:
         - @ConditionalOnClass did not find required class 'org.springframework.security.oauth2.jwt.JwtDecoder' (OnClassCondition)

   ProjectInfoAutoConfiguration#buildProperties:
      Did not match:
         - @ConditionalOnResource did not find resource '${spring.info.build.location:classpath:META-INF/build-info.properties}' (OnResourceCondition)

   ProjectInfoAutoConfiguration#gitProperties:
      Did not match:
         - GitResource did not find git info at classpath:git.properties (ProjectInfoAutoConfiguration.GitResourceAvailableCondition)

   QuartzAutoConfiguration:
      Did not match:
         - @ConditionalOnClass did not find required class 'org.quartz.Scheduler' (OnClassCondition)

   RabbitAutoConfiguration:
      Did not match:
         - @ConditionalOnClass did not find required class 'com.rabbitmq.client.Channel' (OnClassCondition)

   ReactiveOAuth2ClientAutoConfiguration:
      Did not match:
         - @ConditionalOnClass did not find required class 'reactor.core.publisher.Flux' (OnClassCondition)

   ReactiveOAuth2ResourceServerAutoConfiguration:
      Did not match:
         - @ConditionalOnClass did not find required class 'org.springframework.security.config.annotation.web.reactive.EnableWebFluxSecurity' (OnClassCondition)

   ReactiveSecurityAutoConfiguration:
      Did not match:
         - @ConditionalOnClass did not find required class 'reactor.core.publisher.Flux' (OnClassCondition)

   ReactiveUserDetailsServiceAutoConfiguration:
      Did not match:
         - @ConditionalOnClass did not find required class 'org.springframework.security.authentication.ReactiveAuthenticationManager' (OnClassCondition)

   ReactiveWebServerFactoryAutoConfiguration:
      Did not match:
         - @ConditionalOnClass did not find required class 'org.springframework.http.ReactiveHttpInputMessage' (OnClassCondition)

   ReactorCoreAutoConfiguration:
      Did not match:
         - @ConditionalOnClass did not find required class 'reactor.core.publisher.Flux' (OnClassCondition)

   RedisAutoConfiguration:
      Did not match:
         - @ConditionalOnClass did not find required class 'org.springframework.data.redis.core.RedisOperations' (OnClassCondition)

   RedisCacheConfiguration:
      Did not match:
         - @ConditionalOnClass did not find required class 'org.springframework.data.redis.connection.RedisConnectionFactory' (OnClassCondition)

   RedisReactiveAutoConfiguration:
      Did not match:
         - @ConditionalOnClass did not find required class 'reactor.core.publisher.Flux' (OnClassCondition)

   RedisRepositoriesAutoConfiguration:
      Did not match:
         - @ConditionalOnClass did not find required class 'org.springframework.data.redis.repository.configuration.EnableRedisRepositories' (OnClassCondition)

   RepositoryRestMvcAutoConfiguration:
      Did not match:
         - @ConditionalOnClass did not find required class 'org.springframework.data.rest.webmvc.config.RepositoryRestMvcConfiguration' (OnClassCondition)

   RestClientAutoConfiguration:
      Did not match:
         - @ConditionalOnClass did not find required class 'org.elasticsearch.client.RestClient' (OnClassCondition)

   RestTemplateAutoConfiguration:
      Did not match:
         - @ConditionalOnClass did not find required class 'org.springframework.web.client.RestTemplate' (OnClassCondition)

   SecurityAutoConfiguration:
      Did not match:
         - @ConditionalOnClass did not find required class 'org.springframework.security.authentication.DefaultAuthenticationEventPublisher' (OnClassCondition)

   SecurityFilterAutoConfiguration:
      Did not match:
         - @ConditionalOnClass did not find required class 'org.springframework.security.config.http.SessionCreationPolicy' (OnClassCondition)

   SecurityRequestMatcherProviderAutoConfiguration:
      Did not match:
         - @ConditionalOnClass did not find required class 'org.springframework.security.web.util.matcher.RequestMatcher' (OnClassCondition)

   SendGridAutoConfiguration:
      Did not match:
         - @ConditionalOnClass did not find required class 'com.sendgrid.SendGrid' (OnClassCondition)

   ServletWebServerFactoryAutoConfiguration:
      Did not match:
         - @ConditionalOnClass did not find required class 'javax.servlet.ServletRequest' (OnClassCondition)

   SessionAutoConfiguration:
      Did not match:
         - @ConditionalOnClass did not find required class 'org.springframework.session.Session' (OnClassCondition)

   SolrAutoConfiguration:
      Did not match:
         - @ConditionalOnClass did not find required class 'org.apache.solr.client.solrj.impl.CloudSolrClient' (OnClassCondition)

   SolrRepositoriesAutoConfiguration:
      Did not match:
         - @ConditionalOnClass did not find required class 'org.apache.solr.client.solrj.SolrClient' (OnClassCondition)

   SpringApplicationAdminJmxAutoConfiguration:
      Did not match:
         - @ConditionalOnProperty (spring.application.admin.enabled=true) did not find property 'enabled' (OnPropertyCondition)

   SpringDataWebAutoConfiguration:
      Did not match:
         - @ConditionalOnClass did not find required class 'org.springframework.data.web.PageableHandlerMethodArgumentResolver' (OnClassCondition)

   TaskSchedulingAutoConfiguration#taskScheduler:
      Did not match:
         - @ConditionalOnBean (names: org.springframework.context.annotation.internalScheduledAnnotationProcessor; SearchStrategy: all) did not find any beans named org.springframework.context.annotation.internalScheduledAnnotationProcessor (OnBeanCondition)

   ThymeleafAutoConfiguration:
      Did not match:
         - @ConditionalOnClass did not find required class 'org.thymeleaf.templatemode.TemplateMode' (OnClassCondition)

   TransactionAutoConfiguration.EnableTransactionManagementConfiguration.JdkDynamicAutoProxyConfiguration:
      Did not match:
         - @ConditionalOnProperty (spring.aop.proxy-target-class=false) did not find property 'proxy-target-class' (OnPropertyCondition)

   UserDetailsServiceAutoConfiguration:
      Did not match:
         - @ConditionalOnClass did not find required class 'org.springframework.security.authentication.AuthenticationManager' (OnClassCondition)

   ValidationAutoConfiguration:
      Did not match:
         - @ConditionalOnClass did not find required class 'javax.validation.executable.ExecutableValidator' (OnClassCondition)

   WebClientAutoConfiguration:
      Did not match:
         - @ConditionalOnClass did not find required class 'org.springframework.web.reactive.function.client.WebClient' (OnClassCondition)

   WebFluxAutoConfiguration:
      Did not match:
         - @ConditionalOnClass did not find required class 'org.springframework.web.reactive.config.WebFluxConfigurer' (OnClassCondition)

   WebMvcAutoConfiguration:
      Did not match:
         - @ConditionalOnClass did not find required class 'javax.servlet.Servlet' (OnClassCondition)

   WebServiceTemplateAutoConfiguration:
      Did not match:
         - @ConditionalOnClass did not find required class 'org.springframework.oxm.Marshaller' (OnClassCondition)

   WebServicesAutoConfiguration:
      Did not match:
         - @ConditionalOnClass did not find required class 'org.springframework.ws.transport.http.MessageDispatcherServlet' (OnClassCondition)

   WebSocketMessagingAutoConfiguration:
      Did not match:
         - @ConditionalOnClass did not find required class 'org.springframework.web.socket.config.annotation.WebSocketMessageBrokerConfigurer' (OnClassCondition)

   WebSocketReactiveAutoConfiguration:
      Did not match:
         - @ConditionalOnClass did not find required class 'javax.servlet.Servlet' (OnClassCondition)

   WebSocketServletAutoConfiguration:
      Did not match:
         - @ConditionalOnClass did not find required class 'javax.servlet.Servlet' (OnClassCondition)

   XADataSourceAutoConfiguration:
      Did not match:
         - @ConditionalOnBean (types: org.springframework.boot.jdbc.XADataSourceWrapper; SearchStrategy: all) did not find any beans of type org.springframework.boot.jdbc.XADataSourceWrapper (OnBeanCondition)
      Matched:
         - @ConditionalOnClass found required classes 'javax.sql.DataSource', 'javax.transaction.TransactionManager', 'org.springframework.jdbc.datasource.embedded.EmbeddedDatabaseType' (OnClassCondition)


Exclusions:
-----------

    None


Unconditional classes:
----------------------

    org.springframework.boot.autoconfigure.context.ConfigurationPropertiesAutoConfiguration

    org.springframework.boot.autoconfigure.context.PropertyPlaceholderAutoConfiguration

    org.springframework.boot.autoconfigure.info.ProjectInfoAutoConfiguration



?[2m2019-02-24 20:13:35.619?[0;39m ?[32m INFO?[0;39m ?[35m30201?[0;39m ?[2m---?[0;39m ?[2m[    Test worker]?[0;39m ?[36mcom.tool.reporting.ProjectServiceTest   ?[0;39m ?[2m:?[0;39m Started ProjectServiceTest in 1.336 seconds (JVM running for 10.208)
?[2m2019-02-24 20:13:35.620?[0;39m ?[32mDEBUG?[0;39m ?[35m30201?[0;39m ?[2m---?[0;39m ?[2m[    Test worker]?[0;39m ?[36mc.DefaultCacheAwareContextLoaderDelegate?[0;39m ?[2m:?[0;39m Storing ApplicationContext in cache under key [[MergedContextConfiguration@3e2acc98 testClass = ProjectServiceTest, locations = '{}', classes = '{class com.tool.reporting.SpringCoreApplication, class com.tool.reporting.SpringCoreApplication}', contextInitializerClasses = '[]', activeProfiles = '{}', propertySourceLocations = '{}', propertySourceProperties = '{org.springframework.boot.test.context.SpringBootTestContextBootstrapper=true}', contextCustomizers = set[org.spockframework.spring.mock.SpockContextCustomizer@0, org.springframework.boot.test.autoconfigure.properties.PropertyMappingContextCustomizer@0, org.springframework.boot.test.autoconfigure.web.servlet.WebDriverContextCustomizerFactory$Customizer@f9b5fd8, org.springframework.boot.test.context.filter.ExcludeFilterContextCustomizer@5d4634c4, org.springframework.boot.test.json.DuplicateJsonObjectContextCustomizerFactory$DuplicateJsonObjectContextCustomizer@32fb2516, org.springframework.boot.test.mock.mockito.MockitoContextCustomizer@0, org.springframework.boot.test.web.client.TestRestTemplateContextCustomizer@5e15b86d], contextLoader = 'org.springframework.boot.test.context.SpringBootContextLoader', parent = [null]]]
?[2m2019-02-24 20:13:35.621?[0;39m ?[32mDEBUG?[0;39m ?[35m30201?[0;39m ?[2m---?[0;39m ?[2m[    Test worker]?[0;39m ?[36morg.springframework.test.context.cache  ?[0;39m ?[2m:?[0;39m Spring test ApplicationContext cache statistics: [DefaultContextCache@334ddfd5 size = 1, maxSize = 32, parentContextCount = 0, hitCount = 4, missCount = 2]
?[2m2019-02-24 20:13:35.624?[0;39m ?[32mDEBUG?[0;39m ?[35m30201?[0;39m ?[2m---?[0;39m ?[2m[    Test worker]?[0;39m ?[36mtractDirtiesContextTestExecutionListener?[0;39m ?[2m:?[0;39m Before test method: context [DefaultTestContext@3429216c testClass = ProjectServiceTest, testInstance = com.tool.reporting.ProjectServiceTest@5d9a596e, testMethod = deleteProject@ProjectServiceTest, testException = [null], mergedContextConfiguration = [MergedContextConfiguration@3e2acc98 testClass = ProjectServiceTest, locations = '{}', classes = '{class com.tool.reporting.SpringCoreApplication, class com.tool.reporting.SpringCoreApplication}', contextInitializerClasses = '[]', activeProfiles = '{}', propertySourceLocations = '{}', propertySourceProperties = '{org.springframework.boot.test.context.SpringBootTestContextBootstrapper=true}', contextCustomizers = set[org.spockframework.spring.mock.SpockContextCustomizer@0, org.springframework.boot.test.autoconfigure.properties.PropertyMappingContextCustomizer@0, org.springframework.boot.test.autoconfigure.web.servlet.WebDriverContextCustomizerFactory$Customizer@f9b5fd8, org.springframework.boot.test.context.filter.ExcludeFilterContextCustomizer@5d4634c4, org.springframework.boot.test.json.DuplicateJsonObjectContextCustomizerFactory$DuplicateJsonObjectContextCustomizer@32fb2516, org.springframework.boot.test.mock.mockito.MockitoContextCustomizer@0, org.springframework.boot.test.web.client.TestRestTemplateContextCustomizer@5e15b86d], contextLoader = 'org.springframework.boot.test.context.SpringBootContextLoader', parent = [null]], attributes = map[[empty]]], class annotated with @DirtiesContext [false] with mode [null], method annotated with @DirtiesContext [true] with mode [AFTER_METHOD].
?[2m2019-02-24 20:13:35.626?[0;39m ?[32mDEBUG?[0;39m ?[35m30201?[0;39m ?[2m---?[0;39m ?[2m[    Test worker]?[0;39m ?[36mc.DefaultCacheAwareContextLoaderDelegate?[0;39m ?[2m:?[0;39m Retrieved ApplicationContext from cache with key [[MergedContextConfiguration@3e2acc98 testClass = ProjectServiceTest, locations = '{}', classes = '{class com.tool.reporting.SpringCoreApplication, class com.tool.reporting.SpringCoreApplication}', contextInitializerClasses = '[]', activeProfiles = '{}', propertySourceLocations = '{}', propertySourceProperties = '{org.springframework.boot.test.context.SpringBootTestContextBootstrapper=true}', contextCustomizers = set[org.spockframework.spring.mock.SpockContextCustomizer@0, org.springframework.boot.test.autoconfigure.properties.PropertyMappingContextCustomizer@0, org.springframework.boot.test.autoconfigure.web.servlet.WebDriverContextCustomizerFactory$Customizer@f9b5fd8, org.springframework.boot.test.context.filter.ExcludeFilterContextCustomizer@5d4634c4, org.springframework.boot.test.json.DuplicateJsonObjectContextCustomizerFactory$DuplicateJsonObjectContextCustomizer@32fb2516, org.springframework.boot.test.mock.mockito.MockitoContextCustomizer@0, org.springframework.boot.test.web.client.TestRestTemplateContextCustomizer@5e15b86d], contextLoader = 'org.springframework.boot.test.context.SpringBootContextLoader', parent = [null]]]
?[2m2019-02-24 20:13:35.626?[0;39m ?[32mDEBUG?[0;39m ?[35m30201?[0;39m ?[2m---?[0;39m ?[2m[    Test worker]?[0;39m ?[36morg.springframework.test.context.cache  ?[0;39m ?[2m:?[0;39m Spring test ApplicationContext cache statistics: [DefaultContextCache@334ddfd5 size = 1, maxSize = 32, parentContextCount = 0, hitCount = 5, missCount = 2]
?[2m2019-02-24 20:13:35.627?[0;39m ?[32m INFO?[0;39m ?[35m30201?[0;39m ?[2m---?[0;39m ?[2m[    Test worker]?[0;39m ?[36mcom.tool.reporting.ProjectServiceTest   ?[0;39m ?[2m:?[0;39m ProjectServiceTest: deleteProject(): method called
?[2m2019-02-24 20:13:35.627?[0;39m ?[32m INFO?[0;39m ?[35m30201?[0;39m ?[2m---?[0;39m ?[2m[    Test worker]?[0;39m ?[36mc.tool.reporting.service.ProjectService ?[0;39m ?[2m:?[0;39m ProjectService: deleteById(): method called
?[2m2019-02-24 20:13:35.628?[0;39m ?[32mDEBUG?[0;39m ?[35m30201?[0;39m ?[2m---?[0;39m ?[2m[    Test worker]?[0;39m ?[36mstomAnnotationTransactionAttributeSource?[0;39m ?[2m:?[0;39m Adding transactional method 'deleteById' with attribute: PROPAGATION_REQUIRED,ISOLATION_DEFAULT
?[2m2019-02-24 20:13:35.629?[0;39m ?[32mDEBUG?[0;39m ?[35m30201?[0;39m ?[2m---?[0;39m ?[2m[    Test worker]?[0;39m ?[36mo.s.orm.jpa.JpaTransactionManager       ?[0;39m ?[2m:?[0;39m Creating new transaction with name [org.springframework.data.jpa.repository.support.SimpleJpaRepository.deleteById]: PROPAGATION_REQUIRED,ISOLATION_DEFAULT
?[2m2019-02-24 20:13:35.629?[0;39m ?[32mDEBUG?[0;39m ?[35m30201?[0;39m ?[2m---?[0;39m ?[2m[    Test worker]?[0;39m ?[36mo.s.orm.jpa.JpaTransactionManager       ?[0;39m ?[2m:?[0;39m Opened new EntityManager [SessionImpl(171612898<open>)] for JPA transaction
?[2m2019-02-24 20:13:35.629?[0;39m ?[32mDEBUG?[0;39m ?[35m30201?[0;39m ?[2m---?[0;39m ?[2m[    Test worker]?[0;39m ?[36mo.s.orm.jpa.JpaTransactionManager       ?[0;39m ?[2m:?[0;39m Exposing JPA transaction as JDBC [org.springframework.orm.jpa.vendor.HibernateJpaDialect$HibernateConnectionHandle@2195eb66]
Hibernate: 
    select
        project0_.id as id1_2_0_,
        project0_.actual_cost as actual_c2_2_0_,
        project0_.approver_id as approve13_2_0_,
        project0_.budget_cost as budget_c3_2_0_,
        project0_.creation_date as creation4_2_0_,
        project0_.description as descript5_2_0_,
        project0_.forecasted_cost as forecast6_2_0_,
        project0_.health_id as health_14_2_0_,
        project0_.implementation_date as implemen7_2_0_,
        project0_.is_deleted as is_delet8_2_0_,
        project0_.last_update_date as last_upd9_2_0_,
        project0_.milestone_date as milesto10_2_0_,
        project0_.milestone_status_id as milesto15_2_0_,
        project0_.name as name11_2_0_,
        project0_.state_id as state_i16_2_0_,
        project0_.submitter_id as submitt17_2_0_,
        project0_.summary as summary12_2_0_,
        employee1_.id as id1_0_1_,
        employee1_.creation_date as creation2_0_1_,
        employee1_.last_update_date as last_upd3_0_1_,
        employee1_.name as name4_0_1_,
        health2_.id as id1_1_2_,
        health2_.creation_date as creation2_1_2_,
        health2_.last_update_date as last_upd3_1_2_,
        health2_.name as name4_1_2_,
        status3_.id as id1_3_3_,
        status3_.creation_date as creation2_3_3_,
        status3_.last_update_date as last_upd3_3_3_,
        status3_.name as name4_3_3_,
        status4_.id as id1_3_4_,
        status4_.creation_date as creation2_3_4_,
        status4_.last_update_date as last_upd3_3_4_,
        status4_.name as name4_3_4_,
        employee5_.id as id1_0_5_,
        employee5_.creation_date as creation2_0_5_,
        employee5_.last_update_date as last_upd3_0_5_,
        employee5_.name as name4_0_5_ 
    from
        project project0_ 
    left outer join
        employee employee1_ 
            on project0_.approver_id=employee1_.id 
    left outer join
        health health2_ 
            on project0_.health_id=health2_.id 
    left outer join
        status status3_ 
            on project0_.milestone_status_id=status3_.id 
    left outer join
        status status4_ 
            on project0_.state_id=status4_.id 
    left outer join
        employee employee5_ 
            on project0_.submitter_id=employee5_.id 
    where
        project0_.id=? 
        and (
            project0_.is_deleted = 0 
        )
?[2m2019-02-24 20:13:35.635?[0;39m ?[32mTRACE?[0;39m ?[35m30201?[0;39m ?[2m---?[0;39m ?[2m[    Test worker]?[0;39m ?[36mo.h.type.descriptor.sql.BasicBinder     ?[0;39m ?[2m:?[0;39m binding parameter [1] as [BIGINT] - [100]
?[2m2019-02-24 20:13:35.636?[0;39m ?[32mTRACE?[0;39m ?[35m30201?[0;39m ?[2m---?[0;39m ?[2m[    Test worker]?[0;39m ?[36mo.h.type.descriptor.sql.BasicExtractor  ?[0;39m ?[2m:?[0;39m extracted value ([id1_0_1_] : [BIGINT]) - [null]
?[2m2019-02-24 20:13:35.637?[0;39m ?[32mTRACE?[0;39m ?[35m30201?[0;39m ?[2m---?[0;39m ?[2m[    Test worker]?[0;39m ?[36mo.h.type.descriptor.sql.BasicExtractor  ?[0;39m ?[2m:?[0;39m extracted value ([id1_1_2_] : [BIGINT]) - [1]
?[2m2019-02-24 20:13:35.637?[0;39m ?[32mTRACE?[0;39m ?[35m30201?[0;39m ?[2m---?[0;39m ?[2m[    Test worker]?[0;39m ?[36mo.h.type.descriptor.sql.BasicExtractor  ?[0;39m ?[2m:?[0;39m extracted value ([id1_3_3_] : [BIGINT]) - [null]
?[2m2019-02-24 20:13:35.637?[0;39m ?[32mTRACE?[0;39m ?[35m30201?[0;39m ?[2m---?[0;39m ?[2m[    Test worker]?[0;39m ?[36mo.h.type.descriptor.sql.BasicExtractor  ?[0;39m ?[2m:?[0;39m extracted value ([id1_3_4_] : [BIGINT]) - [1]
?[2m2019-02-24 20:13:35.637?[0;39m ?[32mTRACE?[0;39m ?[35m30201?[0;39m ?[2m---?[0;39m ?[2m[    Test worker]?[0;39m ?[36mo.h.type.descriptor.sql.BasicExtractor  ?[0;39m ?[2m:?[0;39m extracted value ([id1_0_5_] : [BIGINT]) - [null]
?[2m2019-02-24 20:13:35.638?[0;39m ?[32mTRACE?[0;39m ?[35m30201?[0;39m ?[2m---?[0;39m ?[2m[    Test worker]?[0;39m ?[36mo.h.type.descriptor.sql.BasicExtractor  ?[0;39m ?[2m:?[0;39m extracted value ([actual_c2_2_0_] : [DOUBLE]) - [null]
?[2m2019-02-24 20:13:35.638?[0;39m ?[32mTRACE?[0;39m ?[35m30201?[0;39m ?[2m---?[0;39m ?[2m[    Test worker]?[0;39m ?[36mo.h.type.descriptor.sql.BasicExtractor  ?[0;39m ?[2m:?[0;39m extracted value ([approve13_2_0_] : [BIGINT]) - [null]
?[2m2019-02-24 20:13:35.638?[0;39m ?[32mTRACE?[0;39m ?[35m30201?[0;39m ?[2m---?[0;39m ?[2m[    Test worker]?[0;39m ?[36mo.h.type.descriptor.sql.BasicExtractor  ?[0;39m ?[2m:?[0;39m extracted value ([budget_c3_2_0_] : [DOUBLE]) - [null]
?[2m2019-02-24 20:13:35.638?[0;39m ?[32mTRACE?[0;39m ?[35m30201?[0;39m ?[2m---?[0;39m ?[2m[    Test worker]?[0;39m ?[36mo.h.type.descriptor.sql.BasicExtractor  ?[0;39m ?[2m:?[0;39m extracted value ([creation4_2_0_] : [TIMESTAMP]) - [null]
?[2m2019-02-24 20:13:35.638?[0;39m ?[32mTRACE?[0;39m ?[35m30201?[0;39m ?[2m---?[0;39m ?[2m[    Test worker]?[0;39m ?[36mo.h.type.descriptor.sql.BasicExtractor  ?[0;39m ?[2m:?[0;39m extracted value ([descript5_2_0_] : [VARCHAR]) - [First Desc]
?[2m2019-02-24 20:13:35.638?[0;39m ?[32mTRACE?[0;39m ?[35m30201?[0;39m ?[2m---?[0;39m ?[2m[    Test worker]?[0;39m ?[36mo.h.type.descriptor.sql.BasicExtractor  ?[0;39m ?[2m:?[0;39m extracted value ([forecast6_2_0_] : [DOUBLE]) - [null]
?[2m2019-02-24 20:13:35.638?[0;39m ?[32mTRACE?[0;39m ?[35m30201?[0;39m ?[2m---?[0;39m ?[2m[    Test worker]?[0;39m ?[36mo.h.type.descriptor.sql.BasicExtractor  ?[0;39m ?[2m:?[0;39m extracted value ([health_14_2_0_] : [BIGINT]) - [1]
?[2m2019-02-24 20:13:35.638?[0;39m ?[32mTRACE?[0;39m ?[35m30201?[0;39m ?[2m---?[0;39m ?[2m[    Test worker]?[0;39m ?[36mo.h.type.descriptor.sql.BasicExtractor  ?[0;39m ?[2m:?[0;39m extracted value ([implemen7_2_0_] : [TIMESTAMP]) - [null]
?[2m2019-02-24 20:13:35.639?[0;39m ?[32mTRACE?[0;39m ?[35m30201?[0;39m ?[2m---?[0;39m ?[2m[    Test worker]?[0;39m ?[36mo.h.type.descriptor.sql.BasicExtractor  ?[0;39m ?[2m:?[0;39m extracted value ([is_delet8_2_0_] : [BOOLEAN]) - [false]
?[2m2019-02-24 20:13:35.639?[0;39m ?[32mTRACE?[0;39m ?[35m30201?[0;39m ?[2m---?[0;39m ?[2m[    Test worker]?[0;39m ?[36mo.h.type.descriptor.sql.BasicExtractor  ?[0;39m ?[2m:?[0;39m extracted value ([last_upd9_2_0_] : [TIMESTAMP]) - [null]
?[2m2019-02-24 20:13:35.639?[0;39m ?[32mTRACE?[0;39m ?[35m30201?[0;39m ?[2m---?[0;39m ?[2m[    Test worker]?[0;39m ?[36mo.h.type.descriptor.sql.BasicExtractor  ?[0;39m ?[2m:?[0;39m extracted value ([milesto10_2_0_] : [TIMESTAMP]) - [null]
?[2m2019-02-24 20:13:35.639?[0;39m ?[32mTRACE?[0;39m ?[35m30201?[0;39m ?[2m---?[0;39m ?[2m[    Test worker]?[0;39m ?[36mo.h.type.descriptor.sql.BasicExtractor  ?[0;39m ?[2m:?[0;39m extracted value ([milesto15_2_0_] : [BIGINT]) - [null]
?[2m2019-02-24 20:13:35.639?[0;39m ?[32mTRACE?[0;39m ?[35m30201?[0;39m ?[2m---?[0;39m ?[2m[    Test worker]?[0;39m ?[36mo.h.type.descriptor.sql.BasicExtractor  ?[0;39m ?[2m:?[0;39m extracted value ([name11_2_0_] : [VARCHAR]) - [First Project]
?[2m2019-02-24 20:13:35.639?[0;39m ?[32mTRACE?[0;39m ?[35m30201?[0;39m ?[2m---?[0;39m ?[2m[    Test worker]?[0;39m ?[36mo.h.type.descriptor.sql.BasicExtractor  ?[0;39m ?[2m:?[0;39m extracted value ([state_i16_2_0_] : [BIGINT]) - [1]
?[2m2019-02-24 20:13:35.640?[0;39m ?[32mTRACE?[0;39m ?[35m30201?[0;39m ?[2m---?[0;39m ?[2m[    Test worker]?[0;39m ?[36mo.h.type.descriptor.sql.BasicExtractor  ?[0;39m ?[2m:?[0;39m extracted value ([submitt17_2_0_] : [BIGINT]) - [null]
?[2m2019-02-24 20:13:35.640?[0;39m ?[32mTRACE?[0;39m ?[35m30201?[0;39m ?[2m---?[0;39m ?[2m[    Test worker]?[0;39m ?[36mo.h.type.descriptor.sql.BasicExtractor  ?[0;39m ?[2m:?[0;39m extracted value ([summary12_2_0_] : [VARCHAR]) - [First Summary]
?[2m2019-02-24 20:13:35.640?[0;39m ?[32mTRACE?[0;39m ?[35m30201?[0;39m ?[2m---?[0;39m ?[2m[    Test worker]?[0;39m ?[36mo.h.type.descriptor.sql.BasicExtractor  ?[0;39m ?[2m:?[0;39m extracted value ([creation2_1_2_] : [TIMESTAMP]) - [null]
?[2m2019-02-24 20:13:35.640?[0;39m ?[32mTRACE?[0;39m ?[35m30201?[0;39m ?[2m---?[0;39m ?[2m[    Test worker]?[0;39m ?[36mo.h.type.descriptor.sql.BasicExtractor  ?[0;39m ?[2m:?[0;39m extracted value ([last_upd3_1_2_] : [TIMESTAMP]) - [null]
?[2m2019-02-24 20:13:35.640?[0;39m ?[32mTRACE?[0;39m ?[35m30201?[0;39m ?[2m---?[0;39m ?[2m[    Test worker]?[0;39m ?[36mo.h.type.descriptor.sql.BasicExtractor  ?[0;39m ?[2m:?[0;39m extracted value ([name4_1_2_] : [VARCHAR]) - [Active]
?[2m2019-02-24 20:13:35.640?[0;39m ?[32mTRACE?[0;39m ?[35m30201?[0;39m ?[2m---?[0;39m ?[2m[    Test worker]?[0;39m ?[36mo.h.type.descriptor.sql.BasicExtractor  ?[0;39m ?[2m:?[0;39m extracted value ([creation2_3_4_] : [TIMESTAMP]) - [null]
?[2m2019-02-24 20:13:35.641?[0;39m ?[32mTRACE?[0;39m ?[35m30201?[0;39m ?[2m---?[0;39m ?[2m[    Test worker]?[0;39m ?[36mo.h.type.descriptor.sql.BasicExtractor  ?[0;39m ?[2m:?[0;39m extracted value ([last_upd3_3_4_] : [TIMESTAMP]) - [null]
?[2m2019-02-24 20:13:35.641?[0;39m ?[32mTRACE?[0;39m ?[35m30201?[0;39m ?[2m---?[0;39m ?[2m[    Test worker]?[0;39m ?[36mo.h.type.descriptor.sql.BasicExtractor  ?[0;39m ?[2m:?[0;39m extracted value ([name4_3_4_] : [VARCHAR]) - [Active]
?[2m2019-02-24 20:13:35.646?[0;39m ?[32m INFO?[0;39m ?[35m30201?[0;39m ?[2m---?[0;39m ?[2m[    Test worker]?[0;39m ?[36mcom.tool.reporting.entity.Project       ?[0;39m ?[2m:?[0;39m Entity Project: preRemove(): method called
?[2m2019-02-24 20:13:35.649?[0;39m ?[32mDEBUG?[0;39m ?[35m30201?[0;39m ?[2m---?[0;39m ?[2m[    Test worker]?[0;39m ?[36mo.s.orm.jpa.JpaTransactionManager       ?[0;39m ?[2m:?[0;39m Initiating transaction commit
?[2m2019-02-24 20:13:35.650?[0;39m ?[32mDEBUG?[0;39m ?[35m30201?[0;39m ?[2m---?[0;39m ?[2m[    Test worker]?[0;39m ?[36mo.s.orm.jpa.JpaTransactionManager       ?[0;39m ?[2m:?[0;39m Committing JPA transaction on EntityManager [SessionImpl(171612898<open>)]
Hibernate: 
    UPDATE
        Project 
    SET
        is_deleted = true 
    WHERE
        id = ? 
?[2m2019-02-24 20:13:35.659?[0;39m ?[32mTRACE?[0;39m ?[35m30201?[0;39m ?[2m---?[0;39m ?[2m[    Test worker]?[0;39m ?[36mo.h.type.descriptor.sql.BasicBinder     ?[0;39m ?[2m:?[0;39m binding parameter [1] as [BIGINT] - [100]
?[2m2019-02-24 20:13:35.663?[0;39m ?[32mDEBUG?[0;39m ?[35m30201?[0;39m ?[2m---?[0;39m ?[2m[    Test worker]?[0;39m ?[36mo.s.orm.jpa.JpaTransactionManager       ?[0;39m ?[2m:?[0;39m Closing JPA EntityManager [SessionImpl(171612898<open>)] after transaction
?[2m2019-02-24 20:13:35.663?[0;39m ?[32m INFO?[0;39m ?[35m30201?[0;39m ?[2m---?[0;39m ?[2m[    Test worker]?[0;39m ?[36mi.StatisticalLoggingSessionEventListener?[0;39m ?[2m:?[0;39m Session Metrics {
    27485 nanoseconds spent acquiring 1 JDBC connections;
    0 nanoseconds spent releasing 0 JDBC connections;
    3882936 nanoseconds spent preparing 2 JDBC statements;
    1523795 nanoseconds spent executing 2 JDBC statements;
    0 nanoseconds spent executing 0 JDBC batches;
    0 nanoseconds spent performing 0 L2C puts;
    0 nanoseconds spent performing 0 L2C hits;
    0 nanoseconds spent performing 0 L2C misses;
    11981566 nanoseconds spent executing 1 flushes (flushing a total of 3 entities and 0 collections);
    0 nanoseconds spent executing 0 partial-flushes (flushing a total of 0 entities and 0 collections)
}
?[2m2019-02-24 20:13:35.664?[0;39m ?[32m INFO?[0;39m ?[35m30201?[0;39m ?[2m---?[0;39m ?[2m[    Test worker]?[0;39m ?[36mc.tool.reporting.service.ProjectService ?[0;39m ?[2m:?[0;39m ProjectService: findById() method called
?[2m2019-02-24 20:13:35.665?[0;39m ?[32mDEBUG?[0;39m ?[35m30201?[0;39m ?[2m---?[0;39m ?[2m[    Test worker]?[0;39m ?[36mstomAnnotationTransactionAttributeSource?[0;39m ?[2m:?[0;39m Adding transactional method 'findById' with attribute: PROPAGATION_REQUIRED,ISOLATION_DEFAULT,readOnly
?[2m2019-02-24 20:13:35.665?[0;39m ?[32mDEBUG?[0;39m ?[35m30201?[0;39m ?[2m---?[0;39m ?[2m[    Test worker]?[0;39m ?[36mo.s.orm.jpa.JpaTransactionManager       ?[0;39m ?[2m:?[0;39m Creating new transaction with name [org.springframework.data.jpa.repository.support.SimpleJpaRepository.findById]: PROPAGATION_REQUIRED,ISOLATION_DEFAULT,readOnly
?[2m2019-02-24 20:13:35.666?[0;39m ?[32mDEBUG?[0;39m ?[35m30201?[0;39m ?[2m---?[0;39m ?[2m[    Test worker]?[0;39m ?[36mo.s.orm.jpa.JpaTransactionManager       ?[0;39m ?[2m:?[0;39m Opened new EntityManager [SessionImpl(970463365<open>)] for JPA transaction
?[2m2019-02-24 20:13:35.666?[0;39m ?[32mDEBUG?[0;39m ?[35m30201?[0;39m ?[2m---?[0;39m ?[2m[    Test worker]?[0;39m ?[36mo.s.jdbc.datasource.DataSourceUtils     ?[0;39m ?[2m:?[0;39m Setting JDBC Connection [HikariProxyConnection@2014512804 wrapping conn10: url=jdbc:h2:mem:testdb user=SA] read-only
?[2m2019-02-24 20:13:35.667?[0;39m ?[32mDEBUG?[0;39m ?[35m30201?[0;39m ?[2m---?[0;39m ?[2m[    Test worker]?[0;39m ?[36mo.s.orm.jpa.JpaTransactionManager       ?[0;39m ?[2m:?[0;39m Exposing JPA transaction as JDBC [org.springframework.orm.jpa.vendor.HibernateJpaDialect$HibernateConnectionHandle@135e50d3]
Hibernate: 
    select
        project0_.id as id1_2_0_,
        project0_.actual_cost as actual_c2_2_0_,
        project0_.approver_id as approve13_2_0_,
        project0_.budget_cost as budget_c3_2_0_,
        project0_.creation_date as creation4_2_0_,
        project0_.description as descript5_2_0_,
        project0_.forecasted_cost as forecast6_2_0_,
        project0_.health_id as health_14_2_0_,
        project0_.implementation_date as implemen7_2_0_,
        project0_.is_deleted as is_delet8_2_0_,
        project0_.last_update_date as last_upd9_2_0_,
        project0_.milestone_date as milesto10_2_0_,
        project0_.milestone_status_id as milesto15_2_0_,
        project0_.name as name11_2_0_,
        project0_.state_id as state_i16_2_0_,
        project0_.submitter_id as submitt17_2_0_,
        project0_.summary as summary12_2_0_,
        employee1_.id as id1_0_1_,
        employee1_.creation_date as creation2_0_1_,
        employee1_.last_update_date as last_upd3_0_1_,
        employee1_.name as name4_0_1_,
        health2_.id as id1_1_2_,
        health2_.creation_date as creation2_1_2_,
        health2_.last_update_date as last_upd3_1_2_,
        health2_.name as name4_1_2_,
        status3_.id as id1_3_3_,
        status3_.creation_date as creation2_3_3_,
        status3_.last_update_date as last_upd3_3_3_,
        status3_.name as name4_3_3_,
        status4_.id as id1_3_4_,
        status4_.creation_date as creation2_3_4_,
        status4_.last_update_date as last_upd3_3_4_,
        status4_.name as name4_3_4_,
        employee5_.id as id1_0_5_,
        employee5_.creation_date as creation2_0_5_,
        employee5_.last_update_date as last_upd3_0_5_,
        employee5_.name as name4_0_5_ 
    from
        project project0_ 
    left outer join
        employee employee1_ 
            on project0_.approver_id=employee1_.id 
    left outer join
        health health2_ 
            on project0_.health_id=health2_.id 
    left outer join
        status status3_ 
            on project0_.milestone_status_id=status3_.id 
    left outer join
        status status4_ 
            on project0_.state_id=status4_.id 
    left outer join
        employee employee5_ 
            on project0_.submitter_id=employee5_.id 
    where
        project0_.id=? 
        and (
            project0_.is_deleted = 0 
        )
?[2m2019-02-24 20:13:35.669?[0;39m ?[32mTRACE?[0;39m ?[35m30201?[0;39m ?[2m---?[0;39m ?[2m[    Test worker]?[0;39m ?[36mo.h.type.descriptor.sql.BasicBinder     ?[0;39m ?[2m:?[0;39m binding parameter [1] as [BIGINT] - [100]
?[2m2019-02-24 20:13:35.670?[0;39m ?[32mDEBUG?[0;39m ?[35m30201?[0;39m ?[2m---?[0;39m ?[2m[    Test worker]?[0;39m ?[36mo.s.orm.jpa.JpaTransactionManager       ?[0;39m ?[2m:?[0;39m Initiating transaction commit
?[2m2019-02-24 20:13:35.670?[0;39m ?[32mDEBUG?[0;39m ?[35m30201?[0;39m ?[2m---?[0;39m ?[2m[    Test worker]?[0;39m ?[36mo.s.orm.jpa.JpaTransactionManager       ?[0;39m ?[2m:?[0;39m Committing JPA transaction on EntityManager [SessionImpl(970463365<open>)]
?[2m2019-02-24 20:13:35.671?[0;39m ?[32mDEBUG?[0;39m ?[35m30201?[0;39m ?[2m---?[0;39m ?[2m[    Test worker]?[0;39m ?[36mo.s.orm.jpa.JpaTransactionManager       ?[0;39m ?[2m:?[0;39m Closing JPA EntityManager [SessionImpl(970463365<open>)] after transaction
?[2m2019-02-24 20:13:35.671?[0;39m ?[32m INFO?[0;39m ?[35m30201?[0;39m ?[2m---?[0;39m ?[2m[    Test worker]?[0;39m ?[36mi.StatisticalLoggingSessionEventListener?[0;39m ?[2m:?[0;39m Session Metrics {
    32580 nanoseconds spent acquiring 1 JDBC connections;
    0 nanoseconds spent releasing 0 JDBC connections;
    60921 nanoseconds spent preparing 1 JDBC statements;
    300389 nanoseconds spent executing 1 JDBC statements;
    0 nanoseconds spent executing 0 JDBC batches;
    0 nanoseconds spent performing 0 L2C puts;
    0 nanoseconds spent performing 0 L2C hits;
    0 nanoseconds spent performing 0 L2C misses;
    0 nanoseconds spent executing 0 flushes (flushing a total of 0 entities and 0 collections);
    0 nanoseconds spent executing 0 partial-flushes (flushing a total of 0 entities and 0 collections)
}
?[2m2019-02-24 20:13:35.672?[0;39m ?[32m INFO?[0;39m ?[35m30201?[0;39m ?[2m---?[0;39m ?[2m[    Test worker]?[0;39m ?[36mcom.tool.reporting.ProjectServiceTest   ?[0;39m ?[2m:?[0;39m ProjectServiceTest: deleteProject(): No Project found
?[2m2019-02-24 20:13:35.672?[0;39m ?[32mDEBUG?[0;39m ?[35m30201?[0;39m ?[2m---?[0;39m ?[2m[    Test worker]?[0;39m ?[36mc.DefaultCacheAwareContextLoaderDelegate?[0;39m ?[2m:?[0;39m Retrieved ApplicationContext from cache with key [[MergedContextConfiguration@3e2acc98 testClass = ProjectServiceTest, locations = '{}', classes = '{class com.tool.reporting.SpringCoreApplication, class com.tool.reporting.SpringCoreApplication}', contextInitializerClasses = '[]', activeProfiles = '{}', propertySourceLocations = '{}', propertySourceProperties = '{org.springframework.boot.test.context.SpringBootTestContextBootstrapper=true}', contextCustomizers = set[org.spockframework.spring.mock.SpockContextCustomizer@0, org.springframework.boot.test.autoconfigure.properties.PropertyMappingContextCustomizer@0, org.springframework.boot.test.autoconfigure.web.servlet.WebDriverContextCustomizerFactory$Customizer@f9b5fd8, org.springframework.boot.test.context.filter.ExcludeFilterContextCustomizer@5d4634c4, org.springframework.boot.test.json.DuplicateJsonObjectContextCustomizerFactory$DuplicateJsonObjectContextCustomizer@32fb2516, org.springframework.boot.test.mock.mockito.MockitoContextCustomizer@0, org.springframework.boot.test.web.client.TestRestTemplateContextCustomizer@5e15b86d], contextLoader = 'org.springframework.boot.test.context.SpringBootContextLoader', parent = [null]]]
?[2m2019-02-24 20:13:35.672?[0;39m ?[32mDEBUG?[0;39m ?[35m30201?[0;39m ?[2m---?[0;39m ?[2m[    Test worker]?[0;39m ?[36morg.springframework.test.context.cache  ?[0;39m ?[2m:?[0;39m Spring test ApplicationContext cache statistics: [DefaultContextCache@334ddfd5 size = 1, maxSize = 32, parentContextCount = 0, hitCount = 6, missCount = 2]
?[2m2019-02-24 20:13:35.673?[0;39m ?[32mDEBUG?[0;39m ?[35m30201?[0;39m ?[2m---?[0;39m ?[2m[    Test worker]?[0;39m ?[36mc.DefaultCacheAwareContextLoaderDelegate?[0;39m ?[2m:?[0;39m Retrieved ApplicationContext from cache with key [[MergedContextConfiguration@3e2acc98 testClass = ProjectServiceTest, locations = '{}', classes = '{class com.tool.reporting.SpringCoreApplication, class com.tool.reporting.SpringCoreApplication}', contextInitializerClasses = '[]', activeProfiles = '{}', propertySourceLocations = '{}', propertySourceProperties = '{org.springframework.boot.test.context.SpringBootTestContextBootstrapper=true}', contextCustomizers = set[org.spockframework.spring.mock.SpockContextCustomizer@0, org.springframework.boot.test.autoconfigure.properties.PropertyMappingContextCustomizer@0, org.springframework.boot.test.autoconfigure.web.servlet.WebDriverContextCustomizerFactory$Customizer@f9b5fd8, org.springframework.boot.test.context.filter.ExcludeFilterContextCustomizer@5d4634c4, org.springframework.boot.test.json.DuplicateJsonObjectContextCustomizerFactory$DuplicateJsonObjectContextCustomizer@32fb2516, org.springframework.boot.test.mock.mockito.MockitoContextCustomizer@0, org.springframework.boot.test.web.client.TestRestTemplateContextCustomizer@5e15b86d], contextLoader = 'org.springframework.boot.test.context.SpringBootContextLoader', parent = [null]]]
?[2m2019-02-24 20:13:35.673?[0;39m ?[32mDEBUG?[0;39m ?[35m30201?[0;39m ?[2m---?[0;39m ?[2m[    Test worker]?[0;39m ?[36morg.springframework.test.context.cache  ?[0;39m ?[2m:?[0;39m Spring test ApplicationContext cache statistics: [DefaultContextCache@334ddfd5 size = 1, maxSize = 32, parentContextCount = 0, hitCount = 7, missCount = 2]
?[2m2019-02-24 20:13:35.674?[0;39m ?[32mDEBUG?[0;39m ?[35m30201?[0;39m ?[2m---?[0;39m ?[2m[    Test worker]?[0;39m ?[36mc.DefaultCacheAwareContextLoaderDelegate?[0;39m ?[2m:?[0;39m Retrieved ApplicationContext from cache with key [[MergedContextConfiguration@3e2acc98 testClass = ProjectServiceTest, locations = '{}', classes = '{class com.tool.reporting.SpringCoreApplication, class com.tool.reporting.SpringCoreApplication}', contextInitializerClasses = '[]', activeProfiles = '{}', propertySourceLocations = '{}', propertySourceProperties = '{org.springframework.boot.test.context.SpringBootTestContextBootstrapper=true}', contextCustomizers = set[org.spockframework.spring.mock.SpockContextCustomizer@0, org.springframework.boot.test.autoconfigure.properties.PropertyMappingContextCustomizer@0, org.springframework.boot.test.autoconfigure.web.servlet.WebDriverContextCustomizerFactory$Customizer@f9b5fd8, org.springframework.boot.test.context.filter.ExcludeFilterContextCustomizer@5d4634c4, org.springframework.boot.test.json.DuplicateJsonObjectContextCustomizerFactory$DuplicateJsonObjectContextCustomizer@32fb2516, org.springframework.boot.test.mock.mockito.MockitoContextCustomizer@0, org.springframework.boot.test.web.client.TestRestTemplateContextCustomizer@5e15b86d], contextLoader = 'org.springframework.boot.test.context.SpringBootContextLoader', parent = [null]]]
?[2m2019-02-24 20:13:35.674?[0;39m ?[32mDEBUG?[0;39m ?[35m30201?[0;39m ?[2m---?[0;39m ?[2m[    Test worker]?[0;39m ?[36morg.springframework.test.context.cache  ?[0;39m ?[2m:?[0;39m Spring test ApplicationContext cache statistics: [DefaultContextCache@334ddfd5 size = 1, maxSize = 32, parentContextCount = 0, hitCount = 8, missCount = 2]
?[2m2019-02-24 20:13:35.676?[0;39m ?[32mDEBUG?[0;39m ?[35m30201?[0;39m ?[2m---?[0;39m ?[2m[    Test worker]?[0;39m ?[36mtractDirtiesContextTestExecutionListener?[0;39m ?[2m:?[0;39m After test method: context [DefaultTestContext@3429216c testClass = ProjectServiceTest, testInstance = com.tool.reporting.ProjectServiceTest@5d9a596e, testMethod = deleteProject@ProjectServiceTest, testException = [null], mergedContextConfiguration = [MergedContextConfiguration@3e2acc98 testClass = ProjectServiceTest, locations = '{}', classes = '{class com.tool.reporting.SpringCoreApplication, class com.tool.reporting.SpringCoreApplication}', contextInitializerClasses = '[]', activeProfiles = '{}', propertySourceLocations = '{}', propertySourceProperties = '{org.springframework.boot.test.context.SpringBootTestContextBootstrapper=true}', contextCustomizers = set[org.spockframework.spring.mock.SpockContextCustomizer@0, org.springframework.boot.test.autoconfigure.properties.PropertyMappingContextCustomizer@0, org.springframework.boot.test.autoconfigure.web.servlet.WebDriverContextCustomizerFactory$Customizer@f9b5fd8, org.springframework.boot.test.context.filter.ExcludeFilterContextCustomizer@5d4634c4, org.springframework.boot.test.json.DuplicateJsonObjectContextCustomizerFactory$DuplicateJsonObjectContextCustomizer@32fb2516, org.springframework.boot.test.mock.mockito.MockitoContextCustomizer@0, org.springframework.boot.test.web.client.TestRestTemplateContextCustomizer@5e15b86d], contextLoader = 'org.springframework.boot.test.context.SpringBootContextLoader', parent = [null]], attributes = map[[empty]]], class annotated with @DirtiesContext [false] with mode [null], method annotated with @DirtiesContext [true] with mode [AFTER_METHOD].
?[2m2019-02-24 20:13:35.676?[0;39m ?[32mDEBUG?[0;39m ?[35m30201?[0;39m ?[2m---?[0;39m ?[2m[    Test worker]?[0;39m ?[36ms.c.a.AnnotationConfigApplicationContext?[0;39m ?[2m:?[0;39m Closing org.springframework.context.annotation.AnnotationConfigApplicationContext@5af0c250, started on Sun Feb 24 20:13:34 IST 2019
?[2m2019-02-24 20:13:35.677?[0;39m ?[32m INFO?[0;39m ?[35m30201?[0;39m ?[2m---?[0;39m ?[2m[    Test worker]?[0;39m ?[36mj.LocalContainerEntityManagerFactoryBean?[0;39m ?[2m:?[0;39m Closing JPA EntityManagerFactory for persistence unit 'default'
?[2m2019-02-24 20:13:35.678?[0;39m ?[32m INFO?[0;39m ?[35m30201?[0;39m ?[2m---?[0;39m ?[2m[    Test worker]?[0;39m ?[36m.SchemaDropperImpl$DelayedDropActionImpl?[0;39m ?[2m:?[0;39m HHH000477: Starting delayed evictData of schema as part of SessionFactory shut-down'
Hibernate: 
    
    drop table employee if exists
Hibernate: 
    
    drop table health if exists
Hibernate: 
    
    drop table project if exists
Hibernate: 
    
    drop table status if exists
Hibernate: 
    
    drop sequence if exists hibernate_sequence
?[2m2019-02-24 20:13:35.697?[0;39m ?[32mTRACE?[0;39m ?[35m30201?[0;39m ?[2m---?[0;39m ?[2m[    Test worker]?[0;39m ?[36mo.h.type.spi.TypeConfiguration$Scope    ?[0;39m ?[2m:?[0;39m Handling #sessionFactoryClosed from [org.hibernate.internal.SessionFactoryImpl@27d05b2d] for TypeConfiguration
?[2m2019-02-24 20:13:35.698?[0;39m ?[32mDEBUG?[0;39m ?[35m30201?[0;39m ?[2m---?[0;39m ?[2m[    Test worker]?[0;39m ?[36mo.h.type.spi.TypeConfiguration$Scope    ?[0;39m ?[2m:?[0;39m Un-scoping TypeConfiguration [org.hibernate.type.spi.TypeConfiguration$Scope@1f33d16] from SessionFactory [org.hibernate.internal.SessionFactoryImpl@27d05b2d]
?[2m2019-02-24 20:13:35.699?[0;39m ?[32m INFO?[0;39m ?[35m30201?[0;39m ?[2m---?[0;39m ?[2m[    Test worker]?[0;39m ?[36mcom.zaxxer.hikari.HikariDataSource      ?[0;39m ?[2m:?[0;39m HikariPool-2 - Shutdown initiated...
?[2m2019-02-24 20:13:35.705?[0;39m ?[32m INFO?[0;39m ?[35m30201?[0;39m ?[2m---?[0;39m ?[2m[    Test worker]?[0;39m ?[36mcom.zaxxer.hikari.HikariDataSource      ?[0;39m ?[2m:?[0;39m HikariPool-2 - Shutdown completed.
?[2m2019-02-24 20:13:35.706?[0;39m ?[32mDEBUG?[0;39m ?[35m30201?[0;39m ?[2m---?[0;39m ?[2m[    Test worker]?[0;39m ?[36mo.s.test.annotation.ProfileValueUtils   ?[0;39m ?[2m:?[0;39m Retrieved @ProfileValueSourceConfiguration [null] for test class [com.tool.reporting.ProjectServiceTest]
?[2m2019-02-24 20:13:35.706?[0;39m ?[32mDEBUG?[0;39m ?[35m30201?[0;39m ?[2m---?[0;39m ?[2m[    Test worker]?[0;39m ?[36mo.s.test.annotation.ProfileValueUtils   ?[0;39m ?[2m:?[0;39m Retrieved ProfileValueSource type [class org.springframework.test.annotation.SystemProfileValueSource] for class [com.tool.reporting.ProjectServiceTest]
?[2m2019-02-24 20:13:35.707?[0;39m ?[32mDEBUG?[0;39m ?[35m30201?[0;39m ?[2m---?[0;39m ?[2m[    Test worker]?[0;39m ?[36mDependencyInjectionTestExecutionListener?[0;39m ?[2m:?[0;39m Performing dependency injection for test context [[DefaultTestContext@3429216c testClass = ProjectServiceTest, testInstance = com.tool.reporting.ProjectServiceTest@515a21d4, testMethod = [null], testException = [null], mergedContextConfiguration = [MergedContextConfiguration@3e2acc98 testClass = ProjectServiceTest, locations = '{}', classes = '{class com.tool.reporting.SpringCoreApplication, class com.tool.reporting.SpringCoreApplication}', contextInitializerClasses = '[]', activeProfiles = '{}', propertySourceLocations = '{}', propertySourceProperties = '{org.springframework.boot.test.context.SpringBootTestContextBootstrapper=true}', contextCustomizers = set[org.spockframework.spring.mock.SpockContextCustomizer@0, org.springframework.boot.test.autoconfigure.properties.PropertyMappingContextCustomizer@0, org.springframework.boot.test.autoconfigure.web.servlet.WebDriverContextCustomizerFactory$Customizer@f9b5fd8, org.springframework.boot.test.context.filter.ExcludeFilterContextCustomizer@5d4634c4, org.springframework.boot.test.json.DuplicateJsonObjectContextCustomizerFactory$DuplicateJsonObjectContextCustomizer@32fb2516, org.springframework.boot.test.mock.mockito.MockitoContextCustomizer@0, org.springframework.boot.test.web.client.TestRestTemplateContextCustomizer@5e15b86d], contextLoader = 'org.springframework.boot.test.context.SpringBootContextLoader', parent = [null]], attributes = map['org.springframework.test.context.support.DependencyInjectionTestExecutionListener.reinjectDependencies' -> true]]].
?[2m2019-02-24 20:13:35.710?[0;39m ?[32mDEBUG?[0;39m ?[35m30201?[0;39m ?[2m---?[0;39m ?[2m[    Test worker]?[0;39m ?[36mo.s.t.c.support.TestPropertySourceUtils ?[0;39m ?[2m:?[0;39m Adding inlined properties to environment: {spring.jmx.enabled=false, org.springframework.boot.test.context.SpringBootTestContextBootstrapper=true, server.port=-1}
?[2m2019-02-24 20:13:35.766?[0;39m ?[32mDEBUG?[0;39m ?[35m30201?[0;39m ?[2m---?[0;39m ?[2m[    Test worker]?[0;39m ?[36m.c.l.ClasspathLoggingApplicationListener?[0;39m ?[2m:?[0;39m Application started with classpath: [file:/home/icy/.gradle/caches/4.10/workerMain/gradle-worker.jar, file:/home/icy/source/java/spring-projectclass/Status_Reporting_Tool_G1/core/build/classes/java/test/, file:/home/icy/source/java/spring-projectclass/Status_Reporting_Tool_G1/core/build/resources/test, file:/home/icy/source/java/spring-projectclass/Status_Reporting_Tool_G1/core/build/classes/java/main/, file:/home/icy/source/java/spring-projectclass/Status_Reporting_Tool_G1/core/build/resources/main/, file:/home/icy/.gradle/caches/modules-2/files-2.1/cglib/cglib-nodep/3.2.10/1960483f42e8dd0830a1aec0a4a823569698ba34/cglib-nodep-3.2.10.jar, file:/home/icy/.gradle/caches/modules-2/files-2.1/org.springframework.boot/spring-boot-starter-test/2.1.2.RELEASE/578bf9f4d8223ac004dda4a7e742a6cfc93eed0/spring-boot-starter-test-2.1.2.RELEASE.jar, file:/home/icy/.gradle/caches/modules-2/files-2.1/org.springframework.boot/spring-boot-starter-data-jpa/2.1.2.RELEASE/43691a5ea941621098078a86fffaba97481a30ff/spring-boot-starter-data-jpa-2.1.2.RELEASE.jar, file:/home/icy/.gradle/caches/modules-2/files-2.1/org.springframework.boot/spring-boot-starter-aop/2.1.2.RELEASE/d4266d045585b54b0cef23bc725af66793d96c4c/spring-boot-starter-aop-2.1.2.RELEASE.jar, file:/home/icy/.gradle/caches/modules-2/files-2.1/org.springframework.boot/spring-boot-starter-jdbc/2.1.2.RELEASE/7ab23ed460150c83dac09769dd6467b0ac5ee467/spring-boot-starter-jdbc-2.1.2.RELEASE.jar, file:/home/icy/.gradle/caches/modules-2/files-2.1/org.springframework.boot/spring-boot-starter/2.1.2.RELEASE/d2d5f6e546980503ca79e4a2e9f4e31c47c3e32f/spring-boot-starter-2.1.2.RELEASE.jar, file:/home/icy/.gradle/caches/modules-2/files-2.1/com.h2database/h2/1.4.197/bb391050048ca8ae3e32451b5a3714ecd3596a46/h2-1.4.197.jar, file:/home/icy/.gradle/caches/modules-2/files-2.1/org.spockframework/spock-spring/1.2-groovy-2.5/61a10381374df3e489bafb0a10385663cb3e4c31/spock-spring-1.2-groovy-2.5.jar, file:/home/icy/.gradle/caches/modules-2/files-2.1/org.springframework.boot/spring-boot-test-autoconfigure/2.1.2.RELEASE/1c73119a147277181c16d3bf6cb28078a7c30a3b/spring-boot-test-autoconfigure-2.1.2.RELEASE.jar, file:/home/icy/.gradle/caches/modules-2/files-2.1/org.springframework.boot/spring-boot-autoconfigure/2.1.2.RELEASE/5f90ffc7937a051b38fb8322289e3d92831829bf/spring-boot-autoconfigure-2.1.2.RELEASE.jar, file:/home/icy/.gradle/caches/modules-2/files-2.1/org.springframework.boot/spring-boot-test/2.1.2.RELEASE/89b227adbba0d6e9b85a2fde9119ef00428a45e3/spring-boot-test-2.1.2.RELEASE.jar, file:/home/icy/.gradle/caches/modules-2/files-2.1/org.springframework.boot/spring-boot/2.1.2.RELEASE/ea72e00516adf1a97f0e4b023ad55e79686cefac/spring-boot-2.1.2.RELEASE.jar, file:/home/icy/.gradle/caches/modules-2/files-2.1/org.springframework.boot/spring-boot-starter-logging/2.1.2.RELEASE/4179271aa0ef84f0329a674f6fc83cebc75caea8/spring-boot-starter-logging-2.1.2.RELEASE.jar, file:/home/icy/.gradle/caches/modules-2/files-2.1/javax.annotation/javax.annotation-api/1.3.2/934c04d3cfef185a8008e7bf34331b79730a9d43/javax.annotation-api-1.3.2.jar, file:/home/icy/.gradle/caches/modules-2/files-2.1/org.springframework.data/spring-data-jpa/2.1.4.RELEASE/aedc52b1f5acdfe11cb665d0ad3920de8bca480a/spring-data-jpa-2.1.4.RELEASE.jar, file:/home/icy/.gradle/caches/modules-2/files-2.1/org.springframework/spring-test/5.1.4.RELEASE/3ab4d6d6087d2dd7f4a8b3e88b66b3381bd4247c/spring-test-5.1.4.RELEASE.jar, file:/home/icy/.gradle/caches/modules-2/files-2.1/org.springframework/spring-context/5.1.4.RELEASE/2be9e8da66d32fb4eaf29a46bdcdbfe155f1f87a/spring-context-5.1.4.RELEASE.jar, file:/home/icy/.gradle/caches/modules-2/files-2.1/org.springframework/spring-aop/5.1.4.RELEASE/57a8c4ab2ff3233095da24c58c30aa75a7a82069/spring-aop-5.1.4.RELEASE.jar, file:/home/icy/.gradle/caches/modules-2/files-2.1/org.springframework/spring-orm/5.1.4.RELEASE/4724d782a976fb7b0f69dd1e5d027a0d68622260/spring-orm-5.1.4.RELEASE.jar, file:/home/icy/.gradle/caches/modules-2/files-2.1/org.springframework/spring-jdbc/5.1.4.RELEASE/ec21d6c0956b523ed364fa1bb1165009ad426753/spring-jdbc-5.1.4.RELEASE.jar, file:/home/icy/.gradle/caches/modules-2/files-2.1/org.springframework.data/spring-data-commons/2.1.4.RELEASE/144d71cfb0cc330fead0a00969e2ba871a83904b/spring-data-commons-2.1.4.RELEASE.jar, file:/home/icy/.gradle/caches/modules-2/files-2.1/org.springframework/spring-tx/5.1.4.RELEASE/a671702999fd8b5f1798cd3a7dfbbbf5a4705494/spring-tx-5.1.4.RELEASE.jar, file:/home/icy/.gradle/caches/modules-2/files-2.1/org.springframework/spring-beans/5.1.4.RELEASE/507c9391e0b786704929453e7fd3a74cfba46534/spring-beans-5.1.4.RELEASE.jar, file:/home/icy/.gradle/caches/modules-2/files-2.1/org.springframework/spring-expression/5.1.4.RELEASE/1abbfd04a7d472811582bb3780ea4d871442d49c/spring-expression-5.1.4.RELEASE.jar, file:/home/icy/.gradle/caches/modules-2/files-2.1/org.springframework/spring-core/5.1.4.RELEASE/e7d2ad03a50ebff117a6efe2e0e3f15946d0768a/spring-core-5.1.4.RELEASE.jar, file:/home/icy/.gradle/caches/modules-2/files-2.1/org.yaml/snakeyaml/1.23/ec62d74fe50689c28c0ff5b35d3aebcaa8b5be68/snakeyaml-1.23.jar, file:/home/icy/.gradle/caches/modules-2/files-2.1/javax.transaction/javax.transaction-api/1.3/e006adf5cf3cca2181d16bd640ecb80148ec0fce/javax.transaction-api-1.3.jar, file:/home/icy/.gradle/caches/modules-2/files-2.1/javax.xml.bind/jaxb-api/2.3.1/8531ad5ac454cc2deb9d4d32c40c4d7451939b5d/jaxb-api-2.3.1.jar, file:/home/icy/.gradle/caches/modules-2/files-2.1/org.hibernate/hibernate-core/5.3.7.Final/f87c5c1bbfc638309824140e68dfaaeb1bb479f3/hibernate-core-5.3.7.Final.jar, file:/home/icy/.gradle/caches/modules-2/files-2.1/org.springframework/spring-aspects/5.1.4.RELEASE/8d9f441975c7b45f497706c068c022163591d116/spring-aspects-5.1.4.RELEASE.jar, file:/home/icy/.gradle/caches/modules-2/files-2.1/org.spockframework/spock-core/1.2-groovy-2.5/8a7cdbd646c4ac6be8d60c8c7a329bbe77441ea2/spock-core-1.2-groovy-2.5.jar, file:/home/icy/.gradle/caches/modules-2/files-2.1/org.codehaus.groovy/groovy-json/2.5.5/3274bb68861c1ba9cf027ef54a592497555f365/groovy-json-2.5.5.jar, file:/home/icy/.gradle/caches/modules-2/files-2.1/org.codehaus.groovy/groovy-nio/2.5.5/2c74e9fab2f4a1db93242a7357599f97fe0ea0e8/groovy-nio-2.5.5.jar, file:/home/icy/.gradle/caches/modules-2/files-2.1/org.codehaus.groovy/groovy-macro/2.5.5/ee1e459223b450d8f98b5b0efbe974d85a32e4a2/groovy-macro-2.5.5.jar, file:/home/icy/.gradle/caches/modules-2/files-2.1/org.codehaus.groovy/groovy-templates/2.5.5/5a2d80499d600b9cb71e69b520b6f9f2f4359779/groovy-templates-2.5.5.jar, file:/home/icy/.gradle/caches/modules-2/files-2.1/org.codehaus.groovy/groovy-test/2.5.5/f138c13df391c420df6bf8e52e5c8248c61e9cfa/groovy-test-2.5.5.jar, file:/home/icy/.gradle/caches/modules-2/files-2.1/org.codehaus.groovy/groovy-sql/2.5.5/dd869f6e3979d98efc0848df994c178d6645d3dc/groovy-sql-2.5.5.jar, file:/home/icy/.gradle/caches/modules-2/files-2.1/org.codehaus.groovy/groovy-xml/2.5.5/9de098bd721e65d54b11fbf44b28f47016a133fc/groovy-xml-2.5.5.jar, file:/home/icy/.gradle/caches/modules-2/files-2.1/org.codehaus.groovy/groovy/2.5.5/2388f952b369f6b11cde8e15ec872e9ca3e0ff3e/groovy-2.5.5.jar, file:/home/icy/.gradle/caches/modules-2/files-2.1/com.jayway.jsonpath/json-path/2.4.0/765a4401ceb2dc8d40553c2075eb80a8fa35c2ae/json-path-2.4.0.jar, file:/home/icy/.gradle/caches/modules-2/files-2.1/junit/junit/4.12/2973d150c0dc1fefe998f834810d68f278ea58ec/junit-4.12.jar, file:/home/icy/.gradle/caches/modules-2/files-2.1/org.assertj/assertj-core/3.11.1/fdac3217b804d6900fa3650f17b5cb48e620b140/assertj-core-3.11.1.jar, file:/home/icy/.gradle/caches/modules-2/files-2.1/org.mockito/mockito-core/2.23.4/a35b6f8ffcfa786771eac7d7d903429e790fdf3f/mockito-core-2.23.4.jar, file:/home/icy/.gradle/caches/modules-2/files-2.1/org.hamcrest/hamcrest-library/1.3/4785a3c21320980282f9f33d0d1264a69040538f/hamcrest-library-1.3.jar, file:/home/icy/.gradle/caches/modules-2/files-2.1/org.hamcrest/hamcrest-core/1.3/42a25dc3219429f0e5d060061f71acb49bf010a0/hamcrest-core-1.3.jar, file:/home/icy/.gradle/caches/modules-2/files-2.1/org.skyscreamer/jsonassert/1.5.0/6c9d5fe2f59da598d9aefc1cfc6528ff3cf32df3/jsonassert-1.5.0.jar, file:/home/icy/.gradle/caches/modules-2/files-2.1/org.xmlunit/xmlunit-core/2.6.2/b0461888cdd8d3975ea8a57df96520409cadcb6c/xmlunit-core-2.6.2.jar, file:/home/icy/.gradle/caches/modules-2/files-2.1/ch.qos.logback/logback-classic/1.2.3/7c4f3c474fb2c041d8028740440937705ebb473a/logback-classic-1.2.3.jar, file:/home/icy/.gradle/caches/modules-2/files-2.1/org.apache.logging.log4j/log4j-to-slf4j/2.11.1/1097acadf76aa4dd721ec5807566003ae9d975de/log4j-to-slf4j-2.11.1.jar, file:/home/icy/.gradle/caches/modules-2/files-2.1/org.slf4j/jul-to-slf4j/1.7.25/af5364cd6679bfffb114f0dec8a157aaa283b76/jul-to-slf4j-1.7.25.jar, file:/home/icy/.gradle/caches/modules-2/files-2.1/org.springframework/spring-jcl/5.1.4.RELEASE/f5a25caae583905203959abf35fdd1ab7a8f2c37/spring-jcl-5.1.4.RELEASE.jar, file:/home/icy/.gradle/caches/modules-2/files-2.1/org.aspectj/aspectjweaver/1.9.2/d2502817521477faf0712c49a6ee2a5388787fc7/aspectjweaver-1.9.2.jar, file:/home/icy/.gradle/caches/modules-2/files-2.1/com.zaxxer/HikariCP/3.2.0/6c66db1c636ee90beb4c65fe34abd8ba9396bca6/HikariCP-3.2.0.jar, file:/home/icy/.gradle/caches/modules-2/files-2.1/javax.activation/javax.activation-api/1.2.0/85262acf3ca9816f9537ca47d5adeabaead7cb16/javax.activation-api-1.2.0.jar, file:/home/icy/.gradle/caches/modules-2/files-2.1/org.hibernate.common/hibernate-commons-annotations/5.0.4.Final/965a18fdf939ee75e41f7918532d37b3a8350535/hibernate-commons-annotations-5.0.4.Final.jar, file:/home/icy/.gradle/caches/modules-2/files-2.1/org.jboss.logging/jboss-logging/3.3.2.Final/3789d00e859632e6c6206adc0c71625559e6e3b0/jboss-logging-3.3.2.Final.jar, file:/home/icy/.gradle/caches/modules-2/files-2.1/javax.persistence/javax.persistence-api/2.2/25665ac8c0b62f50e6488173233239120fc52c96/javax.persistence-api-2.2.jar, file:/home/icy/.gradle/caches/modules-2/files-2.1/org.javassist/javassist/3.23.1-GA/c072c13dcb7f705471c40bafb1536171df850ab2/javassist-3.23.1-GA.jar, file:/home/icy/.gradle/caches/modules-2/files-2.1/net.bytebuddy/byte-buddy/1.9.7/8fea78fea6449e1738b675cb155ce8422661e237/byte-buddy-1.9.7.jar, file:/home/icy/.gradle/caches/modules-2/files-2.1/antlr/antlr/2.7.7/83cd2cd674a217ade95a4bb83a8a14f351f48bd0/antlr-2.7.7.jar, file:/home/icy/.gradle/caches/modules-2/files-2.1/org.jboss/jandex/2.0.5.Final/7060f67764565b9ee9d467e3ed0cb8a9c601b23a/jandex-2.0.5.Final.jar, file:/home/icy/.gradle/caches/modules-2/files-2.1/com.fasterxml/classmate/1.4.0/291658ac2ce2476256c7115943652c0accb5c857/classmate-1.4.0.jar, file:/home/icy/.gradle/caches/modules-2/files-2.1/org.dom4j/dom4j/2.1.1/3dce5dbb3571aa820c677fadd8349bfa8f00c199/dom4j-2.1.1.jar, file:/home/icy/.gradle/caches/modules-2/files-2.1/org.slf4j/slf4j-api/1.7.25/da76ca59f6a57ee3102f8f9bd9cee742973efa8a/slf4j-api-1.7.25.jar, file:/home/icy/.gradle/caches/modules-2/files-2.1/net.minidev/json-smart/2.3/7396407491352ce4fa30de92efb158adb76b5b/json-smart-2.3.jar, file:/home/icy/.gradle/caches/modules-2/files-2.1/net.bytebuddy/byte-buddy-agent/1.9.7/8e7d1b599f4943851ffea125fd9780e572727fc0/byte-buddy-agent-1.9.7.jar, file:/home/icy/.gradle/caches/modules-2/files-2.1/org.objenesis/objenesis/2.6/639033469776fd37c08358c6b92a4761feb2af4b/objenesis-2.6.jar, file:/home/icy/.gradle/caches/modules-2/files-2.1/com.vaadin.external.google/android-json/0.0.20131108.vaadin1/fa26d351fe62a6a17f5cda1287c1c6110dec413f/android-json-0.0.20131108.vaadin1.jar, file:/home/icy/.gradle/caches/modules-2/files-2.1/ch.qos.logback/logback-core/1.2.3/864344400c3d4d92dfeb0a305dc87d953677c03c/logback-core-1.2.3.jar, file:/home/icy/.gradle/caches/modules-2/files-2.1/org.apache.logging.log4j/log4j-api/2.11.1/268f0fe4df3eefe052b57c87ec48517d64fb2a10/log4j-api-2.11.1.jar, file:/home/icy/.gradle/caches/modules-2/files-2.1/net.minidev/accessors-smart/1.2/c592b500269bfde36096641b01238a8350f8aa31/accessors-smart-1.2.jar, file:/home/icy/.gradle/caches/modules-2/files-2.1/org.ow2.asm/asm/5.0.4/da08b8cce7bbf903602a25a3a163ae252435795/asm-5.0.4.jar]

  .   ____          _            __ _ _
 /\\ / ___'_ __ _ _(_)_ __  __ _ \ \ \ \
( ( )\___ | '_ | '_| | '_ \/ _` | \ \ \ \
 \\/  ___)| |_)| | | | | || (_| |  ) ) ) )
  '  |____| .__|_| |_|_| |_\__, | / / / /
 =========|_|==============|___/=/_/_/_/
?[32m :: Spring Boot :: ?[39m      ?[2m (v2.1.2.RELEASE)?[0;39m

?[2m2019-02-24 20:13:35.779?[0;39m ?[32m INFO?[0;39m ?[35m30201?[0;39m ?[2m---?[0;39m ?[2m[    Test worker]?[0;39m ?[36mcom.tool.reporting.ProjectServiceTest   ?[0;39m ?[2m:?[0;39m Starting ProjectServiceTest on ascension with PID 30201 (started by icy in /home/icy/source/java/spring-projectclass/Status_Reporting_Tool_G1/core)
?[2m2019-02-24 20:13:35.780?[0;39m ?[32m INFO?[0;39m ?[35m30201?[0;39m ?[2m---?[0;39m ?[2m[    Test worker]?[0;39m ?[36mcom.tool.reporting.ProjectServiceTest   ?[0;39m ?[2m:?[0;39m No active profile set, falling back to default profiles: default
?[2m2019-02-24 20:13:35.781?[0;39m ?[32mDEBUG?[0;39m ?[35m30201?[0;39m ?[2m---?[0;39m ?[2m[    Test worker]?[0;39m ?[36mo.s.boot.SpringApplication              ?[0;39m ?[2m:?[0;39m Loading source class com.tool.reporting.SpringCoreApplication
?[2m2019-02-24 20:13:35.783?[0;39m ?[32mDEBUG?[0;39m ?[35m30201?[0;39m ?[2m---?[0;39m ?[2m[    Test worker]?[0;39m ?[36mo.s.b.c.c.ConfigFileApplicationListener ?[0;39m ?[2m:?[0;39m Loaded config file 'file:/home/icy/source/java/spring-projectclass/Status_Reporting_Tool_G1/core/build/resources/main/application.properties' (classpath:/application.properties)
?[2m2019-02-24 20:13:35.783?[0;39m ?[32mDEBUG?[0;39m ?[35m30201?[0;39m ?[2m---?[0;39m ?[2m[    Test worker]?[0;39m ?[36ms.c.a.AnnotationConfigApplicationContext?[0;39m ?[2m:?[0;39m Refreshing org.springframework.context.annotation.AnnotationConfigApplicationContext@4f1cb204
?[2m2019-02-24 20:13:35.785?[0;39m ?[32mDEBUG?[0;39m ?[35m30201?[0;39m ?[2m---?[0;39m ?[2m[    Test worker]?[0;39m ?[36mo.s.b.f.s.DefaultListableBeanFactory    ?[0;39m ?[2m:?[0;39m Creating shared instance of singleton bean 'org.springframework.context.annotation.internalConfigurationAnnotationProcessor'
?[2m2019-02-24 20:13:35.786?[0;39m ?[32mDEBUG?[0;39m ?[35m30201?[0;39m ?[2m---?[0;39m ?[2m[    Test worker]?[0;39m ?[36mo.s.b.f.s.DefaultListableBeanFactory    ?[0;39m ?[2m:?[0;39m Creating shared instance of singleton bean 'org.springframework.boot.autoconfigure.internalCachingMetadataReaderFactory'
?[2m2019-02-24 20:13:35.807?[0;39m ?[32mDEBUG?[0;39m ?[35m30201?[0;39m ?[2m---?[0;39m ?[2m[    Test worker]?[0;39m ?[36mo.s.c.a.ClassPathBeanDefinitionScanner  ?[0;39m ?[2m:?[0;39m Identified candidate component class: file [/home/icy/source/java/spring-projectclass/Status_Reporting_Tool_G1/core/build/classes/java/main/com/tool/reporting/service/ProjectService.class]
?[2m2019-02-24 20:13:35.847?[0;39m ?[32mDEBUG?[0;39m ?[35m30201?[0;39m ?[2m---?[0;39m ?[2m[    Test worker]?[0;39m ?[36mo.s.c.e.PropertySourcesPropertyResolver ?[0;39m ?[2m:?[0;39m Found key 'spring.jmx.enabled' in PropertySource 'configurationProperties' with value of type String
?[2m2019-02-24 20:13:35.885?[0;39m ?[32mDEBUG?[0;39m ?[35m30201?[0;39m ?[2m---?[0;39m ?[2m[    Test worker]?[0;39m ?[36mo.s.c.e.PropertySourcesPropertyResolver ?[0;39m ?[2m:?[0;39m Found key 'spring.jmx.enabled' in PropertySource 'configurationProperties' with value of type String
?[2m2019-02-24 20:13:35.967?[0;39m ?[32mDEBUG?[0;39m ?[35m30201?[0;39m ?[2m---?[0;39m ?[2m[    Test worker]?[0;39m ?[36mo.s.b.f.s.DefaultListableBeanFactory    ?[0;39m ?[2m:?[0;39m Creating shared instance of singleton bean 'org.springframework.boot.autoconfigure.condition.BeanTypeRegistry'
?[2m2019-02-24 20:13:35.987?[0;39m ?[32m INFO?[0;39m ?[35m30201?[0;39m ?[2m---?[0;39m ?[2m[    Test worker]?[0;39m ?[36m.s.d.r.c.RepositoryConfigurationDelegate?[0;39m ?[2m:?[0;39m Bootstrapping Spring Data repositories in DEFAULT mode.
?[2m2019-02-24 20:13:35.988?[0;39m ?[32mDEBUG?[0;39m ?[35m30201?[0;39m ?[2m---?[0;39m ?[2m[    Test worker]?[0;39m ?[36mo.s.b.f.s.DefaultListableBeanFactory    ?[0;39m ?[2m:?[0;39m Creating shared instance of singleton bean 'org.springframework.boot.autoconfigure.AutoConfigurationPackages'
?[2m2019-02-24 20:13:35.988?[0;39m ?[32mDEBUG?[0;39m ?[35m30201?[0;39m ?[2m---?[0;39m ?[2m[    Test worker]?[0;39m ?[36mo.s.b.a.AutoConfigurationPackages       ?[0;39m ?[2m:?[0;39m @EnableAutoConfiguration was declared on a class in the package 'com.tool.reporting'. Automatic @Repository and @Entity scanning is enabled.
?[2m2019-02-24 20:13:35.988?[0;39m ?[32mDEBUG?[0;39m ?[35m30201?[0;39m ?[2m---?[0;39m ?[2m[    Test worker]?[0;39m ?[36m.s.d.r.c.RepositoryConfigurationDelegate?[0;39m ?[2m:?[0;39m Scanning for repositories in packages com.tool.reporting.
?[2m2019-02-24 20:13:35.993?[0;39m ?[32mDEBUG?[0;39m ?[35m30201?[0;39m ?[2m---?[0;39m ?[2m[    Test worker]?[0;39m ?[36mo.s.d.r.c.RepositoryComponentProvider   ?[0;39m ?[2m:?[0;39m Identified candidate component class: file [/home/icy/source/java/spring-projectclass/Status_Reporting_Tool_G1/core/build/classes/java/main/com/tool/reporting/repository/ProjectRepository.class]
?[2m2019-02-24 20:13:35.999?[0;39m ?[32m INFO?[0;39m ?[35m30201?[0;39m ?[2m---?[0;39m ?[2m[    Test worker]?[0;39m ?[36m.s.d.r.c.RepositoryConfigurationDelegate?[0;39m ?[2m:?[0;39m Finished Spring Data repository scanning in 11ms. Found 1 repository interfaces.
?[2m2019-02-24 20:13:36.020?[0;39m ?[32mDEBUG?[0;39m ?[35m30201?[0;39m ?[2m---?[0;39m ?[2m[    Test worker]?[0;39m ?[36mo.s.b.f.s.DefaultListableBeanFactory    ?[0;39m ?[2m:?[0;39m Creating shared instance of singleton bean 'propertySourcesPlaceholderConfigurer'
?[2m2019-02-24 20:13:36.021?[0;39m ?[32mDEBUG?[0;39m ?[35m30201?[0;39m ?[2m---?[0;39m ?[2m[    Test worker]?[0;39m ?[36mo.s.b.f.s.DefaultListableBeanFactory    ?[0;39m ?[2m:?[0;39m Creating shared instance of singleton bean 'org.spockframework.spring.mock.SpockMockPostprocessor'
?[2m2019-02-24 20:13:36.024?[0;39m ?[32mDEBUG?[0;39m ?[35m30201?[0;39m ?[2m---?[0;39m ?[2m[    Test worker]?[0;39m ?[36mo.s.b.f.s.DefaultListableBeanFactory    ?[0;39m ?[2m:?[0;39m Creating shared instance of singleton bean 'org.springframework.boot.test.mock.mockito.MockitoPostProcessor'
?[2m2019-02-24 20:13:36.024?[0;39m ?[32mDEBUG?[0;39m ?[35m30201?[0;39m ?[2m---?[0;39m ?[2m[    Test worker]?[0;39m ?[36mo.s.b.f.s.DefaultListableBeanFactory    ?[0;39m ?[2m:?[0;39m Creating shared instance of singleton bean 'emBeanDefinitionRegistrarPostProcessor'
?[2m2019-02-24 20:13:36.028?[0;39m ?[32mDEBUG?[0;39m ?[35m30201?[0;39m ?[2m---?[0;39m ?[2m[    Test worker]?[0;39m ?[36mo.s.b.f.s.DefaultListableBeanFactory    ?[0;39m ?[2m:?[0;39m Creating shared instance of singleton bean 'org.springframework.context.event.internalEventListenerProcessor'
?[2m2019-02-24 20:13:36.028?[0;39m ?[32mDEBUG?[0;39m ?[35m30201?[0;39m ?[2m---?[0;39m ?[2m[    Test worker]?[0;39m ?[36mo.s.b.f.s.DefaultListableBeanFactory    ?[0;39m ?[2m:?[0;39m Creating shared instance of singleton bean 'org.springframework.boot.context.properties.ConfigurationBeanFactoryMetadata'
?[2m2019-02-24 20:13:36.029?[0;39m ?[32mDEBUG?[0;39m ?[35m30201?[0;39m ?[2m---?[0;39m ?[2m[    Test worker]?[0;39m ?[36mo.s.b.f.s.DefaultListableBeanFactory    ?[0;39m ?[2m:?[0;39m Creating shared instance of singleton bean 'org.springframework.context.event.internalEventListenerFactory'
?[2m2019-02-24 20:13:36.029?[0;39m ?[32mDEBUG?[0;39m ?[35m30201?[0;39m ?[2m---?[0;39m ?[2m[    Test worker]?[0;39m ?[36mo.s.b.f.s.DefaultListableBeanFactory    ?[0;39m ?[2m:?[0;39m Creating shared instance of singleton bean 'org.springframework.transaction.config.internalTransactionalEventListenerFactory'
?[2m2019-02-24 20:13:36.032?[0;39m ?[32mDEBUG?[0;39m ?[35m30201?[0;39m ?[2m---?[0;39m ?[2m[    Test worker]?[0;39m ?[36mo.s.b.f.s.DefaultListableBeanFactory    ?[0;39m ?[2m:?[0;39m Creating shared instance of singleton bean 'org.springframework.context.annotation.internalAutowiredAnnotationProcessor'
?[2m2019-02-24 20:13:36.033?[0;39m ?[32mDEBUG?[0;39m ?[35m30201?[0;39m ?[2m---?[0;39m ?[2m[    Test worker]?[0;39m ?[36mo.s.b.f.s.DefaultListableBeanFactory    ?[0;39m ?[2m:?[0;39m Creating shared instance of singleton bean 'org.springframework.context.annotation.internalCommonAnnotationProcessor'
?[2m2019-02-24 20:13:36.033?[0;39m ?[32mDEBUG?[0;39m ?[35m30201?[0;39m ?[2m---?[0;39m ?[2m[    Test worker]?[0;39m ?[36mo.s.b.f.s.DefaultListableBeanFactory    ?[0;39m ?[2m:?[0;39m Creating shared instance of singleton bean 'org.springframework.context.annotation.internalPersistenceAnnotationProcessor'
?[2m2019-02-24 20:13:36.033?[0;39m ?[32mDEBUG?[0;39m ?[35m30201?[0;39m ?[2m---?[0;39m ?[2m[    Test worker]?[0;39m ?[36mo.s.b.f.s.DefaultListableBeanFactory    ?[0;39m ?[2m:?[0;39m Creating shared instance of singleton bean 'org.spockframework.spring.mock.SpockMockPostprocessor$SpyPostProcessor'
?[2m2019-02-24 20:13:36.034?[0;39m ?[32mDEBUG?[0;39m ?[35m30201?[0;39m ?[2m---?[0;39m ?[2m[    Test worker]?[0;39m ?[36mo.s.b.f.s.DefaultListableBeanFactory    ?[0;39m ?[2m:?[0;39m Creating shared instance of singleton bean 'org.springframework.boot.test.mock.mockito.MockitoPostProcessor$SpyPostProcessor'
?[2m2019-02-24 20:13:36.035?[0;39m ?[32mDEBUG?[0;39m ?[35m30201?[0;39m ?[2m---?[0;39m ?[2m[    Test worker]?[0;39m ?[36mo.s.b.f.s.DefaultListableBeanFactory    ?[0;39m ?[2m:?[0;39m Creating shared instance of singleton bean 'org.springframework.boot.context.properties.ConfigurationPropertiesBindingPostProcessor'
?[2m2019-02-24 20:13:36.036?[0;39m ?[32mDEBUG?[0;39m ?[35m30201?[0;39m ?[2m---?[0;39m ?[2m[    Test worker]?[0;39m ?[36mo.s.b.f.s.DefaultListableBeanFactory    ?[0;39m ?[2m:?[0;39m Creating shared instance of singleton bean 'org.springframework.aop.config.internalAutoProxyCreator'
?[2m2019-02-24 20:13:36.050?[0;39m ?[32mDEBUG?[0;39m ?[35m30201?[0;39m ?[2m---?[0;39m ?[2m[    Test worker]?[0;39m ?[36mo.s.b.f.s.DefaultListableBeanFactory    ?[0;39m ?[2m:?[0;39m Creating shared instance of singleton bean 'dataSourceInitializerPostProcessor'
?[2m2019-02-24 20:13:36.055?[0;39m ?[32mDEBUG?[0;39m ?[35m30201?[0;39m ?[2m---?[0;39m ?[2m[    Test worker]?[0;39m ?[36mo.s.b.f.s.DefaultListableBeanFactory    ?[0;39m ?[2m:?[0;39m Creating shared instance of singleton bean 'persistenceExceptionTranslationPostProcessor'
?[2m2019-02-24 20:13:36.056?[0;39m ?[32mDEBUG?[0;39m ?[35m30201?[0;39m ?[2m---?[0;39m ?[2m[    Test worker]?[0;39m ?[36mo.s.b.f.s.DefaultListableBeanFactory    ?[0;39m ?[2m:?[0;39m Autowiring by type from bean name 'persistenceExceptionTranslationPostProcessor' via factory method to bean named 'environment'
?[2m2019-02-24 20:13:36.067?[0;39m ?[32mDEBUG?[0;39m ?[35m30201?[0;39m ?[2m---?[0;39m ?[2m[    Test worker]?[0;39m ?[36mo.s.b.f.s.DefaultListableBeanFactory    ?[0;39m ?[2m:?[0;39m Creating shared instance of singleton bean 'dataSourceInitializedPublisher'
?[2m2019-02-24 20:13:36.071?[0;39m ?[32mDEBUG?[0;39m ?[35m30201?[0;39m ?[2m---?[0;39m ?[2m[    Test worker]?[0;39m ?[36mo.s.b.f.s.DefaultListableBeanFactory    ?[0;39m ?[2m:?[0;39m Creating shared instance of singleton bean 'entityManagerFactory'
?[2m2019-02-24 20:13:36.072?[0;39m ?[32mDEBUG?[0;39m ?[35m30201?[0;39m ?[2m---?[0;39m ?[2m[    Test worker]?[0;39m ?[36mo.s.b.f.s.DefaultListableBeanFactory    ?[0;39m ?[2m:?[0;39m Creating shared instance of singleton bean 'org.springframework.transaction.config.internalTransactionAdvisor'
?[2m2019-02-24 20:13:36.073?[0;39m ?[32mDEBUG?[0;39m ?[35m30201?[0;39m ?[2m---?[0;39m ?[2m[    Test worker]?[0;39m ?[36mo.s.b.f.s.DefaultListableBeanFactory    ?[0;39m ?[2m:?[0;39m Creating shared instance of singleton bean 'org.springframework.transaction.annotation.ProxyTransactionManagementConfiguration'
?[2m2019-02-24 20:13:36.086?[0;39m ?[32mDEBUG?[0;39m ?[35m30201?[0;39m ?[2m---?[0;39m ?[2m[    Test worker]?[0;39m ?[36mo.s.b.f.s.DefaultListableBeanFactory    ?[0;39m ?[2m:?[0;39m Creating shared instance of singleton bean 'transactionAttributeSource'
?[2m2019-02-24 20:13:36.091?[0;39m ?[32mDEBUG?[0;39m ?[35m30201?[0;39m ?[2m---?[0;39m ?[2m[    Test worker]?[0;39m ?[36mo.s.b.f.s.DefaultListableBeanFactory    ?[0;39m ?[2m:?[0;39m Creating shared instance of singleton bean 'transactionInterceptor'
?[2m2019-02-24 20:13:36.105?[0;39m ?[32mDEBUG?[0;39m ?[35m30201?[0;39m ?[2m---?[0;39m ?[2m[    Test worker]?[0;39m ?[36mo.s.b.f.s.DefaultListableBeanFactory    ?[0;39m ?[2m:?[0;39m Creating shared instance of singleton bean 'org.springframework.boot.autoconfigure.orm.jpa.HibernateJpaConfiguration'
?[2m2019-02-24 20:13:36.106?[0;39m ?[32mDEBUG?[0;39m ?[35m30201?[0;39m ?[2m---?[0;39m ?[2m[    Test worker]?[0;39m ?[36mocalVariableTableParameterNameDiscoverer?[0;39m ?[2m:?[0;39m Cannot find '.class' file for class [class org.springframework.boot.autoconfigure.orm.jpa.HibernateJpaConfiguration$$EnhancerBySpringCGLIB$$14bef337] - unable to determine constructor/method parameter names
?[2m2019-02-24 20:13:36.107?[0;39m ?[32mDEBUG?[0;39m ?[35m30201?[0;39m ?[2m---?[0;39m ?[2m[    Test worker]?[0;39m ?[36mo.s.b.f.s.DefaultListableBeanFactory    ?[0;39m ?[2m:?[0;39m Creating shared instance of singleton bean 'dataSource'
?[2m2019-02-24 20:13:36.108?[0;39m ?[32mDEBUG?[0;39m ?[35m30201?[0;39m ?[2m---?[0;39m ?[2m[    Test worker]?[0;39m ?[36mo.s.b.f.s.DefaultListableBeanFactory    ?[0;39m ?[2m:?[0;39m Creating shared instance of singleton bean 'org.springframework.boot.autoconfigure.jdbc.DataSourceConfiguration$Hikari'
?[2m2019-02-24 20:13:36.111?[0;39m ?[32mDEBUG?[0;39m ?[35m30201?[0;39m ?[2m---?[0;39m ?[2m[    Test worker]?[0;39m ?[36mo.s.b.f.s.DefaultListableBeanFactory    ?[0;39m ?[2m:?[0;39m Creating shared instance of singleton bean 'spring.datasource-org.springframework.boot.autoconfigure.jdbc.DataSourceProperties'
?[2m2019-02-24 20:13:36.120?[0;39m ?[32mDEBUG?[0;39m ?[35m30201?[0;39m ?[2m---?[0;39m ?[2m[    Test worker]?[0;39m ?[36mo.s.b.f.s.DefaultListableBeanFactory    ?[0;39m ?[2m:?[0;39m Autowiring by type from bean name 'dataSource' via factory method to bean named 'spring.datasource-org.springframework.boot.autoconfigure.jdbc.DataSourceProperties'
?[2m2019-02-24 20:13:36.141?[0;39m ?[32mDEBUG?[0;39m ?[35m30201?[0;39m ?[2m---?[0;39m ?[2m[    Test worker]?[0;39m ?[36mo.s.b.f.s.DefaultListableBeanFactory    ?[0;39m ?[2m:?[0;39m Creating shared instance of singleton bean 'org.springframework.boot.autoconfigure.jdbc.DataSourceInitializerInvoker'
?[2m2019-02-24 20:13:36.142?[0;39m ?[32mDEBUG?[0;39m ?[35m30201?[0;39m ?[2m---?[0;39m ?[2m[    Test worker]?[0;39m ?[36mo.s.b.f.s.DefaultListableBeanFactory    ?[0;39m ?[2m:?[0;39m Autowiring by type from bean name 'org.springframework.boot.autoconfigure.jdbc.DataSourceInitializerInvoker' via constructor to bean named 'spring.datasource-org.springframework.boot.autoconfigure.jdbc.DataSourceProperties'
?[2m2019-02-24 20:13:36.143?[0;39m ?[32mDEBUG?[0;39m ?[35m30201?[0;39m ?[2m---?[0;39m ?[2m[    Test worker]?[0;39m ?[36mo.s.b.f.s.DefaultListableBeanFactory    ?[0;39m ?[2m:?[0;39m Autowiring by type from bean name 'org.springframework.boot.autoconfigure.jdbc.DataSourceInitializerInvoker' via constructor to bean named 'org.springframework.context.annotation.AnnotationConfigApplicationContext@4f1cb204'
?[2m2019-02-24 20:13:36.149?[0;39m ?[32mDEBUG?[0;39m ?[35m30201?[0;39m ?[2m---?[0;39m ?[2m[    Test worker]?[0;39m ?[36mo.s.b.f.s.DefaultListableBeanFactory    ?[0;39m ?[2m:?[0;39m Creating shared instance of singleton bean 'spring.jpa-org.springframework.boot.autoconfigure.orm.jpa.JpaProperties'
?[2m2019-02-24 20:13:36.159?[0;39m ?[32mDEBUG?[0;39m ?[35m30201?[0;39m ?[2m---?[0;39m ?[2m[    Test worker]?[0;39m ?[36mo.s.b.f.s.DefaultListableBeanFactory    ?[0;39m ?[2m:?[0;39m Creating shared instance of singleton bean 'spring.jpa.hibernate-org.springframework.boot.autoconfigure.orm.jpa.HibernateProperties'
?[2m2019-02-24 20:13:36.163?[0;39m ?[32mDEBUG?[0;39m ?[35m30201?[0;39m ?[2m---?[0;39m ?[2m[    Test worker]?[0;39m ?[36mo.s.b.f.s.DefaultListableBeanFactory    ?[0;39m ?[2m:?[0;39m Autowiring by type from bean name 'org.springframework.boot.autoconfigure.orm.jpa.HibernateJpaConfiguration' via constructor to bean named 'dataSource'
?[2m2019-02-24 20:13:36.163?[0;39m ?[32mDEBUG?[0;39m ?[35m30201?[0;39m ?[2m---?[0;39m ?[2m[    Test worker]?[0;39m ?[36mo.s.b.f.s.DefaultListableBeanFactory    ?[0;39m ?[2m:?[0;39m Autowiring by type from bean name 'org.springframework.boot.autoconfigure.orm.jpa.HibernateJpaConfiguration' via constructor to bean named 'spring.jpa-org.springframework.boot.autoconfigure.orm.jpa.JpaProperties'
?[2m2019-02-24 20:13:36.163?[0;39m ?[32mDEBUG?[0;39m ?[35m30201?[0;39m ?[2m---?[0;39m ?[2m[    Test worker]?[0;39m ?[36mo.s.b.f.s.DefaultListableBeanFactory    ?[0;39m ?[2m:?[0;39m Autowiring by type from bean name 'org.springframework.boot.autoconfigure.orm.jpa.HibernateJpaConfiguration' via constructor to bean named 'org.springframework.beans.factory.support.DefaultListableBeanFactory@435c6d91'
?[2m2019-02-24 20:13:36.163?[0;39m ?[32mDEBUG?[0;39m ?[35m30201?[0;39m ?[2m---?[0;39m ?[2m[    Test worker]?[0;39m ?[36mo.s.b.f.s.DefaultListableBeanFactory    ?[0;39m ?[2m:?[0;39m Autowiring by type from bean name 'org.springframework.boot.autoconfigure.orm.jpa.HibernateJpaConfiguration' via constructor to bean named 'spring.jpa.hibernate-org.springframework.boot.autoconfigure.orm.jpa.HibernateProperties'
?[2m2019-02-24 20:13:36.164?[0;39m ?[32mDEBUG?[0;39m ?[35m30201?[0;39m ?[2m---?[0;39m ?[2m[    Test worker]?[0;39m ?[36mo.s.b.f.s.DefaultListableBeanFactory    ?[0;39m ?[2m:?[0;39m Creating shared instance of singleton bean 'platformTransactionManagerCustomizers'
?[2m2019-02-24 20:13:36.165?[0;39m ?[32mDEBUG?[0;39m ?[35m30201?[0;39m ?[2m---?[0;39m ?[2m[    Test worker]?[0;39m ?[36mo.s.b.f.s.DefaultListableBeanFactory    ?[0;39m ?[2m:?[0;39m Creating shared instance of singleton bean 'org.springframework.boot.autoconfigure.transaction.TransactionAutoConfiguration'
?[2m2019-02-24 20:13:36.172?[0;39m ?[32mDEBUG?[0;39m ?[35m30201?[0;39m ?[2m---?[0;39m ?[2m[    Test worker]?[0;39m ?[36mo.s.b.f.s.DefaultListableBeanFactory    ?[0;39m ?[2m:?[0;39m Creating shared instance of singleton bean 'spring.transaction-org.springframework.boot.autoconfigure.transaction.TransactionProperties'
?[2m2019-02-24 20:13:36.181?[0;39m ?[32mDEBUG?[0;39m ?[35m30201?[0;39m ?[2m---?[0;39m ?[2m[    Test worker]?[0;39m ?[36mo.s.b.f.s.DefaultListableBeanFactory    ?[0;39m ?[2m:?[0;39m Creating shared instance of singleton bean 'hikariPoolDataSourceMetadataProvider'
?[2m2019-02-24 20:13:36.181?[0;39m ?[32mDEBUG?[0;39m ?[35m30201?[0;39m ?[2m---?[0;39m ?[2m[    Test worker]?[0;39m ?[36mo.s.b.f.s.DefaultListableBeanFactory    ?[0;39m ?[2m:?[0;39m Creating shared instance of singleton bean 'org.springframework.boot.autoconfigure.jdbc.metadata.DataSourcePoolMetadataProvidersConfiguration$HikariPoolDataSourceMetadataProviderConfiguration'
?[2m2019-02-24 20:13:36.200?[0;39m ?[32mDEBUG?[0;39m ?[35m30201?[0;39m ?[2m---?[0;39m ?[2m[    Test worker]?[0;39m ?[36mo.s.b.f.s.DefaultListableBeanFactory    ?[0;39m ?[2m:?[0;39m Creating shared instance of singleton bean 'entityManagerFactoryBuilder'
?[2m2019-02-24 20:13:36.202?[0;39m ?[32mDEBUG?[0;39m ?[35m30201?[0;39m ?[2m---?[0;39m ?[2m[    Test worker]?[0;39m ?[36mo.s.b.f.s.DefaultListableBeanFactory    ?[0;39m ?[2m:?[0;39m Creating shared instance of singleton bean 'jpaVendorAdapter'
?[2m2019-02-24 20:13:36.206?[0;39m ?[32mDEBUG?[0;39m ?[35m30201?[0;39m ?[2m---?[0;39m ?[2m[    Test worker]?[0;39m ?[36mo.s.jdbc.datasource.DataSourceUtils     ?[0;39m ?[2m:?[0;39m Fetching JDBC Connection from DataSource
?[2m2019-02-24 20:13:36.206?[0;39m ?[32m INFO?[0;39m ?[35m30201?[0;39m ?[2m---?[0;39m ?[2m[    Test worker]?[0;39m ?[36mcom.zaxxer.hikari.HikariDataSource      ?[0;39m ?[2m:?[0;39m HikariPool-3 - Starting...
?[2m2019-02-24 20:13:36.208?[0;39m ?[32m INFO?[0;39m ?[35m30201?[0;39m ?[2m---?[0;39m ?[2m[    Test worker]?[0;39m ?[36mcom.zaxxer.hikari.HikariDataSource      ?[0;39m ?[2m:?[0;39m HikariPool-3 - Start completed.
?[2m2019-02-24 20:13:36.213?[0;39m ?[32mDEBUG?[0;39m ?[35m30201?[0;39m ?[2m---?[0;39m ?[2m[    Test worker]?[0;39m ?[36mo.s.b.f.s.DefaultListableBeanFactory    ?[0;39m ?[2m:?[0;39m Autowiring by type from bean name 'entityManagerFactoryBuilder' via factory method to bean named 'jpaVendorAdapter'
?[2m2019-02-24 20:13:36.217?[0;39m ?[32mDEBUG?[0;39m ?[35m30201?[0;39m ?[2m---?[0;39m ?[2m[    Test worker]?[0;39m ?[36mo.s.b.f.s.DefaultListableBeanFactory    ?[0;39m ?[2m:?[0;39m Autowiring by type from bean name 'entityManagerFactory' via factory method to bean named 'entityManagerFactoryBuilder'
?[2m2019-02-24 20:13:36.218?[0;39m ?[32mDEBUG?[0;39m ?[35m30201?[0;39m ?[2m---?[0;39m ?[2m[    Test worker]?[0;39m ?[36mo.s.jdbc.datasource.DataSourceUtils     ?[0;39m ?[2m:?[0;39m Fetching JDBC Connection from DataSource
?[2m2019-02-24 20:13:36.239?[0;39m ?[32mDEBUG?[0;39m ?[35m30201?[0;39m ?[2m---?[0;39m ?[2m[    Test worker]?[0;39m ?[36mj.LocalContainerEntityManagerFactoryBean?[0;39m ?[2m:?[0;39m Building JPA container EntityManagerFactory for persistence unit 'default'
?[2m2019-02-24 20:13:36.240?[0;39m ?[32m INFO?[0;39m ?[35m30201?[0;39m ?[2m---?[0;39m ?[2m[    Test worker]?[0;39m ?[36mo.hibernate.jpa.internal.util.LogHelper ?[0;39m ?[2m:?[0;39m HHH000204: Processing PersistenceUnitInfo [
	name: default
	...]
?[2m2019-02-24 20:13:36.244?[0;39m ?[32mDEBUG?[0;39m ?[35m30201?[0;39m ?[2m---?[0;39m ?[2m[    Test worker]?[0;39m ?[36morg.hibernate.type.BasicTypeRegistry    ?[0;39m ?[2m:?[0;39m Adding type registration boolean -> org.hibernate.type.BooleanType@58e25f08
?[2m2019-02-24 20:13:36.244?[0;39m ?[32mDEBUG?[0;39m ?[35m30201?[0;39m ?[2m---?[0;39m ?[2m[    Test worker]?[0;39m ?[36morg.hibernate.type.BasicTypeRegistry    ?[0;39m ?[2m:?[0;39m Adding type registration boolean -> org.hibernate.type.BooleanType@58e25f08
?[2m2019-02-24 20:13:36.244?[0;39m ?[32mDEBUG?[0;39m ?[35m30201?[0;39m ?[2m---?[0;39m ?[2m[    Test worker]?[0;39m ?[36morg.hibernate.type.BasicTypeRegistry    ?[0;39m ?[2m:?[0;39m Adding type registration java.lang.Boolean -> org.hibernate.type.BooleanType@58e25f08
?[2m2019-02-24 20:13:36.245?[0;39m ?[32mDEBUG?[0;39m ?[35m30201?[0;39m ?[2m---?[0;39m ?[2m[    Test worker]?[0;39m ?[36morg.hibernate.type.BasicTypeRegistry    ?[0;39m ?[2m:?[0;39m Adding type registration numeric_boolean -> org.hibernate.type.NumericBooleanType@2ea815f
?[2m2019-02-24 20:13:36.245?[0;39m ?[32mDEBUG?[0;39m ?[35m30201?[0;39m ?[2m---?[0;39m ?[2m[    Test worker]?[0;39m ?[36morg.hibernate.type.BasicTypeRegistry    ?[0;39m ?[2m:?[0;39m Adding type registration true_false -> org.hibernate.type.TrueFalseType@182ba16d
?[2m2019-02-24 20:13:36.245?[0;39m ?[32mDEBUG?[0;39m ?[35m30201?[0;39m ?[2m---?[0;39m ?[2m[    Test worker]?[0;39m ?[36morg.hibernate.type.BasicTypeRegistry    ?[0;39m ?[2m:?[0;39m Adding type registration yes_no -> org.hibernate.type.YesNoType@4adb8fea
?[2m2019-02-24 20:13:36.245?[0;39m ?[32mDEBUG?[0;39m ?[35m30201?[0;39m ?[2m---?[0;39m ?[2m[    Test worker]?[0;39m ?[36morg.hibernate.type.BasicTypeRegistry    ?[0;39m ?[2m:?[0;39m Adding type registration byte -> org.hibernate.type.ByteType@4ce605dd
?[2m2019-02-24 20:13:36.245?[0;39m ?[32mDEBUG?[0;39m ?[35m30201?[0;39m ?[2m---?[0;39m ?[2m[    Test worker]?[0;39m ?[36morg.hibernate.type.BasicTypeRegistry    ?[0;39m ?[2m:?[0;39m Adding type registration byte -> org.hibernate.type.ByteType@4ce605dd
?[2m2019-02-24 20:13:36.245?[0;39m ?[32mDEBUG?[0;39m ?[35m30201?[0;39m ?[2m---?[0;39m ?[2m[    Test worker]?[0;39m ?[36morg.hibernate.type.BasicTypeRegistry    ?[0;39m ?[2m:?[0;39m Adding type registration java.lang.Byte -> org.hibernate.type.ByteType@4ce605dd
?[2m2019-02-24 20:13:36.245?[0;39m ?[32mDEBUG?[0;39m ?[35m30201?[0;39m ?[2m---?[0;39m ?[2m[    Test worker]?[0;39m ?[36morg.hibernate.type.BasicTypeRegistry    ?[0;39m ?[2m:?[0;39m Adding type registration character -> org.hibernate.type.CharacterType@799429b4
?[2m2019-02-24 20:13:36.245?[0;39m ?[32mDEBUG?[0;39m ?[35m30201?[0;39m ?[2m---?[0;39m ?[2m[    Test worker]?[0;39m ?[36morg.hibernate.type.BasicTypeRegistry    ?[0;39m ?[2m:?[0;39m Adding type registration char -> org.hibernate.type.CharacterType@799429b4
?[2m2019-02-24 20:13:36.245?[0;39m ?[32mDEBUG?[0;39m ?[35m30201?[0;39m ?[2m---?[0;39m ?[2m[    Test worker]?[0;39m ?[36morg.hibernate.type.BasicTypeRegistry    ?[0;39m ?[2m:?[0;39m Adding type registration java.lang.Character -> org.hibernate.type.CharacterType@799429b4
?[2m2019-02-24 20:13:36.246?[0;39m ?[32mDEBUG?[0;39m ?[35m30201?[0;39m ?[2m---?[0;39m ?[2m[    Test worker]?[0;39m ?[36morg.hibernate.type.BasicTypeRegistry    ?[0;39m ?[2m:?[0;39m Adding type registration short -> org.hibernate.type.ShortType@6983df1f
?[2m2019-02-24 20:13:36.246?[0;39m ?[32mDEBUG?[0;39m ?[35m30201?[0;39m ?[2m---?[0;39m ?[2m[    Test worker]?[0;39m ?[36morg.hibernate.type.BasicTypeRegistry    ?[0;39m ?[2m:?[0;39m Adding type registration short -> org.hibernate.type.ShortType@6983df1f
?[2m2019-02-24 20:13:36.246?[0;39m ?[32mDEBUG?[0;39m ?[35m30201?[0;39m ?[2m---?[0;39m ?[2m[    Test worker]?[0;39m ?[36morg.hibernate.type.BasicTypeRegistry    ?[0;39m ?[2m:?[0;39m Adding type registration java.lang.Short -> org.hibernate.type.ShortType@6983df1f
?[2m2019-02-24 20:13:36.246?[0;39m ?[32mDEBUG?[0;39m ?[35m30201?[0;39m ?[2m---?[0;39m ?[2m[    Test worker]?[0;39m ?[36morg.hibernate.type.BasicTypeRegistry    ?[0;39m ?[2m:?[0;39m Adding type registration integer -> org.hibernate.type.IntegerType@d9eb4d8
?[2m2019-02-24 20:13:36.246?[0;39m ?[32mDEBUG?[0;39m ?[35m30201?[0;39m ?[2m---?[0;39m ?[2m[    Test worker]?[0;39m ?[36morg.hibernate.type.BasicTypeRegistry    ?[0;39m ?[2m:?[0;39m Adding type registration int -> org.hibernate.type.IntegerType@d9eb4d8
?[2m2019-02-24 20:13:36.246?[0;39m ?[32mDEBUG?[0;39m ?[35m30201?[0;39m ?[2m---?[0;39m ?[2m[    Test worker]?[0;39m ?[36morg.hibernate.type.BasicTypeRegistry    ?[0;39m ?[2m:?[0;39m Adding type registration java.lang.Integer -> org.hibernate.type.IntegerType@d9eb4d8
?[2m2019-02-24 20:13:36.246?[0;39m ?[32mDEBUG?[0;39m ?[35m30201?[0;39m ?[2m---?[0;39m ?[2m[    Test worker]?[0;39m ?[36morg.hibernate.type.BasicTypeRegistry    ?[0;39m ?[2m:?[0;39m Adding type registration long -> org.hibernate.type.LongType@4abfc978
?[2m2019-02-24 20:13:36.246?[0;39m ?[32mDEBUG?[0;39m ?[35m30201?[0;39m ?[2m---?[0;39m ?[2m[    Test worker]?[0;39m ?[36morg.hibernate.type.BasicTypeRegistry    ?[0;39m ?[2m:?[0;39m Adding type registration long -> org.hibernate.type.LongType@4abfc978
?[2m2019-02-24 20:13:36.246?[0;39m ?[32mDEBUG?[0;39m ?[35m30201?[0;39m ?[2m---?[0;39m ?[2m[    Test worker]?[0;39m ?[36morg.hibernate.type.BasicTypeRegistry    ?[0;39m ?[2m:?[0;39m Adding type registration java.lang.Long -> org.hibernate.type.LongType@4abfc978
?[2m2019-02-24 20:13:36.247?[0;39m ?[32mDEBUG?[0;39m ?[35m30201?[0;39m ?[2m---?[0;39m ?[2m[    Test worker]?[0;39m ?[36morg.hibernate.type.BasicTypeRegistry    ?[0;39m ?[2m:?[0;39m Adding type registration float -> org.hibernate.type.FloatType@340a3cb6
?[2m2019-02-24 20:13:36.247?[0;39m ?[32mDEBUG?[0;39m ?[35m30201?[0;39m ?[2m---?[0;39m ?[2m[    Test worker]?[0;39m ?[36morg.hibernate.type.BasicTypeRegistry    ?[0;39m ?[2m:?[0;39m Adding type registration float -> org.hibernate.type.FloatType@340a3cb6
?[2m2019-02-24 20:13:36.247?[0;39m ?[32mDEBUG?[0;39m ?[35m30201?[0;39m ?[2m---?[0;39m ?[2m[    Test worker]?[0;39m ?[36morg.hibernate.type.BasicTypeRegistry    ?[0;39m ?[2m:?[0;39m Adding type registration java.lang.Float -> org.hibernate.type.FloatType@340a3cb6
?[2m2019-02-24 20:13:36.247?[0;39m ?[32mDEBUG?[0;39m ?[35m30201?[0;39m ?[2m---?[0;39m ?[2m[    Test worker]?[0;39m ?[36morg.hibernate.type.BasicTypeRegistry    ?[0;39m ?[2m:?[0;39m Adding type registration double -> org.hibernate.type.DoubleType@2c1ac506
?[2m2019-02-24 20:13:36.247?[0;39m ?[32mDEBUG?[0;39m ?[35m30201?[0;39m ?[2m---?[0;39m ?[2m[    Test worker]?[0;39m ?[36morg.hibernate.type.BasicTypeRegistry    ?[0;39m ?[2m:?[0;39m Adding type registration double -> org.hibernate.type.DoubleType@2c1ac506
?[2m2019-02-24 20:13:36.247?[0;39m ?[32mDEBUG?[0;39m ?[35m30201?[0;39m ?[2m---?[0;39m ?[2m[    Test worker]?[0;39m ?[36morg.hibernate.type.BasicTypeRegistry    ?[0;39m ?[2m:?[0;39m Adding type registration java.lang.Double -> org.hibernate.type.DoubleType@2c1ac506
?[2m2019-02-24 20:13:36.247?[0;39m ?[32mDEBUG?[0;39m ?[35m30201?[0;39m ?[2m---?[0;39m ?[2m[    Test worker]?[0;39m ?[36morg.hibernate.type.BasicTypeRegistry    ?[0;39m ?[2m:?[0;39m Adding type registration big_decimal -> org.hibernate.type.BigDecimalType@6c1a7f16
?[2m2019-02-24 20:13:36.247?[0;39m ?[32mDEBUG?[0;39m ?[35m30201?[0;39m ?[2m---?[0;39m ?[2m[    Test worker]?[0;39m ?[36morg.hibernate.type.BasicTypeRegistry    ?[0;39m ?[2m:?[0;39m Adding type registration java.math.BigDecimal -> org.hibernate.type.BigDecimalType@6c1a7f16
?[2m2019-02-24 20:13:36.247?[0;39m ?[32mDEBUG?[0;39m ?[35m30201?[0;39m ?[2m---?[0;39m ?[2m[    Test worker]?[0;39m ?[36morg.hibernate.type.BasicTypeRegistry    ?[0;39m ?[2m:?[0;39m Adding type registration big_integer -> org.hibernate.type.BigIntegerType@2c4bfc52
?[2m2019-02-24 20:13:36.248?[0;39m ?[32mDEBUG?[0;39m ?[35m30201?[0;39m ?[2m---?[0;39m ?[2m[    Test worker]?[0;39m ?[36morg.hibernate.type.BasicTypeRegistry    ?[0;39m ?[2m:?[0;39m Adding type registration java.math.BigInteger -> org.hibernate.type.BigIntegerType@2c4bfc52
?[2m2019-02-24 20:13:36.248?[0;39m ?[32mDEBUG?[0;39m ?[35m30201?[0;39m ?[2m---?[0;39m ?[2m[    Test worker]?[0;39m ?[36morg.hibernate.type.BasicTypeRegistry    ?[0;39m ?[2m:?[0;39m Adding type registration string -> org.hibernate.type.StringType@7d37877d
?[2m2019-02-24 20:13:36.248?[0;39m ?[32mDEBUG?[0;39m ?[35m30201?[0;39m ?[2m---?[0;39m ?[2m[    Test worker]?[0;39m ?[36morg.hibernate.type.BasicTypeRegistry    ?[0;39m ?[2m:?[0;39m Adding type registration java.lang.String -> org.hibernate.type.StringType@7d37877d
?[2m2019-02-24 20:13:36.248?[0;39m ?[32mDEBUG?[0;39m ?[35m30201?[0;39m ?[2m---?[0;39m ?[2m[    Test worker]?[0;39m ?[36morg.hibernate.type.BasicTypeRegistry    ?[0;39m ?[2m:?[0;39m Adding type registration nstring -> org.hibernate.type.StringNVarcharType@1220338c
?[2m2019-02-24 20:13:36.248?[0;39m ?[32mDEBUG?[0;39m ?[35m30201?[0;39m ?[2m---?[0;39m ?[2m[    Test worker]?[0;39m ?[36morg.hibernate.type.BasicTypeRegistry    ?[0;39m ?[2m:?[0;39m Adding type registration ncharacter -> org.hibernate.type.CharacterNCharType@5c5904d8
?[2m2019-02-24 20:13:36.248?[0;39m ?[32mDEBUG?[0;39m ?[35m30201?[0;39m ?[2m---?[0;39m ?[2m[    Test worker]?[0;39m ?[36morg.hibernate.type.BasicTypeRegistry    ?[0;39m ?[2m:?[0;39m Adding type registration url -> org.hibernate.type.UrlType@3ba61537
?[2m2019-02-24 20:13:36.248?[0;39m ?[32mDEBUG?[0;39m ?[35m30201?[0;39m ?[2m---?[0;39m ?[2m[    Test worker]?[0;39m ?[36morg.hibernate.type.BasicTypeRegistry    ?[0;39m ?[2m:?[0;39m Adding type registration java.net.URL -> org.hibernate.type.UrlType@3ba61537
?[2m2019-02-24 20:13:36.248?[0;39m ?[32mDEBUG?[0;39m ?[35m30201?[0;39m ?[2m---?[0;39m ?[2m[    Test worker]?[0;39m ?[36morg.hibernate.type.BasicTypeRegistry    ?[0;39m ?[2m:?[0;39m Adding type registration Duration -> org.hibernate.type.DurationType@69d66f9b
?[2m2019-02-24 20:13:36.248?[0;39m ?[32mDEBUG?[0;39m ?[35m30201?[0;39m ?[2m---?[0;39m ?[2m[    Test worker]?[0;39m ?[36morg.hibernate.type.BasicTypeRegistry    ?[0;39m ?[2m:?[0;39m Adding type registration java.time.Duration -> org.hibernate.type.DurationType@69d66f9b
?[2m2019-02-24 20:13:36.249?[0;39m ?[32mDEBUG?[0;39m ?[35m30201?[0;39m ?[2m---?[0;39m ?[2m[    Test worker]?[0;39m ?[36morg.hibernate.type.BasicTypeRegistry    ?[0;39m ?[2m:?[0;39m Adding type registration Instant -> org.hibernate.type.InstantType@9b7d016
?[2m2019-02-24 20:13:36.249?[0;39m ?[32mDEBUG?[0;39m ?[35m30201?[0;39m ?[2m---?[0;39m ?[2m[    Test worker]?[0;39m ?[36morg.hibernate.type.BasicTypeRegistry    ?[0;39m ?[2m:?[0;39m Adding type registration java.time.Instant -> org.hibernate.type.InstantType@9b7d016
?[2m2019-02-24 20:13:36.249?[0;39m ?[32mDEBUG?[0;39m ?[35m30201?[0;39m ?[2m---?[0;39m ?[2m[    Test worker]?[0;39m ?[36morg.hibernate.type.BasicTypeRegistry    ?[0;39m ?[2m:?[0;39m Adding type registration LocalDateTime -> org.hibernate.type.LocalDateTimeType@5a4be32c
?[2m2019-02-24 20:13:36.249?[0;39m ?[32mDEBUG?[0;39m ?[35m30201?[0;39m ?[2m---?[0;39m ?[2m[    Test worker]?[0;39m ?[36morg.hibernate.type.BasicTypeRegistry    ?[0;39m ?[2m:?[0;39m Adding type registration java.time.LocalDateTime -> org.hibernate.type.LocalDateTimeType@5a4be32c
?[2m2019-02-24 20:13:36.249?[0;39m ?[32mDEBUG?[0;39m ?[35m30201?[0;39m ?[2m---?[0;39m ?[2m[    Test worker]?[0;39m ?[36morg.hibernate.type.BasicTypeRegistry    ?[0;39m ?[2m:?[0;39m Adding type registration LocalDate -> org.hibernate.type.LocalDateType@6f99e0d6
?[2m2019-02-24 20:13:36.249?[0;39m ?[32mDEBUG?[0;39m ?[35m30201?[0;39m ?[2m---?[0;39m ?[2m[    Test worker]?[0;39m ?[36morg.hibernate.type.BasicTypeRegistry    ?[0;39m ?[2m:?[0;39m Adding type registration java.time.LocalDate -> org.hibernate.type.LocalDateType@6f99e0d6
?[2m2019-02-24 20:13:36.249?[0;39m ?[32mDEBUG?[0;39m ?[35m30201?[0;39m ?[2m---?[0;39m ?[2m[    Test worker]?[0;39m ?[36morg.hibernate.type.BasicTypeRegistry    ?[0;39m ?[2m:?[0;39m Adding type registration LocalTime -> org.hibernate.type.LocalTimeType@40efb0d9
?[2m2019-02-24 20:13:36.249?[0;39m ?[32mDEBUG?[0;39m ?[35m30201?[0;39m ?[2m---?[0;39m ?[2m[    Test worker]?[0;39m ?[36morg.hibernate.type.BasicTypeRegistry    ?[0;39m ?[2m:?[0;39m Adding type registration java.time.LocalTime -> org.hibernate.type.LocalTimeType@40efb0d9
?[2m2019-02-24 20:13:36.250?[0;39m ?[32mDEBUG?[0;39m ?[35m30201?[0;39m ?[2m---?[0;39m ?[2m[    Test worker]?[0;39m ?[36morg.hibernate.type.BasicTypeRegistry    ?[0;39m ?[2m:?[0;39m Adding type registration OffsetDateTime -> org.hibernate.type.OffsetDateTimeType@7ee5270e
?[2m2019-02-24 20:13:36.250?[0;39m ?[32mDEBUG?[0;39m ?[35m30201?[0;39m ?[2m---?[0;39m ?[2m[    Test worker]?[0;39m ?[36morg.hibernate.type.BasicTypeRegistry    ?[0;39m ?[2m:?[0;39m Adding type registration java.time.OffsetDateTime -> org.hibernate.type.OffsetDateTimeType@7ee5270e
?[2m2019-02-24 20:13:36.250?[0;39m ?[32mDEBUG?[0;39m ?[35m30201?[0;39m ?[2m---?[0;39m ?[2m[    Test worker]?[0;39m ?[36morg.hibernate.type.BasicTypeRegistry    ?[0;39m ?[2m:?[0;39m Adding type registration OffsetTime -> org.hibernate.type.OffsetTimeType@21e83755
?[2m2019-02-24 20:13:36.250?[0;39m ?[32mDEBUG?[0;39m ?[35m30201?[0;39m ?[2m---?[0;39m ?[2m[    Test worker]?[0;39m ?[36morg.hibernate.type.BasicTypeRegistry    ?[0;39m ?[2m:?[0;39m Adding type registration java.time.OffsetTime -> org.hibernate.type.OffsetTimeType@21e83755
?[2m2019-02-24 20:13:36.250?[0;39m ?[32mDEBUG?[0;39m ?[35m30201?[0;39m ?[2m---?[0;39m ?[2m[    Test worker]?[0;39m ?[36morg.hibernate.type.BasicTypeRegistry    ?[0;39m ?[2m:?[0;39m Adding type registration ZonedDateTime -> org.hibernate.type.ZonedDateTimeType@2ea941eb
?[2m2019-02-24 20:13:36.250?[0;39m ?[32mDEBUG?[0;39m ?[35m30201?[0;39m ?[2m---?[0;39m ?[2m[    Test worker]?[0;39m ?[36morg.hibernate.type.BasicTypeRegistry    ?[0;39m ?[2m:?[0;39m Adding type registration java.time.ZonedDateTime -> org.hibernate.type.ZonedDateTimeType@2ea941eb
?[2m2019-02-24 20:13:36.250?[0;39m ?[32mDEBUG?[0;39m ?[35m30201?[0;39m ?[2m---?[0;39m ?[2m[    Test worker]?[0;39m ?[36morg.hibernate.type.BasicTypeRegistry    ?[0;39m ?[2m:?[0;39m Adding type registration date -> org.hibernate.type.DateType@607ba6a9
?[2m2019-02-24 20:13:36.250?[0;39m ?[32mDEBUG?[0;39m ?[35m30201?[0;39m ?[2m---?[0;39m ?[2m[    Test worker]?[0;39m ?[36morg.hibernate.type.BasicTypeRegistry    ?[0;39m ?[2m:?[0;39m Adding type registration java.sql.Date -> org.hibernate.type.DateType@607ba6a9
?[2m2019-02-24 20:13:36.250?[0;39m ?[32mDEBUG?[0;39m ?[35m30201?[0;39m ?[2m---?[0;39m ?[2m[    Test worker]?[0;39m ?[36morg.hibernate.type.BasicTypeRegistry    ?[0;39m ?[2m:?[0;39m Adding type registration time -> org.hibernate.type.TimeType@a5bd6c6
?[2m2019-02-24 20:13:36.251?[0;39m ?[32mDEBUG?[0;39m ?[35m30201?[0;39m ?[2m---?[0;39m ?[2m[    Test worker]?[0;39m ?[36morg.hibernate.type.BasicTypeRegistry    ?[0;39m ?[2m:?[0;39m Adding type registration java.sql.Time -> org.hibernate.type.TimeType@a5bd6c6
?[2m2019-02-24 20:13:36.251?[0;39m ?[32mDEBUG?[0;39m ?[35m30201?[0;39m ?[2m---?[0;39m ?[2m[    Test worker]?[0;39m ?[36morg.hibernate.type.BasicTypeRegistry    ?[0;39m ?[2m:?[0;39m Adding type registration timestamp -> org.hibernate.type.TimestampType@733d37e8
?[2m2019-02-24 20:13:36.267?[0;39m ?[32mDEBUG?[0;39m ?[35m30201?[0;39m ?[2m---?[0;39m ?[2m[    Test worker]?[0;39m ?[36morg.hibernate.type.BasicTypeRegistry    ?[0;39m ?[2m:?[0;39m Adding type registration java.sql.Timestamp -> org.hibernate.type.TimestampType@733d37e8
?[2m2019-02-24 20:13:36.267?[0;39m ?[32mDEBUG?[0;39m ?[35m30201?[0;39m ?[2m---?[0;39m ?[2m[    Test worker]?[0;39m ?[36morg.hibernate.type.BasicTypeRegistry    ?[0;39m ?[2m:?[0;39m Adding type registration java.util.Date -> org.hibernate.type.TimestampType@733d37e8
?[2m2019-02-24 20:13:36.267?[0;39m ?[32mDEBUG?[0;39m ?[35m30201?[0;39m ?[2m---?[0;39m ?[2m[    Test worker]?[0;39m ?[36morg.hibernate.type.BasicTypeRegistry    ?[0;39m ?[2m:?[0;39m Adding type registration dbtimestamp -> org.hibernate.type.DbTimestampType@553a0276
?[2m2019-02-24 20:13:36.268?[0;39m ?[32mDEBUG?[0;39m ?[35m30201?[0;39m ?[2m---?[0;39m ?[2m[    Test worker]?[0;39m ?[36morg.hibernate.type.BasicTypeRegistry    ?[0;39m ?[2m:?[0;39m Adding type registration calendar -> org.hibernate.type.CalendarType@698e8faf
?[2m2019-02-24 20:13:36.268?[0;39m ?[32mDEBUG?[0;39m ?[35m30201?[0;39m ?[2m---?[0;39m ?[2m[    Test worker]?[0;39m ?[36morg.hibernate.type.BasicTypeRegistry    ?[0;39m ?[2m:?[0;39m Adding type registration java.util.Calendar -> org.hibernate.type.CalendarType@698e8faf
?[2m2019-02-24 20:13:36.268?[0;39m ?[32mDEBUG?[0;39m ?[35m30201?[0;39m ?[2m---?[0;39m ?[2m[    Test worker]?[0;39m ?[36morg.hibernate.type.BasicTypeRegistry    ?[0;39m ?[2m:?[0;39m Adding type registration java.util.GregorianCalendar -> org.hibernate.type.CalendarType@698e8faf
?[2m2019-02-24 20:13:36.268?[0;39m ?[32mDEBUG?[0;39m ?[35m30201?[0;39m ?[2m---?[0;39m ?[2m[    Test worker]?[0;39m ?[36morg.hibernate.type.BasicTypeRegistry    ?[0;39m ?[2m:?[0;39m Adding type registration calendar_date -> org.hibernate.type.CalendarDateType@2e464a6
?[2m2019-02-24 20:13:36.268?[0;39m ?[32mDEBUG?[0;39m ?[35m30201?[0;39m ?[2m---?[0;39m ?[2m[    Test worker]?[0;39m ?[36morg.hibernate.type.BasicTypeRegistry    ?[0;39m ?[2m:?[0;39m Adding type registration locale -> org.hibernate.type.LocaleType@10a90cc1
?[2m2019-02-24 20:13:36.268?[0;39m ?[32mDEBUG?[0;39m ?[35m30201?[0;39m ?[2m---?[0;39m ?[2m[    Test worker]?[0;39m ?[36morg.hibernate.type.BasicTypeRegistry    ?[0;39m ?[2m:?[0;39m Adding type registration java.util.Locale -> org.hibernate.type.LocaleType@10a90cc1
?[2m2019-02-24 20:13:36.268?[0;39m ?[32mDEBUG?[0;39m ?[35m30201?[0;39m ?[2m---?[0;39m ?[2m[    Test worker]?[0;39m ?[36morg.hibernate.type.BasicTypeRegistry    ?[0;39m ?[2m:?[0;39m Adding type registration currency -> org.hibernate.type.CurrencyType@6a009582
?[2m2019-02-24 20:13:36.268?[0;39m ?[32mDEBUG?[0;39m ?[35m30201?[0;39m ?[2m---?[0;39m ?[2m[    Test worker]?[0;39m ?[36morg.hibernate.type.BasicTypeRegistry    ?[0;39m ?[2m:?[0;39m Adding type registration java.util.Currency -> org.hibernate.type.CurrencyType@6a009582
?[2m2019-02-24 20:13:36.268?[0;39m ?[32mDEBUG?[0;39m ?[35m30201?[0;39m ?[2m---?[0;39m ?[2m[    Test worker]?[0;39m ?[36morg.hibernate.type.BasicTypeRegistry    ?[0;39m ?[2m:?[0;39m Adding type registration timezone -> org.hibernate.type.TimeZoneType@436e94b2
?[2m2019-02-24 20:13:36.268?[0;39m ?[32mDEBUG?[0;39m ?[35m30201?[0;39m ?[2m---?[0;39m ?[2m[    Test worker]?[0;39m ?[36morg.hibernate.type.BasicTypeRegistry    ?[0;39m ?[2m:?[0;39m Adding type registration java.util.TimeZone -> org.hibernate.type.TimeZoneType@436e94b2
?[2m2019-02-24 20:13:36.268?[0;39m ?[32mDEBUG?[0;39m ?[35m30201?[0;39m ?[2m---?[0;39m ?[2m[    Test worker]?[0;39m ?[36morg.hibernate.type.BasicTypeRegistry    ?[0;39m ?[2m:?[0;39m Adding type registration class -> org.hibernate.type.ClassType@4d691c32
?[2m2019-02-24 20:13:36.268?[0;39m ?[32mDEBUG?[0;39m ?[35m30201?[0;39m ?[2m---?[0;39m ?[2m[    Test worker]?[0;39m ?[36morg.hibernate.type.BasicTypeRegistry    ?[0;39m ?[2m:?[0;39m Adding type registration java.lang.Class -> org.hibernate.type.ClassType@4d691c32
?[2m2019-02-24 20:13:36.269?[0;39m ?[32mDEBUG?[0;39m ?[35m30201?[0;39m ?[2m---?[0;39m ?[2m[    Test worker]?[0;39m ?[36morg.hibernate.type.BasicTypeRegistry    ?[0;39m ?[2m:?[0;39m Adding type registration uuid-binary -> org.hibernate.type.UUIDBinaryType@2f4ae44e
?[2m2019-02-24 20:13:36.269?[0;39m ?[32mDEBUG?[0;39m ?[35m30201?[0;39m ?[2m---?[0;39m ?[2m[    Test worker]?[0;39m ?[36morg.hibernate.type.BasicTypeRegistry    ?[0;39m ?[2m:?[0;39m Adding type registration java.util.UUID -> org.hibernate.type.UUIDBinaryType@2f4ae44e
?[2m2019-02-24 20:13:36.269?[0;39m ?[32mDEBUG?[0;39m ?[35m30201?[0;39m ?[2m---?[0;39m ?[2m[    Test worker]?[0;39m ?[36morg.hibernate.type.BasicTypeRegistry    ?[0;39m ?[2m:?[0;39m Adding type registration uuid-char -> org.hibernate.type.UUIDCharType@683cc05b
?[2m2019-02-24 20:13:36.269?[0;39m ?[32mDEBUG?[0;39m ?[35m30201?[0;39m ?[2m---?[0;39m ?[2m[    Test worker]?[0;39m ?[36morg.hibernate.type.BasicTypeRegistry    ?[0;39m ?[2m:?[0;39m Adding type registration binary -> org.hibernate.type.BinaryType@54f90170
?[2m2019-02-24 20:13:36.269?[0;39m ?[32mDEBUG?[0;39m ?[35m30201?[0;39m ?[2m---?[0;39m ?[2m[    Test worker]?[0;39m ?[36morg.hibernate.type.BasicTypeRegistry    ?[0;39m ?[2m:?[0;39m Adding type registration byte[] -> org.hibernate.type.BinaryType@54f90170
?[2m2019-02-24 20:13:36.269?[0;39m ?[32mDEBUG?[0;39m ?[35m30201?[0;39m ?[2m---?[0;39m ?[2m[    Test worker]?[0;39m ?[36morg.hibernate.type.BasicTypeRegistry    ?[0;39m ?[2m:?[0;39m Adding type registration [B -> org.hibernate.type.BinaryType@54f90170
?[2m2019-02-24 20:13:36.269?[0;39m ?[32mDEBUG?[0;39m ?[35m30201?[0;39m ?[2m---?[0;39m ?[2m[    Test worker]?[0;39m ?[36morg.hibernate.type.BasicTypeRegistry    ?[0;39m ?[2m:?[0;39m Adding type registration wrapper-binary -> org.hibernate.type.WrapperBinaryType@440c88a0
?[2m2019-02-24 20:13:36.269?[0;39m ?[32mDEBUG?[0;39m ?[35m30201?[0;39m ?[2m---?[0;39m ?[2m[    Test worker]?[0;39m ?[36morg.hibernate.type.BasicTypeRegistry    ?[0;39m ?[2m:?[0;39m Adding type registration Byte[] -> org.hibernate.type.WrapperBinaryType@440c88a0
?[2m2019-02-24 20:13:36.269?[0;39m ?[32mDEBUG?[0;39m ?[35m30201?[0;39m ?[2m---?[0;39m ?[2m[    Test worker]?[0;39m ?[36morg.hibernate.type.BasicTypeRegistry    ?[0;39m ?[2m:?[0;39m Adding type registration [Ljava.lang.Byte; -> org.hibernate.type.WrapperBinaryType@440c88a0
?[2m2019-02-24 20:13:36.269?[0;39m ?[32mDEBUG?[0;39m ?[35m30201?[0;39m ?[2m---?[0;39m ?[2m[    Test worker]?[0;39m ?[36morg.hibernate.type.BasicTypeRegistry    ?[0;39m ?[2m:?[0;39m Adding type registration row_version -> org.hibernate.type.RowVersionType@616faff6
?[2m2019-02-24 20:13:36.270?[0;39m ?[32mDEBUG?[0;39m ?[35m30201?[0;39m ?[2m---?[0;39m ?[2m[    Test worker]?[0;39m ?[36morg.hibernate.type.BasicTypeRegistry    ?[0;39m ?[2m:?[0;39m Adding type registration image -> org.hibernate.type.ImageType@32e39f9b
?[2m2019-02-24 20:13:36.270?[0;39m ?[32mDEBUG?[0;39m ?[35m30201?[0;39m ?[2m---?[0;39m ?[2m[    Test worker]?[0;39m ?[36morg.hibernate.type.BasicTypeRegistry    ?[0;39m ?[2m:?[0;39m Adding type registration characters -> org.hibernate.type.CharArrayType@421d6e87
?[2m2019-02-24 20:13:36.270?[0;39m ?[32mDEBUG?[0;39m ?[35m30201?[0;39m ?[2m---?[0;39m ?[2m[    Test worker]?[0;39m ?[36morg.hibernate.type.BasicTypeRegistry    ?[0;39m ?[2m:?[0;39m Adding type registration char[] -> org.hibernate.type.CharArrayType@421d6e87
?[2m2019-02-24 20:13:36.270?[0;39m ?[32mDEBUG?[0;39m ?[35m30201?[0;39m ?[2m---?[0;39m ?[2m[    Test worker]?[0;39m ?[36morg.hibernate.type.BasicTypeRegistry    ?[0;39m ?[2m:?[0;39m Adding type registration [C -> org.hibernate.type.CharArrayType@421d6e87
?[2m2019-02-24 20:13:36.271?[0;39m ?[32mDEBUG?[0;39m ?[35m30201?[0;39m ?[2m---?[0;39m ?[2m[    Test worker]?[0;39m ?[36morg.hibernate.type.BasicTypeRegistry    ?[0;39m ?[2m:?[0;39m Adding type registration wrapper-characters -> org.hibernate.type.CharacterArrayType@2f0d27b9
?[2m2019-02-24 20:13:36.271?[0;39m ?[32mDEBUG?[0;39m ?[35m30201?[0;39m ?[2m---?[0;39m ?[2m[    Test worker]?[0;39m ?[36morg.hibernate.type.BasicTypeRegistry    ?[0;39m ?[2m:?[0;39m Adding type registration [Ljava.lang.Character; -> org.hibernate.type.CharacterArrayType@2f0d27b9
?[2m2019-02-24 20:13:36.271?[0;39m ?[32mDEBUG?[0;39m ?[35m30201?[0;39m ?[2m---?[0;39m ?[2m[    Test worker]?[0;39m ?[36morg.hibernate.type.BasicTypeRegistry    ?[0;39m ?[2m:?[0;39m Adding type registration Character[] -> org.hibernate.type.CharacterArrayType@2f0d27b9
?[2m2019-02-24 20:13:36.271?[0;39m ?[32mDEBUG?[0;39m ?[35m30201?[0;39m ?[2m---?[0;39m ?[2m[    Test worker]?[0;39m ?[36morg.hibernate.type.BasicTypeRegistry    ?[0;39m ?[2m:?[0;39m Adding type registration text -> org.hibernate.type.TextType@436c108a
?[2m2019-02-24 20:13:36.271?[0;39m ?[32mDEBUG?[0;39m ?[35m30201?[0;39m ?[2m---?[0;39m ?[2m[    Test worker]?[0;39m ?[36morg.hibernate.type.BasicTypeRegistry    ?[0;39m ?[2m:?[0;39m Adding type registration ntext -> org.hibernate.type.NTextType@5d0b6b73
?[2m2019-02-24 20:13:36.271?[0;39m ?[32mDEBUG?[0;39m ?[35m30201?[0;39m ?[2m---?[0;39m ?[2m[    Test worker]?[0;39m ?[36morg.hibernate.type.BasicTypeRegistry    ?[0;39m ?[2m:?[0;39m Adding type registration blob -> org.hibernate.type.BlobType@18aa3356
?[2m2019-02-24 20:13:36.271?[0;39m ?[32mDEBUG?[0;39m ?[35m30201?[0;39m ?[2m---?[0;39m ?[2m[    Test worker]?[0;39m ?[36morg.hibernate.type.BasicTypeRegistry    ?[0;39m ?[2m:?[0;39m Adding type registration java.sql.Blob -> org.hibernate.type.BlobType@18aa3356
?[2m2019-02-24 20:13:36.271?[0;39m ?[32mDEBUG?[0;39m ?[35m30201?[0;39m ?[2m---?[0;39m ?[2m[    Test worker]?[0;39m ?[36morg.hibernate.type.BasicTypeRegistry    ?[0;39m ?[2m:?[0;39m Adding type registration materialized_blob -> org.hibernate.type.MaterializedBlobType@731e47
?[2m2019-02-24 20:13:36.271?[0;39m ?[32mDEBUG?[0;39m ?[35m30201?[0;39m ?[2m---?[0;39m ?[2m[    Test worker]?[0;39m ?[36morg.hibernate.type.BasicTypeRegistry    ?[0;39m ?[2m:?[0;39m Adding type registration clob -> org.hibernate.type.ClobType@4b0a5e00
?[2m2019-02-24 20:13:36.271?[0;39m ?[32mDEBUG?[0;39m ?[35m30201?[0;39m ?[2m---?[0;39m ?[2m[    Test worker]?[0;39m ?[36morg.hibernate.type.BasicTypeRegistry    ?[0;39m ?[2m:?[0;39m Adding type registration java.sql.Clob -> org.hibernate.type.ClobType@4b0a5e00
?[2m2019-02-24 20:13:36.271?[0;39m ?[32mDEBUG?[0;39m ?[35m30201?[0;39m ?[2m---?[0;39m ?[2m[    Test worker]?[0;39m ?[36morg.hibernate.type.BasicTypeRegistry    ?[0;39m ?[2m:?[0;39m Adding type registration nclob -> org.hibernate.type.NClobType@f0112a3
?[2m2019-02-24 20:13:36.272?[0;39m ?[32mDEBUG?[0;39m ?[35m30201?[0;39m ?[2m---?[0;39m ?[2m[    Test worker]?[0;39m ?[36morg.hibernate.type.BasicTypeRegistry    ?[0;39m ?[2m:?[0;39m Adding type registration java.sql.NClob -> org.hibernate.type.NClobType@f0112a3
?[2m2019-02-24 20:13:36.272?[0;39m ?[32mDEBUG?[0;39m ?[35m30201?[0;39m ?[2m---?[0;39m ?[2m[    Test worker]?[0;39m ?[36morg.hibernate.type.BasicTypeRegistry    ?[0;39m ?[2m:?[0;39m Adding type registration materialized_clob -> org.hibernate.type.MaterializedClobType@3ff724dc
?[2m2019-02-24 20:13:36.272?[0;39m ?[32mDEBUG?[0;39m ?[35m30201?[0;39m ?[2m---?[0;39m ?[2m[    Test worker]?[0;39m ?[36morg.hibernate.type.BasicTypeRegistry    ?[0;39m ?[2m:?[0;39m Adding type registration materialized_nclob -> org.hibernate.type.MaterializedNClobType@41484c22
?[2m2019-02-24 20:13:36.272?[0;39m ?[32mDEBUG?[0;39m ?[35m30201?[0;39m ?[2m---?[0;39m ?[2m[    Test worker]?[0;39m ?[36morg.hibernate.type.BasicTypeRegistry    ?[0;39m ?[2m:?[0;39m Adding type registration serializable -> org.hibernate.type.SerializableType@19528402
?[2m2019-02-24 20:13:36.272?[0;39m ?[32mDEBUG?[0;39m ?[35m30201?[0;39m ?[2m---?[0;39m ?[2m[    Test worker]?[0;39m ?[36morg.hibernate.type.BasicTypeRegistry    ?[0;39m ?[2m:?[0;39m Adding type registration object -> org.hibernate.type.ObjectType@49d9bb25
?[2m2019-02-24 20:13:36.272?[0;39m ?[32mDEBUG?[0;39m ?[35m30201?[0;39m ?[2m---?[0;39m ?[2m[    Test worker]?[0;39m ?[36morg.hibernate.type.BasicTypeRegistry    ?[0;39m ?[2m:?[0;39m Adding type registration java.lang.Object -> org.hibernate.type.ObjectType@49d9bb25
?[2m2019-02-24 20:13:36.272?[0;39m ?[32mDEBUG?[0;39m ?[35m30201?[0;39m ?[2m---?[0;39m ?[2m[    Test worker]?[0;39m ?[36morg.hibernate.type.BasicTypeRegistry    ?[0;39m ?[2m:?[0;39m Adding type registration imm_date -> org.hibernate.type.AdaptedImmutableType@410280b7
?[2m2019-02-24 20:13:36.272?[0;39m ?[32mDEBUG?[0;39m ?[35m30201?[0;39m ?[2m---?[0;39m ?[2m[    Test worker]?[0;39m ?[36morg.hibernate.type.BasicTypeRegistry    ?[0;39m ?[2m:?[0;39m Adding type registration imm_time -> org.hibernate.type.AdaptedImmutableType@2291c24e
?[2m2019-02-24 20:13:36.272?[0;39m ?[32mDEBUG?[0;39m ?[35m30201?[0;39m ?[2m---?[0;39m ?[2m[    Test worker]?[0;39m ?[36morg.hibernate.type.BasicTypeRegistry    ?[0;39m ?[2m:?[0;39m Adding type registration imm_timestamp -> org.hibernate.type.AdaptedImmutableType@498a3093
?[2m2019-02-24 20:13:36.272?[0;39m ?[32mDEBUG?[0;39m ?[35m30201?[0;39m ?[2m---?[0;39m ?[2m[    Test worker]?[0;39m ?[36morg.hibernate.type.BasicTypeRegistry    ?[0;39m ?[2m:?[0;39m Adding type registration imm_dbtimestamp -> org.hibernate.type.AdaptedImmutableType@3d953c73
?[2m2019-02-24 20:13:36.272?[0;39m ?[32mDEBUG?[0;39m ?[35m30201?[0;39m ?[2m---?[0;39m ?[2m[    Test worker]?[0;39m ?[36morg.hibernate.type.BasicTypeRegistry    ?[0;39m ?[2m:?[0;39m Adding type registration imm_calendar -> org.hibernate.type.AdaptedImmutableType@6847144e
?[2m2019-02-24 20:13:36.273?[0;39m ?[32mDEBUG?[0;39m ?[35m30201?[0;39m ?[2m---?[0;39m ?[2m[    Test worker]?[0;39m ?[36morg.hibernate.type.BasicTypeRegistry    ?[0;39m ?[2m:?[0;39m Adding type registration imm_calendar_date -> org.hibernate.type.AdaptedImmutableType@44e828ba
?[2m2019-02-24 20:13:36.273?[0;39m ?[32mDEBUG?[0;39m ?[35m30201?[0;39m ?[2m---?[0;39m ?[2m[    Test worker]?[0;39m ?[36morg.hibernate.type.BasicTypeRegistry    ?[0;39m ?[2m:?[0;39m Adding type registration imm_binary -> org.hibernate.type.AdaptedImmutableType@5cfe861c
?[2m2019-02-24 20:13:36.273?[0;39m ?[32mDEBUG?[0;39m ?[35m30201?[0;39m ?[2m---?[0;39m ?[2m[    Test worker]?[0;39m ?[36morg.hibernate.type.BasicTypeRegistry    ?[0;39m ?[2m:?[0;39m Adding type registration imm_serializable -> org.hibernate.type.AdaptedImmutableType@489c5f54
?[2m2019-02-24 20:13:36.279?[0;39m ?[32m INFO?[0;39m ?[35m30201?[0;39m ?[2m---?[0;39m ?[2m[    Test worker]?[0;39m ?[36morg.hibernate.dialect.Dialect           ?[0;39m ?[2m:?[0;39m HHH000400: Using dialect: org.hibernate.dialect.H2Dialect
?[2m2019-02-24 20:13:36.296?[0;39m ?[32mDEBUG?[0;39m ?[35m30201?[0;39m ?[2m---?[0;39m ?[2m[    Test worker]?[0;39m ?[36mo.h.type.spi.TypeConfiguration$Scope    ?[0;39m ?[2m:?[0;39m Scoping TypeConfiguration [org.hibernate.type.spi.TypeConfiguration@7c7b014d] to MetadataBuildingContext [org.hibernate.boot.internal.MetadataBuildingContextRootImpl@30d79833]
?[2m2019-02-24 20:13:36.323?[0;39m ?[32mDEBUG?[0;39m ?[35m30201?[0;39m ?[2m---?[0;39m ?[2m[    Test worker]?[0;39m ?[36mo.h.type.spi.TypeConfiguration$Scope    ?[0;39m ?[2m:?[0;39m Scoping TypeConfiguration [org.hibernate.type.spi.TypeConfiguration@7c7b014d] to SessionFactoryImpl [org.hibernate.internal.SessionFactoryImpl@385ed850]
Hibernate: 
    
    drop table employee if exists
Hibernate: 
    
    drop table health if exists
Hibernate: 
    
    drop table project if exists
Hibernate: 
    
    drop table status if exists
Hibernate: 
    
    drop sequence if exists hibernate_sequence
Hibernate: create sequence hibernate_sequence start with 1 increment by 1
Hibernate: 
    
    create table employee (
       id bigint not null,
        creation_date timestamp,
        last_update_date timestamp,
        name varchar(255),
        primary key (id)
    )
Hibernate: 
    
    create table health (
       id bigint not null,
        creation_date timestamp,
        last_update_date timestamp,
        name varchar(255),
        primary key (id)
    )
Hibernate: 
    
    create table project (
       id bigint not null,
        actual_cost double,
        budget_cost double,
        creation_date timestamp,
        description varchar(255),
        forecasted_cost double,
        implementation_date timestamp,
        is_deleted boolean not null,
        last_update_date timestamp,
        milestone_date timestamp,
        name varchar(255),
        summary varchar(255),
        approver_id bigint,
        health_id bigint,
        milestone_status_id bigint,
        state_id bigint,
        submitter_id bigint,
        primary key (id)
    )
Hibernate: 
    
    create table status (
       id bigint not null,
        creation_date timestamp,
        last_update_date timestamp,
        name varchar(255),
        primary key (id)
    )
Hibernate: 
    
    alter table project 
       add constraint FK839jkcm4ce5nqbx4jf26o847s 
       foreign key (approver_id) 
       references employee
Hibernate: 
    
    alter table project 
       add constraint FKia46waklj9gs3itlkbgxda8q 
       foreign key (health_id) 
       references health
Hibernate: 
    
    alter table project 
       add constraint FK36jp853cl85ma31ujf8xgjmxi 
       foreign key (milestone_status_id) 
       references status
Hibernate: 
    
    alter table project 
       add constraint FKi9qme16iq7fa29a5y3j3m4brm 
       foreign key (state_id) 
       references status
Hibernate: 
    
    alter table project 
       add constraint FK57tbmo99v4dyf1c0fpayjjqr 
       foreign key (submitter_id) 
       references employee
?[2m2019-02-24 20:13:36.472?[0;39m ?[32m INFO?[0;39m ?[35m30201?[0;39m ?[2m---?[0;39m ?[2m[    Test worker]?[0;39m ?[36mo.h.t.schema.internal.SchemaCreatorImpl ?[0;39m ?[2m:?[0;39m HHH000476: Executing import script 'org.hibernate.tool.schema.internal.exec.ScriptSourceInputNonExistentImpl@28e311cb'
?[2m2019-02-24 20:13:36.475?[0;39m ?[32mTRACE?[0;39m ?[35m30201?[0;39m ?[2m---?[0;39m ?[2m[    Test worker]?[0;39m ?[36mo.h.type.spi.TypeConfiguration$Scope    ?[0;39m ?[2m:?[0;39m Handling #sessionFactoryCreated from [org.hibernate.internal.SessionFactoryImpl@385ed850] for TypeConfiguration
?[2m2019-02-24 20:13:36.475?[0;39m ?[32m INFO?[0;39m ?[35m30201?[0;39m ?[2m---?[0;39m ?[2m[    Test worker]?[0;39m ?[36mj.LocalContainerEntityManagerFactoryBean?[0;39m ?[2m:?[0;39m Initialized JPA EntityManagerFactory for persistence unit 'default'
?[2m2019-02-24 20:13:36.476?[0;39m ?[32mDEBUG?[0;39m ?[35m30201?[0;39m ?[2m---?[0;39m ?[2m[    Test worker]?[0;39m ?[36mo.s.jdbc.datasource.DataSourceUtils     ?[0;39m ?[2m:?[0;39m Fetching JDBC Connection from DataSource
?[2m2019-02-24 20:13:36.478?[0;39m ?[32mDEBUG?[0;39m ?[35m30201?[0;39m ?[2m---?[0;39m ?[2m[    Test worker]?[0;39m ?[36mo.s.jdbc.datasource.DataSourceUtils     ?[0;39m ?[2m:?[0;39m Fetching JDBC Connection from DataSource
?[2m2019-02-24 20:13:36.478?[0;39m ?[32mDEBUG?[0;39m ?[35m30201?[0;39m ?[2m---?[0;39m ?[2m[    Test worker]?[0;39m ?[36mo.s.jdbc.datasource.DataSourceUtils     ?[0;39m ?[2m:?[0;39m Fetching JDBC Connection from DataSource
?[2m2019-02-24 20:13:36.478?[0;39m ?[32mDEBUG?[0;39m ?[35m30201?[0;39m ?[2m---?[0;39m ?[2m[    Test worker]?[0;39m ?[36mo.s.jdbc.datasource.init.ScriptUtils    ?[0;39m ?[2m:?[0;39m Executing SQL script from URL [file:/home/icy/source/java/spring-projectclass/Status_Reporting_Tool_G1/core/build/resources/main/data.sql]
?[2m2019-02-24 20:13:36.480?[0;39m ?[32mDEBUG?[0;39m ?[35m30201?[0;39m ?[2m---?[0;39m ?[2m[    Test worker]?[0;39m ?[36mo.s.jdbc.datasource.init.ScriptUtils    ?[0;39m ?[2m:?[0;39m 1 returned as update count for SQL: insert into status (id, name) values (1, 'Active')
?[2m2019-02-24 20:13:36.481?[0;39m ?[32mDEBUG?[0;39m ?[35m30201?[0;39m ?[2m---?[0;39m ?[2m[    Test worker]?[0;39m ?[36mo.s.jdbc.datasource.init.ScriptUtils    ?[0;39m ?[2m:?[0;39m 1 returned as update count for SQL: insert into status (id, name) values (2, 'In-Active')
?[2m2019-02-24 20:13:36.482?[0;39m ?[32mDEBUG?[0;39m ?[35m30201?[0;39m ?[2m---?[0;39m ?[2m[    Test worker]?[0;39m ?[36mo.s.jdbc.datasource.init.ScriptUtils    ?[0;39m ?[2m:?[0;39m 1 returned as update count for SQL: insert into health (id, name) values (1, 'Active')
?[2m2019-02-24 20:13:36.483?[0;39m ?[32mDEBUG?[0;39m ?[35m30201?[0;39m ?[2m---?[0;39m ?[2m[    Test worker]?[0;39m ?[36mo.s.jdbc.datasource.init.ScriptUtils    ?[0;39m ?[2m:?[0;39m 1 returned as update count for SQL: insert into health (id, name) values (2, 'In-Active')
?[2m2019-02-24 20:13:36.484?[0;39m ?[32mDEBUG?[0;39m ?[35m30201?[0;39m ?[2m---?[0;39m ?[2m[    Test worker]?[0;39m ?[36mo.s.jdbc.datasource.init.ScriptUtils    ?[0;39m ?[2m:?[0;39m 1 returned as update count for SQL: insert into project (id, name, description, summary, is_deleted, state_id, health_id) values (100, 'First Project', 'First Desc', 'First Summary', false, 1, 1)
?[2m2019-02-24 20:13:36.485?[0;39m ?[32mDEBUG?[0;39m ?[35m30201?[0;39m ?[2m---?[0;39m ?[2m[    Test worker]?[0;39m ?[36mo.s.jdbc.datasource.init.ScriptUtils    ?[0;39m ?[2m:?[0;39m 1 returned as update count for SQL: insert into project (id, name, description, summary, is_deleted, state_id, health_id) values (101, 'Second Project', 'Second Desc', 'Second Summary', false, 1, 1)
?[2m2019-02-24 20:13:36.486?[0;39m ?[32mDEBUG?[0;39m ?[35m30201?[0;39m ?[2m---?[0;39m ?[2m[    Test worker]?[0;39m ?[36mo.s.jdbc.datasource.init.ScriptUtils    ?[0;39m ?[2m:?[0;39m Executed SQL script from URL [file:/home/icy/source/java/spring-projectclass/Status_Reporting_Tool_G1/core/build/resources/main/data.sql] in 8 ms.
?[2m2019-02-24 20:13:36.486?[0;39m ?[32mDEBUG?[0;39m ?[35m30201?[0;39m ?[2m---?[0;39m ?[2m[    Test worker]?[0;39m ?[36mo.s.b.f.s.DefaultListableBeanFactory    ?[0;39m ?[2m:?[0;39m Creating shared instance of singleton bean 'springCoreApplication'
?[2m2019-02-24 20:13:36.492?[0;39m ?[32mDEBUG?[0;39m ?[35m30201?[0;39m ?[2m---?[0;39m ?[2m[    Test worker]?[0;39m ?[36mo.s.b.f.s.DefaultListableBeanFactory    ?[0;39m ?[2m:?[0;39m Creating shared instance of singleton bean 'projectService'
?[2m2019-02-24 20:13:36.495?[0;39m ?[32mDEBUG?[0;39m ?[35m30201?[0;39m ?[2m---?[0;39m ?[2m[    Test worker]?[0;39m ?[36mo.s.b.f.s.DefaultListableBeanFactory    ?[0;39m ?[2m:?[0;39m Creating shared instance of singleton bean 'projectRepository'
?[2m2019-02-24 20:13:36.551?[0;39m ?[32mDEBUG?[0;39m ?[35m30201?[0;39m ?[2m---?[0;39m ?[2m[    Test worker]?[0;39m ?[36mo.s.b.f.s.DefaultListableBeanFactory    ?[0;39m ?[2m:?[0;39m Creating shared instance of singleton bean 'jpaMappingContext'
?[2m2019-02-24 20:13:36.561?[0;39m ?[32mDEBUG?[0;39m ?[35m30201?[0;39m ?[2m---?[0;39m ?[2m[    Test worker]?[0;39m ?[36m.c.JpaMetamodelMappingContextFactoryBean?[0;39m ?[2m:?[0;39m Initializing JpaMetamodelMappingContext?
?[2m2019-02-24 20:13:36.562?[0;39m ?[32mDEBUG?[0;39m ?[35m30201?[0;39m ?[2m---?[0;39m ?[2m[    Test worker]?[0;39m ?[36m.c.JpaMetamodelMappingContextFactoryBean?[0;39m ?[2m:?[0;39m Finished initializing JpaMetamodelMappingContext!
?[2m2019-02-24 20:13:36.565?[0;39m ?[32mDEBUG?[0;39m ?[35m30201?[0;39m ?[2m---?[0;39m ?[2m[    Test worker]?[0;39m ?[36mtor$SharedEntityManagerInvocationHandler?[0;39m ?[2m:?[0;39m Creating new EntityManager for shared EntityManager invocation
?[2m2019-02-24 20:13:36.566?[0;39m ?[32mDEBUG?[0;39m ?[35m30201?[0;39m ?[2m---?[0;39m ?[2m[    Test worker]?[0;39m ?[36mo.h.stat.internal.StatisticsInitiator   ?[0;39m ?[2m:?[0;39m Statistics initialized [enabled=true]
?[2m2019-02-24 20:13:36.567?[0;39m ?[32m INFO?[0;39m ?[35m30201?[0;39m ?[2m---?[0;39m ?[2m[    Test worker]?[0;39m ?[36mi.StatisticalLoggingSessionEventListener?[0;39m ?[2m:?[0;39m Session Metrics {
    0 nanoseconds spent acquiring 0 JDBC connections;
    0 nanoseconds spent releasing 0 JDBC connections;
    0 nanoseconds spent preparing 0 JDBC statements;
    0 nanoseconds spent executing 0 JDBC statements;
    0 nanoseconds spent executing 0 JDBC batches;
    0 nanoseconds spent performing 0 L2C puts;
    0 nanoseconds spent performing 0 L2C hits;
    0 nanoseconds spent performing 0 L2C misses;
    0 nanoseconds spent executing 0 flushes (flushing a total of 0 entities and 0 collections);
    0 nanoseconds spent executing 0 partial-flushes (flushing a total of 0 entities and 0 collections)
}
?[2m2019-02-24 20:13:36.603?[0;39m ?[32mDEBUG?[0;39m ?[35m30201?[0;39m ?[2m---?[0;39m ?[2m[    Test worker]?[0;39m ?[36mo.s.d.r.c.s.RepositoryFactorySupport    ?[0;39m ?[2m:?[0;39m Initializing repository instance for com.tool.reporting.repository.ProjectRepository?
?[2m2019-02-24 20:13:36.608?[0;39m ?[32mDEBUG?[0;39m ?[35m30201?[0;39m ?[2m---?[0;39m ?[2m[    Test worker]?[0;39m ?[36mtor$SharedEntityManagerInvocationHandler?[0;39m ?[2m:?[0;39m Creating new EntityManager for shared EntityManager invocation
?[2m2019-02-24 20:13:36.609?[0;39m ?[32m INFO?[0;39m ?[35m30201?[0;39m ?[2m---?[0;39m ?[2m[    Test worker]?[0;39m ?[36mi.StatisticalLoggingSessionEventListener?[0;39m ?[2m:?[0;39m Session Metrics {
    0 nanoseconds spent acquiring 0 JDBC connections;
    0 nanoseconds spent releasing 0 JDBC connections;
    0 nanoseconds spent preparing 0 JDBC statements;
    0 nanoseconds spent executing 0 JDBC statements;
    0 nanoseconds spent executing 0 JDBC batches;
    0 nanoseconds spent performing 0 L2C puts;
    0 nanoseconds spent performing 0 L2C hits;
    0 nanoseconds spent performing 0 L2C misses;
    0 nanoseconds spent executing 0 flushes (flushing a total of 0 entities and 0 collections);
    0 nanoseconds spent executing 0 partial-flushes (flushing a total of 0 entities and 0 collections)
}
?[2m2019-02-24 20:13:36.612?[0;39m ?[32mDEBUG?[0;39m ?[35m30201?[0;39m ?[2m---?[0;39m ?[2m[    Test worker]?[0;39m ?[36mtor$SharedEntityManagerInvocationHandler?[0;39m ?[2m:?[0;39m Creating new EntityManager for shared EntityManager invocation
?[2m2019-02-24 20:13:36.613?[0;39m ?[32m INFO?[0;39m ?[35m30201?[0;39m ?[2m---?[0;39m ?[2m[    Test worker]?[0;39m ?[36mi.StatisticalLoggingSessionEventListener?[0;39m ?[2m:?[0;39m Session Metrics {
    0 nanoseconds spent acquiring 0 JDBC connections;
    0 nanoseconds spent releasing 0 JDBC connections;
    0 nanoseconds spent preparing 0 JDBC statements;
    0 nanoseconds spent executing 0 JDBC statements;
    0 nanoseconds spent executing 0 JDBC batches;
    0 nanoseconds spent performing 0 L2C puts;
    0 nanoseconds spent performing 0 L2C hits;
    0 nanoseconds spent performing 0 L2C misses;
    0 nanoseconds spent executing 0 flushes (flushing a total of 0 entities and 0 collections);
    0 nanoseconds spent executing 0 partial-flushes (flushing a total of 0 entities and 0 collections)
}
?[2m2019-02-24 20:13:36.617?[0;39m ?[32mDEBUG?[0;39m ?[35m30201?[0;39m ?[2m---?[0;39m ?[2m[    Test worker]?[0;39m ?[36mo.s.d.j.r.query.JpaQueryFactory         ?[0;39m ?[2m:?[0;39m Looking up query for method findByName
?[2m2019-02-24 20:13:36.617?[0;39m ?[32mDEBUG?[0;39m ?[35m30201?[0;39m ?[2m---?[0;39m ?[2m[    Test worker]?[0;39m ?[36mo.s.d.jpa.repository.query.NamedQuery   ?[0;39m ?[2m:?[0;39m Looking up named query Project.findByName
?[2m2019-02-24 20:13:36.618?[0;39m ?[32mDEBUG?[0;39m ?[35m30201?[0;39m ?[2m---?[0;39m ?[2m[    Test worker]?[0;39m ?[36mo.s.d.jpa.repository.query.NamedQuery   ?[0;39m ?[2m:?[0;39m Did not find named query Project.findByName
?[2m2019-02-24 20:13:36.618?[0;39m ?[32m INFO?[0;39m ?[35m30201?[0;39m ?[2m---?[0;39m ?[2m[    Test worker]?[0;39m ?[36mi.StatisticalLoggingSessionEventListener?[0;39m ?[2m:?[0;39m Session Metrics {
    0 nanoseconds spent acquiring 0 JDBC connections;
    0 nanoseconds spent releasing 0 JDBC connections;
    0 nanoseconds spent preparing 0 JDBC statements;
    0 nanoseconds spent executing 0 JDBC statements;
    0 nanoseconds spent executing 0 JDBC batches;
    0 nanoseconds spent performing 0 L2C puts;
    0 nanoseconds spent performing 0 L2C hits;
    0 nanoseconds spent performing 0 L2C misses;
    0 nanoseconds spent executing 0 flushes (flushing a total of 0 entities and 0 collections);
    0 nanoseconds spent executing 0 partial-flushes (flushing a total of 0 entities and 0 collections)
}
?[2m2019-02-24 20:13:36.619?[0;39m ?[32mDEBUG?[0;39m ?[35m30201?[0;39m ?[2m---?[0;39m ?[2m[    Test worker]?[0;39m ?[36mtor$SharedEntityManagerInvocationHandler?[0;39m ?[2m:?[0;39m Creating new EntityManager for shared EntityManager invocation
?[2m2019-02-24 20:13:36.620?[0;39m ?[32m INFO?[0;39m ?[35m30201?[0;39m ?[2m---?[0;39m ?[2m[    Test worker]?[0;39m ?[36mi.StatisticalLoggingSessionEventListener?[0;39m ?[2m:?[0;39m Session Metrics {
    0 nanoseconds spent acquiring 0 JDBC connections;
    0 nanoseconds spent releasing 0 JDBC connections;
    0 nanoseconds spent preparing 0 JDBC statements;
    0 nanoseconds spent executing 0 JDBC statements;
    0 nanoseconds spent executing 0 JDBC batches;
    0 nanoseconds spent performing 0 L2C puts;
    0 nanoseconds spent performing 0 L2C hits;
    0 nanoseconds spent performing 0 L2C misses;
    0 nanoseconds spent executing 0 flushes (flushing a total of 0 entities and 0 collections);
    0 nanoseconds spent executing 0 partial-flushes (flushing a total of 0 entities and 0 collections)
}
?[2m2019-02-24 20:13:36.622?[0;39m ?[32mDEBUG?[0;39m ?[35m30201?[0;39m ?[2m---?[0;39m ?[2m[    Test worker]?[0;39m ?[36mo.s.d.r.c.s.RepositoryFactorySupport    ?[0;39m ?[2m:?[0;39m Finished creation of repository instance for com.tool.reporting.repository.ProjectRepository.
?[2m2019-02-24 20:13:36.624?[0;39m ?[32mDEBUG?[0;39m ?[35m30201?[0;39m ?[2m---?[0;39m ?[2m[    Test worker]?[0;39m ?[36mo.s.b.f.s.DefaultListableBeanFactory    ?[0;39m ?[2m:?[0;39m Creating shared instance of singleton bean 'org.springframework.boot.autoconfigure.context.PropertyPlaceholderAutoConfiguration'
?[2m2019-02-24 20:13:36.630?[0;39m ?[32mDEBUG?[0;39m ?[35m30201?[0;39m ?[2m---?[0;39m ?[2m[    Test worker]?[0;39m ?[36mo.s.b.f.s.DefaultListableBeanFactory    ?[0;39m ?[2m:?[0;39m Creating shared instance of singleton bean 'org.springframework.boot.autoconfigure.aop.AopAutoConfiguration$CglibAutoProxyConfiguration'
?[2m2019-02-24 20:13:36.635?[0;39m ?[32mDEBUG?[0;39m ?[35m30201?[0;39m ?[2m---?[0;39m ?[2m[    Test worker]?[0;39m ?[36mo.s.b.f.s.DefaultListableBeanFactory    ?[0;39m ?[2m:?[0;39m Creating shared instance of singleton bean 'org.springframework.boot.autoconfigure.aop.AopAutoConfiguration'
?[2m2019-02-24 20:13:36.640?[0;39m ?[32mDEBUG?[0;39m ?[35m30201?[0;39m ?[2m---?[0;39m ?[2m[    Test worker]?[0;39m ?[36mo.s.b.f.s.DefaultListableBeanFactory    ?[0;39m ?[2m:?[0;39m Creating shared instance of singleton bean 'org.springframework.boot.autoconfigure.transaction.jta.JtaAutoConfiguration'
?[2m2019-02-24 20:13:36.648?[0;39m ?[32mDEBUG?[0;39m ?[35m30201?[0;39m ?[2m---?[0;39m ?[2m[    Test worker]?[0;39m ?[36mo.s.b.f.s.DefaultListableBeanFactory    ?[0;39m ?[2m:?[0;39m Creating shared instance of singleton bean 'org.springframework.boot.autoconfigure.jdbc.DataSourceAutoConfiguration$PooledDataSourceConfiguration'
?[2m2019-02-24 20:13:36.654?[0;39m ?[32mDEBUG?[0;39m ?[35m30201?[0;39m ?[2m---?[0;39m ?[2m[    Test worker]?[0;39m ?[36mo.s.b.f.s.DefaultListableBeanFactory    ?[0;39m ?[2m:?[0;39m Creating shared instance of singleton bean 'org.springframework.boot.autoconfigure.jdbc.metadata.DataSourcePoolMetadataProvidersConfiguration'
?[2m2019-02-24 20:13:36.659?[0;39m ?[32mDEBUG?[0;39m ?[35m30201?[0;39m ?[2m---?[0;39m ?[2m[    Test worker]?[0;39m ?[36mo.s.b.f.s.DefaultListableBeanFactory    ?[0;39m ?[2m:?[0;39m Creating shared instance of singleton bean 'org.springframework.boot.autoconfigure.jdbc.DataSourceInitializationConfiguration'
?[2m2019-02-24 20:13:36.664?[0;39m ?[32mDEBUG?[0;39m ?[35m30201?[0;39m ?[2m---?[0;39m ?[2m[    Test worker]?[0;39m ?[36mo.s.b.f.s.DefaultListableBeanFactory    ?[0;39m ?[2m:?[0;39m Creating shared instance of singleton bean 'org.springframework.boot.autoconfigure.jdbc.DataSourceAutoConfiguration'
?[2m2019-02-24 20:13:36.670?[0;39m ?[32mDEBUG?[0;39m ?[35m30201?[0;39m ?[2m---?[0;39m ?[2m[    Test worker]?[0;39m ?[36mo.s.b.f.s.DefaultListableBeanFactory    ?[0;39m ?[2m:?[0;39m Creating shared instance of singleton bean 'transactionManager'
?[2m2019-02-24 20:13:36.678?[0;39m ?[32mDEBUG?[0;39m ?[35m30201?[0;39m ?[2m---?[0;39m ?[2m[    Test worker]?[0;39m ?[36mo.s.b.f.s.DefaultListableBeanFactory    ?[0;39m ?[2m:?[0;39m Creating shared instance of singleton bean 'org.springframework.boot.autoconfigure.orm.jpa.HibernateJpaAutoConfiguration'
?[2m2019-02-24 20:13:36.683?[0;39m ?[32mDEBUG?[0;39m ?[35m30201?[0;39m ?[2m---?[0;39m ?[2m[    Test worker]?[0;39m ?[36mo.s.b.f.s.DefaultListableBeanFactory    ?[0;39m ?[2m:?[0;39m Creating shared instance of singleton bean 'org.springframework.boot.autoconfigure.context.ConfigurationPropertiesAutoConfiguration'
?[2m2019-02-24 20:13:36.688?[0;39m ?[32mDEBUG?[0;39m ?[35m30201?[0;39m ?[2m---?[0;39m ?[2m[    Test worker]?[0;39m ?[36mo.s.b.f.s.DefaultListableBeanFactory    ?[0;39m ?[2m:?[0;39m Creating shared instance of singleton bean 'org.springframework.boot.autoconfigure.dao.PersistenceExceptionTranslationAutoConfiguration'
?[2m2019-02-24 20:13:36.693?[0;39m ?[32mDEBUG?[0;39m ?[35m30201?[0;39m ?[2m---?[0;39m ?[2m[    Test worker]?[0;39m ?[36mo.s.b.f.s.DefaultListableBeanFactory    ?[0;39m ?[2m:?[0;39m Creating shared instance of singleton bean 'org.springframework.boot.autoconfigure.task.TaskExecutionAutoConfiguration'
?[2m2019-02-24 20:13:36.694?[0;39m ?[32mDEBUG?[0;39m ?[35m30201?[0;39m ?[2m---?[0;39m ?[2m[    Test worker]?[0;39m ?[36mocalVariableTableParameterNameDiscoverer?[0;39m ?[2m:?[0;39m Cannot find '.class' file for class [class org.springframework.boot.autoconfigure.task.TaskExecutionAutoConfiguration$$EnhancerBySpringCGLIB$$8187c99e] - unable to determine constructor/method parameter names
?[2m2019-02-24 20:13:36.694?[0;39m ?[32mDEBUG?[0;39m ?[35m30201?[0;39m ?[2m---?[0;39m ?[2m[    Test worker]?[0;39m ?[36mo.s.b.f.s.DefaultListableBeanFactory    ?[0;39m ?[2m:?[0;39m Creating shared instance of singleton bean 'spring.task.execution-org.springframework.boot.autoconfigure.task.TaskExecutionProperties'
?[2m2019-02-24 20:13:36.698?[0;39m ?[32mDEBUG?[0;39m ?[35m30201?[0;39m ?[2m---?[0;39m ?[2m[    Test worker]?[0;39m ?[36mo.s.b.f.s.DefaultListableBeanFactory    ?[0;39m ?[2m:?[0;39m Autowiring by type from bean name 'org.springframework.boot.autoconfigure.task.TaskExecutionAutoConfiguration' via constructor to bean named 'spring.task.execution-org.springframework.boot.autoconfigure.task.TaskExecutionProperties'
?[2m2019-02-24 20:13:36.703?[0;39m ?[32mDEBUG?[0;39m ?[35m30201?[0;39m ?[2m---?[0;39m ?[2m[    Test worker]?[0;39m ?[36mo.s.b.f.s.DefaultListableBeanFactory    ?[0;39m ?[2m:?[0;39m Creating shared instance of singleton bean 'taskExecutorBuilder'
?[2m2019-02-24 20:13:36.707?[0;39m ?[32mDEBUG?[0;39m ?[35m30201?[0;39m ?[2m---?[0;39m ?[2m[    Test worker]?[0;39m ?[36mo.s.b.f.s.DefaultListableBeanFactory    ?[0;39m ?[2m:?[0;39m Creating shared instance of singleton bean 'org.springframework.boot.autoconfigure.data.jpa.JpaRepositoriesAutoConfiguration'
?[2m2019-02-24 20:13:36.713?[0;39m ?[32mDEBUG?[0;39m ?[35m30201?[0;39m ?[2m---?[0;39m ?[2m[    Test worker]?[0;39m ?[36mo.s.b.f.s.DefaultListableBeanFactory    ?[0;39m ?[2m:?[0;39m Creating shared instance of singleton bean 'org.springframework.data.jpa.util.JpaMetamodelCacheCleanup'
?[2m2019-02-24 20:13:36.716?[0;39m ?[32mDEBUG?[0;39m ?[35m30201?[0;39m ?[2m---?[0;39m ?[2m[    Test worker]?[0;39m ?[36mo.s.b.f.s.DefaultListableBeanFactory    ?[0;39m ?[2m:?[0;39m Creating shared instance of singleton bean 'org.springframework.boot.autoconfigure.groovy.template.GroovyTemplateAutoConfiguration'
?[2m2019-02-24 20:13:36.721?[0;39m ?[32mDEBUG?[0;39m ?[35m30201?[0;39m ?[2m---?[0;39m ?[2m[    Test worker]?[0;39m ?[36mo.s.b.f.s.DefaultListableBeanFactory    ?[0;39m ?[2m:?[0;39m Creating shared instance of singleton bean 'spring.groovy.template-org.springframework.boot.autoconfigure.groovy.template.GroovyTemplateProperties'
?[2m2019-02-24 20:13:36.727?[0;39m ?[32mDEBUG?[0;39m ?[35m30201?[0;39m ?[2m---?[0;39m ?[2m[    Test worker]?[0;39m ?[36mo.s.b.f.s.DefaultListableBeanFactory    ?[0;39m ?[2m:?[0;39m Creating shared instance of singleton bean 'org.springframework.boot.autoconfigure.info.ProjectInfoAutoConfiguration'
?[2m2019-02-24 20:13:36.728?[0;39m ?[32mDEBUG?[0;39m ?[35m30201?[0;39m ?[2m---?[0;39m ?[2m[    Test worker]?[0;39m ?[36mocalVariableTableParameterNameDiscoverer?[0;39m ?[2m:?[0;39m Cannot find '.class' file for class [class org.springframework.boot.autoconfigure.info.ProjectInfoAutoConfiguration$$EnhancerBySpringCGLIB$$31e23de1] - unable to determine constructor/method parameter names
?[2m2019-02-24 20:13:36.729?[0;39m ?[32mDEBUG?[0;39m ?[35m30201?[0;39m ?[2m---?[0;39m ?[2m[    Test worker]?[0;39m ?[36mo.s.b.f.s.DefaultListableBeanFactory    ?[0;39m ?[2m:?[0;39m Creating shared instance of singleton bean 'spring.info-org.springframework.boot.autoconfigure.info.ProjectInfoProperties'
?[2m2019-02-24 20:13:36.732?[0;39m ?[32mDEBUG?[0;39m ?[35m30201?[0;39m ?[2m---?[0;39m ?[2m[    Test worker]?[0;39m ?[36mo.s.b.f.s.DefaultListableBeanFactory    ?[0;39m ?[2m:?[0;39m Autowiring by type from bean name 'org.springframework.boot.autoconfigure.info.ProjectInfoAutoConfiguration' via constructor to bean named 'spring.info-org.springframework.boot.autoconfigure.info.ProjectInfoProperties'
?[2m2019-02-24 20:13:36.737?[0;39m ?[32mDEBUG?[0;39m ?[35m30201?[0;39m ?[2m---?[0;39m ?[2m[    Test worker]?[0;39m ?[36mo.s.b.f.s.DefaultListableBeanFactory    ?[0;39m ?[2m:?[0;39m Creating shared instance of singleton bean 'org.springframework.boot.autoconfigure.jdbc.JdbcTemplateAutoConfiguration$JdbcTemplateConfiguration'
?[2m2019-02-24 20:13:36.737?[0;39m ?[32mDEBUG?[0;39m ?[35m30201?[0;39m ?[2m---?[0;39m ?[2m[    Test worker]?[0;39m ?[36mocalVariableTableParameterNameDiscoverer?[0;39m ?[2m:?[0;39m Cannot find '.class' file for class [class org.springframework.boot.autoconfigure.jdbc.JdbcTemplateAutoConfiguration$JdbcTemplateConfiguration$$EnhancerBySpringCGLIB$$e735f35] - unable to determine constructor/method parameter names
?[2m2019-02-24 20:13:36.739?[0;39m ?[32mDEBUG?[0;39m ?[35m30201?[0;39m ?[2m---?[0;39m ?[2m[    Test worker]?[0;39m ?[36mo.s.b.f.s.DefaultListableBeanFactory    ?[0;39m ?[2m:?[0;39m Creating shared instance of singleton bean 'spring.jdbc-org.springframework.boot.autoconfigure.jdbc.JdbcProperties'
?[2m2019-02-24 20:13:36.748?[0;39m ?[32mDEBUG?[0;39m ?[35m30201?[0;39m ?[2m---?[0;39m ?[2m[    Test worker]?[0;39m ?[36mo.s.b.f.s.DefaultListableBeanFactory    ?[0;39m ?[2m:?[0;39m Autowiring by type from bean name 'org.springframework.boot.autoconfigure.jdbc.JdbcTemplateAutoConfiguration$JdbcTemplateConfiguration' via constructor to bean named 'dataSource'
?[2m2019-02-24 20:13:36.748?[0;39m ?[32mDEBUG?[0;39m ?[35m30201?[0;39m ?[2m---?[0;39m ?[2m[    Test worker]?[0;39m ?[36mo.s.b.f.s.DefaultListableBeanFactory    ?[0;39m ?[2m:?[0;39m Autowiring by type from bean name 'org.springframework.boot.autoconfigure.jdbc.JdbcTemplateAutoConfiguration$JdbcTemplateConfiguration' via constructor to bean named 'spring.jdbc-org.springframework.boot.autoconfigure.jdbc.JdbcProperties'
?[2m2019-02-24 20:13:36.758?[0;39m ?[32mDEBUG?[0;39m ?[35m30201?[0;39m ?[2m---?[0;39m ?[2m[    Test worker]?[0;39m ?[36mo.s.b.f.s.DefaultListableBeanFactory    ?[0;39m ?[2m:?[0;39m Creating shared instance of singleton bean 'jdbcTemplate'
?[2m2019-02-24 20:13:36.775?[0;39m ?[32mDEBUG?[0;39m ?[35m30201?[0;39m ?[2m---?[0;39m ?[2m[    Test worker]?[0;39m ?[36mo.s.b.f.s.DefaultListableBeanFactory    ?[0;39m ?[2m:?[0;39m Creating shared instance of singleton bean 'org.springframework.boot.autoconfigure.jdbc.JdbcTemplateAutoConfiguration$NamedParameterJdbcTemplateConfiguration'
?[2m2019-02-24 20:13:36.781?[0;39m ?[32mDEBUG?[0;39m ?[35m30201?[0;39m ?[2m---?[0;39m ?[2m[    Test worker]?[0;39m ?[36mo.s.b.f.s.DefaultListableBeanFactory    ?[0;39m ?[2m:?[0;39m Creating shared instance of singleton bean 'namedParameterJdbcTemplate'
?[2m2019-02-24 20:13:36.782?[0;39m ?[32mDEBUG?[0;39m ?[35m30201?[0;39m ?[2m---?[0;39m ?[2m[    Test worker]?[0;39m ?[36mo.s.b.f.s.DefaultListableBeanFactory    ?[0;39m ?[2m:?[0;39m Autowiring by type from bean name 'namedParameterJdbcTemplate' via factory method to bean named 'jdbcTemplate'
?[2m2019-02-24 20:13:36.789?[0;39m ?[32mDEBUG?[0;39m ?[35m30201?[0;39m ?[2m---?[0;39m ?[2m[    Test worker]?[0;39m ?[36mo.s.b.f.s.DefaultListableBeanFactory    ?[0;39m ?[2m:?[0;39m Creating shared instance of singleton bean 'org.springframework.boot.autoconfigure.jdbc.JdbcTemplateAutoConfiguration'
?[2m2019-02-24 20:13:36.794?[0;39m ?[32mDEBUG?[0;39m ?[35m30201?[0;39m ?[2m---?[0;39m ?[2m[    Test worker]?[0;39m ?[36mo.s.b.f.s.DefaultListableBeanFactory    ?[0;39m ?[2m:?[0;39m Creating shared instance of singleton bean 'org.springframework.boot.autoconfigure.task.TaskSchedulingAutoConfiguration'
?[2m2019-02-24 20:13:36.799?[0;39m ?[32mDEBUG?[0;39m ?[35m30201?[0;39m ?[2m---?[0;39m ?[2m[    Test worker]?[0;39m ?[36mo.s.b.f.s.DefaultListableBeanFactory    ?[0;39m ?[2m:?[0;39m Creating shared instance of singleton bean 'taskSchedulerBuilder'
?[2m2019-02-24 20:13:36.800?[0;39m ?[32mDEBUG?[0;39m ?[35m30201?[0;39m ?[2m---?[0;39m ?[2m[    Test worker]?[0;39m ?[36mo.s.b.f.s.DefaultListableBeanFactory    ?[0;39m ?[2m:?[0;39m Creating shared instance of singleton bean 'spring.task.scheduling-org.springframework.boot.autoconfigure.task.TaskSchedulingProperties'
?[2m2019-02-24 20:13:36.803?[0;39m ?[32mDEBUG?[0;39m ?[35m30201?[0;39m ?[2m---?[0;39m ?[2m[    Test worker]?[0;39m ?[36mo.s.b.f.s.DefaultListableBeanFactory    ?[0;39m ?[2m:?[0;39m Autowiring by type from bean name 'taskSchedulerBuilder' via factory method to bean named 'spring.task.scheduling-org.springframework.boot.autoconfigure.task.TaskSchedulingProperties'
?[2m2019-02-24 20:13:36.806?[0;39m ?[32mDEBUG?[0;39m ?[35m30201?[0;39m ?[2m---?[0;39m ?[2m[    Test worker]?[0;39m ?[36mo.s.b.f.s.DefaultListableBeanFactory    ?[0;39m ?[2m:?[0;39m Creating shared instance of singleton bean 'org.springframework.boot.autoconfigure.jdbc.DataSourceTransactionManagerAutoConfiguration$DataSourceTransactionManagerConfiguration'
?[2m2019-02-24 20:13:36.809?[0;39m ?[32mDEBUG?[0;39m ?[35m30201?[0;39m ?[2m---?[0;39m ?[2m[    Test worker]?[0;39m ?[36mocalVariableTableParameterNameDiscoverer?[0;39m ?[2m:?[0;39m Cannot find '.class' file for class [class org.springframework.boot.autoconfigure.jdbc.DataSourceTransactionManagerAutoConfiguration$DataSourceTransactionManagerConfiguration$$EnhancerBySpringCGLIB$$a2e8c937] - unable to determine constructor/method parameter names
?[2m2019-02-24 20:13:36.810?[0;39m ?[32mDEBUG?[0;39m ?[35m30201?[0;39m ?[2m---?[0;39m ?[2m[    Test worker]?[0;39m ?[36mo.s.b.f.s.DefaultListableBeanFactory    ?[0;39m ?[2m:?[0;39m Autowiring by type from bean name 'org.springframework.boot.autoconfigure.jdbc.DataSourceTransactionManagerAutoConfiguration$DataSourceTransactionManagerConfiguration' via constructor to bean named 'dataSource'
?[2m2019-02-24 20:13:36.818?[0;39m ?[32mDEBUG?[0;39m ?[35m30201?[0;39m ?[2m---?[0;39m ?[2m[    Test worker]?[0;39m ?[36mo.s.b.f.s.DefaultListableBeanFactory    ?[0;39m ?[2m:?[0;39m Creating shared instance of singleton bean 'org.springframework.boot.autoconfigure.jdbc.DataSourceTransactionManagerAutoConfiguration'
?[2m2019-02-24 20:13:36.823?[0;39m ?[32mDEBUG?[0;39m ?[35m30201?[0;39m ?[2m---?[0;39m ?[2m[    Test worker]?[0;39m ?[36mo.s.b.f.s.DefaultListableBeanFactory    ?[0;39m ?[2m:?[0;39m Creating shared instance of singleton bean 'org.springframework.boot.autoconfigure.transaction.TransactionAutoConfiguration$EnableTransactionManagementConfiguration$CglibAutoProxyConfiguration'
?[2m2019-02-24 20:13:36.830?[0;39m ?[32mDEBUG?[0;39m ?[35m30201?[0;39m ?[2m---?[0;39m ?[2m[    Test worker]?[0;39m ?[36mo.s.b.f.s.DefaultListableBeanFactory    ?[0;39m ?[2m:?[0;39m Creating shared instance of singleton bean 'org.springframework.boot.autoconfigure.transaction.TransactionAutoConfiguration$EnableTransactionManagementConfiguration'
?[2m2019-02-24 20:13:36.836?[0;39m ?[32mDEBUG?[0;39m ?[35m30201?[0;39m ?[2m---?[0;39m ?[2m[    Test worker]?[0;39m ?[36mo.s.b.f.s.DefaultListableBeanFactory    ?[0;39m ?[2m:?[0;39m Creating shared instance of singleton bean 'org.springframework.boot.autoconfigure.transaction.TransactionAutoConfiguration$TransactionTemplateConfiguration'
?[2m2019-02-24 20:13:36.837?[0;39m ?[32mDEBUG?[0;39m ?[35m30201?[0;39m ?[2m---?[0;39m ?[2m[    Test worker]?[0;39m ?[36mocalVariableTableParameterNameDiscoverer?[0;39m ?[2m:?[0;39m Cannot find '.class' file for class [class org.springframework.boot.autoconfigure.transaction.TransactionAutoConfiguration$TransactionTemplateConfiguration$$EnhancerBySpringCGLIB$$f4728e0a] - unable to determine constructor/method parameter names
?[2m2019-02-24 20:13:36.838?[0;39m ?[32mDEBUG?[0;39m ?[35m30201?[0;39m ?[2m---?[0;39m ?[2m[    Test worker]?[0;39m ?[36mo.s.b.f.s.DefaultListableBeanFactory    ?[0;39m ?[2m:?[0;39m Autowiring by type from bean name 'org.springframework.boot.autoconfigure.transaction.TransactionAutoConfiguration$TransactionTemplateConfiguration' via constructor to bean named 'transactionManager'
?[2m2019-02-24 20:13:36.849?[0;39m ?[32mDEBUG?[0;39m ?[35m30201?[0;39m ?[2m---?[0;39m ?[2m[    Test worker]?[0;39m ?[36mo.s.b.f.s.DefaultListableBeanFactory    ?[0;39m ?[2m:?[0;39m Creating shared instance of singleton bean 'transactionTemplate'
?[2m2019-02-24 20:13:36.894?[0;39m ?[32mDEBUG?[0;39m ?[35m30201?[0;39m ?[2m---?[0;39m ?[2m[    Test worker]?[0;39m ?[36mConditionEvaluationReportLoggingListener?[0;39m ?[2m:?[0;39m 


============================
CONDITIONS EVALUATION REPORT
============================


Positive matches:
-----------------

   AopAutoConfiguration matched:
      - @ConditionalOnClass found required classes 'org.springframework.context.annotation.EnableAspectJAutoProxy', 'org.aspectj.lang.annotation.Aspect', 'org.aspectj.lang.reflect.Advice', 'org.aspectj.weaver.AnnotatedElement' (OnClassCondition)
      - @ConditionalOnProperty (spring.aop.auto=true) matched (OnPropertyCondition)

   AopAutoConfiguration.CglibAutoProxyConfiguration matched:
      - @ConditionalOnProperty (spring.aop.proxy-target-class=true) matched (OnPropertyCondition)

   DataSourceAutoConfiguration matched:
      - @ConditionalOnClass found required classes 'javax.sql.DataSource', 'org.springframework.jdbc.datasource.embedded.EmbeddedDatabaseType' (OnClassCondition)

   DataSourceAutoConfiguration.PooledDataSourceConfiguration matched:
      - AnyNestedCondition 1 matched 1 did not; NestedCondition on DataSourceAutoConfiguration.PooledDataSourceCondition.PooledDataSourceAvailable PooledDataSource found supported DataSource; NestedCondition on DataSourceAutoConfiguration.PooledDataSourceCondition.ExplicitType @ConditionalOnProperty (spring.datasource.type) did not find property 'type' (DataSourceAutoConfiguration.PooledDataSourceCondition)
      - @ConditionalOnMissingBean (types: javax.sql.DataSource,javax.sql.XADataSource; SearchStrategy: all) did not find any beans (OnBeanCondition)

   DataSourceConfiguration.Hikari matched:
      - @ConditionalOnClass found required class 'com.zaxxer.hikari.HikariDataSource' (OnClassCondition)
      - @ConditionalOnProperty (spring.datasource.type=com.zaxxer.hikari.HikariDataSource) matched (OnPropertyCondition)
      - @ConditionalOnMissingBean (types: javax.sql.DataSource; SearchStrategy: all) did not find any beans (OnBeanCondition)

   DataSourcePoolMetadataProvidersConfiguration.HikariPoolDataSourceMetadataProviderConfiguration matched:
      - @ConditionalOnClass found required class 'com.zaxxer.hikari.HikariDataSource' (OnClassCondition)

   DataSourceTransactionManagerAutoConfiguration matched:
      - @ConditionalOnClass found required classes 'org.springframework.jdbc.core.JdbcTemplate', 'org.springframework.transaction.PlatformTransactionManager' (OnClassCondition)

   DataSourceTransactionManagerAutoConfiguration.DataSourceTransactionManagerConfiguration matched:
      - @ConditionalOnSingleCandidate (types: javax.sql.DataSource; SearchStrategy: all) found a primary bean from beans 'dataSource' (OnBeanCondition)

   GenericCacheConfiguration matched:
      - Cache org.springframework.boot.autoconfigure.cache.GenericCacheConfiguration automatic cache type (CacheCondition)

   GroovyTemplateAutoConfiguration matched:
      - @ConditionalOnClass found required class 'groovy.text.markup.MarkupTemplateEngine' (OnClassCondition)

   HibernateJpaAutoConfiguration matched:
      - @ConditionalOnClass found required classes 'org.springframework.orm.jpa.LocalContainerEntityManagerFactoryBean', 'javax.persistence.EntityManager' (OnClassCondition)
      - HibernateEntityManager found class 'org.hibernate.ejb.HibernateEntityManager' (HibernateJpaAutoConfiguration.HibernateEntityManagerCondition)

   HibernateJpaConfiguration matched:
      - @ConditionalOnSingleCandidate (types: javax.sql.DataSource; SearchStrategy: all) found a primary bean from beans 'dataSource' (OnBeanCondition)

   JdbcTemplateAutoConfiguration matched:
      - @ConditionalOnClass found required classes 'javax.sql.DataSource', 'org.springframework.jdbc.core.JdbcTemplate' (OnClassCondition)
      - @ConditionalOnSingleCandidate (types: javax.sql.DataSource; SearchStrategy: all) found a primary bean from beans 'dataSource' (OnBeanCondition)

   JdbcTemplateAutoConfiguration.JdbcTemplateConfiguration#jdbcTemplate matched:
      - @ConditionalOnMissingBean (types: org.springframework.jdbc.core.JdbcOperations; SearchStrategy: all) did not find any beans (OnBeanCondition)

   JdbcTemplateAutoConfiguration.NamedParameterJdbcTemplateConfiguration#namedParameterJdbcTemplate matched:
      - @ConditionalOnSingleCandidate (types: org.springframework.jdbc.core.JdbcTemplate; SearchStrategy: all) found a primary bean from beans 'jdbcTemplate'; @ConditionalOnMissingBean (types: org.springframework.jdbc.core.namedparam.NamedParameterJdbcOperations; SearchStrategy: all) did not find any beans (OnBeanCondition)

   JpaBaseConfiguration#entityManagerFactory matched:
      - @ConditionalOnMissingBean (types: org.springframework.orm.jpa.LocalContainerEntityManagerFactoryBean,javax.persistence.EntityManagerFactory; SearchStrategy: all) did not find any beans (OnBeanCondition)

   JpaBaseConfiguration#entityManagerFactoryBuilder matched:
      - @ConditionalOnMissingBean (types: org.springframework.boot.orm.jpa.EntityManagerFactoryBuilder; SearchStrategy: all) did not find any beans (OnBeanCondition)

   JpaBaseConfiguration#jpaVendorAdapter matched:
      - @ConditionalOnMissingBean (types: org.springframework.orm.jpa.JpaVendorAdapter; SearchStrategy: all) did not find any beans (OnBeanCondition)

   JpaBaseConfiguration#transactionManager matched:
      - @ConditionalOnMissingBean (types: org.springframework.transaction.PlatformTransactionManager; SearchStrategy: all) did not find any beans (OnBeanCondition)

   JpaRepositoriesAutoConfiguration matched:
      - @ConditionalOnClass found required class 'org.springframework.data.jpa.repository.JpaRepository' (OnClassCondition)
      - @ConditionalOnProperty (spring.data.jpa.repositories.enabled=true) matched (OnPropertyCondition)
      - @ConditionalOnBean (types: javax.sql.DataSource; SearchStrategy: all) found bean 'dataSource'; @ConditionalOnMissingBean (types: org.springframework.data.jpa.repository.support.JpaRepositoryFactoryBean,org.springframework.data.jpa.repository.config.JpaRepositoryConfigExtension; SearchStrategy: all) did not find any beans (OnBeanCondition)

   JtaAutoConfiguration matched:
      - @ConditionalOnClass found required class 'javax.transaction.Transaction' (OnClassCondition)
      - @ConditionalOnProperty (spring.jta.enabled) matched (OnPropertyCondition)

   NoOpCacheConfiguration matched:
      - Cache org.springframework.boot.autoconfigure.cache.NoOpCacheConfiguration automatic cache type (CacheCondition)

   PersistenceExceptionTranslationAutoConfiguration matched:
      - @ConditionalOnClass found required class 'org.springframework.dao.annotation.PersistenceExceptionTranslationPostProcessor' (OnClassCondition)

   PersistenceExceptionTranslationAutoConfiguration#persistenceExceptionTranslationPostProcessor matched:
      - @ConditionalOnProperty (spring.dao.exceptiontranslation.enabled) matched (OnPropertyCondition)
      - @ConditionalOnMissingBean (types: org.springframework.dao.annotation.PersistenceExceptionTranslationPostProcessor; SearchStrategy: all) did not find any beans (OnBeanCondition)

   PropertyPlaceholderAutoConfiguration#propertySourcesPlaceholderConfigurer matched:
      - @ConditionalOnMissingBean (types: org.springframework.context.support.PropertySourcesPlaceholderConfigurer; SearchStrategy: current) did not find any beans (OnBeanCondition)

   SimpleCacheConfiguration matched:
      - Cache org.springframework.boot.autoconfigure.cache.SimpleCacheConfiguration automatic cache type (CacheCondition)

   TaskExecutionAutoConfiguration matched:
      - @ConditionalOnClass found required class 'org.springframework.scheduling.concurrent.ThreadPoolTaskExecutor' (OnClassCondition)

   TaskExecutionAutoConfiguration#applicationTaskExecutor matched:
      - @ConditionalOnMissingBean (types: java.util.concurrent.Executor; SearchStrategy: all) did not find any beans (OnBeanCondition)

   TaskExecutionAutoConfiguration#taskExecutorBuilder matched:
      - @ConditionalOnMissingBean (types: org.springframework.boot.task.TaskExecutorBuilder; SearchStrategy: all) did not find any beans (OnBeanCondition)

   TaskSchedulingAutoConfiguration matched:
      - @ConditionalOnClass found required class 'org.springframework.scheduling.concurrent.ThreadPoolTaskScheduler' (OnClassCondition)

   TaskSchedulingAutoConfiguration#taskSchedulerBuilder matched:
      - @ConditionalOnMissingBean (types: org.springframework.boot.task.TaskSchedulerBuilder; SearchStrategy: all) did not find any beans (OnBeanCondition)

   TransactionAutoConfiguration matched:
      - @ConditionalOnClass found required class 'org.springframework.transaction.PlatformTransactionManager' (OnClassCondition)

   TransactionAutoConfiguration#platformTransactionManagerCustomizers matched:
      - @ConditionalOnMissingBean (types: org.springframework.boot.autoconfigure.transaction.TransactionManagerCustomizers; SearchStrategy: all) did not find any beans (OnBeanCondition)

   TransactionAutoConfiguration.EnableTransactionManagementConfiguration matched:
      - @ConditionalOnBean (types: org.springframework.transaction.PlatformTransactionManager; SearchStrategy: all) found bean 'transactionManager'; @ConditionalOnMissingBean (types: org.springframework.transaction.annotation.AbstractTransactionManagementConfiguration; SearchStrategy: all) did not find any beans (OnBeanCondition)

   TransactionAutoConfiguration.EnableTransactionManagementConfiguration.CglibAutoProxyConfiguration matched:
      - @ConditionalOnProperty (spring.aop.proxy-target-class=true) matched (OnPropertyCondition)

   TransactionAutoConfiguration.TransactionTemplateConfiguration matched:
      - @ConditionalOnSingleCandidate (types: org.springframework.transaction.PlatformTransactionManager; SearchStrategy: all) found a primary bean from beans 'transactionManager' (OnBeanCondition)

   TransactionAutoConfiguration.TransactionTemplateConfiguration#transactionTemplate matched:
      - @ConditionalOnMissingBean (types: org.springframework.transaction.support.TransactionTemplate; SearchStrategy: all) did not find any beans (OnBeanCondition)


Negative matches:
-----------------

   ActiveMQAutoConfiguration:
      Did not match:
         - @ConditionalOnClass did not find required class 'javax.jms.ConnectionFactory' (OnClassCondition)

   AopAutoConfiguration.JdkDynamicAutoProxyConfiguration:
      Did not match:
         - @ConditionalOnProperty (spring.aop.proxy-target-class=false) did not find property 'proxy-target-class' (OnPropertyCondition)

   ArtemisAutoConfiguration:
      Did not match:
         - @ConditionalOnClass did not find required class 'javax.jms.ConnectionFactory' (OnClassCondition)

   AtomikosJtaConfiguration:
      Did not match:
         - @ConditionalOnClass did not find required class 'com.atomikos.icatch.jta.UserTransactionManager' (OnClassCondition)

   BatchAutoConfiguration:
      Did not match:
         - @ConditionalOnClass did not find required class 'org.springframework.batch.core.launch.JobLauncher' (OnClassCondition)

   BitronixJtaConfiguration:
      Did not match:
         - @ConditionalOnClass did not find required class 'bitronix.tm.jndi.BitronixContext' (OnClassCondition)

   CacheAutoConfiguration:
      Did not match:
         - @ConditionalOnBean (types: org.springframework.cache.interceptor.CacheAspectSupport; SearchStrategy: all) did not find any beans of type org.springframework.cache.interceptor.CacheAspectSupport (OnBeanCondition)
      Matched:
         - @ConditionalOnClass found required class 'org.springframework.cache.CacheManager' (OnClassCondition)

   CacheAutoConfiguration.CacheManagerJpaDependencyConfiguration:
      Did not match:
         - Ancestor org.springframework.boot.autoconfigure.cache.CacheAutoConfiguration did not match (ConditionEvaluationReport.AncestorsMatchedCondition)
      Matched:
         - @ConditionalOnClass found required class 'org.springframework.orm.jpa.LocalContainerEntityManagerFactoryBean' (OnClassCondition)

   CaffeineCacheConfiguration:
      Did not match:
         - @ConditionalOnClass did not find required classes 'com.github.benmanes.caffeine.cache.Caffeine', 'org.springframework.cache.caffeine.CaffeineCacheManager' (OnClassCondition)

   CassandraAutoConfiguration:
      Did not match:
         - @ConditionalOnClass did not find required class 'com.datastax.driver.core.Cluster' (OnClassCondition)

   CassandraDataAutoConfiguration:
      Did not match:
         - @ConditionalOnClass did not find required class 'com.datastax.driver.core.Cluster' (OnClassCondition)

   CassandraReactiveDataAutoConfiguration:
      Did not match:
         - @ConditionalOnClass did not find required class 'com.datastax.driver.core.Cluster' (OnClassCondition)

   CassandraReactiveRepositoriesAutoConfiguration:
      Did not match:
         - @ConditionalOnClass did not find required class 'org.springframework.data.cassandra.ReactiveSession' (OnClassCondition)

   CassandraRepositoriesAutoConfiguration:
      Did not match:
         - @ConditionalOnClass did not find required class 'com.datastax.driver.core.Session' (OnClassCondition)

   ClientHttpConnectorAutoConfiguration:
      Did not match:
         - @ConditionalOnClass did not find required class 'org.springframework.web.reactive.function.client.WebClient' (OnClassCondition)

   CloudServiceConnectorsAutoConfiguration:
      Did not match:
         - @ConditionalOnClass did not find required class 'org.springframework.cloud.config.java.CloudScanConfiguration' (OnClassCondition)

   CodecsAutoConfiguration:
      Did not match:
         - @ConditionalOnClass did not find required class 'org.springframework.http.codec.CodecConfigurer' (OnClassCondition)

   CouchbaseAutoConfiguration:
      Did not match:
         - @ConditionalOnClass did not find required class 'com.couchbase.client.java.Cluster' (OnClassCondition)

   CouchbaseCacheConfiguration:
      Did not match:
         - @ConditionalOnClass did not find required classes 'com.couchbase.client.java.Bucket', 'com.couchbase.client.spring.cache.CouchbaseCacheManager' (OnClassCondition)

   CouchbaseDataAutoConfiguration:
      Did not match:
         - @ConditionalOnClass did not find required class 'com.couchbase.client.java.Bucket' (OnClassCondition)

   CouchbaseReactiveDataAutoConfiguration:
      Did not match:
         - @ConditionalOnClass did not find required class 'com.couchbase.client.java.Bucket' (OnClassCondition)

   CouchbaseReactiveRepositoriesAutoConfiguration:
      Did not match:
         - @ConditionalOnClass did not find required class 'com.couchbase.client.java.Bucket' (OnClassCondition)

   CouchbaseRepositoriesAutoConfiguration:
      Did not match:
         - @ConditionalOnClass did not find required class 'com.couchbase.client.java.Bucket' (OnClassCondition)

   DataSourceAutoConfiguration.EmbeddedDatabaseConfiguration:
      Did not match:
         - EmbeddedDataSource found supported pooled data source (DataSourceAutoConfiguration.EmbeddedDatabaseCondition)

   DataSourceConfiguration.Dbcp2:
      Did not match:
         - @ConditionalOnClass did not find required class 'org.apache.commons.dbcp2.BasicDataSource' (OnClassCondition)

   DataSourceConfiguration.Generic:
      Did not match:
         - @ConditionalOnProperty (spring.datasource.type) did not find property 'spring.datasource.type' (OnPropertyCondition)

   DataSourceConfiguration.Tomcat:
      Did not match:
         - @ConditionalOnClass did not find required class 'org.apache.tomcat.jdbc.pool.DataSource' (OnClassCondition)

   DataSourceJmxConfiguration:
      Did not match:
         - @ConditionalOnProperty (spring.jmx.enabled=true) found different value in property 'enabled' (OnPropertyCondition)

   DataSourcePoolMetadataProvidersConfiguration.CommonsDbcp2PoolDataSourceMetadataProviderConfiguration:
      Did not match:
         - @ConditionalOnClass did not find required class 'org.apache.commons.dbcp2.BasicDataSource' (OnClassCondition)

   DataSourcePoolMetadataProvidersConfiguration.TomcatDataSourcePoolMetadataProviderConfiguration:
      Did not match:
         - @ConditionalOnClass did not find required class 'org.apache.tomcat.jdbc.pool.DataSource' (OnClassCondition)

   DataSourceTransactionManagerAutoConfiguration.DataSourceTransactionManagerConfiguration#transactionManager:
      Did not match:
         - @ConditionalOnMissingBean (types: org.springframework.transaction.PlatformTransactionManager; SearchStrategy: all) found beans of type 'org.springframework.transaction.PlatformTransactionManager' transactionManager (OnBeanCondition)

   DispatcherServletAutoConfiguration:
      Did not match:
         - @ConditionalOnClass did not find required class 'org.springframework.web.servlet.DispatcherServlet' (OnClassCondition)

   EhCacheCacheConfiguration:
      Did not match:
         - @ConditionalOnClass did not find required classes 'net.sf.ehcache.Cache', 'org.springframework.cache.ehcache.EhCacheCacheManager' (OnClassCondition)

   ElasticsearchAutoConfiguration:
      Did not match:
         - @ConditionalOnClass did not find required class 'org.elasticsearch.client.Client' (OnClassCondition)

   ElasticsearchDataAutoConfiguration:
      Did not match:
         - @ConditionalOnClass did not find required class 'org.elasticsearch.client.Client' (OnClassCondition)

   ElasticsearchRepositoriesAutoConfiguration:
      Did not match:
         - @ConditionalOnClass did not find required class 'org.elasticsearch.client.Client' (OnClassCondition)

   EmbeddedLdapAutoConfiguration:
      Did not match:
         - @ConditionalOnClass did not find required class 'com.unboundid.ldap.listener.InMemoryDirectoryServer' (OnClassCondition)

   EmbeddedMongoAutoConfiguration:
      Did not match:
         - @ConditionalOnClass did not find required class 'com.mongodb.MongoClient' (OnClassCondition)

   EmbeddedWebServerFactoryCustomizerAutoConfiguration:
      Did not match:
         - @ConditionalOnWebApplication did not find reactive or servlet web application classes (OnWebApplicationCondition)

   ErrorMvcAutoConfiguration:
      Did not match:
         - @ConditionalOnClass did not find required class 'javax.servlet.Servlet' (OnClassCondition)

   ErrorWebFluxAutoConfiguration:
      Did not match:
         - @ConditionalOnClass did not find required class 'org.springframework.web.reactive.config.WebFluxConfigurer' (OnClassCondition)

   FlywayAutoConfiguration:
      Did not match:
         - @ConditionalOnClass did not find required class 'org.flywaydb.core.Flyway' (OnClassCondition)

   FreeMarkerAutoConfiguration:
      Did not match:
         - @ConditionalOnClass did not find required class 'freemarker.template.Configuration' (OnClassCondition)

   GroovyTemplateAutoConfiguration.GroovyMarkupConfiguration:
      Did not match:
         - @ConditionalOnClass did not find required class 'org.springframework.web.servlet.view.groovy.GroovyMarkupConfigurer' (OnClassCondition)

   GroovyTemplateAutoConfiguration.GroovyWebConfiguration:
      Did not match:
         - @ConditionalOnClass did not find required classes 'javax.servlet.Servlet', 'org.springframework.web.servlet.view.UrlBasedViewResolver' (OnClassCondition)

   GsonAutoConfiguration:
      Did not match:
         - @ConditionalOnClass did not find required class 'com.google.gson.Gson' (OnClassCondition)

   H2ConsoleAutoConfiguration:
      Did not match:
         - @ConditionalOnClass did not find required class 'org.h2.server.web.WebServlet' (OnClassCondition)

   HazelcastAutoConfiguration:
      Did not match:
         - @ConditionalOnClass did not find required class 'com.hazelcast.core.HazelcastInstance' (OnClassCondition)

   HazelcastCacheConfiguration:
      Did not match:
         - @ConditionalOnClass did not find required classes 'com.hazelcast.core.HazelcastInstance', 'com.hazelcast.spring.cache.HazelcastCacheManager' (OnClassCondition)

   HazelcastJpaDependencyAutoConfiguration:
      Did not match:
         - @ConditionalOnClass did not find required class 'com.hazelcast.core.HazelcastInstance' (OnClassCondition)

   HttpEncodingAutoConfiguration:
      Did not match:
         - @ConditionalOnClass did not find required class 'org.springframework.web.filter.CharacterEncodingFilter' (OnClassCondition)

   HttpHandlerAutoConfiguration:
      Did not match:
         - @ConditionalOnClass did not find required class 'org.springframework.http.server.reactive.HttpHandler' (OnClassCondition)

   HttpMessageConvertersAutoConfiguration:
      Did not match:
         - @ConditionalOnClass did not find required class 'org.springframework.http.converter.HttpMessageConverter' (OnClassCondition)

   HypermediaAutoConfiguration:
      Did not match:
         - @ConditionalOnClass did not find required class 'org.springframework.hateoas.Resource' (OnClassCondition)

   InfinispanCacheConfiguration:
      Did not match:
         - @ConditionalOnClass did not find required class 'org.infinispan.spring.provider.SpringEmbeddedCacheManager' (OnClassCondition)

   InfluxDbAutoConfiguration:
      Did not match:
         - @ConditionalOnClass did not find required class 'org.influxdb.InfluxDB' (OnClassCondition)

   IntegrationAutoConfiguration:
      Did not match:
         - @ConditionalOnClass did not find required class 'org.springframework.integration.config.EnableIntegration' (OnClassCondition)

   JCacheCacheConfiguration:
      Did not match:
         - @ConditionalOnClass did not find required classes 'javax.cache.Caching', 'org.springframework.cache.jcache.JCacheCacheManager' (OnClassCondition)

   JacksonAutoConfiguration:
      Did not match:
         - @ConditionalOnClass did not find required class 'com.fasterxml.jackson.databind.ObjectMapper' (OnClassCondition)

   JdbcRepositoriesAutoConfiguration:
      Did not match:
         - @ConditionalOnClass did not find required class 'org.springframework.data.jdbc.repository.config.JdbcConfiguration' (OnClassCondition)

   JerseyAutoConfiguration:
      Did not match:
         - @ConditionalOnClass did not find required class 'javax.servlet.ServletRegistration' (OnClassCondition)

   JestAutoConfiguration:
      Did not match:
         - @ConditionalOnClass did not find required class 'io.searchbox.client.JestClient' (OnClassCondition)

   JmsAutoConfiguration:
      Did not match:
         - @ConditionalOnClass did not find required class 'javax.jms.Message' (OnClassCondition)

   JmxAutoConfiguration:
      Did not match:
         - @ConditionalOnProperty (spring.jmx.enabled=true) found different value in property 'enabled' (OnPropertyCondition)
      Matched:
         - @ConditionalOnClass found required class 'org.springframework.jmx.export.MBeanExporter' (OnClassCondition)

   JndiConnectionFactoryAutoConfiguration:
      Did not match:
         - @ConditionalOnClass did not find required class 'org.springframework.jms.core.JmsTemplate' (OnClassCondition)

   JndiDataSourceAutoConfiguration:
      Did not match:
         - @ConditionalOnProperty (spring.datasource.jndi-name) did not find property 'jndi-name' (OnPropertyCondition)
      Matched:
         - @ConditionalOnClass found required classes 'javax.sql.DataSource', 'org.springframework.jdbc.datasource.embedded.EmbeddedDatabaseType' (OnClassCondition)

   JndiJtaConfiguration:
      Did not match:
         - @ConditionalOnJndi JNDI environment is not available (OnJndiCondition)
      Matched:
         - @ConditionalOnClass found required class 'org.springframework.transaction.jta.JtaTransactionManager' (OnClassCondition)

   JooqAutoConfiguration:
      Did not match:
         - @ConditionalOnClass did not find required class 'org.jooq.DSLContext' (OnClassCondition)

   JpaBaseConfiguration.JpaWebConfiguration:
      Did not match:
         - @ConditionalOnClass did not find required class 'org.springframework.web.servlet.config.annotation.WebMvcConfigurer' (OnClassCondition)

   JpaRepositoriesAutoConfiguration#entityManagerFactoryBootstrapExecutorCustomizer:
      Did not match:
         - AnyNestedCondition 0 matched 2 did not; NestedCondition on JpaRepositoriesAutoConfiguration.BootstrapExecutorCondition.LazyBootstrapMode @ConditionalOnProperty (spring.data.jpa.repositories.bootstrap-mode=lazy) did not find property 'bootstrap-mode'; NestedCondition on JpaRepositoriesAutoConfiguration.BootstrapExecutorCondition.DeferredBootstrapMode @ConditionalOnProperty (spring.data.jpa.repositories.bootstrap-mode=deferred) did not find property 'bootstrap-mode' (JpaRepositoriesAutoConfiguration.BootstrapExecutorCondition)

   JsonbAutoConfiguration:
      Did not match:
         - @ConditionalOnClass did not find required class 'javax.json.bind.Jsonb' (OnClassCondition)

   KafkaAutoConfiguration:
      Did not match:
         - @ConditionalOnClass did not find required class 'org.springframework.kafka.core.KafkaTemplate' (OnClassCondition)

   LdapAutoConfiguration:
      Did not match:
         - @ConditionalOnClass did not find required class 'org.springframework.ldap.core.ContextSource' (OnClassCondition)

   LdapRepositoriesAutoConfiguration:
      Did not match:
         - @ConditionalOnClass did not find required class 'org.springframework.data.ldap.repository.LdapRepository' (OnClassCondition)

   LiquibaseAutoConfiguration:
      Did not match:
         - @ConditionalOnClass did not find required class 'liquibase.change.DatabaseChange' (OnClassCondition)

   MailSenderAutoConfiguration:
      Did not match:
         - @ConditionalOnClass did not find required class 'javax.mail.internet.MimeMessage' (OnClassCondition)

   MailSenderValidatorAutoConfiguration:
      Did not match:
         - @ConditionalOnSingleCandidate did not find required type 'org.springframework.mail.javamail.JavaMailSenderImpl' (OnBeanCondition)

   MessageSourceAutoConfiguration:
      Did not match:
         - ResourceBundle did not find bundle with basename messages (MessageSourceAutoConfiguration.ResourceBundleCondition)

   MongoAutoConfiguration:
      Did not match:
         - @ConditionalOnClass did not find required class 'com.mongodb.MongoClient' (OnClassCondition)

   MongoDataAutoConfiguration:
      Did not match:
         - @ConditionalOnClass did not find required class 'com.mongodb.client.MongoClient' (OnClassCondition)

   MongoReactiveAutoConfiguration:
      Did not match:
         - @ConditionalOnClass did not find required class 'com.mongodb.reactivestreams.client.MongoClient' (OnClassCondition)

   MongoReactiveDataAutoConfiguration:
      Did not match:
         - @ConditionalOnClass did not find required class 'com.mongodb.reactivestreams.client.MongoClient' (OnClassCondition)

   MongoReactiveRepositoriesAutoConfiguration:
      Did not match:
         - @ConditionalOnClass did not find required class 'com.mongodb.reactivestreams.client.MongoClient' (OnClassCondition)

   MongoRepositoriesAutoConfiguration:
      Did not match:
         - @ConditionalOnClass did not find required class 'com.mongodb.MongoClient' (OnClassCondition)

   MultipartAutoConfiguration:
      Did not match:
         - @ConditionalOnClass did not find required class 'javax.servlet.MultipartConfigElement' (OnClassCondition)

   MustacheAutoConfiguration:
      Did not match:
         - @ConditionalOnClass did not find required class 'com.samskivert.mustache.Mustache' (OnClassCondition)

   Neo4jDataAutoConfiguration:
      Did not match:
         - @ConditionalOnClass did not find required class 'org.neo4j.ogm.session.SessionFactory' (OnClassCondition)

   Neo4jRepositoriesAutoConfiguration:
      Did not match:
         - @ConditionalOnClass did not find required class 'org.neo4j.ogm.session.Neo4jSession' (OnClassCondition)

   OAuth2ClientAutoConfiguration:
      Did not match:
         - @ConditionalOnClass did not find required class 'org.springframework.security.config.annotation.web.configuration.EnableWebSecurity' (OnClassCondition)

   OAuth2ResourceServerAutoConfiguration:
      Did not match:
         - @ConditionalOnClass did not find required class 'org.springframework.security.oauth2.jwt.JwtDecoder' (OnClassCondition)

   ProjectInfoAutoConfiguration#buildProperties:
      Did not match:
         - @ConditionalOnResource did not find resource '${spring.info.build.location:classpath:META-INF/build-info.properties}' (OnResourceCondition)

   ProjectInfoAutoConfiguration#gitProperties:
      Did not match:
         - GitResource did not find git info at classpath:git.properties (ProjectInfoAutoConfiguration.GitResourceAvailableCondition)

   QuartzAutoConfiguration:
      Did not match:
         - @ConditionalOnClass did not find required class 'org.quartz.Scheduler' (OnClassCondition)

   RabbitAutoConfiguration:
      Did not match:
         - @ConditionalOnClass did not find required class 'com.rabbitmq.client.Channel' (OnClassCondition)

   ReactiveOAuth2ClientAutoConfiguration:
      Did not match:
         - @ConditionalOnClass did not find required class 'reactor.core.publisher.Flux' (OnClassCondition)

   ReactiveOAuth2ResourceServerAutoConfiguration:
      Did not match:
         - @ConditionalOnClass did not find required class 'org.springframework.security.config.annotation.web.reactive.EnableWebFluxSecurity' (OnClassCondition)

   ReactiveSecurityAutoConfiguration:
      Did not match:
         - @ConditionalOnClass did not find required class 'reactor.core.publisher.Flux' (OnClassCondition)

   ReactiveUserDetailsServiceAutoConfiguration:
      Did not match:
         - @ConditionalOnClass did not find required class 'org.springframework.security.authentication.ReactiveAuthenticationManager' (OnClassCondition)

   ReactiveWebServerFactoryAutoConfiguration:
      Did not match:
         - @ConditionalOnClass did not find required class 'org.springframework.http.ReactiveHttpInputMessage' (OnClassCondition)

   ReactorCoreAutoConfiguration:
      Did not match:
         - @ConditionalOnClass did not find required class 'reactor.core.publisher.Flux' (OnClassCondition)

   RedisAutoConfiguration:
      Did not match:
         - @ConditionalOnClass did not find required class 'org.springframework.data.redis.core.RedisOperations' (OnClassCondition)

   RedisCacheConfiguration:
      Did not match:
         - @ConditionalOnClass did not find required class 'org.springframework.data.redis.connection.RedisConnectionFactory' (OnClassCondition)

   RedisReactiveAutoConfiguration:
      Did not match:
         - @ConditionalOnClass did not find required class 'reactor.core.publisher.Flux' (OnClassCondition)

   RedisRepositoriesAutoConfiguration:
      Did not match:
         - @ConditionalOnClass did not find required class 'org.springframework.data.redis.repository.configuration.EnableRedisRepositories' (OnClassCondition)

   RepositoryRestMvcAutoConfiguration:
      Did not match:
         - @ConditionalOnClass did not find required class 'org.springframework.data.rest.webmvc.config.RepositoryRestMvcConfiguration' (OnClassCondition)

   RestClientAutoConfiguration:
      Did not match:
         - @ConditionalOnClass did not find required class 'org.elasticsearch.client.RestClient' (OnClassCondition)

   RestTemplateAutoConfiguration:
      Did not match:
         - @ConditionalOnClass did not find required class 'org.springframework.web.client.RestTemplate' (OnClassCondition)

   SecurityAutoConfiguration:
      Did not match:
         - @ConditionalOnClass did not find required class 'org.springframework.security.authentication.DefaultAuthenticationEventPublisher' (OnClassCondition)

   SecurityFilterAutoConfiguration:
      Did not match:
         - @ConditionalOnClass did not find required class 'org.springframework.security.config.http.SessionCreationPolicy' (OnClassCondition)

   SecurityRequestMatcherProviderAutoConfiguration:
      Did not match:
         - @ConditionalOnClass did not find required class 'org.springframework.security.web.util.matcher.RequestMatcher' (OnClassCondition)

   SendGridAutoConfiguration:
      Did not match:
         - @ConditionalOnClass did not find required class 'com.sendgrid.SendGrid' (OnClassCondition)

   ServletWebServerFactoryAutoConfiguration:
      Did not match:
         - @ConditionalOnClass did not find required class 'javax.servlet.ServletRequest' (OnClassCondition)

   SessionAutoConfiguration:
      Did not match:
         - @ConditionalOnClass did not find required class 'org.springframework.session.Session' (OnClassCondition)

   SolrAutoConfiguration:
      Did not match:
         - @ConditionalOnClass did not find required class 'org.apache.solr.client.solrj.impl.CloudSolrClient' (OnClassCondition)

   SolrRepositoriesAutoConfiguration:
      Did not match:
         - @ConditionalOnClass did not find required class 'org.apache.solr.client.solrj.SolrClient' (OnClassCondition)

   SpringApplicationAdminJmxAutoConfiguration:
      Did not match:
         - @ConditionalOnProperty (spring.application.admin.enabled=true) did not find property 'enabled' (OnPropertyCondition)

   SpringDataWebAutoConfiguration:
      Did not match:
         - @ConditionalOnClass did not find required class 'org.springframework.data.web.PageableHandlerMethodArgumentResolver' (OnClassCondition)

   TaskSchedulingAutoConfiguration#taskScheduler:
      Did not match:
         - @ConditionalOnBean (names: org.springframework.context.annotation.internalScheduledAnnotationProcessor; SearchStrategy: all) did not find any beans named org.springframework.context.annotation.internalScheduledAnnotationProcessor (OnBeanCondition)

   ThymeleafAutoConfiguration:
      Did not match:
         - @ConditionalOnClass did not find required class 'org.thymeleaf.templatemode.TemplateMode' (OnClassCondition)

   TransactionAutoConfiguration.EnableTransactionManagementConfiguration.JdkDynamicAutoProxyConfiguration:
      Did not match:
         - @ConditionalOnProperty (spring.aop.proxy-target-class=false) did not find property 'proxy-target-class' (OnPropertyCondition)

   UserDetailsServiceAutoConfiguration:
      Did not match:
         - @ConditionalOnClass did not find required class 'org.springframework.security.authentication.AuthenticationManager' (OnClassCondition)

   ValidationAutoConfiguration:
      Did not match:
         - @ConditionalOnClass did not find required class 'javax.validation.executable.ExecutableValidator' (OnClassCondition)

   WebClientAutoConfiguration:
      Did not match:
         - @ConditionalOnClass did not find required class 'org.springframework.web.reactive.function.client.WebClient' (OnClassCondition)

   WebFluxAutoConfiguration:
      Did not match:
         - @ConditionalOnClass did not find required class 'org.springframework.web.reactive.config.WebFluxConfigurer' (OnClassCondition)

   WebMvcAutoConfiguration:
      Did not match:
         - @ConditionalOnClass did not find required class 'javax.servlet.Servlet' (OnClassCondition)

   WebServiceTemplateAutoConfiguration:
      Did not match:
         - @ConditionalOnClass did not find required class 'org.springframework.oxm.Marshaller' (OnClassCondition)

   WebServicesAutoConfiguration:
      Did not match:
         - @ConditionalOnClass did not find required class 'org.springframework.ws.transport.http.MessageDispatcherServlet' (OnClassCondition)

   WebSocketMessagingAutoConfiguration:
      Did not match:
         - @ConditionalOnClass did not find required class 'org.springframework.web.socket.config.annotation.WebSocketMessageBrokerConfigurer' (OnClassCondition)

   WebSocketReactiveAutoConfiguration:
      Did not match:
         - @ConditionalOnClass did not find required class 'javax.servlet.Servlet' (OnClassCondition)

   WebSocketServletAutoConfiguration:
      Did not match:
         - @ConditionalOnClass did not find required class 'javax.servlet.Servlet' (OnClassCondition)

   XADataSourceAutoConfiguration:
      Did not match:
         - @ConditionalOnBean (types: org.springframework.boot.jdbc.XADataSourceWrapper; SearchStrategy: all) did not find any beans of type org.springframework.boot.jdbc.XADataSourceWrapper (OnBeanCondition)
      Matched:
         - @ConditionalOnClass found required classes 'javax.sql.DataSource', 'javax.transaction.TransactionManager', 'org.springframework.jdbc.datasource.embedded.EmbeddedDatabaseType' (OnClassCondition)


Exclusions:
-----------

    None


Unconditional classes:
----------------------

    org.springframework.boot.autoconfigure.context.ConfigurationPropertiesAutoConfiguration

    org.springframework.boot.autoconfigure.context.PropertyPlaceholderAutoConfiguration

    org.springframework.boot.autoconfigure.info.ProjectInfoAutoConfiguration



?[2m2019-02-24 20:13:36.918?[0;39m ?[32m INFO?[0;39m ?[35m30201?[0;39m ?[2m---?[0;39m ?[2m[    Test worker]?[0;39m ?[36mcom.tool.reporting.ProjectServiceTest   ?[0;39m ?[2m:?[0;39m Started ProjectServiceTest in 1.207 seconds (JVM running for 11.506)
?[2m2019-02-24 20:13:36.919?[0;39m ?[32mDEBUG?[0;39m ?[35m30201?[0;39m ?[2m---?[0;39m ?[2m[    Test worker]?[0;39m ?[36mc.DefaultCacheAwareContextLoaderDelegate?[0;39m ?[2m:?[0;39m Storing ApplicationContext in cache under key [[MergedContextConfiguration@3e2acc98 testClass = ProjectServiceTest, locations = '{}', classes = '{class com.tool.reporting.SpringCoreApplication, class com.tool.reporting.SpringCoreApplication}', contextInitializerClasses = '[]', activeProfiles = '{}', propertySourceLocations = '{}', propertySourceProperties = '{org.springframework.boot.test.context.SpringBootTestContextBootstrapper=true}', contextCustomizers = set[org.spockframework.spring.mock.SpockContextCustomizer@0, org.springframework.boot.test.autoconfigure.properties.PropertyMappingContextCustomizer@0, org.springframework.boot.test.autoconfigure.web.servlet.WebDriverContextCustomizerFactory$Customizer@f9b5fd8, org.springframework.boot.test.context.filter.ExcludeFilterContextCustomizer@5d4634c4, org.springframework.boot.test.json.DuplicateJsonObjectContextCustomizerFactory$DuplicateJsonObjectContextCustomizer@32fb2516, org.springframework.boot.test.mock.mockito.MockitoContextCustomizer@0, org.springframework.boot.test.web.client.TestRestTemplateContextCustomizer@5e15b86d], contextLoader = 'org.springframework.boot.test.context.SpringBootContextLoader', parent = [null]]]
?[2m2019-02-24 20:13:36.919?[0;39m ?[32mDEBUG?[0;39m ?[35m30201?[0;39m ?[2m---?[0;39m ?[2m[    Test worker]?[0;39m ?[36morg.springframework.test.context.cache  ?[0;39m ?[2m:?[0;39m Spring test ApplicationContext cache statistics: [DefaultContextCache@334ddfd5 size = 1, maxSize = 32, parentContextCount = 0, hitCount = 8, missCount = 3]
?[2m2019-02-24 20:13:36.926?[0;39m ?[32mDEBUG?[0;39m ?[35m30201?[0;39m ?[2m---?[0;39m ?[2m[    Test worker]?[0;39m ?[36mtractDirtiesContextTestExecutionListener?[0;39m ?[2m:?[0;39m Before test method: context [DefaultTestContext@3429216c testClass = ProjectServiceTest, testInstance = com.tool.reporting.ProjectServiceTest@515a21d4, testMethod = saveProjectTest@ProjectServiceTest, testException = [null], mergedContextConfiguration = [MergedContextConfiguration@3e2acc98 testClass = ProjectServiceTest, locations = '{}', classes = '{class com.tool.reporting.SpringCoreApplication, class com.tool.reporting.SpringCoreApplication}', contextInitializerClasses = '[]', activeProfiles = '{}', propertySourceLocations = '{}', propertySourceProperties = '{org.springframework.boot.test.context.SpringBootTestContextBootstrapper=true}', contextCustomizers = set[org.spockframework.spring.mock.SpockContextCustomizer@0, org.springframework.boot.test.autoconfigure.properties.PropertyMappingContextCustomizer@0, org.springframework.boot.test.autoconfigure.web.servlet.WebDriverContextCustomizerFactory$Customizer@f9b5fd8, org.springframework.boot.test.context.filter.ExcludeFilterContextCustomizer@5d4634c4, org.springframework.boot.test.json.DuplicateJsonObjectContextCustomizerFactory$DuplicateJsonObjectContextCustomizer@32fb2516, org.springframework.boot.test.mock.mockito.MockitoContextCustomizer@0, org.springframework.boot.test.web.client.TestRestTemplateContextCustomizer@5e15b86d], contextLoader = 'org.springframework.boot.test.context.SpringBootContextLoader', parent = [null]], attributes = map[[empty]]], class annotated with @DirtiesContext [false] with mode [null], method annotated with @DirtiesContext [false] with mode [null].
?[2m2019-02-24 20:13:36.927?[0;39m ?[32mDEBUG?[0;39m ?[35m30201?[0;39m ?[2m---?[0;39m ?[2m[    Test worker]?[0;39m ?[36mc.DefaultCacheAwareContextLoaderDelegate?[0;39m ?[2m:?[0;39m Retrieved ApplicationContext from cache with key [[MergedContextConfiguration@3e2acc98 testClass = ProjectServiceTest, locations = '{}', classes = '{class com.tool.reporting.SpringCoreApplication, class com.tool.reporting.SpringCoreApplication}', contextInitializerClasses = '[]', activeProfiles = '{}', propertySourceLocations = '{}', propertySourceProperties = '{org.springframework.boot.test.context.SpringBootTestContextBootstrapper=true}', contextCustomizers = set[org.spockframework.spring.mock.SpockContextCustomizer@0, org.springframework.boot.test.autoconfigure.properties.PropertyMappingContextCustomizer@0, org.springframework.boot.test.autoconfigure.web.servlet.WebDriverContextCustomizerFactory$Customizer@f9b5fd8, org.springframework.boot.test.context.filter.ExcludeFilterContextCustomizer@5d4634c4, org.springframework.boot.test.json.DuplicateJsonObjectContextCustomizerFactory$DuplicateJsonObjectContextCustomizer@32fb2516, org.springframework.boot.test.mock.mockito.MockitoContextCustomizer@0, org.springframework.boot.test.web.client.TestRestTemplateContextCustomizer@5e15b86d], contextLoader = 'org.springframework.boot.test.context.SpringBootContextLoader', parent = [null]]]
?[2m2019-02-24 20:13:36.927?[0;39m ?[32mDEBUG?[0;39m ?[35m30201?[0;39m ?[2m---?[0;39m ?[2m[    Test worker]?[0;39m ?[36morg.springframework.test.context.cache  ?[0;39m ?[2m:?[0;39m Spring test ApplicationContext cache statistics: [DefaultContextCache@334ddfd5 size = 1, maxSize = 32, parentContextCount = 0, hitCount = 9, missCount = 3]
?[2m2019-02-24 20:13:36.930?[0;39m ?[32m INFO?[0;39m ?[35m30201?[0;39m ?[2m---?[0;39m ?[2m[    Test worker]?[0;39m ?[36mc.tool.reporting.service.ProjectService ?[0;39m ?[2m:?[0;39m ProjectService: saveProject() method called
?[2m2019-02-24 20:13:36.930?[0;39m ?[32m INFO?[0;39m ?[35m30201?[0;39m ?[2m---?[0;39m ?[2m[    Test worker]?[0;39m ?[36mc.tool.reporting.service.ProjectService ?[0;39m ?[2m:?[0;39m Project: Project(id=null, submitter=null, name=Doomsday, description=A top secret project led by William Birkins, approver=null, state=null, health=null, summary=Classified, budgetCost=1000.0, actualCost=1011.0, forecastedCost=1500.0, implementationDate=2019-02-24T20:13:36.930, milestoneDate=2019-02-24T20:13:36.930, milestoneStatus=null, isDeleted=false, creationDate=null, lastUpdateDate=null)
?[2m2019-02-24 20:13:36.931?[0;39m ?[32mDEBUG?[0;39m ?[35m30201?[0;39m ?[2m---?[0;39m ?[2m[    Test worker]?[0;39m ?[36mstomAnnotationTransactionAttributeSource?[0;39m ?[2m:?[0;39m Adding transactional method 'save' with attribute: PROPAGATION_REQUIRED,ISOLATION_DEFAULT
?[2m2019-02-24 20:13:36.932?[0;39m ?[32mDEBUG?[0;39m ?[35m30201?[0;39m ?[2m---?[0;39m ?[2m[    Test worker]?[0;39m ?[36mo.s.orm.jpa.JpaTransactionManager       ?[0;39m ?[2m:?[0;39m Creating new transaction with name [org.springframework.data.jpa.repository.support.SimpleJpaRepository.save]: PROPAGATION_REQUIRED,ISOLATION_DEFAULT
?[2m2019-02-24 20:13:36.932?[0;39m ?[32mDEBUG?[0;39m ?[35m30201?[0;39m ?[2m---?[0;39m ?[2m[    Test worker]?[0;39m ?[36mo.s.orm.jpa.JpaTransactionManager       ?[0;39m ?[2m:?[0;39m Opened new EntityManager [SessionImpl(322959520<open>)] for JPA transaction
?[2m2019-02-24 20:13:36.932?[0;39m ?[32mDEBUG?[0;39m ?[35m30201?[0;39m ?[2m---?[0;39m ?[2m[    Test worker]?[0;39m ?[36mo.s.orm.jpa.JpaTransactionManager       ?[0;39m ?[2m:?[0;39m Exposing JPA transaction as JDBC [org.springframework.orm.jpa.vendor.HibernateJpaDialect$HibernateConnectionHandle@1ed35850]
Hibernate: 
    call next value for hibernate_sequence
?[2m2019-02-24 20:13:36.954?[0;39m ?[32mDEBUG?[0;39m ?[35m30201?[0;39m ?[2m---?[0;39m ?[2m[    Test worker]?[0;39m ?[36mo.s.orm.jpa.JpaTransactionManager       ?[0;39m ?[2m:?[0;39m Initiating transaction commit
?[2m2019-02-24 20:13:36.955?[0;39m ?[32mDEBUG?[0;39m ?[35m30201?[0;39m ?[2m---?[0;39m ?[2m[    Test worker]?[0;39m ?[36mo.s.orm.jpa.JpaTransactionManager       ?[0;39m ?[2m:?[0;39m Committing JPA transaction on EntityManager [SessionImpl(322959520<open>)]
Hibernate: 
    insert 
    into
        project
        (actual_cost, approver_id, budget_cost, creation_date, description, forecasted_cost, health_id, implementation_date, is_deleted, last_update_date, milestone_date, milestone_status_id, name, state_id, submitter_id, summary, id) 
    values
        (?, ?, ?, ?, ?, ?, ?, ?, ?, ?, ?, ?, ?, ?, ?, ?, ?)
?[2m2019-02-24 20:13:36.957?[0;39m ?[32mTRACE?[0;39m ?[35m30201?[0;39m ?[2m---?[0;39m ?[2m[    Test worker]?[0;39m ?[36mo.h.type.descriptor.sql.BasicBinder     ?[0;39m ?[2m:?[0;39m binding parameter [1] as [DOUBLE] - [1011.0]
?[2m2019-02-24 20:13:36.958?[0;39m ?[32mTRACE?[0;39m ?[35m30201?[0;39m ?[2m---?[0;39m ?[2m[    Test worker]?[0;39m ?[36mo.h.type.descriptor.sql.BasicBinder     ?[0;39m ?[2m:?[0;39m binding parameter [2] as [BIGINT] - [null]
?[2m2019-02-24 20:13:36.958?[0;39m ?[32mTRACE?[0;39m ?[35m30201?[0;39m ?[2m---?[0;39m ?[2m[    Test worker]?[0;39m ?[36mo.h.type.descriptor.sql.BasicBinder     ?[0;39m ?[2m:?[0;39m binding parameter [3] as [DOUBLE] - [1000.0]
?[2m2019-02-24 20:13:36.959?[0;39m ?[32mTRACE?[0;39m ?[35m30201?[0;39m ?[2m---?[0;39m ?[2m[    Test worker]?[0;39m ?[36mo.h.type.descriptor.sql.BasicBinder     ?[0;39m ?[2m:?[0;39m binding parameter [4] as [TIMESTAMP] - [2019-02-24T20:13:36.956]
?[2m2019-02-24 20:13:36.959?[0;39m ?[32mTRACE?[0;39m ?[35m30201?[0;39m ?[2m---?[0;39m ?[2m[    Test worker]?[0;39m ?[36mo.h.type.descriptor.sql.BasicBinder     ?[0;39m ?[2m:?[0;39m binding parameter [5] as [VARCHAR] - [A top secret project led by William Birkins]
?[2m2019-02-24 20:13:36.959?[0;39m ?[32mTRACE?[0;39m ?[35m30201?[0;39m ?[2m---?[0;39m ?[2m[    Test worker]?[0;39m ?[36mo.h.type.descriptor.sql.BasicBinder     ?[0;39m ?[2m:?[0;39m binding parameter [6] as [DOUBLE] - [1500.0]
?[2m2019-02-24 20:13:36.959?[0;39m ?[32mTRACE?[0;39m ?[35m30201?[0;39m ?[2m---?[0;39m ?[2m[    Test worker]?[0;39m ?[36mo.h.type.descriptor.sql.BasicBinder     ?[0;39m ?[2m:?[0;39m binding parameter [7] as [BIGINT] - [null]
?[2m2019-02-24 20:13:36.959?[0;39m ?[32mTRACE?[0;39m ?[35m30201?[0;39m ?[2m---?[0;39m ?[2m[    Test worker]?[0;39m ?[36mo.h.type.descriptor.sql.BasicBinder     ?[0;39m ?[2m:?[0;39m binding parameter [8] as [TIMESTAMP] - [2019-02-24T20:13:36.930]
?[2m2019-02-24 20:13:36.959?[0;39m ?[32mTRACE?[0;39m ?[35m30201?[0;39m ?[2m---?[0;39m ?[2m[    Test worker]?[0;39m ?[36mo.h.type.descriptor.sql.BasicBinder     ?[0;39m ?[2m:?[0;39m binding parameter [9] as [BOOLEAN] - [false]
?[2m2019-02-24 20:13:36.959?[0;39m ?[32mTRACE?[0;39m ?[35m30201?[0;39m ?[2m---?[0;39m ?[2m[    Test worker]?[0;39m ?[36mo.h.type.descriptor.sql.BasicBinder     ?[0;39m ?[2m:?[0;39m binding parameter [10] as [TIMESTAMP] - [2019-02-24T20:13:36.956]
?[2m2019-02-24 20:13:36.960?[0;39m ?[32mTRACE?[0;39m ?[35m30201?[0;39m ?[2m---?[0;39m ?[2m[    Test worker]?[0;39m ?[36mo.h.type.descriptor.sql.BasicBinder     ?[0;39m ?[2m:?[0;39m binding parameter [11] as [TIMESTAMP] - [2019-02-24T20:13:36.930]
?[2m2019-02-24 20:13:36.960?[0;39m ?[32mTRACE?[0;39m ?[35m30201?[0;39m ?[2m---?[0;39m ?[2m[    Test worker]?[0;39m ?[36mo.h.type.descriptor.sql.BasicBinder     ?[0;39m ?[2m:?[0;39m binding parameter [12] as [BIGINT] - [null]
?[2m2019-02-24 20:13:36.960?[0;39m ?[32mTRACE?[0;39m ?[35m30201?[0;39m ?[2m---?[0;39m ?[2m[    Test worker]?[0;39m ?[36mo.h.type.descriptor.sql.BasicBinder     ?[0;39m ?[2m:?[0;39m binding parameter [13] as [VARCHAR] - [Doomsday]
?[2m2019-02-24 20:13:36.960?[0;39m ?[32mTRACE?[0;39m ?[35m30201?[0;39m ?[2m---?[0;39m ?[2m[    Test worker]?[0;39m ?[36mo.h.type.descriptor.sql.BasicBinder     ?[0;39m ?[2m:?[0;39m binding parameter [14] as [BIGINT] - [null]
?[2m2019-02-24 20:13:36.961?[0;39m ?[32mTRACE?[0;39m ?[35m30201?[0;39m ?[2m---?[0;39m ?[2m[    Test worker]?[0;39m ?[36mo.h.type.descriptor.sql.BasicBinder     ?[0;39m ?[2m:?[0;39m binding parameter [15] as [BIGINT] - [null]
?[2m2019-02-24 20:13:36.961?[0;39m ?[32mTRACE?[0;39m ?[35m30201?[0;39m ?[2m---?[0;39m ?[2m[    Test worker]?[0;39m ?[36mo.h.type.descriptor.sql.BasicBinder     ?[0;39m ?[2m:?[0;39m binding parameter [16] as [VARCHAR] - [Classified]
?[2m2019-02-24 20:13:36.961?[0;39m ?[32mTRACE?[0;39m ?[35m30201?[0;39m ?[2m---?[0;39m ?[2m[    Test worker]?[0;39m ?[36mo.h.type.descriptor.sql.BasicBinder     ?[0;39m ?[2m:?[0;39m binding parameter [17] as [BIGINT] - [1]
?[2m2019-02-24 20:13:36.963?[0;39m ?[32mDEBUG?[0;39m ?[35m30201?[0;39m ?[2m---?[0;39m ?[2m[    Test worker]?[0;39m ?[36mo.s.orm.jpa.JpaTransactionManager       ?[0;39m ?[2m:?[0;39m Closing JPA EntityManager [SessionImpl(322959520<open>)] after transaction
?[2m2019-02-24 20:13:36.964?[0;39m ?[32m INFO?[0;39m ?[35m30201?[0;39m ?[2m---?[0;39m ?[2m[    Test worker]?[0;39m ?[36mi.StatisticalLoggingSessionEventListener?[0;39m ?[2m:?[0;39m Session Metrics {
    26738 nanoseconds spent acquiring 1 JDBC connections;
    0 nanoseconds spent releasing 0 JDBC connections;
    1774537 nanoseconds spent preparing 2 JDBC statements;
    1022107 nanoseconds spent executing 2 JDBC statements;
    0 nanoseconds spent executing 0 JDBC batches;
    0 nanoseconds spent performing 0 L2C puts;
    0 nanoseconds spent performing 0 L2C hits;
    0 nanoseconds spent performing 0 L2C misses;
    7701651 nanoseconds spent executing 1 flushes (flushing a total of 1 entities and 0 collections);
    0 nanoseconds spent executing 0 partial-flushes (flushing a total of 0 entities and 0 collections)
}
?[2m2019-02-24 20:13:36.964?[0;39m ?[32m INFO?[0;39m ?[35m30201?[0;39m ?[2m---?[0;39m ?[2m[    Test worker]?[0;39m ?[36mc.tool.reporting.service.ProjectService ?[0;39m ?[2m:?[0;39m ProjectService: getProjectByName() method called
?[2m2019-02-24 20:13:36.970?[0;39m ?[32mDEBUG?[0;39m ?[35m30201?[0;39m ?[2m---?[0;39m ?[2m[    Test worker]?[0;39m ?[36mtor$SharedEntityManagerInvocationHandler?[0;39m ?[2m:?[0;39m Creating new EntityManager for shared EntityManager invocation
?[2m2019-02-24 20:13:37.015?[0;39m ?[32m INFO?[0;39m ?[35m30201?[0;39m ?[2m---?[0;39m ?[2m[    Test worker]?[0;39m ?[36mo.h.h.i.QueryTranslatorFactoryInitiator ?[0;39m ?[2m:?[0;39m HHH000397: Using ASTQueryTranslatorFactory
Hibernate: 
    select
        project0_.id as id1_2_,
        project0_.actual_cost as actual_c2_2_,
        project0_.approver_id as approve13_2_,
        project0_.budget_cost as budget_c3_2_,
        project0_.creation_date as creation4_2_,
        project0_.description as descript5_2_,
        project0_.forecasted_cost as forecast6_2_,
        project0_.health_id as health_14_2_,
        project0_.implementation_date as implemen7_2_,
        project0_.is_deleted as is_delet8_2_,
        project0_.last_update_date as last_upd9_2_,
        project0_.milestone_date as milesto10_2_,
        project0_.milestone_status_id as milesto15_2_,
        project0_.name as name11_2_,
        project0_.state_id as state_i16_2_,
        project0_.submitter_id as submitt17_2_,
        project0_.summary as summary12_2_ 
    from
        project project0_ 
    where
        (
            project0_.is_deleted = 0 
        ) 
        and project0_.name=?
?[2m2019-02-24 20:13:37.173?[0;39m ?[32mTRACE?[0;39m ?[35m30201?[0;39m ?[2m---?[0;39m ?[2m[    Test worker]?[0;39m ?[36mo.h.type.descriptor.sql.BasicBinder     ?[0;39m ?[2m:?[0;39m binding parameter [1] as [VARCHAR] - [Doomsday]
?[2m2019-02-24 20:13:37.174?[0;39m ?[32mTRACE?[0;39m ?[35m30201?[0;39m ?[2m---?[0;39m ?[2m[    Test worker]?[0;39m ?[36mo.h.type.descriptor.sql.BasicExtractor  ?[0;39m ?[2m:?[0;39m extracted value ([id1_2_] : [BIGINT]) - [1]
?[2m2019-02-24 20:13:37.174?[0;39m ?[32mTRACE?[0;39m ?[35m30201?[0;39m ?[2m---?[0;39m ?[2m[    Test worker]?[0;39m ?[36mo.h.type.descriptor.sql.BasicExtractor  ?[0;39m ?[2m:?[0;39m extracted value ([actual_c2_2_] : [DOUBLE]) - [1011.0]
?[2m2019-02-24 20:13:37.174?[0;39m ?[32mTRACE?[0;39m ?[35m30201?[0;39m ?[2m---?[0;39m ?[2m[    Test worker]?[0;39m ?[36mo.h.type.descriptor.sql.BasicExtractor  ?[0;39m ?[2m:?[0;39m extracted value ([approve13_2_] : [BIGINT]) - [null]
?[2m2019-02-24 20:13:37.175?[0;39m ?[32mTRACE?[0;39m ?[35m30201?[0;39m ?[2m---?[0;39m ?[2m[    Test worker]?[0;39m ?[36mo.h.type.descriptor.sql.BasicExtractor  ?[0;39m ?[2m:?[0;39m extracted value ([budget_c3_2_] : [DOUBLE]) - [1000.0]
?[2m2019-02-24 20:13:37.175?[0;39m ?[32mTRACE?[0;39m ?[35m30201?[0;39m ?[2m---?[0;39m ?[2m[    Test worker]?[0;39m ?[36mo.h.type.descriptor.sql.BasicExtractor  ?[0;39m ?[2m:?[0;39m extracted value ([creation4_2_] : [TIMESTAMP]) - [2019-02-24T20:13:36.956]
?[2m2019-02-24 20:13:37.175?[0;39m ?[32mTRACE?[0;39m ?[35m30201?[0;39m ?[2m---?[0;39m ?[2m[    Test worker]?[0;39m ?[36mo.h.type.descriptor.sql.BasicExtractor  ?[0;39m ?[2m:?[0;39m extracted value ([descript5_2_] : [VARCHAR]) - [A top secret project led by William Birkins]
?[2m2019-02-24 20:13:37.175?[0;39m ?[32mTRACE?[0;39m ?[35m30201?[0;39m ?[2m---?[0;39m ?[2m[    Test worker]?[0;39m ?[36mo.h.type.descriptor.sql.BasicExtractor  ?[0;39m ?[2m:?[0;39m extracted value ([forecast6_2_] : [DOUBLE]) - [1500.0]
?[2m2019-02-24 20:13:37.175?[0;39m ?[32mTRACE?[0;39m ?[35m30201?[0;39m ?[2m---?[0;39m ?[2m[    Test worker]?[0;39m ?[36mo.h.type.descriptor.sql.BasicExtractor  ?[0;39m ?[2m:?[0;39m extracted value ([health_14_2_] : [BIGINT]) - [null]
?[2m2019-02-24 20:13:37.176?[0;39m ?[32mTRACE?[0;39m ?[35m30201?[0;39m ?[2m---?[0;39m ?[2m[    Test worker]?[0;39m ?[36mo.h.type.descriptor.sql.BasicExtractor  ?[0;39m ?[2m:?[0;39m extracted value ([implemen7_2_] : [TIMESTAMP]) - [2019-02-24T20:13:36.930]
?[2m2019-02-24 20:13:37.176?[0;39m ?[32mTRACE?[0;39m ?[35m30201?[0;39m ?[2m---?[0;39m ?[2m[    Test worker]?[0;39m ?[36mo.h.type.descriptor.sql.BasicExtractor  ?[0;39m ?[2m:?[0;39m extracted value ([is_delet8_2_] : [BOOLEAN]) - [false]
?[2m2019-02-24 20:13:37.176?[0;39m ?[32mTRACE?[0;39m ?[35m30201?[0;39m ?[2m---?[0;39m ?[2m[    Test worker]?[0;39m ?[36mo.h.type.descriptor.sql.BasicExtractor  ?[0;39m ?[2m:?[0;39m extracted value ([last_upd9_2_] : [TIMESTAMP]) - [2019-02-24T20:13:36.956]
?[2m2019-02-24 20:13:37.176?[0;39m ?[32mTRACE?[0;39m ?[35m30201?[0;39m ?[2m---?[0;39m ?[2m[    Test worker]?[0;39m ?[36mo.h.type.descriptor.sql.BasicExtractor  ?[0;39m ?[2m:?[0;39m extracted value ([milesto10_2_] : [TIMESTAMP]) - [2019-02-24T20:13:36.930]
?[2m2019-02-24 20:13:37.176?[0;39m ?[32mTRACE?[0;39m ?[35m30201?[0;39m ?[2m---?[0;39m ?[2m[    Test worker]?[0;39m ?[36mo.h.type.descriptor.sql.BasicExtractor  ?[0;39m ?[2m:?[0;39m extracted value ([milesto15_2_] : [BIGINT]) - [null]
?[2m2019-02-24 20:13:37.177?[0;39m ?[32mTRACE?[0;39m ?[35m30201?[0;39m ?[2m---?[0;39m ?[2m[    Test worker]?[0;39m ?[36mo.h.type.descriptor.sql.BasicExtractor  ?[0;39m ?[2m:?[0;39m extracted value ([name11_2_] : [VARCHAR]) - [Doomsday]
?[2m2019-02-24 20:13:37.177?[0;39m ?[32mTRACE?[0;39m ?[35m30201?[0;39m ?[2m---?[0;39m ?[2m[    Test worker]?[0;39m ?[36mo.h.type.descriptor.sql.BasicExtractor  ?[0;39m ?[2m:?[0;39m extracted value ([state_i16_2_] : [BIGINT]) - [null]
?[2m2019-02-24 20:13:37.177?[0;39m ?[32mTRACE?[0;39m ?[35m30201?[0;39m ?[2m---?[0;39m ?[2m[    Test worker]?[0;39m ?[36mo.h.type.descriptor.sql.BasicExtractor  ?[0;39m ?[2m:?[0;39m extracted value ([submitt17_2_] : [BIGINT]) - [null]
?[2m2019-02-24 20:13:37.177?[0;39m ?[32mTRACE?[0;39m ?[35m30201?[0;39m ?[2m---?[0;39m ?[2m[    Test worker]?[0;39m ?[36mo.h.type.descriptor.sql.BasicExtractor  ?[0;39m ?[2m:?[0;39m extracted value ([summary12_2_] : [VARCHAR]) - [Classified]
?[2m2019-02-24 20:13:37.178?[0;39m ?[32mDEBUG?[0;39m ?[35m30201?[0;39m ?[2m---?[0;39m ?[2m[    Test worker]?[0;39m ?[36mo.h.stat.internal.StatisticsImpl        ?[0;39m ?[2m:?[0;39m HHH000117: HQL: select generatedAlias0 from Project as generatedAlias0 where generatedAlias0.name=:param0, time: 7ms, rows: 1
?[2m2019-02-24 20:13:37.181?[0;39m ?[32m INFO?[0;39m ?[35m30201?[0;39m ?[2m---?[0;39m ?[2m[    Test worker]?[0;39m ?[36mi.StatisticalLoggingSessionEventListener?[0;39m ?[2m:?[0;39m Session Metrics {
    29610 nanoseconds spent acquiring 1 JDBC connections;
    0 nanoseconds spent releasing 0 JDBC connections;
    1032523 nanoseconds spent preparing 1 JDBC statements;
    391365 nanoseconds spent executing 1 JDBC statements;
    0 nanoseconds spent executing 0 JDBC batches;
    0 nanoseconds spent performing 0 L2C puts;
    0 nanoseconds spent performing 0 L2C hits;
    0 nanoseconds spent performing 0 L2C misses;
    0 nanoseconds spent executing 0 flushes (flushing a total of 0 entities and 0 collections);
    0 nanoseconds spent executing 0 partial-flushes (flushing a total of 0 entities and 0 collections)
}
?[2m2019-02-24 20:13:37.182?[0;39m ?[32m INFO?[0;39m ?[35m30201?[0;39m ?[2m---?[0;39m ?[2m[    Test worker]?[0;39m ?[36mc.tool.reporting.service.ProjectService ?[0;39m ?[2m:?[0;39m Project fetched: Project(id=1, submitter=null, name=Doomsday, description=A top secret project led by William Birkins, approver=null, state=null, health=null, summary=Classified, budgetCost=1000.0, actualCost=1011.0, forecastedCost=1500.0, implementationDate=2019-02-24T20:13:36.930, milestoneDate=2019-02-24T20:13:36.930, milestoneStatus=null, isDeleted=false, creationDate=2019-02-24T20:13:36.956, lastUpdateDate=2019-02-24T20:13:36.956)
?[2m2019-02-24 20:13:37.183?[0;39m ?[32m INFO?[0;39m ?[35m30201?[0;39m ?[2m---?[0;39m ?[2m[    Test worker]?[0;39m ?[36mcom.tool.reporting.ProjectServiceTest   ?[0;39m ?[2m:?[0;39m Retrieved Project Project(id=1, submitter=null, name=Doomsday, description=A top secret project led by William Birkins, approver=null, state=null, health=null, summary=Classified, budgetCost=1000.0, actualCost=1011.0, forecastedCost=1500.0, implementationDate=2019-02-24T20:13:36.930, milestoneDate=2019-02-24T20:13:36.930, milestoneStatus=null, isDeleted=false, creationDate=2019-02-24T20:13:36.956, lastUpdateDate=2019-02-24T20:13:36.956)
?[2m2019-02-24 20:13:37.183?[0;39m ?[32mDEBUG?[0;39m ?[35m30201?[0;39m ?[2m---?[0;39m ?[2m[    Test worker]?[0;39m ?[36mc.DefaultCacheAwareContextLoaderDelegate?[0;39m ?[2m:?[0;39m Retrieved ApplicationContext from cache with key [[MergedContextConfiguration@3e2acc98 testClass = ProjectServiceTest, locations = '{}', classes = '{class com.tool.reporting.SpringCoreApplication, class com.tool.reporting.SpringCoreApplication}', contextInitializerClasses = '[]', activeProfiles = '{}', propertySourceLocations = '{}', propertySourceProperties = '{org.springframework.boot.test.context.SpringBootTestContextBootstrapper=true}', contextCustomizers = set[org.spockframework.spring.mock.SpockContextCustomizer@0, org.springframework.boot.test.autoconfigure.properties.PropertyMappingContextCustomizer@0, org.springframework.boot.test.autoconfigure.web.servlet.WebDriverContextCustomizerFactory$Customizer@f9b5fd8, org.springframework.boot.test.context.filter.ExcludeFilterContextCustomizer@5d4634c4, org.springframework.boot.test.json.DuplicateJsonObjectContextCustomizerFactory$DuplicateJsonObjectContextCustomizer@32fb2516, org.springframework.boot.test.mock.mockito.MockitoContextCustomizer@0, org.springframework.boot.test.web.client.TestRestTemplateContextCustomizer@5e15b86d], contextLoader = 'org.springframework.boot.test.context.SpringBootContextLoader', parent = [null]]]
?[2m2019-02-24 20:13:37.183?[0;39m ?[32mDEBUG?[0;39m ?[35m30201?[0;39m ?[2m---?[0;39m ?[2m[    Test worker]?[0;39m ?[36morg.springframework.test.context.cache  ?[0;39m ?[2m:?[0;39m Spring test ApplicationContext cache statistics: [DefaultContextCache@334ddfd5 size = 1, maxSize = 32, parentContextCount = 0, hitCount = 10, missCount = 3]
?[2m2019-02-24 20:13:37.184?[0;39m ?[32mDEBUG?[0;39m ?[35m30201?[0;39m ?[2m---?[0;39m ?[2m[    Test worker]?[0;39m ?[36mc.DefaultCacheAwareContextLoaderDelegate?[0;39m ?[2m:?[0;39m Retrieved ApplicationContext from cache with key [[MergedContextConfiguration@3e2acc98 testClass = ProjectServiceTest, locations = '{}', classes = '{class com.tool.reporting.SpringCoreApplication, class com.tool.reporting.SpringCoreApplication}', contextInitializerClasses = '[]', activeProfiles = '{}', propertySourceLocations = '{}', propertySourceProperties = '{org.springframework.boot.test.context.SpringBootTestContextBootstrapper=true}', contextCustomizers = set[org.spockframework.spring.mock.SpockContextCustomizer@0, org.springframework.boot.test.autoconfigure.properties.PropertyMappingContextCustomizer@0, org.springframework.boot.test.autoconfigure.web.servlet.WebDriverContextCustomizerFactory$Customizer@f9b5fd8, org.springframework.boot.test.context.filter.ExcludeFilterContextCustomizer@5d4634c4, org.springframework.boot.test.json.DuplicateJsonObjectContextCustomizerFactory$DuplicateJsonObjectContextCustomizer@32fb2516, org.springframework.boot.test.mock.mockito.MockitoContextCustomizer@0, org.springframework.boot.test.web.client.TestRestTemplateContextCustomizer@5e15b86d], contextLoader = 'org.springframework.boot.test.context.SpringBootContextLoader', parent = [null]]]
?[2m2019-02-24 20:13:37.184?[0;39m ?[32mDEBUG?[0;39m ?[35m30201?[0;39m ?[2m---?[0;39m ?[2m[    Test worker]?[0;39m ?[36morg.springframework.test.context.cache  ?[0;39m ?[2m:?[0;39m Spring test ApplicationContext cache statistics: [DefaultContextCache@334ddfd5 size = 1, maxSize = 32, parentContextCount = 0, hitCount = 11, missCount = 3]
?[2m2019-02-24 20:13:37.184?[0;39m ?[32mDEBUG?[0;39m ?[35m30201?[0;39m ?[2m---?[0;39m ?[2m[    Test worker]?[0;39m ?[36mc.DefaultCacheAwareContextLoaderDelegate?[0;39m ?[2m:?[0;39m Retrieved ApplicationContext from cache with key [[MergedContextConfiguration@3e2acc98 testClass = ProjectServiceTest, locations = '{}', classes = '{class com.tool.reporting.SpringCoreApplication, class com.tool.reporting.SpringCoreApplication}', contextInitializerClasses = '[]', activeProfiles = '{}', propertySourceLocations = '{}', propertySourceProperties = '{org.springframework.boot.test.context.SpringBootTestContextBootstrapper=true}', contextCustomizers = set[org.spockframework.spring.mock.SpockContextCustomizer@0, org.springframework.boot.test.autoconfigure.properties.PropertyMappingContextCustomizer@0, org.springframework.boot.test.autoconfigure.web.servlet.WebDriverContextCustomizerFactory$Customizer@f9b5fd8, org.springframework.boot.test.context.filter.ExcludeFilterContextCustomizer@5d4634c4, org.springframework.boot.test.json.DuplicateJsonObjectContextCustomizerFactory$DuplicateJsonObjectContextCustomizer@32fb2516, org.springframework.boot.test.mock.mockito.MockitoContextCustomizer@0, org.springframework.boot.test.web.client.TestRestTemplateContextCustomizer@5e15b86d], contextLoader = 'org.springframework.boot.test.context.SpringBootContextLoader', parent = [null]]]
?[2m2019-02-24 20:13:37.184?[0;39m ?[32mDEBUG?[0;39m ?[35m30201?[0;39m ?[2m---?[0;39m ?[2m[    Test worker]?[0;39m ?[36morg.springframework.test.context.cache  ?[0;39m ?[2m:?[0;39m Spring test ApplicationContext cache statistics: [DefaultContextCache@334ddfd5 size = 1, maxSize = 32, parentContextCount = 0, hitCount = 12, missCount = 3]
?[2m2019-02-24 20:13:37.185?[0;39m ?[32mDEBUG?[0;39m ?[35m30201?[0;39m ?[2m---?[0;39m ?[2m[    Test worker]?[0;39m ?[36mtractDirtiesContextTestExecutionListener?[0;39m ?[2m:?[0;39m After test method: context [DefaultTestContext@3429216c testClass = ProjectServiceTest, testInstance = com.tool.reporting.ProjectServiceTest@515a21d4, testMethod = saveProjectTest@ProjectServiceTest, testException = [null], mergedContextConfiguration = [MergedContextConfiguration@3e2acc98 testClass = ProjectServiceTest, locations = '{}', classes = '{class com.tool.reporting.SpringCoreApplication, class com.tool.reporting.SpringCoreApplication}', contextInitializerClasses = '[]', activeProfiles = '{}', propertySourceLocations = '{}', propertySourceProperties = '{org.springframework.boot.test.context.SpringBootTestContextBootstrapper=true}', contextCustomizers = set[org.spockframework.spring.mock.SpockContextCustomizer@0, org.springframework.boot.test.autoconfigure.properties.PropertyMappingContextCustomizer@0, org.springframework.boot.test.autoconfigure.web.servlet.WebDriverContextCustomizerFactory$Customizer@f9b5fd8, org.springframework.boot.test.context.filter.ExcludeFilterContextCustomizer@5d4634c4, org.springframework.boot.test.json.DuplicateJsonObjectContextCustomizerFactory$DuplicateJsonObjectContextCustomizer@32fb2516, org.springframework.boot.test.mock.mockito.MockitoContextCustomizer@0, org.springframework.boot.test.web.client.TestRestTemplateContextCustomizer@5e15b86d], contextLoader = 'org.springframework.boot.test.context.SpringBootContextLoader', parent = [null]], attributes = map[[empty]]], class annotated with @DirtiesContext [false] with mode [null], method annotated with @DirtiesContext [false] with mode [null].
?[2m2019-02-24 20:13:37.186?[0;39m ?[32mDEBUG?[0;39m ?[35m30201?[0;39m ?[2m---?[0;39m ?[2m[    Test worker]?[0;39m ?[36mtractDirtiesContextTestExecutionListener?[0;39m ?[2m:?[0;39m After test class: context [DefaultTestContext@3429216c testClass = ProjectServiceTest, testInstance = [null], testMethod = [null], testException = [null], mergedContextConfiguration = [MergedContextConfiguration@3e2acc98 testClass = ProjectServiceTest, locations = '{}', classes = '{class com.tool.reporting.SpringCoreApplication, class com.tool.reporting.SpringCoreApplication}', contextInitializerClasses = '[]', activeProfiles = '{}', propertySourceLocations = '{}', propertySourceProperties = '{org.springframework.boot.test.context.SpringBootTestContextBootstrapper=true}', contextCustomizers = set[org.spockframework.spring.mock.SpockContextCustomizer@0, org.springframework.boot.test.autoconfigure.properties.PropertyMappingContextCustomizer@0, org.springframework.boot.test.autoconfigure.web.servlet.WebDriverContextCustomizerFactory$Customizer@f9b5fd8, org.springframework.boot.test.context.filter.ExcludeFilterContextCustomizer@5d4634c4, org.springframework.boot.test.json.DuplicateJsonObjectContextCustomizerFactory$DuplicateJsonObjectContextCustomizer@32fb2516, org.springframework.boot.test.mock.mockito.MockitoContextCustomizer@0, org.springframework.boot.test.web.client.TestRestTemplateContextCustomizer@5e15b86d], contextLoader = 'org.springframework.boot.test.context.SpringBootContextLoader', parent = [null]], attributes = map[[empty]]], class annotated with @DirtiesContext [false] with mode [null].
]]></system-out>
  <system-err><![CDATA[]]></system-err>
</testsuite>
